[2026-04-06T06:56:36.368+0000] {taskinstance.py:1956} INFO - Dependencies all met for dep_context=non-requeueable deps ti=<TaskInstance: nasa_neo_etl_pipeline.extract_API_to_JSON scheduled__2026-04-05T00:00:00+00:00 [queued]>
[2026-04-06T06:56:36.382+0000] {taskinstance.py:1956} INFO - Dependencies all met for dep_context=requeueable deps ti=<TaskInstance: nasa_neo_etl_pipeline.extract_API_to_JSON scheduled__2026-04-05T00:00:00+00:00 [queued]>
[2026-04-06T06:56:36.383+0000] {taskinstance.py:2170} INFO - Starting attempt 1 of 4
[2026-04-06T06:56:36.431+0000] {taskinstance.py:2191} INFO - Executing <Task(BashOperator): extract_API_to_JSON> on 2026-04-05 00:00:00+00:00
[2026-04-06T06:56:36.440+0000] {standard_task_runner.py:60} INFO - Started process 190 to run task
[2026-04-06T06:56:36.446+0000] {standard_task_runner.py:87} INFO - Running: ['airflow', 'tasks', 'run', 'nasa_neo_etl_pipeline', 'extract_API_to_JSON', 'scheduled__2026-04-05T00:00:00+00:00', '--job-id', '2', '--raw', '--subdir', 'DAGS_FOLDER/Asteroid_DAG.py', '--cfg-path', '/tmp/tmpn4cos2ku']
[2026-04-06T06:56:36.453+0000] {standard_task_runner.py:88} INFO - Job 2: Subtask extract_API_to_JSON
[2026-04-06T06:56:36.596+0000] {task_command.py:423} INFO - Running <TaskInstance: nasa_neo_etl_pipeline.extract_API_to_JSON scheduled__2026-04-05T00:00:00+00:00 [running]> on host 9e29029b67cd
[2026-04-06T06:56:36.779+0000] {taskinstance.py:2480} INFO - Exporting env vars: AIRFLOW_CTX_DAG_OWNER='hieu' AIRFLOW_CTX_DAG_ID='nasa_neo_etl_pipeline' AIRFLOW_CTX_TASK_ID='extract_API_to_JSON' AIRFLOW_CTX_EXECUTION_DATE='2026-04-05T00:00:00+00:00' AIRFLOW_CTX_TRY_NUMBER='1' AIRFLOW_CTX_DAG_RUN_ID='scheduled__2026-04-05T00:00:00+00:00'
[2026-04-06T06:56:36.782+0000] {subprocess.py:63} INFO - Tmp dir root location: /tmp
[2026-04-06T06:56:36.784+0000] {subprocess.py:75} INFO - Running command: ['/usr/bin/bash', '-c', "python3 /opt/airflow/scripts/Extract_API.py '2026-04-05'"]
[2026-04-06T06:56:36.797+0000] {subprocess.py:86} INFO - Output:
[2026-04-06T06:56:37.362+0000] {subprocess.py:93} INFO - 2026-04-06 06:56:37.362 | INFO     | __main__:extract_API:27 - Bat dau extract api ngay 2026-04-05
[2026-04-06T06:56:38.766+0000] {subprocess.py:93} INFO - 2026-04-06 06:56:38.765 | SUCCESS  | __main__:extract_API:46 - Da luu thanh cong /opt/airflow/data/raw/NEO_2026-04-05.json
[2026-04-06T06:56:38.767+0000] {subprocess.py:93} INFO - ------------------------------------------------------
[2026-04-06T06:56:38.812+0000] {subprocess.py:93} INFO - 2026-04-06 06:56:38.780 | ERROR    | db_log:log_ETL:28 - da co loi xay ra relation "etl_log" does not exist
[2026-04-06T06:56:38.814+0000] {subprocess.py:93} INFO - LINE 2:                 insert into etl_log(run_id,step,status,row_p...
[2026-04-06T06:56:38.815+0000] {subprocess.py:93} INFO -                                     ^
[2026-04-06T06:56:38.816+0000] {subprocess.py:93} INFO - 
[2026-04-06T06:56:38.817+0000] {subprocess.py:93} INFO - Traceback (most recent call last):
[2026-04-06T06:56:38.818+0000] {subprocess.py:93} INFO - 
[2026-04-06T06:56:38.819+0000] {subprocess.py:93} INFO -   File "/opt/airflow/scripts/Extract_API.py", line 59, in <module>
[2026-04-06T06:56:38.821+0000] {subprocess.py:93} INFO -     extract_API(run_date)
[2026-04-06T06:56:38.822+0000] {subprocess.py:93} INFO -     │           └ '2026-04-05'
[2026-04-06T06:56:38.823+0000] {subprocess.py:93} INFO -     └ <function extract_API at 0x71dee4c871f0>
[2026-04-06T06:56:38.824+0000] {subprocess.py:93} INFO - 
[2026-04-06T06:56:38.825+0000] {subprocess.py:93} INFO -   File "/opt/airflow/scripts/Extract_API.py", line 48, in extract_API
[2026-04-06T06:56:38.826+0000] {subprocess.py:93} INFO -     log_ETL(run_date, "extract", "success", None, f"Da luu thanh cong {filename}")
[2026-04-06T06:56:38.827+0000] {subprocess.py:93} INFO -     │       └ '2026-04-05'
[2026-04-06T06:56:38.828+0000] {subprocess.py:93} INFO -     └ <function log_ETL at 0x71dee4916040>
[2026-04-06T06:56:38.829+0000] {subprocess.py:93} INFO - 
[2026-04-06T06:56:38.830+0000] {subprocess.py:93} INFO - > File "/opt/airflow/scripts/db_log.py", line 21, in log_ETL
[2026-04-06T06:56:38.831+0000] {subprocess.py:93} INFO -     cur.execute('''
[2026-04-06T06:56:38.831+0000] {subprocess.py:93} INFO -     │   └ <method 'execute' of 'psycopg2.extensions.cursor' objects>
[2026-04-06T06:56:38.832+0000] {subprocess.py:93} INFO -     └ <cursor object at 0x71dee4a84b80; closed: 0>
[2026-04-06T06:56:38.833+0000] {subprocess.py:93} INFO - 
[2026-04-06T06:56:38.834+0000] {subprocess.py:93} INFO - psycopg2.errors.UndefinedTable: relation "etl_log" does not exist
[2026-04-06T06:56:38.836+0000] {subprocess.py:93} INFO - LINE 2:                 insert into etl_log(run_id,step,status,row_p...
[2026-04-06T06:56:38.837+0000] {subprocess.py:93} INFO -                                     ^
[2026-04-06T06:56:38.838+0000] {subprocess.py:93} INFO - 
[2026-04-06T06:56:38.839+0000] {subprocess.py:93} INFO - 2026-04-06 06:56:38.815 | INFO     | db_log:log_ETL:36 - da dong ket noi
[2026-04-06T06:56:38.866+0000] {subprocess.py:97} INFO - Command exited with return code 0
[2026-04-06T06:56:38.914+0000] {taskinstance.py:1138} INFO - Marking task as SUCCESS. dag_id=nasa_neo_etl_pipeline, task_id=extract_API_to_JSON, execution_date=20260405T000000, start_date=20260406T065636, end_date=20260406T065638
[2026-04-06T06:56:38.956+0000] {local_task_job_runner.py:234} INFO - Task exited with return code 0
[2026-04-06T06:56:39.003+0000] {taskinstance.py:3280} INFO - 1 downstream tasks scheduled from follow-on schedule check
[2026-04-06T07:04:19.649+0000] {taskinstance.py:1956} INFO - Dependencies all met for dep_context=non-requeueable deps ti=<TaskInstance: nasa_neo_etl_pipeline.extract_API_to_JSON scheduled__2026-04-05T00:00:00+00:00 [queued]>
[2026-04-06T07:04:19.668+0000] {taskinstance.py:1956} INFO - Dependencies all met for dep_context=requeueable deps ti=<TaskInstance: nasa_neo_etl_pipeline.extract_API_to_JSON scheduled__2026-04-05T00:00:00+00:00 [queued]>
[2026-04-06T07:04:19.669+0000] {taskinstance.py:2170} INFO - Starting attempt 1 of 4
[2026-04-06T07:04:19.692+0000] {taskinstance.py:2191} INFO - Executing <Task(BashOperator): extract_API_to_JSON> on 2026-04-05 00:00:00+00:00
[2026-04-06T07:04:19.699+0000] {standard_task_runner.py:60} INFO - Started process 210 to run task
[2026-04-06T07:04:19.705+0000] {standard_task_runner.py:87} INFO - Running: ['airflow', 'tasks', 'run', 'nasa_neo_etl_pipeline', 'extract_API_to_JSON', 'scheduled__2026-04-05T00:00:00+00:00', '--job-id', '2', '--raw', '--subdir', 'DAGS_FOLDER/Asteroid_DAG.py', '--cfg-path', '/tmp/tmp5ybv1cxp']
[2026-04-06T07:04:19.709+0000] {standard_task_runner.py:88} INFO - Job 2: Subtask extract_API_to_JSON
[2026-04-06T07:04:19.810+0000] {task_command.py:423} INFO - Running <TaskInstance: nasa_neo_etl_pipeline.extract_API_to_JSON scheduled__2026-04-05T00:00:00+00:00 [running]> on host ea08d20ed4e4
[2026-04-06T07:04:19.994+0000] {taskinstance.py:2480} INFO - Exporting env vars: AIRFLOW_CTX_DAG_OWNER='hieu' AIRFLOW_CTX_DAG_ID='nasa_neo_etl_pipeline' AIRFLOW_CTX_TASK_ID='extract_API_to_JSON' AIRFLOW_CTX_EXECUTION_DATE='2026-04-05T00:00:00+00:00' AIRFLOW_CTX_TRY_NUMBER='1' AIRFLOW_CTX_DAG_RUN_ID='scheduled__2026-04-05T00:00:00+00:00'
[2026-04-06T07:04:19.997+0000] {subprocess.py:63} INFO - Tmp dir root location: /tmp
[2026-04-06T07:04:19.999+0000] {subprocess.py:75} INFO - Running command: ['/usr/bin/bash', '-c', "python3 /opt/airflow/scripts/Extract_API.py '2026-04-05'"]
[2026-04-06T07:04:20.011+0000] {subprocess.py:86} INFO - Output:
[2026-04-06T07:04:20.680+0000] {subprocess.py:93} INFO - 2026-04-06 07:04:20.679 | INFO     | __main__:extract_API:27 - Bat dau extract api ngay 2026-04-05
[2026-04-06T07:04:22.101+0000] {subprocess.py:93} INFO - 2026-04-06 07:04:22.100 | SUCCESS  | __main__:extract_API:46 - Da luu thanh cong /opt/airflow/data/raw/NEO_2026-04-05.json
[2026-04-06T07:04:22.102+0000] {subprocess.py:93} INFO - ------------------------------------------------------
[2026-04-06T07:04:22.141+0000] {subprocess.py:93} INFO - 2026-04-06 07:04:22.118 | ERROR    | db_log:log_ETL:28 - da co loi xay ra relation "etl_log" does not exist
[2026-04-06T07:04:22.143+0000] {subprocess.py:93} INFO - LINE 2:                 insert into etl_log(run_id,step,status,row_p...
[2026-04-06T07:04:22.143+0000] {subprocess.py:93} INFO -                                     ^
[2026-04-06T07:04:22.145+0000] {subprocess.py:93} INFO - 
[2026-04-06T07:04:22.146+0000] {subprocess.py:93} INFO - Traceback (most recent call last):
[2026-04-06T07:04:22.147+0000] {subprocess.py:93} INFO - 
[2026-04-06T07:04:22.149+0000] {subprocess.py:93} INFO -   File "/opt/airflow/scripts/Extract_API.py", line 59, in <module>
[2026-04-06T07:04:22.149+0000] {subprocess.py:93} INFO -     extract_API(run_date)
[2026-04-06T07:04:22.150+0000] {subprocess.py:93} INFO -     │           └ '2026-04-05'
[2026-04-06T07:04:22.151+0000] {subprocess.py:93} INFO -     └ <function extract_API at 0x76fb9a1651f0>
[2026-04-06T07:04:22.152+0000] {subprocess.py:93} INFO - 
[2026-04-06T07:04:22.153+0000] {subprocess.py:93} INFO -   File "/opt/airflow/scripts/Extract_API.py", line 48, in extract_API
[2026-04-06T07:04:22.154+0000] {subprocess.py:93} INFO -     log_ETL(run_date, "extract", "success", None, f"Da luu thanh cong {filename}")
[2026-04-06T07:04:22.155+0000] {subprocess.py:93} INFO -     │       └ '2026-04-05'
[2026-04-06T07:04:22.156+0000] {subprocess.py:93} INFO -     └ <function log_ETL at 0x76fb99db5040>
[2026-04-06T07:04:22.157+0000] {subprocess.py:93} INFO - 
[2026-04-06T07:04:22.158+0000] {subprocess.py:93} INFO - > File "/opt/airflow/scripts/db_log.py", line 21, in log_ETL
[2026-04-06T07:04:22.159+0000] {subprocess.py:93} INFO -     cur.execute('''
[2026-04-06T07:04:22.160+0000] {subprocess.py:93} INFO -     │   └ <method 'execute' of 'psycopg2.extensions.cursor' objects>
[2026-04-06T07:04:22.162+0000] {subprocess.py:93} INFO -     └ <cursor object at 0x76fb99f62b80; closed: 0>
[2026-04-06T07:04:22.164+0000] {subprocess.py:93} INFO - 
[2026-04-06T07:04:22.164+0000] {subprocess.py:93} INFO - psycopg2.errors.UndefinedTable: relation "etl_log" does not exist
[2026-04-06T07:04:22.165+0000] {subprocess.py:93} INFO - LINE 2:                 insert into etl_log(run_id,step,status,row_p...
[2026-04-06T07:04:22.166+0000] {subprocess.py:93} INFO -                                     ^
[2026-04-06T07:04:22.167+0000] {subprocess.py:93} INFO - 
[2026-04-06T07:04:22.168+0000] {subprocess.py:93} INFO - 2026-04-06 07:04:22.143 | INFO     | db_log:log_ETL:36 - da dong ket noi
[2026-04-06T07:04:22.195+0000] {subprocess.py:97} INFO - Command exited with return code 0
[2026-04-06T07:04:22.230+0000] {taskinstance.py:1138} INFO - Marking task as SUCCESS. dag_id=nasa_neo_etl_pipeline, task_id=extract_API_to_JSON, execution_date=20260405T000000, start_date=20260406T070419, end_date=20260406T070422
[2026-04-06T07:04:22.254+0000] {local_task_job_runner.py:234} INFO - Task exited with return code 0
[2026-04-06T07:04:22.281+0000] {taskinstance.py:3280} INFO - 1 downstream tasks scheduled from follow-on schedule check
[2026-04-06T07:19:58.458+0000] {taskinstance.py:1956} INFO - Dependencies all met for dep_context=non-requeueable deps ti=<TaskInstance: nasa_neo_etl_pipeline.extract_API_to_JSON scheduled__2026-04-05T00:00:00+00:00 [queued]>
[2026-04-06T07:19:58.465+0000] {taskinstance.py:1956} INFO - Dependencies all met for dep_context=requeueable deps ti=<TaskInstance: nasa_neo_etl_pipeline.extract_API_to_JSON scheduled__2026-04-05T00:00:00+00:00 [queued]>
[2026-04-06T07:19:58.466+0000] {taskinstance.py:2170} INFO - Starting attempt 1 of 4
[2026-04-06T07:19:58.479+0000] {taskinstance.py:2191} INFO - Executing <Task(BashOperator): extract_API_to_JSON> on 2026-04-05 00:00:00+00:00
[2026-04-06T07:19:58.484+0000] {standard_task_runner.py:60} INFO - Started process 227 to run task
[2026-04-06T07:19:58.487+0000] {standard_task_runner.py:87} INFO - Running: ['airflow', 'tasks', 'run', 'nasa_neo_etl_pipeline', 'extract_API_to_JSON', 'scheduled__2026-04-05T00:00:00+00:00', '--job-id', '2', '--raw', '--subdir', 'DAGS_FOLDER/Asteroid_DAG.py', '--cfg-path', '/tmp/tmpx4werjs2']
[2026-04-06T07:19:58.489+0000] {standard_task_runner.py:88} INFO - Job 2: Subtask extract_API_to_JSON
[2026-04-06T07:19:58.536+0000] {task_command.py:423} INFO - Running <TaskInstance: nasa_neo_etl_pipeline.extract_API_to_JSON scheduled__2026-04-05T00:00:00+00:00 [running]> on host 1acb6b6321cd
[2026-04-06T07:19:58.603+0000] {taskinstance.py:2480} INFO - Exporting env vars: AIRFLOW_CTX_DAG_OWNER='hieu' AIRFLOW_CTX_DAG_ID='nasa_neo_etl_pipeline' AIRFLOW_CTX_TASK_ID='extract_API_to_JSON' AIRFLOW_CTX_EXECUTION_DATE='2026-04-05T00:00:00+00:00' AIRFLOW_CTX_TRY_NUMBER='1' AIRFLOW_CTX_DAG_RUN_ID='scheduled__2026-04-05T00:00:00+00:00'
[2026-04-06T07:19:58.604+0000] {subprocess.py:63} INFO - Tmp dir root location: /tmp
[2026-04-06T07:19:58.605+0000] {subprocess.py:75} INFO - Running command: ['/usr/bin/bash', '-c', "python3 /opt/airflow/scripts/Extract_API.py '2026-04-05'"]
[2026-04-06T07:19:58.614+0000] {subprocess.py:86} INFO - Output:
[2026-04-06T07:19:58.821+0000] {subprocess.py:93} INFO - 2026-04-06 07:19:58.821 | INFO     | __main__:extract_API:27 - Bat dau extract api ngay 2026-04-05
[2026-04-06T07:19:59.824+0000] {subprocess.py:93} INFO - 2026-04-06 07:19:59.823 | SUCCESS  | __main__:extract_API:46 - Da luu thanh cong /opt/airflow/data/raw/NEO_2026-04-05.json
[2026-04-06T07:19:59.825+0000] {subprocess.py:93} INFO - ------------------------------------------------------
[2026-04-06T07:19:59.845+0000] {subprocess.py:93} INFO - 2026-04-06 07:19:59.831 | ERROR    | db_log:log_ETL:28 - da co loi xay ra relation "etl_log" does not exist
[2026-04-06T07:19:59.846+0000] {subprocess.py:93} INFO - LINE 2:                 insert into etl_log(run_id,step,status,row_p...
[2026-04-06T07:19:59.847+0000] {subprocess.py:93} INFO -                                     ^
[2026-04-06T07:19:59.848+0000] {subprocess.py:93} INFO - 
[2026-04-06T07:19:59.849+0000] {subprocess.py:93} INFO - Traceback (most recent call last):
[2026-04-06T07:19:59.850+0000] {subprocess.py:93} INFO - 
[2026-04-06T07:19:59.850+0000] {subprocess.py:93} INFO -   File "/opt/airflow/scripts/Extract_API.py", line 59, in <module>
[2026-04-06T07:19:59.851+0000] {subprocess.py:93} INFO -     extract_API(run_date)
[2026-04-06T07:19:59.851+0000] {subprocess.py:93} INFO -     │           └ '2026-04-05'
[2026-04-06T07:19:59.852+0000] {subprocess.py:93} INFO -     └ <function extract_API at 0x78829d63c1f0>
[2026-04-06T07:19:59.852+0000] {subprocess.py:93} INFO - 
[2026-04-06T07:19:59.853+0000] {subprocess.py:93} INFO -   File "/opt/airflow/scripts/Extract_API.py", line 48, in extract_API
[2026-04-06T07:19:59.854+0000] {subprocess.py:93} INFO -     log_ETL(run_date, "extract", "success", None, f"Da luu thanh cong {filename}")
[2026-04-06T07:19:59.854+0000] {subprocess.py:93} INFO -     │       └ '2026-04-05'
[2026-04-06T07:19:59.855+0000] {subprocess.py:93} INFO -     └ <function log_ETL at 0x78829d2cc040>
[2026-04-06T07:19:59.855+0000] {subprocess.py:93} INFO - 
[2026-04-06T07:19:59.856+0000] {subprocess.py:93} INFO - > File "/opt/airflow/scripts/db_log.py", line 21, in log_ETL
[2026-04-06T07:19:59.856+0000] {subprocess.py:93} INFO -     cur.execute('''
[2026-04-06T07:19:59.857+0000] {subprocess.py:93} INFO -     │   └ <method 'execute' of 'psycopg2.extensions.cursor' objects>
[2026-04-06T07:19:59.858+0000] {subprocess.py:93} INFO -     └ <cursor object at 0x78829d439b80; closed: 0>
[2026-04-06T07:19:59.858+0000] {subprocess.py:93} INFO - 
[2026-04-06T07:19:59.859+0000] {subprocess.py:93} INFO - psycopg2.errors.UndefinedTable: relation "etl_log" does not exist
[2026-04-06T07:19:59.860+0000] {subprocess.py:93} INFO - LINE 2:                 insert into etl_log(run_id,step,status,row_p...
[2026-04-06T07:19:59.860+0000] {subprocess.py:93} INFO -                                     ^
[2026-04-06T07:19:59.861+0000] {subprocess.py:93} INFO - 
[2026-04-06T07:19:59.861+0000] {subprocess.py:93} INFO - 2026-04-06 07:19:59.846 | INFO     | db_log:log_ETL:36 - da dong ket noi
[2026-04-06T07:19:59.874+0000] {subprocess.py:97} INFO - Command exited with return code 0
[2026-04-06T07:19:59.898+0000] {taskinstance.py:1138} INFO - Marking task as SUCCESS. dag_id=nasa_neo_etl_pipeline, task_id=extract_API_to_JSON, execution_date=20260405T000000, start_date=20260406T071958, end_date=20260406T071959
[2026-04-06T07:19:59.946+0000] {local_task_job_runner.py:234} INFO - Task exited with return code 0
[2026-04-06T07:19:59.967+0000] {taskinstance.py:3280} INFO - 1 downstream tasks scheduled from follow-on schedule check
[2026-04-06T07:31:22.689+0000] {taskinstance.py:1956} INFO - Dependencies all met for dep_context=non-requeueable deps ti=<TaskInstance: nasa_neo_etl_pipeline.extract_API_to_JSON scheduled__2026-04-05T00:00:00+00:00 [queued]>
[2026-04-06T07:31:22.709+0000] {taskinstance.py:1956} INFO - Dependencies all met for dep_context=requeueable deps ti=<TaskInstance: nasa_neo_etl_pipeline.extract_API_to_JSON scheduled__2026-04-05T00:00:00+00:00 [queued]>
[2026-04-06T07:31:22.719+0000] {taskinstance.py:2170} INFO - Starting attempt 1 of 4
[2026-04-06T07:31:22.752+0000] {taskinstance.py:2191} INFO - Executing <Task(BashOperator): extract_API_to_JSON> on 2026-04-05 00:00:00+00:00
[2026-04-06T07:31:22.759+0000] {standard_task_runner.py:60} INFO - Started process 196 to run task
[2026-04-06T07:31:22.764+0000] {standard_task_runner.py:87} INFO - Running: ['airflow', 'tasks', 'run', 'nasa_neo_etl_pipeline', 'extract_API_to_JSON', 'scheduled__2026-04-05T00:00:00+00:00', '--job-id', '2', '--raw', '--subdir', 'DAGS_FOLDER/Asteroid_DAG.py', '--cfg-path', '/tmp/tmp1ohatbcb']
[2026-04-06T07:31:22.767+0000] {standard_task_runner.py:88} INFO - Job 2: Subtask extract_API_to_JSON
[2026-04-06T07:31:22.843+0000] {task_command.py:423} INFO - Running <TaskInstance: nasa_neo_etl_pipeline.extract_API_to_JSON scheduled__2026-04-05T00:00:00+00:00 [running]> on host 2b39c12e0bc6
[2026-04-06T07:31:22.922+0000] {taskinstance.py:2480} INFO - Exporting env vars: AIRFLOW_CTX_DAG_OWNER='hieu' AIRFLOW_CTX_DAG_ID='nasa_neo_etl_pipeline' AIRFLOW_CTX_TASK_ID='extract_API_to_JSON' AIRFLOW_CTX_EXECUTION_DATE='2026-04-05T00:00:00+00:00' AIRFLOW_CTX_TRY_NUMBER='1' AIRFLOW_CTX_DAG_RUN_ID='scheduled__2026-04-05T00:00:00+00:00'
[2026-04-06T07:31:22.924+0000] {subprocess.py:63} INFO - Tmp dir root location: /tmp
[2026-04-06T07:31:22.926+0000] {subprocess.py:75} INFO - Running command: ['/usr/bin/bash', '-c', "python3 /opt/airflow/scripts/Extract_API.py '2026-04-05'"]
[2026-04-06T07:31:22.935+0000] {subprocess.py:86} INFO - Output:
[2026-04-06T07:31:23.157+0000] {subprocess.py:93} INFO - 2026-04-06 07:31:23.157 | INFO     | __main__:extract_API:27 - Bat dau extract api ngay 2026-04-05
[2026-04-06T07:31:24.028+0000] {subprocess.py:93} INFO - 2026-04-06 07:31:24.028 | SUCCESS  | __main__:extract_API:46 - Da luu thanh cong /opt/airflow/data/raw/NEO_2026-04-05.json
[2026-04-06T07:31:24.029+0000] {subprocess.py:93} INFO - ------------------------------------------------------
[2026-04-06T07:31:24.050+0000] {subprocess.py:93} INFO - 2026-04-06 07:31:24.037 | ERROR    | db_log:log_ETL:28 - da co loi xay ra relation "etl_log" does not exist
[2026-04-06T07:31:24.051+0000] {subprocess.py:93} INFO - LINE 2:                 insert into etl_log(run_id,step,status,row_p...
[2026-04-06T07:31:24.052+0000] {subprocess.py:93} INFO -                                     ^
[2026-04-06T07:31:24.053+0000] {subprocess.py:93} INFO - 
[2026-04-06T07:31:24.053+0000] {subprocess.py:93} INFO - Traceback (most recent call last):
[2026-04-06T07:31:24.054+0000] {subprocess.py:93} INFO - 
[2026-04-06T07:31:24.054+0000] {subprocess.py:93} INFO -   File "/opt/airflow/scripts/Extract_API.py", line 59, in <module>
[2026-04-06T07:31:24.054+0000] {subprocess.py:93} INFO -     extract_API(run_date)
[2026-04-06T07:31:24.055+0000] {subprocess.py:93} INFO -     │           └ '2026-04-05'
[2026-04-06T07:31:24.055+0000] {subprocess.py:93} INFO -     └ <function extract_API at 0x7a648e4861f0>
[2026-04-06T07:31:24.056+0000] {subprocess.py:93} INFO - 
[2026-04-06T07:31:24.056+0000] {subprocess.py:93} INFO -   File "/opt/airflow/scripts/Extract_API.py", line 48, in extract_API
[2026-04-06T07:31:24.057+0000] {subprocess.py:93} INFO -     log_ETL(run_date, "extract", "success", None, f"Da luu thanh cong {filename}")
[2026-04-06T07:31:24.057+0000] {subprocess.py:93} INFO -     │       └ '2026-04-05'
[2026-04-06T07:31:24.058+0000] {subprocess.py:93} INFO -     └ <function log_ETL at 0x7a648e116040>
[2026-04-06T07:31:24.058+0000] {subprocess.py:93} INFO - 
[2026-04-06T07:31:24.059+0000] {subprocess.py:93} INFO - > File "/opt/airflow/scripts/db_log.py", line 21, in log_ETL
[2026-04-06T07:31:24.060+0000] {subprocess.py:93} INFO -     cur.execute('''
[2026-04-06T07:31:24.060+0000] {subprocess.py:93} INFO -     │   └ <method 'execute' of 'psycopg2.extensions.cursor' objects>
[2026-04-06T07:31:24.061+0000] {subprocess.py:93} INFO -     └ <cursor object at 0x7a648e283b80; closed: 0>
[2026-04-06T07:31:24.061+0000] {subprocess.py:93} INFO - 
[2026-04-06T07:31:24.062+0000] {subprocess.py:93} INFO - psycopg2.errors.UndefinedTable: relation "etl_log" does not exist
[2026-04-06T07:31:24.062+0000] {subprocess.py:93} INFO - LINE 2:                 insert into etl_log(run_id,step,status,row_p...
[2026-04-06T07:31:24.063+0000] {subprocess.py:93} INFO -                                     ^
[2026-04-06T07:31:24.063+0000] {subprocess.py:93} INFO - 
[2026-04-06T07:31:24.064+0000] {subprocess.py:93} INFO - 2026-04-06 07:31:24.051 | INFO     | db_log:log_ETL:36 - da dong ket noi
[2026-04-06T07:31:24.073+0000] {subprocess.py:97} INFO - Command exited with return code 0
[2026-04-06T07:31:24.096+0000] {taskinstance.py:1138} INFO - Marking task as SUCCESS. dag_id=nasa_neo_etl_pipeline, task_id=extract_API_to_JSON, execution_date=20260405T000000, start_date=20260406T073122, end_date=20260406T073124
[2026-04-06T07:31:24.143+0000] {local_task_job_runner.py:234} INFO - Task exited with return code 0
[2026-04-06T07:31:24.162+0000] {taskinstance.py:3280} INFO - 1 downstream tasks scheduled from follow-on schedule check
[2026-04-06T07:39:06.927+0000] {taskinstance.py:1956} INFO - Dependencies all met for dep_context=non-requeueable deps ti=<TaskInstance: nasa_neo_etl_pipeline.extract_API_to_JSON scheduled__2026-04-05T00:00:00+00:00 [queued]>
[2026-04-06T07:39:06.937+0000] {taskinstance.py:1956} INFO - Dependencies all met for dep_context=requeueable deps ti=<TaskInstance: nasa_neo_etl_pipeline.extract_API_to_JSON scheduled__2026-04-05T00:00:00+00:00 [queued]>
[2026-04-06T07:39:06.938+0000] {taskinstance.py:2170} INFO - Starting attempt 1 of 4
[2026-04-06T07:39:06.951+0000] {taskinstance.py:2191} INFO - Executing <Task(BashOperator): extract_API_to_JSON> on 2026-04-05 00:00:00+00:00
[2026-04-06T07:39:06.956+0000] {standard_task_runner.py:60} INFO - Started process 190 to run task
[2026-04-06T07:39:06.958+0000] {standard_task_runner.py:87} INFO - Running: ['airflow', 'tasks', 'run', 'nasa_neo_etl_pipeline', 'extract_API_to_JSON', 'scheduled__2026-04-05T00:00:00+00:00', '--job-id', '2', '--raw', '--subdir', 'DAGS_FOLDER/Asteroid_DAG.py', '--cfg-path', '/tmp/tmpb2edn_8f']
[2026-04-06T07:39:06.960+0000] {standard_task_runner.py:88} INFO - Job 2: Subtask extract_API_to_JSON
[2026-04-06T07:39:07.018+0000] {task_command.py:423} INFO - Running <TaskInstance: nasa_neo_etl_pipeline.extract_API_to_JSON scheduled__2026-04-05T00:00:00+00:00 [running]> on host 270afc779c61
[2026-04-06T07:39:07.097+0000] {taskinstance.py:2480} INFO - Exporting env vars: AIRFLOW_CTX_DAG_OWNER='hieu' AIRFLOW_CTX_DAG_ID='nasa_neo_etl_pipeline' AIRFLOW_CTX_TASK_ID='extract_API_to_JSON' AIRFLOW_CTX_EXECUTION_DATE='2026-04-05T00:00:00+00:00' AIRFLOW_CTX_TRY_NUMBER='1' AIRFLOW_CTX_DAG_RUN_ID='scheduled__2026-04-05T00:00:00+00:00'
[2026-04-06T07:39:07.099+0000] {subprocess.py:63} INFO - Tmp dir root location: /tmp
[2026-04-06T07:39:07.100+0000] {subprocess.py:75} INFO - Running command: ['/usr/bin/bash', '-c', "python3 /opt/airflow/scripts/Extract_API.py '2026-04-05'"]
[2026-04-06T07:39:07.108+0000] {subprocess.py:86} INFO - Output:
[2026-04-06T07:39:07.313+0000] {subprocess.py:93} INFO - 2026-04-06 07:39:07.313 | INFO     | __main__:extract_API:27 - Bat dau extract api ngay 2026-04-05
[2026-04-06T07:39:08.563+0000] {subprocess.py:93} INFO - 2026-04-06 07:39:08.562 | SUCCESS  | __main__:extract_API:46 - Da luu thanh cong /opt/airflow/data/raw/NEO_2026-04-05.json
[2026-04-06T07:39:08.565+0000] {subprocess.py:93} INFO - ------------------------------------------------------
[2026-04-06T07:39:08.589+0000] {subprocess.py:93} INFO - 2026-04-06 07:39:08.571 | ERROR    | db_log:log_ETL:28 - da co loi xay ra invalid input syntax for type integer: "2026-04-05"
[2026-04-06T07:39:08.590+0000] {subprocess.py:93} INFO - LINE 4:                 ('2026-04-05', 'extract', 'success', NULL, '...
[2026-04-06T07:39:08.591+0000] {subprocess.py:93} INFO -                          ^
[2026-04-06T07:39:08.591+0000] {subprocess.py:93} INFO - 
[2026-04-06T07:39:08.592+0000] {subprocess.py:93} INFO - Traceback (most recent call last):
[2026-04-06T07:39:08.593+0000] {subprocess.py:93} INFO - 
[2026-04-06T07:39:08.594+0000] {subprocess.py:93} INFO -   File "/opt/airflow/scripts/Extract_API.py", line 59, in <module>
[2026-04-06T07:39:08.595+0000] {subprocess.py:93} INFO -     extract_API(run_date)
[2026-04-06T07:39:08.596+0000] {subprocess.py:93} INFO -     │           └ '2026-04-05'
[2026-04-06T07:39:08.598+0000] {subprocess.py:93} INFO -     └ <function extract_API at 0x7e80ad8631f0>
[2026-04-06T07:39:08.599+0000] {subprocess.py:93} INFO - 
[2026-04-06T07:39:08.600+0000] {subprocess.py:93} INFO -   File "/opt/airflow/scripts/Extract_API.py", line 48, in extract_API
[2026-04-06T07:39:08.601+0000] {subprocess.py:93} INFO -     log_ETL(run_date, "extract", "success", None, f"Da luu thanh cong {filename}")
[2026-04-06T07:39:08.601+0000] {subprocess.py:93} INFO -     │       └ '2026-04-05'
[2026-04-06T07:39:08.602+0000] {subprocess.py:93} INFO -     └ <function log_ETL at 0x7e80ad4f3040>
[2026-04-06T07:39:08.602+0000] {subprocess.py:93} INFO - 
[2026-04-06T07:39:08.603+0000] {subprocess.py:93} INFO - > File "/opt/airflow/scripts/db_log.py", line 21, in log_ETL
[2026-04-06T07:39:08.603+0000] {subprocess.py:93} INFO -     cur.execute('''
[2026-04-06T07:39:08.606+0000] {subprocess.py:93} INFO -     │   └ <method 'execute' of 'psycopg2.extensions.cursor' objects>
[2026-04-06T07:39:08.607+0000] {subprocess.py:93} INFO -     └ <cursor object at 0x7e80ad660b80; closed: 0>
[2026-04-06T07:39:08.608+0000] {subprocess.py:93} INFO - 
[2026-04-06T07:39:08.609+0000] {subprocess.py:93} INFO - psycopg2.errors.InvalidTextRepresentation: invalid input syntax for type integer: "2026-04-05"
[2026-04-06T07:39:08.610+0000] {subprocess.py:93} INFO - LINE 4:                 ('2026-04-05', 'extract', 'success', NULL, '...
[2026-04-06T07:39:08.610+0000] {subprocess.py:93} INFO -                          ^
[2026-04-06T07:39:08.611+0000] {subprocess.py:93} INFO - 
[2026-04-06T07:39:08.611+0000] {subprocess.py:93} INFO - 2026-04-06 07:39:08.591 | INFO     | db_log:log_ETL:36 - da dong ket noi
[2026-04-06T07:39:08.631+0000] {subprocess.py:97} INFO - Command exited with return code 0
[2026-04-06T07:39:08.658+0000] {taskinstance.py:1138} INFO - Marking task as SUCCESS. dag_id=nasa_neo_etl_pipeline, task_id=extract_API_to_JSON, execution_date=20260405T000000, start_date=20260406T073906, end_date=20260406T073908
[2026-04-06T07:39:08.699+0000] {local_task_job_runner.py:234} INFO - Task exited with return code 0
[2026-04-06T07:39:08.719+0000] {taskinstance.py:3280} INFO - 1 downstream tasks scheduled from follow-on schedule check
[2026-04-06T08:03:04.650+0000] {taskinstance.py:1956} INFO - Dependencies all met for dep_context=non-requeueable deps ti=<TaskInstance: nasa_neo_etl_pipeline.extract_API_to_JSON scheduled__2026-04-05T00:00:00+00:00 [queued]>
[2026-04-06T08:03:04.666+0000] {taskinstance.py:1956} INFO - Dependencies all met for dep_context=requeueable deps ti=<TaskInstance: nasa_neo_etl_pipeline.extract_API_to_JSON scheduled__2026-04-05T00:00:00+00:00 [queued]>
[2026-04-06T08:03:04.668+0000] {taskinstance.py:2170} INFO - Starting attempt 1 of 4
[2026-04-06T08:03:04.719+0000] {taskinstance.py:2191} INFO - Executing <Task(BashOperator): extract_API_to_JSON> on 2026-04-05 00:00:00+00:00
[2026-04-06T08:03:04.727+0000] {standard_task_runner.py:60} INFO - Started process 203 to run task
[2026-04-06T08:03:04.734+0000] {standard_task_runner.py:87} INFO - Running: ['airflow', 'tasks', 'run', 'nasa_neo_etl_pipeline', 'extract_API_to_JSON', 'scheduled__2026-04-05T00:00:00+00:00', '--job-id', '2', '--raw', '--subdir', 'DAGS_FOLDER/Asteroid_DAG.py', '--cfg-path', '/tmp/tmpuz9263gn']
[2026-04-06T08:03:04.738+0000] {standard_task_runner.py:88} INFO - Job 2: Subtask extract_API_to_JSON
[2026-04-06T08:03:04.820+0000] {task_command.py:423} INFO - Running <TaskInstance: nasa_neo_etl_pipeline.extract_API_to_JSON scheduled__2026-04-05T00:00:00+00:00 [running]> on host aaedc428eaf5
[2026-04-06T08:03:04.941+0000] {taskinstance.py:2480} INFO - Exporting env vars: AIRFLOW_CTX_DAG_OWNER='hieu' AIRFLOW_CTX_DAG_ID='nasa_neo_etl_pipeline' AIRFLOW_CTX_TASK_ID='extract_API_to_JSON' AIRFLOW_CTX_EXECUTION_DATE='2026-04-05T00:00:00+00:00' AIRFLOW_CTX_TRY_NUMBER='1' AIRFLOW_CTX_DAG_RUN_ID='scheduled__2026-04-05T00:00:00+00:00'
[2026-04-06T08:03:04.944+0000] {subprocess.py:63} INFO - Tmp dir root location: /tmp
[2026-04-06T08:03:04.946+0000] {subprocess.py:75} INFO - Running command: ['/usr/bin/bash', '-c', "python3 /opt/airflow/scripts/Extract_API.py '2026-04-05'"]
[2026-04-06T08:03:04.959+0000] {subprocess.py:86} INFO - Output:
[2026-04-06T08:03:05.314+0000] {subprocess.py:93} INFO - 2026-04-06 08:03:05.314 | INFO     | __main__:extract_API:27 - Bat dau extract api ngay 2026-04-05
[2026-04-06T08:03:06.663+0000] {subprocess.py:93} INFO - 2026-04-06 08:03:06.663 | SUCCESS  | __main__:extract_API:46 - Da luu thanh cong /opt/airflow/data/raw/NEO_2026-04-05.json
[2026-04-06T08:03:06.665+0000] {subprocess.py:93} INFO - ------------------------------------------------------
[2026-04-06T08:03:06.677+0000] {subprocess.py:93} INFO - 2026-04-06 08:03:06.677 | INFO     | db_log:log_ETL:38 - da dong ket noi
[2026-04-06T08:03:06.721+0000] {subprocess.py:97} INFO - Command exited with return code 0
[2026-04-06T08:03:06.753+0000] {taskinstance.py:1138} INFO - Marking task as SUCCESS. dag_id=nasa_neo_etl_pipeline, task_id=extract_API_to_JSON, execution_date=20260405T000000, start_date=20260406T080304, end_date=20260406T080306
[2026-04-06T08:03:06.803+0000] {local_task_job_runner.py:234} INFO - Task exited with return code 0
[2026-04-06T08:03:06.835+0000] {taskinstance.py:3280} INFO - 1 downstream tasks scheduled from follow-on schedule check
[2026-04-06T08:13:17.264+0000] {taskinstance.py:1956} INFO - Dependencies all met for dep_context=non-requeueable deps ti=<TaskInstance: nasa_neo_etl_pipeline.extract_API_to_JSON scheduled__2026-04-05T00:00:00+00:00 [queued]>
[2026-04-06T08:13:17.281+0000] {taskinstance.py:1956} INFO - Dependencies all met for dep_context=requeueable deps ti=<TaskInstance: nasa_neo_etl_pipeline.extract_API_to_JSON scheduled__2026-04-05T00:00:00+00:00 [queued]>
[2026-04-06T08:13:17.282+0000] {taskinstance.py:2170} INFO - Starting attempt 1 of 4
[2026-04-06T08:13:17.333+0000] {taskinstance.py:2191} INFO - Executing <Task(BashOperator): extract_API_to_JSON> on 2026-04-05 00:00:00+00:00
[2026-04-06T08:13:17.343+0000] {standard_task_runner.py:60} INFO - Started process 195 to run task
[2026-04-06T08:13:17.352+0000] {standard_task_runner.py:87} INFO - Running: ['airflow', 'tasks', 'run', 'nasa_neo_etl_pipeline', 'extract_API_to_JSON', 'scheduled__2026-04-05T00:00:00+00:00', '--job-id', '2', '--raw', '--subdir', 'DAGS_FOLDER/Asteroid_DAG.py', '--cfg-path', '/tmp/tmpvfp5nu_r']
[2026-04-06T08:13:17.357+0000] {standard_task_runner.py:88} INFO - Job 2: Subtask extract_API_to_JSON
[2026-04-06T08:13:17.471+0000] {task_command.py:423} INFO - Running <TaskInstance: nasa_neo_etl_pipeline.extract_API_to_JSON scheduled__2026-04-05T00:00:00+00:00 [running]> on host a8f5a43682e7
[2026-04-06T08:13:17.635+0000] {taskinstance.py:2480} INFO - Exporting env vars: AIRFLOW_CTX_DAG_OWNER='hieu' AIRFLOW_CTX_DAG_ID='nasa_neo_etl_pipeline' AIRFLOW_CTX_TASK_ID='extract_API_to_JSON' AIRFLOW_CTX_EXECUTION_DATE='2026-04-05T00:00:00+00:00' AIRFLOW_CTX_TRY_NUMBER='1' AIRFLOW_CTX_DAG_RUN_ID='scheduled__2026-04-05T00:00:00+00:00'
[2026-04-06T08:13:17.638+0000] {subprocess.py:63} INFO - Tmp dir root location: /tmp
[2026-04-06T08:13:17.641+0000] {subprocess.py:75} INFO - Running command: ['/usr/bin/bash', '-c', "python3 /opt/airflow/scripts/Extract_API.py '2026-04-05'"]
[2026-04-06T08:13:17.656+0000] {subprocess.py:86} INFO - Output:
[2026-04-06T08:13:18.121+0000] {subprocess.py:93} INFO - 2026-04-06 08:13:18.121 | INFO     | __main__:extract_API:27 - Bat dau extract api ngay 2026-04-05
[2026-04-06T08:13:19.585+0000] {subprocess.py:93} INFO - 2026-04-06 08:13:19.585 | SUCCESS  | __main__:extract_API:46 - Da luu thanh cong /opt/airflow/data/raw/NEO_2026-04-05.json
[2026-04-06T08:13:19.586+0000] {subprocess.py:93} INFO - ------------------------------------------------------
[2026-04-06T08:13:19.598+0000] {subprocess.py:93} INFO - 2026-04-06 08:13:19.598 | INFO     | db_log:log_ETL:38 - da dong ket noi
[2026-04-06T08:13:19.652+0000] {subprocess.py:97} INFO - Command exited with return code 0
[2026-04-06T08:13:19.686+0000] {taskinstance.py:1138} INFO - Marking task as SUCCESS. dag_id=nasa_neo_etl_pipeline, task_id=extract_API_to_JSON, execution_date=20260405T000000, start_date=20260406T081317, end_date=20260406T081319
[2026-04-06T08:13:19.741+0000] {local_task_job_runner.py:234} INFO - Task exited with return code 0
[2026-04-06T08:13:19.771+0000] {taskinstance.py:3280} INFO - 1 downstream tasks scheduled from follow-on schedule check
[2026-04-06T08:24:27.179+0000] {taskinstance.py:1956} INFO - Dependencies all met for dep_context=non-requeueable deps ti=<TaskInstance: nasa_neo_etl_pipeline.extract_API_to_JSON scheduled__2026-04-05T00:00:00+00:00 [queued]>
[2026-04-06T08:24:27.195+0000] {taskinstance.py:1956} INFO - Dependencies all met for dep_context=requeueable deps ti=<TaskInstance: nasa_neo_etl_pipeline.extract_API_to_JSON scheduled__2026-04-05T00:00:00+00:00 [queued]>
[2026-04-06T08:24:27.196+0000] {taskinstance.py:2170} INFO - Starting attempt 1 of 4
[2026-04-06T08:24:27.245+0000] {taskinstance.py:2191} INFO - Executing <Task(BashOperator): extract_API_to_JSON> on 2026-04-05 00:00:00+00:00
[2026-04-06T08:24:27.251+0000] {standard_task_runner.py:60} INFO - Started process 195 to run task
[2026-04-06T08:24:27.258+0000] {standard_task_runner.py:87} INFO - Running: ['airflow', 'tasks', 'run', 'nasa_neo_etl_pipeline', 'extract_API_to_JSON', 'scheduled__2026-04-05T00:00:00+00:00', '--job-id', '2', '--raw', '--subdir', 'DAGS_FOLDER/Asteroid_DAG.py', '--cfg-path', '/tmp/tmppnm10s6r']
[2026-04-06T08:24:27.262+0000] {standard_task_runner.py:88} INFO - Job 2: Subtask extract_API_to_JSON
[2026-04-06T08:24:27.353+0000] {task_command.py:423} INFO - Running <TaskInstance: nasa_neo_etl_pipeline.extract_API_to_JSON scheduled__2026-04-05T00:00:00+00:00 [running]> on host 741ea3eacd9b
[2026-04-06T08:24:27.550+0000] {taskinstance.py:2480} INFO - Exporting env vars: AIRFLOW_CTX_DAG_OWNER='hieu' AIRFLOW_CTX_DAG_ID='nasa_neo_etl_pipeline' AIRFLOW_CTX_TASK_ID='extract_API_to_JSON' AIRFLOW_CTX_EXECUTION_DATE='2026-04-05T00:00:00+00:00' AIRFLOW_CTX_TRY_NUMBER='1' AIRFLOW_CTX_DAG_RUN_ID='scheduled__2026-04-05T00:00:00+00:00'
[2026-04-06T08:24:27.553+0000] {subprocess.py:63} INFO - Tmp dir root location: /tmp
[2026-04-06T08:24:27.555+0000] {subprocess.py:75} INFO - Running command: ['/usr/bin/bash', '-c', "python3 /opt/airflow/scripts/Extract_API.py '2026-04-05'"]
[2026-04-06T08:24:27.571+0000] {subprocess.py:86} INFO - Output:
[2026-04-06T08:24:27.963+0000] {subprocess.py:93} INFO - 2026-04-06 08:24:27.963 | INFO     | __main__:extract_API:27 - Bat dau extract api ngay 2026-04-05
[2026-04-06T08:24:29.170+0000] {subprocess.py:93} INFO - 2026-04-06 08:24:29.170 | SUCCESS  | __main__:extract_API:46 - Da luu thanh cong /opt/airflow/data/raw/NEO_2026-04-05.json
[2026-04-06T08:24:29.171+0000] {subprocess.py:93} INFO - ------------------------------------------------------
[2026-04-06T08:24:29.209+0000] {subprocess.py:93} INFO - 2026-04-06 08:24:29.208 | INFO     | db_log:log_ETL:38 - da dong ket noi
[2026-04-06T08:24:29.252+0000] {subprocess.py:97} INFO - Command exited with return code 0
[2026-04-06T08:24:29.313+0000] {taskinstance.py:1138} INFO - Marking task as SUCCESS. dag_id=nasa_neo_etl_pipeline, task_id=extract_API_to_JSON, execution_date=20260405T000000, start_date=20260406T082427, end_date=20260406T082429
[2026-04-06T08:24:29.362+0000] {local_task_job_runner.py:234} INFO - Task exited with return code 0
[2026-04-06T08:24:29.392+0000] {taskinstance.py:3280} INFO - 1 downstream tasks scheduled from follow-on schedule check
