[2026-04-06T08:06:16.483+0000] {taskinstance.py:1956} INFO - Dependencies all met for dep_context=non-requeueable deps ti=<TaskInstance: nasa_neo_etl_pipeline.load_CSV_to_DW manual__2026-04-06T08:03:05.830308+00:00 [queued]>
[2026-04-06T08:06:16.493+0000] {taskinstance.py:1956} INFO - Dependencies all met for dep_context=requeueable deps ti=<TaskInstance: nasa_neo_etl_pipeline.load_CSV_to_DW manual__2026-04-06T08:03:05.830308+00:00 [queued]>
[2026-04-06T08:06:16.494+0000] {taskinstance.py:2170} INFO - Starting attempt 4 of 4
[2026-04-06T08:06:16.545+0000] {taskinstance.py:2191} INFO - Executing <Task(BashOperator): load_CSV_to_DW> on 2026-04-06 08:03:05.830308+00:00
[2026-04-06T08:06:16.550+0000] {standard_task_runner.py:60} INFO - Started process 274 to run task
[2026-04-06T08:06:16.553+0000] {standard_task_runner.py:87} INFO - Running: ['airflow', 'tasks', 'run', 'nasa_neo_etl_pipeline', 'load_CSV_to_DW', 'manual__2026-04-06T08:03:05.830308+00:00', '--job-id', '15', '--raw', '--subdir', 'DAGS_FOLDER/Asteroid_DAG.py', '--cfg-path', '/tmp/tmp6jhoay6r']
[2026-04-06T08:06:16.555+0000] {standard_task_runner.py:88} INFO - Job 15: Subtask load_CSV_to_DW
[2026-04-06T08:06:16.605+0000] {task_command.py:423} INFO - Running <TaskInstance: nasa_neo_etl_pipeline.load_CSV_to_DW manual__2026-04-06T08:03:05.830308+00:00 [running]> on host aaedc428eaf5
[2026-04-06T08:06:16.708+0000] {taskinstance.py:2480} INFO - Exporting env vars: AIRFLOW_CTX_DAG_OWNER='hieu' AIRFLOW_CTX_DAG_ID='nasa_neo_etl_pipeline' AIRFLOW_CTX_TASK_ID='load_CSV_to_DW' AIRFLOW_CTX_EXECUTION_DATE='2026-04-06T08:03:05.830308+00:00' AIRFLOW_CTX_TRY_NUMBER='4' AIRFLOW_CTX_DAG_RUN_ID='manual__2026-04-06T08:03:05.830308+00:00'
[2026-04-06T08:06:16.709+0000] {subprocess.py:63} INFO - Tmp dir root location: /tmp
[2026-04-06T08:06:16.711+0000] {subprocess.py:75} INFO - Running command: ['/usr/bin/bash', '-c', "python3 /opt/airflow/scripts/load_postgres.py '2026-04-06'"]
[2026-04-06T08:06:16.720+0000] {subprocess.py:86} INFO - Output:
[2026-04-06T08:06:16.749+0000] {subprocess.py:93} INFO - python3: can't open file '/opt/airflow/scripts/load_postgres.py': [Errno 2] No such file or directory
[2026-04-06T08:06:16.754+0000] {subprocess.py:97} INFO - Command exited with return code 2
[2026-04-06T08:06:16.767+0000] {taskinstance.py:2698} ERROR - Task failed with exception
Traceback (most recent call last):
  File "/home/airflow/.local/lib/python3.8/site-packages/airflow/models/taskinstance.py", line 433, in _execute_task
    result = execute_callable(context=context, **execute_callable_kwargs)
  File "/home/airflow/.local/lib/python3.8/site-packages/airflow/operators/bash.py", line 212, in execute
    raise AirflowException(
airflow.exceptions.AirflowException: Bash command failed. The command returned a non-zero exit code 2.
[2026-04-06T08:06:16.772+0000] {taskinstance.py:1138} INFO - Marking task as FAILED. dag_id=nasa_neo_etl_pipeline, task_id=load_CSV_to_DW, execution_date=20260406T080305, start_date=20260406T080616, end_date=20260406T080616
[2026-04-06T08:06:16.811+0000] {standard_task_runner.py:107} ERROR - Failed to execute job 15 for task load_CSV_to_DW (Bash command failed. The command returned a non-zero exit code 2.; 274)
[2026-04-06T08:06:16.848+0000] {local_task_job_runner.py:234} INFO - Task exited with return code 1
[2026-04-06T08:06:16.872+0000] {taskinstance.py:3280} INFO - 0 downstream tasks scheduled from follow-on schedule check
