[2026-04-06T08:09:25.509+0000] {taskinstance.py:1956} INFO - Dependencies all met for dep_context=non-requeueable deps ti=<TaskInstance: nasa_neo_etl_pipeline.load_CSV_to_DW manual__2026-04-06T08:03:05.830308+00:00 [queued]>
[2026-04-06T08:09:25.527+0000] {taskinstance.py:1956} INFO - Dependencies all met for dep_context=requeueable deps ti=<TaskInstance: nasa_neo_etl_pipeline.load_CSV_to_DW manual__2026-04-06T08:03:05.830308+00:00 [queued]>
[2026-04-06T08:09:25.528+0000] {taskinstance.py:2170} INFO - Starting attempt 5 of 8
[2026-04-06T08:09:25.584+0000] {taskinstance.py:2191} INFO - Executing <Task(BashOperator): load_CSV_to_DW> on 2026-04-06 08:03:05.830308+00:00
[2026-04-06T08:09:25.591+0000] {standard_task_runner.py:60} INFO - Started process 307 to run task
[2026-04-06T08:09:25.599+0000] {standard_task_runner.py:87} INFO - Running: ['airflow', 'tasks', 'run', 'nasa_neo_etl_pipeline', 'load_CSV_to_DW', 'manual__2026-04-06T08:03:05.830308+00:00', '--job-id', '16', '--raw', '--subdir', 'DAGS_FOLDER/Asteroid_DAG.py', '--cfg-path', '/tmp/tmpjzdrydra']
[2026-04-06T08:09:25.603+0000] {standard_task_runner.py:88} INFO - Job 16: Subtask load_CSV_to_DW
[2026-04-06T08:09:25.696+0000] {task_command.py:423} INFO - Running <TaskInstance: nasa_neo_etl_pipeline.load_CSV_to_DW manual__2026-04-06T08:03:05.830308+00:00 [running]> on host aaedc428eaf5
[2026-04-06T08:09:25.816+0000] {taskinstance.py:2480} INFO - Exporting env vars: AIRFLOW_CTX_DAG_OWNER='hieu' AIRFLOW_CTX_DAG_ID='nasa_neo_etl_pipeline' AIRFLOW_CTX_TASK_ID='load_CSV_to_DW' AIRFLOW_CTX_EXECUTION_DATE='2026-04-06T08:03:05.830308+00:00' AIRFLOW_CTX_TRY_NUMBER='5' AIRFLOW_CTX_DAG_RUN_ID='manual__2026-04-06T08:03:05.830308+00:00'
[2026-04-06T08:09:25.819+0000] {subprocess.py:63} INFO - Tmp dir root location: /tmp
[2026-04-06T08:09:25.821+0000] {subprocess.py:75} INFO - Running command: ['/usr/bin/bash', '-c', "python3 /opt/airflow/scripts/load_postgres.py '2026-04-06'"]
[2026-04-06T08:09:25.832+0000] {subprocess.py:86} INFO - Output:
[2026-04-06T08:09:27.256+0000] {subprocess.py:93} INFO - 2026-04-06 08:09:27.256 | INFO     | __main__:load_postgres:29 - dang doc .csv
[2026-04-06T08:09:27.298+0000] {subprocess.py:93} INFO - 2026-04-06 08:09:27.298 | INFO     | __main__:load_postgres:31 - da them 4 dong
[2026-04-06T08:09:27.304+0000] {subprocess.py:93} INFO - 2026-04-06 08:09:27.304 | INFO     | __main__:load_postgres:40 - bat dau tao bang
[2026-04-06T08:09:27.323+0000] {subprocess.py:93} INFO - 2026-04-06 08:09:27.323 | INFO     | __main__:load_postgres:64 - dang load data
[2026-04-06T08:09:27.329+0000] {subprocess.py:93} INFO - 2026-04-06 08:09:27.329 | SUCCESS  | __main__:load_postgres:80 - insert thanh cong 4 dong
[2026-04-06T08:09:27.331+0000] {subprocess.py:93} INFO - ------------------------------------------------------
[2026-04-06T08:09:27.340+0000] {subprocess.py:93} INFO - 2026-04-06 08:09:27.340 | INFO     | db_log:log_ETL:38 - da dong ket noi
[2026-04-06T08:09:27.342+0000] {subprocess.py:93} INFO - 2026-04-06 08:09:27.341 | INFO     | __main__:load_postgres:96 - Da dong ket noi
[2026-04-06T08:09:27.510+0000] {subprocess.py:97} INFO - Command exited with return code 0
[2026-04-06T08:09:27.545+0000] {taskinstance.py:1138} INFO - Marking task as SUCCESS. dag_id=nasa_neo_etl_pipeline, task_id=load_CSV_to_DW, execution_date=20260406T080305, start_date=20260406T080925, end_date=20260406T080927
[2026-04-06T08:09:27.584+0000] {local_task_job_runner.py:234} INFO - Task exited with return code 0
[2026-04-06T08:09:27.606+0000] {taskinstance.py:3280} INFO - 1 downstream tasks scheduled from follow-on schedule check
