[2026-04-06T08:04:14.840+0000] {taskinstance.py:1956} INFO - Dependencies all met for dep_context=non-requeueable deps ti=<TaskInstance: nasa_neo_etl_pipeline.load_CSV_to_DW manual__2026-04-06T08:03:05.830308+00:00 [queued]>
[2026-04-06T08:04:14.855+0000] {taskinstance.py:1956} INFO - Dependencies all met for dep_context=requeueable deps ti=<TaskInstance: nasa_neo_etl_pipeline.load_CSV_to_DW manual__2026-04-06T08:03:05.830308+00:00 [queued]>
[2026-04-06T08:04:14.857+0000] {taskinstance.py:2170} INFO - Starting attempt 2 of 4
[2026-04-06T08:04:14.912+0000] {taskinstance.py:2191} INFO - Executing <Task(BashOperator): load_CSV_to_DW> on 2026-04-06 08:03:05.830308+00:00
[2026-04-06T08:04:14.920+0000] {standard_task_runner.py:60} INFO - Started process 242 to run task
[2026-04-06T08:04:14.925+0000] {standard_task_runner.py:87} INFO - Running: ['airflow', 'tasks', 'run', 'nasa_neo_etl_pipeline', 'load_CSV_to_DW', 'manual__2026-04-06T08:03:05.830308+00:00', '--job-id', '11', '--raw', '--subdir', 'DAGS_FOLDER/Asteroid_DAG.py', '--cfg-path', '/tmp/tmpi0ljdlc9']
[2026-04-06T08:04:14.928+0000] {standard_task_runner.py:88} INFO - Job 11: Subtask load_CSV_to_DW
[2026-04-06T08:04:15.011+0000] {task_command.py:423} INFO - Running <TaskInstance: nasa_neo_etl_pipeline.load_CSV_to_DW manual__2026-04-06T08:03:05.830308+00:00 [running]> on host aaedc428eaf5
[2026-04-06T08:04:15.149+0000] {taskinstance.py:2480} INFO - Exporting env vars: AIRFLOW_CTX_DAG_OWNER='hieu' AIRFLOW_CTX_DAG_ID='nasa_neo_etl_pipeline' AIRFLOW_CTX_TASK_ID='load_CSV_to_DW' AIRFLOW_CTX_EXECUTION_DATE='2026-04-06T08:03:05.830308+00:00' AIRFLOW_CTX_TRY_NUMBER='2' AIRFLOW_CTX_DAG_RUN_ID='manual__2026-04-06T08:03:05.830308+00:00'
[2026-04-06T08:04:15.152+0000] {subprocess.py:63} INFO - Tmp dir root location: /tmp
[2026-04-06T08:04:15.153+0000] {subprocess.py:75} INFO - Running command: ['/usr/bin/bash', '-c', "python3 /opt/airflow/scripts/load_postgres.py '2026-04-06'"]
[2026-04-06T08:04:15.165+0000] {subprocess.py:86} INFO - Output:
[2026-04-06T08:04:15.196+0000] {subprocess.py:93} INFO - python3: can't open file '/opt/airflow/scripts/load_postgres.py': [Errno 2] No such file or directory
[2026-04-06T08:04:15.200+0000] {subprocess.py:97} INFO - Command exited with return code 2
[2026-04-06T08:04:15.214+0000] {taskinstance.py:2698} ERROR - Task failed with exception
Traceback (most recent call last):
  File "/home/airflow/.local/lib/python3.8/site-packages/airflow/models/taskinstance.py", line 433, in _execute_task
    result = execute_callable(context=context, **execute_callable_kwargs)
  File "/home/airflow/.local/lib/python3.8/site-packages/airflow/operators/bash.py", line 212, in execute
    raise AirflowException(
airflow.exceptions.AirflowException: Bash command failed. The command returned a non-zero exit code 2.
[2026-04-06T08:04:15.217+0000] {taskinstance.py:1138} INFO - Marking task as UP_FOR_RETRY. dag_id=nasa_neo_etl_pipeline, task_id=load_CSV_to_DW, execution_date=20260406T080305, start_date=20260406T080414, end_date=20260406T080415
[2026-04-06T08:04:15.269+0000] {standard_task_runner.py:107} ERROR - Failed to execute job 11 for task load_CSV_to_DW (Bash command failed. The command returned a non-zero exit code 2.; 242)
[2026-04-06T08:04:15.300+0000] {local_task_job_runner.py:234} INFO - Task exited with return code 1
[2026-04-06T08:04:15.331+0000] {taskinstance.py:3280} INFO - 0 downstream tasks scheduled from follow-on schedule check
