[2026-04-06T08:03:13.060+0000] {taskinstance.py:1956} INFO - Dependencies all met for dep_context=non-requeueable deps ti=<TaskInstance: nasa_neo_etl_pipeline.load_CSV_to_DW manual__2026-04-06T08:03:05.830308+00:00 [queued]>
[2026-04-06T08:03:13.076+0000] {taskinstance.py:1956} INFO - Dependencies all met for dep_context=requeueable deps ti=<TaskInstance: nasa_neo_etl_pipeline.load_CSV_to_DW manual__2026-04-06T08:03:05.830308+00:00 [queued]>
[2026-04-06T08:03:13.077+0000] {taskinstance.py:2170} INFO - Starting attempt 1 of 4
[2026-04-06T08:03:13.123+0000] {taskinstance.py:2191} INFO - Executing <Task(BashOperator): load_CSV_to_DW> on 2026-04-06 08:03:05.830308+00:00
[2026-04-06T08:03:13.130+0000] {standard_task_runner.py:60} INFO - Started process 226 to run task
[2026-04-06T08:03:13.135+0000] {standard_task_runner.py:87} INFO - Running: ['airflow', 'tasks', 'run', 'nasa_neo_etl_pipeline', 'load_CSV_to_DW', 'manual__2026-04-06T08:03:05.830308+00:00', '--job-id', '9', '--raw', '--subdir', 'DAGS_FOLDER/Asteroid_DAG.py', '--cfg-path', '/tmp/tmplumkjvwx']
[2026-04-06T08:03:13.137+0000] {standard_task_runner.py:88} INFO - Job 9: Subtask load_CSV_to_DW
[2026-04-06T08:03:13.204+0000] {task_command.py:423} INFO - Running <TaskInstance: nasa_neo_etl_pipeline.load_CSV_to_DW manual__2026-04-06T08:03:05.830308+00:00 [running]> on host aaedc428eaf5
[2026-04-06T08:03:13.357+0000] {taskinstance.py:2480} INFO - Exporting env vars: AIRFLOW_CTX_DAG_OWNER='hieu' AIRFLOW_CTX_DAG_ID='nasa_neo_etl_pipeline' AIRFLOW_CTX_TASK_ID='load_CSV_to_DW' AIRFLOW_CTX_EXECUTION_DATE='2026-04-06T08:03:05.830308+00:00' AIRFLOW_CTX_TRY_NUMBER='1' AIRFLOW_CTX_DAG_RUN_ID='manual__2026-04-06T08:03:05.830308+00:00'
[2026-04-06T08:03:13.359+0000] {subprocess.py:63} INFO - Tmp dir root location: /tmp
[2026-04-06T08:03:13.361+0000] {subprocess.py:75} INFO - Running command: ['/usr/bin/bash', '-c', "python3 /opt/airflow/scripts/load_postgres.py '2026-04-06'"]
[2026-04-06T08:03:13.375+0000] {subprocess.py:86} INFO - Output:
[2026-04-06T08:03:13.409+0000] {subprocess.py:93} INFO - python3: can't open file '/opt/airflow/scripts/load_postgres.py': [Errno 2] No such file or directory
[2026-04-06T08:03:13.412+0000] {subprocess.py:97} INFO - Command exited with return code 2
[2026-04-06T08:03:13.427+0000] {taskinstance.py:2698} ERROR - Task failed with exception
Traceback (most recent call last):
  File "/home/airflow/.local/lib/python3.8/site-packages/airflow/models/taskinstance.py", line 433, in _execute_task
    result = execute_callable(context=context, **execute_callable_kwargs)
  File "/home/airflow/.local/lib/python3.8/site-packages/airflow/operators/bash.py", line 212, in execute
    raise AirflowException(
airflow.exceptions.AirflowException: Bash command failed. The command returned a non-zero exit code 2.
[2026-04-06T08:03:13.433+0000] {taskinstance.py:1138} INFO - Marking task as UP_FOR_RETRY. dag_id=nasa_neo_etl_pipeline, task_id=load_CSV_to_DW, execution_date=20260406T080305, start_date=20260406T080313, end_date=20260406T080313
[2026-04-06T08:03:13.487+0000] {standard_task_runner.py:107} ERROR - Failed to execute job 9 for task load_CSV_to_DW (Bash command failed. The command returned a non-zero exit code 2.; 226)
[2026-04-06T08:03:13.510+0000] {local_task_job_runner.py:234} INFO - Task exited with return code 1
[2026-04-06T08:03:13.543+0000] {taskinstance.py:3280} INFO - 0 downstream tasks scheduled from follow-on schedule check
