[2026-04-06T08:03:07.839+0000] {taskinstance.py:1956} INFO - Dependencies all met for dep_context=non-requeueable deps ti=<TaskInstance: nasa_neo_etl_pipeline.extract_API_to_JSON manual__2026-04-06T08:03:05.830308+00:00 [queued]>
[2026-04-06T08:03:07.849+0000] {taskinstance.py:1956} INFO - Dependencies all met for dep_context=requeueable deps ti=<TaskInstance: nasa_neo_etl_pipeline.extract_API_to_JSON manual__2026-04-06T08:03:05.830308+00:00 [queued]>
[2026-04-06T08:03:07.851+0000] {taskinstance.py:2170} INFO - Starting attempt 1 of 4
[2026-04-06T08:03:07.896+0000] {taskinstance.py:2191} INFO - Executing <Task(BashOperator): extract_API_to_JSON> on 2026-04-06 08:03:05.830308+00:00
[2026-04-06T08:03:07.904+0000] {standard_task_runner.py:60} INFO - Started process 209 to run task
[2026-04-06T08:03:07.907+0000] {standard_task_runner.py:87} INFO - Running: ['airflow', 'tasks', 'run', 'nasa_neo_etl_pipeline', 'extract_API_to_JSON', 'manual__2026-04-06T08:03:05.830308+00:00', '--job-id', '4', '--raw', '--subdir', 'DAGS_FOLDER/Asteroid_DAG.py', '--cfg-path', '/tmp/tmphy4ufmuw']
[2026-04-06T08:03:07.912+0000] {standard_task_runner.py:88} INFO - Job 4: Subtask extract_API_to_JSON
[2026-04-06T08:03:08.003+0000] {task_command.py:423} INFO - Running <TaskInstance: nasa_neo_etl_pipeline.extract_API_to_JSON manual__2026-04-06T08:03:05.830308+00:00 [running]> on host aaedc428eaf5
[2026-04-06T08:03:08.141+0000] {taskinstance.py:2480} INFO - Exporting env vars: AIRFLOW_CTX_DAG_OWNER='hieu' AIRFLOW_CTX_DAG_ID='nasa_neo_etl_pipeline' AIRFLOW_CTX_TASK_ID='extract_API_to_JSON' AIRFLOW_CTX_EXECUTION_DATE='2026-04-06T08:03:05.830308+00:00' AIRFLOW_CTX_TRY_NUMBER='1' AIRFLOW_CTX_DAG_RUN_ID='manual__2026-04-06T08:03:05.830308+00:00'
[2026-04-06T08:03:08.144+0000] {subprocess.py:63} INFO - Tmp dir root location: /tmp
[2026-04-06T08:03:08.145+0000] {subprocess.py:75} INFO - Running command: ['/usr/bin/bash', '-c', "python3 /opt/airflow/scripts/Extract_API.py '2026-04-06'"]
[2026-04-06T08:03:08.153+0000] {subprocess.py:86} INFO - Output:
[2026-04-06T08:03:08.578+0000] {subprocess.py:93} INFO - 2026-04-06 08:03:08.578 | INFO     | __main__:extract_API:27 - Bat dau extract api ngay 2026-04-06
[2026-04-06T08:03:09.808+0000] {subprocess.py:93} INFO - 2026-04-06 08:03:09.807 | SUCCESS  | __main__:extract_API:46 - Da luu thanh cong /opt/airflow/data/raw/NEO_2026-04-06.json
[2026-04-06T08:03:09.809+0000] {subprocess.py:93} INFO - ------------------------------------------------------
[2026-04-06T08:03:09.818+0000] {subprocess.py:93} INFO - 2026-04-06 08:03:09.817 | INFO     | db_log:log_ETL:38 - da dong ket noi
[2026-04-06T08:03:09.851+0000] {subprocess.py:97} INFO - Command exited with return code 0
[2026-04-06T08:03:09.880+0000] {taskinstance.py:1138} INFO - Marking task as SUCCESS. dag_id=nasa_neo_etl_pipeline, task_id=extract_API_to_JSON, execution_date=20260406T080305, start_date=20260406T080307, end_date=20260406T080309
[2026-04-06T08:03:09.930+0000] {local_task_job_runner.py:234} INFO - Task exited with return code 0
[2026-04-06T08:03:09.954+0000] {taskinstance.py:3280} INFO - 1 downstream tasks scheduled from follow-on schedule check
