[2026-04-06T08:03:10.693+0000] {taskinstance.py:1956} INFO - Dependencies all met for dep_context=non-requeueable deps ti=<TaskInstance: nasa_neo_etl_pipeline.flatten_JSON manual__2026-04-06T08:03:05.830308+00:00 [queued]>
[2026-04-06T08:03:10.717+0000] {taskinstance.py:1956} INFO - Dependencies all met for dep_context=requeueable deps ti=<TaskInstance: nasa_neo_etl_pipeline.flatten_JSON manual__2026-04-06T08:03:05.830308+00:00 [queued]>
[2026-04-06T08:03:10.718+0000] {taskinstance.py:2170} INFO - Starting attempt 1 of 4
[2026-04-06T08:03:10.752+0000] {taskinstance.py:2191} INFO - Executing <Task(BashOperator): flatten_JSON> on 2026-04-06 08:03:05.830308+00:00
[2026-04-06T08:03:10.762+0000] {standard_task_runner.py:60} INFO - Started process 219 to run task
[2026-04-06T08:03:10.775+0000] {standard_task_runner.py:87} INFO - Running: ['airflow', 'tasks', 'run', 'nasa_neo_etl_pipeline', 'flatten_JSON', 'manual__2026-04-06T08:03:05.830308+00:00', '--job-id', '7', '--raw', '--subdir', 'DAGS_FOLDER/Asteroid_DAG.py', '--cfg-path', '/tmp/tmpxaycbe6c']
[2026-04-06T08:03:10.779+0000] {standard_task_runner.py:88} INFO - Job 7: Subtask flatten_JSON
[2026-04-06T08:03:10.864+0000] {task_command.py:423} INFO - Running <TaskInstance: nasa_neo_etl_pipeline.flatten_JSON manual__2026-04-06T08:03:05.830308+00:00 [running]> on host aaedc428eaf5
[2026-04-06T08:03:11.012+0000] {taskinstance.py:2480} INFO - Exporting env vars: AIRFLOW_CTX_DAG_OWNER='hieu' AIRFLOW_CTX_DAG_ID='nasa_neo_etl_pipeline' AIRFLOW_CTX_TASK_ID='flatten_JSON' AIRFLOW_CTX_EXECUTION_DATE='2026-04-06T08:03:05.830308+00:00' AIRFLOW_CTX_TRY_NUMBER='1' AIRFLOW_CTX_DAG_RUN_ID='manual__2026-04-06T08:03:05.830308+00:00'
[2026-04-06T08:03:11.015+0000] {subprocess.py:63} INFO - Tmp dir root location: /tmp
[2026-04-06T08:03:11.016+0000] {subprocess.py:75} INFO - Running command: ['/usr/bin/bash', '-c', "python3 /opt/airflow/scripts/transform_flatten.py '2026-04-06'"]
[2026-04-06T08:03:11.030+0000] {subprocess.py:86} INFO - Output:
[2026-04-06T08:03:11.294+0000] {subprocess.py:93} INFO - 2026-04-06 08:03:11.293 | INFO     | __main__:flatten_data:23 - bat dau flatten
[2026-04-06T08:03:11.317+0000] {subprocess.py:93} INFO - 2026-04-06 08:03:11.316 | SUCCESS  | __main__:flatten_data:46 - flattened 2026-04-06
[2026-04-06T08:03:11.318+0000] {subprocess.py:93} INFO - ------------------------------------------------------
[2026-04-06T08:03:11.354+0000] {subprocess.py:93} INFO - 2026-04-06 08:03:11.353 | INFO     | db_log:log_ETL:38 - da dong ket noi
[2026-04-06T08:03:11.379+0000] {subprocess.py:97} INFO - Command exited with return code 0
[2026-04-06T08:03:11.445+0000] {taskinstance.py:1138} INFO - Marking task as SUCCESS. dag_id=nasa_neo_etl_pipeline, task_id=flatten_JSON, execution_date=20260406T080305, start_date=20260406T080310, end_date=20260406T080311
[2026-04-06T08:03:11.506+0000] {local_task_job_runner.py:234} INFO - Task exited with return code 0
[2026-04-06T08:03:11.540+0000] {taskinstance.py:3280} INFO - 1 downstream tasks scheduled from follow-on schedule check
