[2026-04-06T08:13:26.195+0000] {taskinstance.py:1956} INFO - Dependencies all met for dep_context=non-requeueable deps ti=<TaskInstance: nasa_neo_etl_pipeline.calculate_danger_level manual__2026-04-06T08:13:17.528703+00:00 [queued]>
[2026-04-06T08:13:26.210+0000] {taskinstance.py:1956} INFO - Dependencies all met for dep_context=requeueable deps ti=<TaskInstance: nasa_neo_etl_pipeline.calculate_danger_level manual__2026-04-06T08:13:17.528703+00:00 [queued]>
[2026-04-06T08:13:26.211+0000] {taskinstance.py:2170} INFO - Starting attempt 1 of 4
[2026-04-06T08:13:26.232+0000] {taskinstance.py:2191} INFO - Executing <Task(BashOperator): calculate_danger_level> on 2026-04-06 08:13:17.528703+00:00
[2026-04-06T08:13:26.238+0000] {standard_task_runner.py:60} INFO - Started process 262 to run task
[2026-04-06T08:13:26.241+0000] {standard_task_runner.py:87} INFO - Running: ['airflow', 'tasks', 'run', 'nasa_neo_etl_pipeline', 'calculate_danger_level', 'manual__2026-04-06T08:13:17.528703+00:00', '--job-id', '10', '--raw', '--subdir', 'DAGS_FOLDER/Asteroid_DAG.py', '--cfg-path', '/tmp/tmp_7cmp_xq']
[2026-04-06T08:13:26.243+0000] {standard_task_runner.py:88} INFO - Job 10: Subtask calculate_danger_level
[2026-04-06T08:13:26.309+0000] {task_command.py:423} INFO - Running <TaskInstance: nasa_neo_etl_pipeline.calculate_danger_level manual__2026-04-06T08:13:17.528703+00:00 [running]> on host a8f5a43682e7
[2026-04-06T08:13:26.441+0000] {taskinstance.py:2480} INFO - Exporting env vars: AIRFLOW_CTX_DAG_OWNER='hieu' AIRFLOW_CTX_DAG_ID='nasa_neo_etl_pipeline' AIRFLOW_CTX_TASK_ID='calculate_danger_level' AIRFLOW_CTX_EXECUTION_DATE='2026-04-06T08:13:17.528703+00:00' AIRFLOW_CTX_TRY_NUMBER='1' AIRFLOW_CTX_DAG_RUN_ID='manual__2026-04-06T08:13:17.528703+00:00'
[2026-04-06T08:13:26.442+0000] {subprocess.py:63} INFO - Tmp dir root location: /tmp
[2026-04-06T08:13:26.444+0000] {subprocess.py:75} INFO - Running command: ['/usr/bin/bash', '-c', "python3 /opt/airflow/scripts/danger_level.py '2026-04-06'"]
[2026-04-06T08:13:26.455+0000] {subprocess.py:86} INFO - Output:
[2026-04-06T08:13:26.661+0000] {subprocess.py:93} INFO - 2026-04-06 08:13:26.661 | INFO     | __main__:danger_score:28 - dang ket noi Database
[2026-04-06T08:13:26.667+0000] {subprocess.py:93} INFO - 2026-04-06 08:13:26.667 | INFO     | __main__:danger_score:38 - bat dau tao bang
[2026-04-06T08:13:26.725+0000] {subprocess.py:93} INFO - 2026-04-06 08:13:26.714 | ERROR    | __main__:danger_score:114 - da co loi xay ra duplicate key value violates unique constraint "pg_type_typname_nsp_index"
[2026-04-06T08:13:26.725+0000] {subprocess.py:93} INFO - DETAIL:  Key (typname, typnamespace)=(danger_score, 2200) already exists.
[2026-04-06T08:13:26.726+0000] {subprocess.py:93} INFO - 
[2026-04-06T08:13:26.727+0000] {subprocess.py:93} INFO - Traceback (most recent call last):
[2026-04-06T08:13:26.728+0000] {subprocess.py:93} INFO - 
[2026-04-06T08:13:26.729+0000] {subprocess.py:93} INFO -   File "/opt/airflow/scripts/danger_level.py", line 127, in <module>
[2026-04-06T08:13:26.730+0000] {subprocess.py:93} INFO -     danger_score(run_date)
[2026-04-06T08:13:26.731+0000] {subprocess.py:93} INFO -     │            └ '2026-04-06'
[2026-04-06T08:13:26.733+0000] {subprocess.py:93} INFO -     └ <function danger_score at 0x7e1541a52790>
[2026-04-06T08:13:26.733+0000] {subprocess.py:93} INFO - 
[2026-04-06T08:13:26.734+0000] {subprocess.py:93} INFO - > File "/opt/airflow/scripts/danger_level.py", line 39, in danger_score
[2026-04-06T08:13:26.735+0000] {subprocess.py:93} INFO -     cur.execute("""
[2026-04-06T08:13:26.735+0000] {subprocess.py:93} INFO -     │   └ <method 'execute' of 'psycopg2.extensions.cursor' objects>
[2026-04-06T08:13:26.736+0000] {subprocess.py:93} INFO -     └ <cursor object at 0x7e1541256310; closed: 0>
[2026-04-06T08:13:26.737+0000] {subprocess.py:93} INFO - 
[2026-04-06T08:13:26.738+0000] {subprocess.py:93} INFO - psycopg2.errors.UniqueViolation: duplicate key value violates unique constraint "pg_type_typname_nsp_index"
[2026-04-06T08:13:26.739+0000] {subprocess.py:93} INFO - DETAIL:  Key (typname, typnamespace)=(danger_score, 2200) already exists.
[2026-04-06T08:13:26.740+0000] {subprocess.py:93} INFO - 
[2026-04-06T08:13:26.741+0000] {subprocess.py:93} INFO - 2026-04-06 08:13:26.737 | INFO     | db_log:log_ETL:38 - da dong ket noi
[2026-04-06T08:13:26.772+0000] {subprocess.py:97} INFO - Command exited with return code 1
[2026-04-06T08:13:26.785+0000] {taskinstance.py:2698} ERROR - Task failed with exception
Traceback (most recent call last):
  File "/home/airflow/.local/lib/python3.8/site-packages/airflow/models/taskinstance.py", line 433, in _execute_task
    result = execute_callable(context=context, **execute_callable_kwargs)
  File "/home/airflow/.local/lib/python3.8/site-packages/airflow/operators/bash.py", line 212, in execute
    raise AirflowException(
airflow.exceptions.AirflowException: Bash command failed. The command returned a non-zero exit code 1.
[2026-04-06T08:13:26.791+0000] {taskinstance.py:1138} INFO - Marking task as UP_FOR_RETRY. dag_id=nasa_neo_etl_pipeline, task_id=calculate_danger_level, execution_date=20260406T081317, start_date=20260406T081326, end_date=20260406T081326
[2026-04-06T08:13:26.811+0000] {standard_task_runner.py:107} ERROR - Failed to execute job 10 for task calculate_danger_level (Bash command failed. The command returned a non-zero exit code 1.; 262)
[2026-04-06T08:13:26.857+0000] {local_task_job_runner.py:234} INFO - Task exited with return code 1
[2026-04-06T08:13:26.880+0000] {taskinstance.py:3280} INFO - 0 downstream tasks scheduled from follow-on schedule check
