[2026-04-06T08:19:44.423+0000] {taskinstance.py:1956} INFO - Dependencies all met for dep_context=non-requeueable deps ti=<TaskInstance: nasa_neo_etl_pipeline.calculate_danger_level manual__2026-04-06T08:13:17.528703+00:00 [queued]>
[2026-04-06T08:19:44.447+0000] {taskinstance.py:1956} INFO - Dependencies all met for dep_context=requeueable deps ti=<TaskInstance: nasa_neo_etl_pipeline.calculate_danger_level manual__2026-04-06T08:13:17.528703+00:00 [queued]>
[2026-04-06T08:19:44.448+0000] {taskinstance.py:2170} INFO - Starting attempt 3 of 6
[2026-04-06T08:19:44.499+0000] {taskinstance.py:2191} INFO - Executing <Task(BashOperator): calculate_danger_level> on 2026-04-06 08:13:17.528703+00:00
[2026-04-06T08:19:44.507+0000] {standard_task_runner.py:60} INFO - Started process 330 to run task
[2026-04-06T08:19:44.515+0000] {standard_task_runner.py:87} INFO - Running: ['airflow', 'tasks', 'run', 'nasa_neo_etl_pipeline', 'calculate_danger_level', 'manual__2026-04-06T08:13:17.528703+00:00', '--job-id', '13', '--raw', '--subdir', 'DAGS_FOLDER/Asteroid_DAG.py', '--cfg-path', '/tmp/tmpbzoezoeg']
[2026-04-06T08:19:44.519+0000] {standard_task_runner.py:88} INFO - Job 13: Subtask calculate_danger_level
[2026-04-06T08:19:44.608+0000] {task_command.py:423} INFO - Running <TaskInstance: nasa_neo_etl_pipeline.calculate_danger_level manual__2026-04-06T08:13:17.528703+00:00 [running]> on host a8f5a43682e7
[2026-04-06T08:19:44.780+0000] {taskinstance.py:2480} INFO - Exporting env vars: AIRFLOW_CTX_DAG_OWNER='hieu' AIRFLOW_CTX_DAG_ID='nasa_neo_etl_pipeline' AIRFLOW_CTX_TASK_ID='calculate_danger_level' AIRFLOW_CTX_EXECUTION_DATE='2026-04-06T08:13:17.528703+00:00' AIRFLOW_CTX_TRY_NUMBER='3' AIRFLOW_CTX_DAG_RUN_ID='manual__2026-04-06T08:13:17.528703+00:00'
[2026-04-06T08:19:44.782+0000] {subprocess.py:63} INFO - Tmp dir root location: /tmp
[2026-04-06T08:19:44.784+0000] {subprocess.py:75} INFO - Running command: ['/usr/bin/bash', '-c', "python3 /opt/airflow/scripts/danger_level.py '2026-04-06'"]
[2026-04-06T08:19:44.796+0000] {subprocess.py:86} INFO - Output:
[2026-04-06T08:19:44.979+0000] {subprocess.py:93} INFO - 2026-04-06 08:19:44.978 | INFO     | __main__:danger_score:28 - dang ket noi Database
[2026-04-06T08:19:44.986+0000] {subprocess.py:93} INFO - 2026-04-06 08:19:44.985 | INFO     | __main__:danger_score:38 - bat dau tao bang
[2026-04-06T08:19:44.987+0000] {subprocess.py:93} INFO - 2026-04-06 08:19:44.987 | INFO     | __main__:danger_score:53 - thuc hien task
[2026-04-06T08:19:44.989+0000] {subprocess.py:93} INFO - 2026-04-06 08:19:44.989 | INFO     | __main__:danger_score:94 - Load data vao bang danger_score
[2026-04-06T08:19:45.021+0000] {subprocess.py:93} INFO - 2026-04-06 08:19:45.020 | SUCCESS  | __main__:danger_score:110 - da fetch thanh cong 7 dong
[2026-04-06T08:19:45.022+0000] {subprocess.py:93} INFO - ------------------------------------------------------
[2026-04-06T08:19:45.052+0000] {subprocess.py:93} INFO - 2026-04-06 08:19:45.030 | ERROR    | db_log:log_ETL:30 - da co loi xay ra duplicate key value violates unique constraint "etl_log_pkey"
[2026-04-06T08:19:45.053+0000] {subprocess.py:93} INFO - DETAIL:  Key (run_id, step)=(20260406, calculate danger level) already exists.
[2026-04-06T08:19:45.054+0000] {subprocess.py:93} INFO - 
[2026-04-06T08:19:45.055+0000] {subprocess.py:93} INFO - Traceback (most recent call last):
[2026-04-06T08:19:45.055+0000] {subprocess.py:93} INFO - 
[2026-04-06T08:19:45.056+0000] {subprocess.py:93} INFO -   File "/opt/airflow/scripts/danger_level.py", line 127, in <module>
[2026-04-06T08:19:45.057+0000] {subprocess.py:93} INFO -     danger_score(run_date)
[2026-04-06T08:19:45.058+0000] {subprocess.py:93} INFO -     │            └ '2026-04-06'
[2026-04-06T08:19:45.059+0000] {subprocess.py:93} INFO -     └ <function danger_score at 0x73c6ed555790>
[2026-04-06T08:19:45.060+0000] {subprocess.py:93} INFO - 
[2026-04-06T08:19:45.060+0000] {subprocess.py:93} INFO -   File "/opt/airflow/scripts/danger_level.py", line 111, in danger_score
[2026-04-06T08:19:45.061+0000] {subprocess.py:93} INFO -     log_ETL(run_date, "calculate danger level", "success", len(results), f"da load vao DB thanh cong")
[2026-04-06T08:19:45.062+0000] {subprocess.py:93} INFO -     │       │                                                  └ [(3329371, '(2006 GC1)', 472.1064988055, 30.6613465225, 13278868.845759507, 6.648982082109875, 'HIGH', datetime.datetime(2026...
[2026-04-06T08:19:45.063+0000] {subprocess.py:93} INFO -     │       └ '2026-04-06'
[2026-04-06T08:19:45.064+0000] {subprocess.py:93} INFO -     └ <function log_ETL at 0x73c6ecd5bf70>
[2026-04-06T08:19:45.064+0000] {subprocess.py:93} INFO - 
[2026-04-06T08:19:45.065+0000] {subprocess.py:93} INFO - > File "/opt/airflow/scripts/db_log.py", line 23, in log_ETL
[2026-04-06T08:19:45.066+0000] {subprocess.py:93} INFO -     cur.execute('''
[2026-04-06T08:19:45.068+0000] {subprocess.py:93} INFO -     │   └ <method 'execute' of 'psycopg2.extensions.cursor' objects>
[2026-04-06T08:19:45.069+0000] {subprocess.py:93} INFO -     └ <cursor object at 0x73c6ecd614f0; closed: 0>
[2026-04-06T08:19:45.070+0000] {subprocess.py:93} INFO - 
[2026-04-06T08:19:45.071+0000] {subprocess.py:93} INFO - psycopg2.errors.UniqueViolation: duplicate key value violates unique constraint "etl_log_pkey"
[2026-04-06T08:19:45.071+0000] {subprocess.py:93} INFO - DETAIL:  Key (run_id, step)=(20260406, calculate danger level) already exists.
[2026-04-06T08:19:45.072+0000] {subprocess.py:93} INFO - 
[2026-04-06T08:19:45.073+0000] {subprocess.py:93} INFO - 2026-04-06 08:19:45.054 | INFO     | db_log:log_ETL:38 - da dong ket noi
[2026-04-06T08:19:45.074+0000] {subprocess.py:97} INFO - Command exited with return code 0
[2026-04-06T08:19:45.142+0000] {taskinstance.py:1138} INFO - Marking task as SUCCESS. dag_id=nasa_neo_etl_pipeline, task_id=calculate_danger_level, execution_date=20260406T081317, start_date=20260406T081944, end_date=20260406T081945
[2026-04-06T08:19:45.209+0000] {local_task_job_runner.py:234} INFO - Task exited with return code 0
[2026-04-06T08:19:45.235+0000] {taskinstance.py:3280} INFO - 0 downstream tasks scheduled from follow-on schedule check
