[2026-04-06T08:20:12.119+0000] {taskinstance.py:1956} INFO - Dependencies all met for dep_context=non-requeueable deps ti=<TaskInstance: nasa_neo_etl_pipeline.calculate_danger_level manual__2026-04-06T08:13:17.528703+00:00 [queued]>
[2026-04-06T08:20:12.130+0000] {taskinstance.py:1956} INFO - Dependencies all met for dep_context=requeueable deps ti=<TaskInstance: nasa_neo_etl_pipeline.calculate_danger_level manual__2026-04-06T08:13:17.528703+00:00 [queued]>
[2026-04-06T08:20:12.131+0000] {taskinstance.py:2170} INFO - Starting attempt 4 of 7
[2026-04-06T08:20:12.155+0000] {taskinstance.py:2191} INFO - Executing <Task(BashOperator): calculate_danger_level> on 2026-04-06 08:13:17.528703+00:00
[2026-04-06T08:20:12.160+0000] {standard_task_runner.py:60} INFO - Started process 405 to run task
[2026-04-06T08:20:12.163+0000] {standard_task_runner.py:87} INFO - Running: ['airflow', 'tasks', 'run', 'nasa_neo_etl_pipeline', 'calculate_danger_level', 'manual__2026-04-06T08:13:17.528703+00:00', '--job-id', '23', '--raw', '--subdir', 'DAGS_FOLDER/Asteroid_DAG.py', '--cfg-path', '/tmp/tmporamufsf']
[2026-04-06T08:20:12.165+0000] {standard_task_runner.py:88} INFO - Job 23: Subtask calculate_danger_level
[2026-04-06T08:20:12.214+0000] {task_command.py:423} INFO - Running <TaskInstance: nasa_neo_etl_pipeline.calculate_danger_level manual__2026-04-06T08:13:17.528703+00:00 [running]> on host a8f5a43682e7
[2026-04-06T08:20:12.316+0000] {taskinstance.py:2480} INFO - Exporting env vars: AIRFLOW_CTX_DAG_OWNER='hieu' AIRFLOW_CTX_DAG_ID='nasa_neo_etl_pipeline' AIRFLOW_CTX_TASK_ID='calculate_danger_level' AIRFLOW_CTX_EXECUTION_DATE='2026-04-06T08:13:17.528703+00:00' AIRFLOW_CTX_TRY_NUMBER='4' AIRFLOW_CTX_DAG_RUN_ID='manual__2026-04-06T08:13:17.528703+00:00'
[2026-04-06T08:20:12.318+0000] {subprocess.py:63} INFO - Tmp dir root location: /tmp
[2026-04-06T08:20:12.320+0000] {subprocess.py:75} INFO - Running command: ['/usr/bin/bash', '-c', "python3 /opt/airflow/scripts/danger_level.py '2026-04-06'"]
[2026-04-06T08:20:12.329+0000] {subprocess.py:86} INFO - Output:
[2026-04-06T08:20:12.514+0000] {subprocess.py:93} INFO - 2026-04-06 08:20:12.514 | INFO     | __main__:danger_score:28 - dang ket noi Database
[2026-04-06T08:20:12.521+0000] {subprocess.py:93} INFO - 2026-04-06 08:20:12.521 | INFO     | __main__:danger_score:38 - bat dau tao bang
[2026-04-06T08:20:12.522+0000] {subprocess.py:93} INFO - 2026-04-06 08:20:12.522 | INFO     | __main__:danger_score:53 - thuc hien task
[2026-04-06T08:20:12.525+0000] {subprocess.py:93} INFO - 2026-04-06 08:20:12.525 | INFO     | __main__:danger_score:94 - Load data vao bang danger_score
[2026-04-06T08:20:12.539+0000] {subprocess.py:93} INFO - 2026-04-06 08:20:12.539 | SUCCESS  | __main__:danger_score:110 - da fetch thanh cong 7 dong
[2026-04-06T08:20:12.540+0000] {subprocess.py:93} INFO - ------------------------------------------------------
[2026-04-06T08:20:12.561+0000] {subprocess.py:93} INFO - 2026-04-06 08:20:12.544 | ERROR    | db_log:log_ETL:30 - da co loi xay ra duplicate key value violates unique constraint "etl_log_pkey"
[2026-04-06T08:20:12.561+0000] {subprocess.py:93} INFO - DETAIL:  Key (run_id, step)=(20260406, calculate danger level) already exists.
[2026-04-06T08:20:12.562+0000] {subprocess.py:93} INFO - 
[2026-04-06T08:20:12.562+0000] {subprocess.py:93} INFO - Traceback (most recent call last):
[2026-04-06T08:20:12.563+0000] {subprocess.py:93} INFO - 
[2026-04-06T08:20:12.564+0000] {subprocess.py:93} INFO -   File "/opt/airflow/scripts/danger_level.py", line 127, in <module>
[2026-04-06T08:20:12.564+0000] {subprocess.py:93} INFO -     danger_score(run_date)
[2026-04-06T08:20:12.565+0000] {subprocess.py:93} INFO -     │            └ '2026-04-06'
[2026-04-06T08:20:12.565+0000] {subprocess.py:93} INFO -     └ <function danger_score at 0x7cc4565d5790>
[2026-04-06T08:20:12.565+0000] {subprocess.py:93} INFO - 
[2026-04-06T08:20:12.566+0000] {subprocess.py:93} INFO -   File "/opt/airflow/scripts/danger_level.py", line 111, in danger_score
[2026-04-06T08:20:12.566+0000] {subprocess.py:93} INFO -     log_ETL(run_date, "calculate danger level", "success", len(results), f"da load vao DB thanh cong")
[2026-04-06T08:20:12.567+0000] {subprocess.py:93} INFO -     │       │                                                  └ [(3329371, '(2006 GC1)', 472.1064988055, 30.6613465225, 13278868.845759507, 6.648982082109875, 'HIGH', datetime.datetime(2026...
[2026-04-06T08:20:12.569+0000] {subprocess.py:93} INFO -     │       └ '2026-04-06'
[2026-04-06T08:20:12.569+0000] {subprocess.py:93} INFO -     └ <function log_ETL at 0x7cc455dd0f70>
[2026-04-06T08:20:12.570+0000] {subprocess.py:93} INFO - 
[2026-04-06T08:20:12.571+0000] {subprocess.py:93} INFO - > File "/opt/airflow/scripts/db_log.py", line 23, in log_ETL
[2026-04-06T08:20:12.571+0000] {subprocess.py:93} INFO -     cur.execute('''
[2026-04-06T08:20:12.572+0000] {subprocess.py:93} INFO -     │   └ <method 'execute' of 'psycopg2.extensions.cursor' objects>
[2026-04-06T08:20:12.572+0000] {subprocess.py:93} INFO -     └ <cursor object at 0x7cc455dd64f0; closed: 0>
[2026-04-06T08:20:12.572+0000] {subprocess.py:93} INFO - 
[2026-04-06T08:20:12.573+0000] {subprocess.py:93} INFO - psycopg2.errors.UniqueViolation: duplicate key value violates unique constraint "etl_log_pkey"
[2026-04-06T08:20:12.573+0000] {subprocess.py:93} INFO - DETAIL:  Key (run_id, step)=(20260406, calculate danger level) already exists.
[2026-04-06T08:20:12.575+0000] {subprocess.py:93} INFO - 
[2026-04-06T08:20:12.575+0000] {subprocess.py:93} INFO - 2026-04-06 08:20:12.562 | INFO     | db_log:log_ETL:38 - da dong ket noi
[2026-04-06T08:20:12.583+0000] {subprocess.py:97} INFO - Command exited with return code 0
[2026-04-06T08:20:12.621+0000] {taskinstance.py:1138} INFO - Marking task as SUCCESS. dag_id=nasa_neo_etl_pipeline, task_id=calculate_danger_level, execution_date=20260406T081317, start_date=20260406T082012, end_date=20260406T082012
[2026-04-06T08:20:12.659+0000] {local_task_job_runner.py:234} INFO - Task exited with return code 0
[2026-04-06T08:20:12.676+0000] {taskinstance.py:3280} INFO - 0 downstream tasks scheduled from follow-on schedule check
