[2026-04-06T08:14:28.016+0000] {taskinstance.py:1956} INFO - Dependencies all met for dep_context=non-requeueable deps ti=<TaskInstance: nasa_neo_etl_pipeline.calculate_danger_level manual__2026-04-06T08:13:17.528703+00:00 [queued]>
[2026-04-06T08:14:28.045+0000] {taskinstance.py:1956} INFO - Dependencies all met for dep_context=requeueable deps ti=<TaskInstance: nasa_neo_etl_pipeline.calculate_danger_level manual__2026-04-06T08:13:17.528703+00:00 [queued]>
[2026-04-06T08:14:28.046+0000] {taskinstance.py:2170} INFO - Starting attempt 2 of 4
[2026-04-06T08:14:28.108+0000] {taskinstance.py:2191} INFO - Executing <Task(BashOperator): calculate_danger_level> on 2026-04-06 08:13:17.528703+00:00
[2026-04-06T08:14:28.118+0000] {standard_task_runner.py:60} INFO - Started process 277 to run task
[2026-04-06T08:14:28.126+0000] {standard_task_runner.py:87} INFO - Running: ['airflow', 'tasks', 'run', 'nasa_neo_etl_pipeline', 'calculate_danger_level', 'manual__2026-04-06T08:13:17.528703+00:00', '--job-id', '12', '--raw', '--subdir', 'DAGS_FOLDER/Asteroid_DAG.py', '--cfg-path', '/tmp/tmphxtzhuqb']
[2026-04-06T08:14:28.132+0000] {standard_task_runner.py:88} INFO - Job 12: Subtask calculate_danger_level
[2026-04-06T08:14:28.268+0000] {task_command.py:423} INFO - Running <TaskInstance: nasa_neo_etl_pipeline.calculate_danger_level manual__2026-04-06T08:13:17.528703+00:00 [running]> on host a8f5a43682e7
[2026-04-06T08:14:28.476+0000] {taskinstance.py:2480} INFO - Exporting env vars: AIRFLOW_CTX_DAG_OWNER='hieu' AIRFLOW_CTX_DAG_ID='nasa_neo_etl_pipeline' AIRFLOW_CTX_TASK_ID='calculate_danger_level' AIRFLOW_CTX_EXECUTION_DATE='2026-04-06T08:13:17.528703+00:00' AIRFLOW_CTX_TRY_NUMBER='2' AIRFLOW_CTX_DAG_RUN_ID='manual__2026-04-06T08:13:17.528703+00:00'
[2026-04-06T08:14:28.480+0000] {subprocess.py:63} INFO - Tmp dir root location: /tmp
[2026-04-06T08:14:28.484+0000] {subprocess.py:75} INFO - Running command: ['/usr/bin/bash', '-c', "python3 /opt/airflow/scripts/danger_level.py '2026-04-06'"]
[2026-04-06T08:14:28.502+0000] {subprocess.py:86} INFO - Output:
[2026-04-06T08:14:28.822+0000] {subprocess.py:93} INFO - 2026-04-06 08:14:28.821 | INFO     | __main__:danger_score:28 - dang ket noi Database
[2026-04-06T08:14:28.835+0000] {subprocess.py:93} INFO - 2026-04-06 08:14:28.835 | INFO     | __main__:danger_score:38 - bat dau tao bang
[2026-04-06T08:14:28.838+0000] {subprocess.py:93} INFO - 2026-04-06 08:14:28.837 | INFO     | __main__:danger_score:53 - thuc hien task
[2026-04-06T08:14:28.844+0000] {subprocess.py:93} INFO - 2026-04-06 08:14:28.844 | INFO     | __main__:danger_score:94 - Load data vao bang danger_score
[2026-04-06T08:14:28.882+0000] {subprocess.py:93} INFO - 2026-04-06 08:14:28.881 | SUCCESS  | __main__:danger_score:110 - da fetch thanh cong 7 dong
[2026-04-06T08:14:28.883+0000] {subprocess.py:93} INFO - ------------------------------------------------------
[2026-04-06T08:14:28.899+0000] {subprocess.py:93} INFO - 2026-04-06 08:14:28.899 | INFO     | db_log:log_ETL:38 - da dong ket noi
[2026-04-06T08:14:28.923+0000] {subprocess.py:97} INFO - Command exited with return code 0
[2026-04-06T08:14:28.991+0000] {taskinstance.py:1138} INFO - Marking task as SUCCESS. dag_id=nasa_neo_etl_pipeline, task_id=calculate_danger_level, execution_date=20260406T081317, start_date=20260406T081428, end_date=20260406T081428
[2026-04-06T08:14:29.028+0000] {local_task_job_runner.py:234} INFO - Task exited with return code 0
[2026-04-06T08:14:29.058+0000] {taskinstance.py:3280} INFO - 0 downstream tasks scheduled from follow-on schedule check
