[2026-04-06T07:04:28.767+0000] {taskinstance.py:1956} INFO - Dependencies all met for dep_context=non-requeueable deps ti=<TaskInstance: nasa_neo_etl_pipeline.calculate_danger_level manual__2026-04-06T07:04:19.665394+00:00 [queued]>
[2026-04-06T07:04:28.778+0000] {taskinstance.py:1956} INFO - Dependencies all met for dep_context=requeueable deps ti=<TaskInstance: nasa_neo_etl_pipeline.calculate_danger_level manual__2026-04-06T07:04:19.665394+00:00 [queued]>
[2026-04-06T07:04:28.779+0000] {taskinstance.py:2170} INFO - Starting attempt 1 of 4
[2026-04-06T07:04:28.815+0000] {taskinstance.py:2191} INFO - Executing <Task(BashOperator): calculate_danger_level> on 2026-04-06 07:04:19.665394+00:00
[2026-04-06T07:04:28.822+0000] {standard_task_runner.py:60} INFO - Started process 278 to run task
[2026-04-06T07:04:28.825+0000] {standard_task_runner.py:87} INFO - Running: ['airflow', 'tasks', 'run', 'nasa_neo_etl_pipeline', 'calculate_danger_level', 'manual__2026-04-06T07:04:19.665394+00:00', '--job-id', '11', '--raw', '--subdir', 'DAGS_FOLDER/Asteroid_DAG.py', '--cfg-path', '/tmp/tmp6agt3w_j']
[2026-04-06T07:04:28.827+0000] {standard_task_runner.py:88} INFO - Job 11: Subtask calculate_danger_level
[2026-04-06T07:04:28.875+0000] {task_command.py:423} INFO - Running <TaskInstance: nasa_neo_etl_pipeline.calculate_danger_level manual__2026-04-06T07:04:19.665394+00:00 [running]> on host ea08d20ed4e4
[2026-04-06T07:04:28.985+0000] {taskinstance.py:2480} INFO - Exporting env vars: AIRFLOW_CTX_DAG_OWNER='hieu' AIRFLOW_CTX_DAG_ID='nasa_neo_etl_pipeline' AIRFLOW_CTX_TASK_ID='calculate_danger_level' AIRFLOW_CTX_EXECUTION_DATE='2026-04-06T07:04:19.665394+00:00' AIRFLOW_CTX_TRY_NUMBER='1' AIRFLOW_CTX_DAG_RUN_ID='manual__2026-04-06T07:04:19.665394+00:00'
[2026-04-06T07:04:28.987+0000] {subprocess.py:63} INFO - Tmp dir root location: /tmp
[2026-04-06T07:04:28.988+0000] {subprocess.py:75} INFO - Running command: ['/usr/bin/bash', '-c', "python3 /opt/airflow/scripts/danger_level.py '2026-04-06'"]
[2026-04-06T07:04:28.998+0000] {subprocess.py:86} INFO - Output:
[2026-04-06T07:04:29.155+0000] {subprocess.py:93} INFO - 2026-04-06 07:04:29.155 | INFO     | __main__:danger_score:28 - dang ket noi Database
[2026-04-06T07:04:29.160+0000] {subprocess.py:93} INFO - 2026-04-06 07:04:29.159 | INFO     | __main__:danger_score:38 - bat dau tao bang
[2026-04-06T07:04:29.169+0000] {subprocess.py:93} INFO - 2026-04-06 07:04:29.168 | INFO     | __main__:danger_score:53 - thuc hien task
[2026-04-06T07:04:29.171+0000] {subprocess.py:93} INFO - 2026-04-06 07:04:29.171 | INFO     | __main__:danger_score:94 - Load data vao bang danger_score
[2026-04-06T07:04:29.176+0000] {subprocess.py:93} INFO - 2026-04-06 07:04:29.176 | SUCCESS  | __main__:danger_score:110 - da fetch thanh cong 7 dong
[2026-04-06T07:04:29.177+0000] {subprocess.py:93} INFO - ------------------------------------------------------
[2026-04-06T07:04:29.198+0000] {subprocess.py:93} INFO - 2026-04-06 07:04:29.182 | ERROR    | db_log:log_ETL:28 - da co loi xay ra relation "etl_log" does not exist
[2026-04-06T07:04:29.199+0000] {subprocess.py:93} INFO - LINE 2:                 insert into etl_log(run_id,step,status,row_p...
[2026-04-06T07:04:29.200+0000] {subprocess.py:93} INFO -                                     ^
[2026-04-06T07:04:29.201+0000] {subprocess.py:93} INFO - 
[2026-04-06T07:04:29.202+0000] {subprocess.py:93} INFO - Traceback (most recent call last):
[2026-04-06T07:04:29.203+0000] {subprocess.py:93} INFO - 
[2026-04-06T07:04:29.204+0000] {subprocess.py:93} INFO -   File "/opt/airflow/scripts/danger_level.py", line 127, in <module>
[2026-04-06T07:04:29.205+0000] {subprocess.py:93} INFO -     danger_score(run_date)
[2026-04-06T07:04:29.206+0000] {subprocess.py:93} INFO -     │            └ '2026-04-06'
[2026-04-06T07:04:29.207+0000] {subprocess.py:93} INFO -     └ <function danger_score at 0x76034b29b790>
[2026-04-06T07:04:29.208+0000] {subprocess.py:93} INFO - 
[2026-04-06T07:04:29.209+0000] {subprocess.py:93} INFO -   File "/opt/airflow/scripts/danger_level.py", line 111, in danger_score
[2026-04-06T07:04:29.210+0000] {subprocess.py:93} INFO -     log_ETL(run_date, "Calculate Danger Level", "success", len(results), f"da load vao DB thanh cong")
[2026-04-06T07:04:29.211+0000] {subprocess.py:93} INFO -     │       │                                                  └ [(3329371, '(2006 GC1)', 472.1064988055, 30.6613465225, 13278868.845759507, 6.648982082109875, 'HIGH', datetime.datetime(2026...
[2026-04-06T07:04:29.212+0000] {subprocess.py:93} INFO -     │       └ '2026-04-06'
[2026-04-06T07:04:29.214+0000] {subprocess.py:93} INFO -     └ <function log_ETL at 0x76034aa5bf70>
[2026-04-06T07:04:29.215+0000] {subprocess.py:93} INFO - 
[2026-04-06T07:04:29.216+0000] {subprocess.py:93} INFO - > File "/opt/airflow/scripts/db_log.py", line 21, in log_ETL
[2026-04-06T07:04:29.217+0000] {subprocess.py:93} INFO -     cur.execute('''
[2026-04-06T07:04:29.218+0000] {subprocess.py:93} INFO -     │   └ <method 'execute' of 'psycopg2.extensions.cursor' objects>
[2026-04-06T07:04:29.218+0000] {subprocess.py:93} INFO -     └ <cursor object at 0x76034aa65400; closed: 0>
[2026-04-06T07:04:29.219+0000] {subprocess.py:93} INFO - 
[2026-04-06T07:04:29.219+0000] {subprocess.py:93} INFO - psycopg2.errors.UndefinedTable: relation "etl_log" does not exist
[2026-04-06T07:04:29.220+0000] {subprocess.py:93} INFO - LINE 2:                 insert into etl_log(run_id,step,status,row_p...
[2026-04-06T07:04:29.221+0000] {subprocess.py:93} INFO -                                     ^
[2026-04-06T07:04:29.222+0000] {subprocess.py:93} INFO - 
[2026-04-06T07:04:29.222+0000] {subprocess.py:93} INFO - 2026-04-06 07:04:29.200 | INFO     | db_log:log_ETL:36 - da dong ket noi
[2026-04-06T07:04:29.241+0000] {subprocess.py:97} INFO - Command exited with return code 0
[2026-04-06T07:04:29.293+0000] {taskinstance.py:1138} INFO - Marking task as SUCCESS. dag_id=nasa_neo_etl_pipeline, task_id=calculate_danger_level, execution_date=20260406T070419, start_date=20260406T070428, end_date=20260406T070429
[2026-04-06T07:04:29.319+0000] {local_task_job_runner.py:234} INFO - Task exited with return code 0
[2026-04-06T07:04:29.337+0000] {taskinstance.py:3280} INFO - 0 downstream tasks scheduled from follow-on schedule check
