[2026-04-06T07:44:03.883+0000] {taskinstance.py:1956} INFO - Dependencies all met for dep_context=non-requeueable deps ti=<TaskInstance: nasa_neo_etl_pipeline.load_CSV_to_DW manual__2026-04-06T07:39:08.439051+00:00 [queued]>
[2026-04-06T07:44:03.891+0000] {taskinstance.py:1956} INFO - Dependencies all met for dep_context=requeueable deps ti=<TaskInstance: nasa_neo_etl_pipeline.load_CSV_to_DW manual__2026-04-06T07:39:08.439051+00:00 [queued]>
[2026-04-06T07:44:03.892+0000] {taskinstance.py:2170} INFO - Starting attempt 2 of 5
[2026-04-06T07:44:03.905+0000] {taskinstance.py:2191} INFO - Executing <Task(BashOperator): load_CSV_to_DW> on 2026-04-06 07:39:08.439051+00:00
[2026-04-06T07:44:03.909+0000] {standard_task_runner.py:60} INFO - Started process 318 to run task
[2026-04-06T07:44:03.912+0000] {standard_task_runner.py:87} INFO - Running: ['airflow', 'tasks', 'run', 'nasa_neo_etl_pipeline', 'load_CSV_to_DW', 'manual__2026-04-06T07:39:08.439051+00:00', '--job-id', '14', '--raw', '--subdir', 'DAGS_FOLDER/Asteroid_DAG.py', '--cfg-path', '/tmp/tmp2zpz2_fp']
[2026-04-06T07:44:03.914+0000] {standard_task_runner.py:88} INFO - Job 14: Subtask load_CSV_to_DW
[2026-04-06T07:44:03.961+0000] {task_command.py:423} INFO - Running <TaskInstance: nasa_neo_etl_pipeline.load_CSV_to_DW manual__2026-04-06T07:39:08.439051+00:00 [running]> on host 270afc779c61
[2026-04-06T07:44:04.038+0000] {taskinstance.py:2480} INFO - Exporting env vars: AIRFLOW_CTX_DAG_OWNER='hieu' AIRFLOW_CTX_DAG_ID='nasa_neo_etl_pipeline' AIRFLOW_CTX_TASK_ID='load_CSV_to_DW' AIRFLOW_CTX_EXECUTION_DATE='2026-04-06T07:39:08.439051+00:00' AIRFLOW_CTX_TRY_NUMBER='2' AIRFLOW_CTX_DAG_RUN_ID='manual__2026-04-06T07:39:08.439051+00:00'
[2026-04-06T07:44:04.040+0000] {subprocess.py:63} INFO - Tmp dir root location: /tmp
[2026-04-06T07:44:04.041+0000] {subprocess.py:75} INFO - Running command: ['/usr/bin/bash', '-c', "python3 /opt/airflow/scripts/load_postgres.py '2026-04-06'"]
[2026-04-06T07:44:04.049+0000] {subprocess.py:86} INFO - Output:
[2026-04-06T07:44:04.529+0000] {subprocess.py:93} INFO - 2026-04-06 07:44:04.529 | INFO     | __main__:load_postgres:29 - dang doc .csv
[2026-04-06T07:44:04.537+0000] {subprocess.py:93} INFO - 2026-04-06 07:44:04.537 | INFO     | __main__:load_postgres:31 - da them 4 dong
[2026-04-06T07:44:04.542+0000] {subprocess.py:93} INFO - 2026-04-06 07:44:04.542 | INFO     | __main__:load_postgres:40 - bat dau tao bang
[2026-04-06T07:44:04.544+0000] {subprocess.py:93} INFO - 2026-04-06 07:44:04.544 | INFO     | __main__:load_postgres:64 - dang load data
[2026-04-06T07:44:04.549+0000] {subprocess.py:93} INFO - 2026-04-06 07:44:04.549 | SUCCESS  | __main__:load_postgres:80 - insert thanh cong 4 dong
[2026-04-06T07:44:04.550+0000] {subprocess.py:93} INFO - ------------------------------------------------------
[2026-04-06T07:44:04.559+0000] {subprocess.py:93} INFO - 2026-04-06 07:44:04.558 | INFO     | db_log:log_ETL:38 - da dong ket noi
[2026-04-06T07:44:04.560+0000] {subprocess.py:93} INFO - 2026-04-06 07:44:04.559 | INFO     | __main__:load_postgres:96 - Da dong ket noi
[2026-04-06T07:44:04.641+0000] {subprocess.py:97} INFO - Command exited with return code 0
[2026-04-06T07:44:04.666+0000] {taskinstance.py:1138} INFO - Marking task as SUCCESS. dag_id=nasa_neo_etl_pipeline, task_id=load_CSV_to_DW, execution_date=20260406T073908, start_date=20260406T074403, end_date=20260406T074404
[2026-04-06T07:44:04.689+0000] {local_task_job_runner.py:234} INFO - Task exited with return code 0
[2026-04-06T07:44:04.706+0000] {taskinstance.py:3280} INFO - 1 downstream tasks scheduled from follow-on schedule check
