[2026-04-06T07:44:47.145+0000] {taskinstance.py:1956} INFO - Dependencies all met for dep_context=non-requeueable deps ti=<TaskInstance: nasa_neo_etl_pipeline.load_CSV_to_DW manual__2026-04-06T07:39:08.439051+00:00 [queued]>
[2026-04-06T07:44:47.153+0000] {taskinstance.py:1956} INFO - Dependencies all met for dep_context=requeueable deps ti=<TaskInstance: nasa_neo_etl_pipeline.load_CSV_to_DW manual__2026-04-06T07:39:08.439051+00:00 [queued]>
[2026-04-06T07:44:47.154+0000] {taskinstance.py:2170} INFO - Starting attempt 3 of 6
[2026-04-06T07:44:47.166+0000] {taskinstance.py:2191} INFO - Executing <Task(BashOperator): load_CSV_to_DW> on 2026-04-06 07:39:08.439051+00:00
[2026-04-06T07:44:47.170+0000] {standard_task_runner.py:60} INFO - Started process 359 to run task
[2026-04-06T07:44:47.172+0000] {standard_task_runner.py:87} INFO - Running: ['airflow', 'tasks', 'run', 'nasa_neo_etl_pipeline', 'load_CSV_to_DW', 'manual__2026-04-06T07:39:08.439051+00:00', '--job-id', '19', '--raw', '--subdir', 'DAGS_FOLDER/Asteroid_DAG.py', '--cfg-path', '/tmp/tmpojvx8y00']
[2026-04-06T07:44:47.173+0000] {standard_task_runner.py:88} INFO - Job 19: Subtask load_CSV_to_DW
[2026-04-06T07:44:47.208+0000] {task_command.py:423} INFO - Running <TaskInstance: nasa_neo_etl_pipeline.load_CSV_to_DW manual__2026-04-06T07:39:08.439051+00:00 [running]> on host 270afc779c61
[2026-04-06T07:44:47.267+0000] {taskinstance.py:2480} INFO - Exporting env vars: AIRFLOW_CTX_DAG_OWNER='hieu' AIRFLOW_CTX_DAG_ID='nasa_neo_etl_pipeline' AIRFLOW_CTX_TASK_ID='load_CSV_to_DW' AIRFLOW_CTX_EXECUTION_DATE='2026-04-06T07:39:08.439051+00:00' AIRFLOW_CTX_TRY_NUMBER='3' AIRFLOW_CTX_DAG_RUN_ID='manual__2026-04-06T07:39:08.439051+00:00'
[2026-04-06T07:44:47.268+0000] {subprocess.py:63} INFO - Tmp dir root location: /tmp
[2026-04-06T07:44:47.269+0000] {subprocess.py:75} INFO - Running command: ['/usr/bin/bash', '-c', "python3 /opt/airflow/scripts/load_postgres.py '2026-04-06'"]
[2026-04-06T07:44:47.277+0000] {subprocess.py:86} INFO - Output:
[2026-04-06T07:44:47.722+0000] {subprocess.py:93} INFO - 2026-04-06 07:44:47.722 | INFO     | __main__:load_postgres:29 - dang doc .csv
[2026-04-06T07:44:47.729+0000] {subprocess.py:93} INFO - 2026-04-06 07:44:47.729 | INFO     | __main__:load_postgres:31 - da them 4 dong
[2026-04-06T07:44:47.734+0000] {subprocess.py:93} INFO - 2026-04-06 07:44:47.733 | INFO     | __main__:load_postgres:40 - bat dau tao bang
[2026-04-06T07:44:47.735+0000] {subprocess.py:93} INFO - 2026-04-06 07:44:47.735 | INFO     | __main__:load_postgres:64 - dang load data
[2026-04-06T07:44:47.747+0000] {subprocess.py:93} INFO - 2026-04-06 07:44:47.747 | SUCCESS  | __main__:load_postgres:80 - insert thanh cong 4 dong
[2026-04-06T07:44:47.748+0000] {subprocess.py:93} INFO - ------------------------------------------------------
[2026-04-06T07:44:47.763+0000] {subprocess.py:93} INFO - 2026-04-06 07:44:47.752 | ERROR    | db_log:log_ETL:30 - da co loi xay ra duplicate key value violates unique constraint "etl_log_pkey"
[2026-04-06T07:44:47.764+0000] {subprocess.py:93} INFO - DETAIL:  Key (run_id, step)=(20260406, load to DB) already exists.
[2026-04-06T07:44:47.765+0000] {subprocess.py:93} INFO - 
[2026-04-06T07:44:47.765+0000] {subprocess.py:93} INFO - Traceback (most recent call last):
[2026-04-06T07:44:47.765+0000] {subprocess.py:93} INFO - 
[2026-04-06T07:44:47.766+0000] {subprocess.py:93} INFO -   File "/opt/airflow/scripts/load_postgres.py", line 100, in <module>
[2026-04-06T07:44:47.766+0000] {subprocess.py:93} INFO -     load_postgres(run_date)
[2026-04-06T07:44:47.767+0000] {subprocess.py:93} INFO -     │             └ '2026-04-06'
[2026-04-06T07:44:47.767+0000] {subprocess.py:93} INFO -     └ <function load_postgres at 0x7ee7236a0b80>
[2026-04-06T07:44:47.768+0000] {subprocess.py:93} INFO - 
[2026-04-06T07:44:47.769+0000] {subprocess.py:93} INFO -   File "/opt/airflow/scripts/load_postgres.py", line 81, in load_postgres
[2026-04-06T07:44:47.769+0000] {subprocess.py:93} INFO -     log_ETL(run_date, "load to DB", "success", len(values), f"da load vao DB thanh cong")
[2026-04-06T07:44:47.769+0000] {subprocess.py:93} INFO -     │       │                                      └ [[3639439, '(2013 LB)', 22.8, 73.2073989347, 163.696720474, 6.2253128386, 23528644.04147128, '2026-04-06'], [3671119, '(2014 ...
[2026-04-06T07:44:47.770+0000] {subprocess.py:93} INFO -     │       └ '2026-04-06'
[2026-04-06T07:44:47.770+0000] {subprocess.py:93} INFO -     └ <function log_ETL at 0x7ee722b69040>
[2026-04-06T07:44:47.771+0000] {subprocess.py:93} INFO - 
[2026-04-06T07:44:47.771+0000] {subprocess.py:93} INFO - > File "/opt/airflow/scripts/db_log.py", line 23, in log_ETL
[2026-04-06T07:44:47.771+0000] {subprocess.py:93} INFO -     cur.execute('''
[2026-04-06T07:44:47.772+0000] {subprocess.py:93} INFO -     │   └ <method 'execute' of 'psycopg2.extensions.cursor' objects>
[2026-04-06T07:44:47.772+0000] {subprocess.py:93} INFO -     └ <cursor object at 0x7ee71eb354f0; closed: 0>
[2026-04-06T07:44:47.773+0000] {subprocess.py:93} INFO - 
[2026-04-06T07:44:47.774+0000] {subprocess.py:93} INFO - psycopg2.errors.UniqueViolation: duplicate key value violates unique constraint "etl_log_pkey"
[2026-04-06T07:44:47.774+0000] {subprocess.py:93} INFO - DETAIL:  Key (run_id, step)=(20260406, load to DB) already exists.
[2026-04-06T07:44:47.774+0000] {subprocess.py:93} INFO - 
[2026-04-06T07:44:47.775+0000] {subprocess.py:93} INFO - 2026-04-06 07:44:47.764 | INFO     | db_log:log_ETL:38 - da dong ket noi
[2026-04-06T07:44:47.775+0000] {subprocess.py:93} INFO - 2026-04-06 07:44:47.765 | INFO     | __main__:load_postgres:96 - Da dong ket noi
[2026-04-06T07:44:47.830+0000] {subprocess.py:97} INFO - Command exited with return code 0
[2026-04-06T07:44:47.853+0000] {taskinstance.py:1138} INFO - Marking task as SUCCESS. dag_id=nasa_neo_etl_pipeline, task_id=load_CSV_to_DW, execution_date=20260406T073908, start_date=20260406T074447, end_date=20260406T074447
[2026-04-06T07:44:47.868+0000] {local_task_job_runner.py:234} INFO - Task exited with return code 0
[2026-04-06T07:44:47.884+0000] {taskinstance.py:3280} INFO - 0 downstream tasks scheduled from follow-on schedule check
