[2026-04-06T07:39:14.321+0000] {taskinstance.py:1956} INFO - Dependencies all met for dep_context=non-requeueable deps ti=<TaskInstance: nasa_neo_etl_pipeline.load_CSV_to_DW manual__2026-04-06T07:39:08.439051+00:00 [queued]>
[2026-04-06T07:39:14.329+0000] {taskinstance.py:1956} INFO - Dependencies all met for dep_context=requeueable deps ti=<TaskInstance: nasa_neo_etl_pipeline.load_CSV_to_DW manual__2026-04-06T07:39:08.439051+00:00 [queued]>
[2026-04-06T07:39:14.330+0000] {taskinstance.py:2170} INFO - Starting attempt 1 of 4
[2026-04-06T07:39:14.340+0000] {taskinstance.py:2191} INFO - Executing <Task(BashOperator): load_CSV_to_DW> on 2026-04-06 07:39:08.439051+00:00
[2026-04-06T07:39:14.344+0000] {standard_task_runner.py:60} INFO - Started process 235 to run task
[2026-04-06T07:39:14.346+0000] {standard_task_runner.py:87} INFO - Running: ['airflow', 'tasks', 'run', 'nasa_neo_etl_pipeline', 'load_CSV_to_DW', 'manual__2026-04-06T07:39:08.439051+00:00', '--job-id', '10', '--raw', '--subdir', 'DAGS_FOLDER/Asteroid_DAG.py', '--cfg-path', '/tmp/tmpe4txv_4u']
[2026-04-06T07:39:14.348+0000] {standard_task_runner.py:88} INFO - Job 10: Subtask load_CSV_to_DW
[2026-04-06T07:39:14.388+0000] {task_command.py:423} INFO - Running <TaskInstance: nasa_neo_etl_pipeline.load_CSV_to_DW manual__2026-04-06T07:39:08.439051+00:00 [running]> on host 270afc779c61
[2026-04-06T07:39:14.455+0000] {taskinstance.py:2480} INFO - Exporting env vars: AIRFLOW_CTX_DAG_OWNER='hieu' AIRFLOW_CTX_DAG_ID='nasa_neo_etl_pipeline' AIRFLOW_CTX_TASK_ID='load_CSV_to_DW' AIRFLOW_CTX_EXECUTION_DATE='2026-04-06T07:39:08.439051+00:00' AIRFLOW_CTX_TRY_NUMBER='1' AIRFLOW_CTX_DAG_RUN_ID='manual__2026-04-06T07:39:08.439051+00:00'
[2026-04-06T07:39:14.457+0000] {subprocess.py:63} INFO - Tmp dir root location: /tmp
[2026-04-06T07:39:14.458+0000] {subprocess.py:75} INFO - Running command: ['/usr/bin/bash', '-c', "python3 /opt/airflow/scripts/load_postgres.py '2026-04-06'"]
[2026-04-06T07:39:14.466+0000] {subprocess.py:86} INFO - Output:
[2026-04-06T07:39:14.931+0000] {subprocess.py:93} INFO - 2026-04-06 07:39:14.931 | INFO     | __main__:load_postgres:29 - dang doc .csv
[2026-04-06T07:39:14.937+0000] {subprocess.py:93} INFO - 2026-04-06 07:39:14.937 | INFO     | __main__:load_postgres:31 - da them 4 dong
[2026-04-06T07:39:14.942+0000] {subprocess.py:93} INFO - 2026-04-06 07:39:14.942 | INFO     | __main__:load_postgres:40 - bat dau tao bang
[2026-04-06T07:39:14.944+0000] {subprocess.py:93} INFO - 2026-04-06 07:39:14.944 | INFO     | __main__:load_postgres:64 - dang load data
[2026-04-06T07:39:14.949+0000] {subprocess.py:93} INFO - 2026-04-06 07:39:14.949 | SUCCESS  | __main__:load_postgres:80 - insert thanh cong 4 dong
[2026-04-06T07:39:14.950+0000] {subprocess.py:93} INFO - ------------------------------------------------------
[2026-04-06T07:39:14.966+0000] {subprocess.py:93} INFO - 2026-04-06 07:39:14.954 | ERROR    | db_log:log_ETL:28 - da co loi xay ra invalid input syntax for type integer: "2026-04-06"
[2026-04-06T07:39:14.967+0000] {subprocess.py:93} INFO - LINE 4:                 ('2026-04-06', 'load to DB', 'success', 4, '...
[2026-04-06T07:39:14.967+0000] {subprocess.py:93} INFO -                          ^
[2026-04-06T07:39:14.968+0000] {subprocess.py:93} INFO - 
[2026-04-06T07:39:14.968+0000] {subprocess.py:93} INFO - Traceback (most recent call last):
[2026-04-06T07:39:14.970+0000] {subprocess.py:93} INFO - 
[2026-04-06T07:39:14.970+0000] {subprocess.py:93} INFO -   File "/opt/airflow/scripts/load_postgres.py", line 100, in <module>
[2026-04-06T07:39:14.970+0000] {subprocess.py:93} INFO -     load_postgres(run_date)
[2026-04-06T07:39:14.971+0000] {subprocess.py:93} INFO -     │             └ '2026-04-06'
[2026-04-06T07:39:14.971+0000] {subprocess.py:93} INFO -     └ <function load_postgres at 0x70e5ad760b80>
[2026-04-06T07:39:14.972+0000] {subprocess.py:93} INFO - 
[2026-04-06T07:39:14.972+0000] {subprocess.py:93} INFO -   File "/opt/airflow/scripts/load_postgres.py", line 81, in load_postgres
[2026-04-06T07:39:14.973+0000] {subprocess.py:93} INFO -     log_ETL(run_date, "load to DB", "success", len(values), f"da load vao DB thanh cong")
[2026-04-06T07:39:14.973+0000] {subprocess.py:93} INFO -     │       │                                      └ [[3639439, '(2013 LB)', 22.8, 73.2073989347, 163.696720474, 6.2253128386, 23528644.04147128, '2026-04-06'], [3671119, '(2014 ...
[2026-04-06T07:39:14.974+0000] {subprocess.py:93} INFO -     │       └ '2026-04-06'
[2026-04-06T07:39:14.974+0000] {subprocess.py:93} INFO -     └ <function log_ETL at 0x70e5a8b54af0>
[2026-04-06T07:39:14.975+0000] {subprocess.py:93} INFO - 
[2026-04-06T07:39:14.975+0000] {subprocess.py:93} INFO - > File "/opt/airflow/scripts/db_log.py", line 21, in log_ETL
[2026-04-06T07:39:14.976+0000] {subprocess.py:93} INFO -     cur.execute('''
[2026-04-06T07:39:14.976+0000] {subprocess.py:93} INFO -     │   └ <method 'execute' of 'psycopg2.extensions.cursor' objects>
[2026-04-06T07:39:14.977+0000] {subprocess.py:93} INFO -     └ <cursor object at 0x70e5a8b3a400; closed: 0>
[2026-04-06T07:39:14.977+0000] {subprocess.py:93} INFO - 
[2026-04-06T07:39:14.978+0000] {subprocess.py:93} INFO - psycopg2.errors.InvalidTextRepresentation: invalid input syntax for type integer: "2026-04-06"
[2026-04-06T07:39:14.979+0000] {subprocess.py:93} INFO - LINE 4:                 ('2026-04-06', 'load to DB', 'success', 4, '...
[2026-04-06T07:39:14.979+0000] {subprocess.py:93} INFO -                          ^
[2026-04-06T07:39:14.980+0000] {subprocess.py:93} INFO - 
[2026-04-06T07:39:14.980+0000] {subprocess.py:93} INFO - 2026-04-06 07:39:14.967 | INFO     | db_log:log_ETL:36 - da dong ket noi
[2026-04-06T07:39:14.981+0000] {subprocess.py:93} INFO - 2026-04-06 07:39:14.968 | INFO     | __main__:load_postgres:96 - Da dong ket noi
[2026-04-06T07:39:15.044+0000] {subprocess.py:97} INFO - Command exited with return code 0
[2026-04-06T07:39:15.067+0000] {taskinstance.py:1138} INFO - Marking task as SUCCESS. dag_id=nasa_neo_etl_pipeline, task_id=load_CSV_to_DW, execution_date=20260406T073908, start_date=20260406T073914, end_date=20260406T073915
[2026-04-06T07:39:15.082+0000] {local_task_job_runner.py:234} INFO - Task exited with return code 0
[2026-04-06T07:39:15.099+0000] {taskinstance.py:3280} INFO - 1 downstream tasks scheduled from follow-on schedule check
