[2026-04-06T07:04:27.185+0000] {taskinstance.py:1956} INFO - Dependencies all met for dep_context=non-requeueable deps ti=<TaskInstance: nasa_neo_etl_pipeline.load_CSV_to_DW manual__2026-04-06T07:04:19.665394+00:00 [queued]>
[2026-04-06T07:04:27.193+0000] {taskinstance.py:1956} INFO - Dependencies all met for dep_context=requeueable deps ti=<TaskInstance: nasa_neo_etl_pipeline.load_CSV_to_DW manual__2026-04-06T07:04:19.665394+00:00 [queued]>
[2026-04-06T07:04:27.194+0000] {taskinstance.py:2170} INFO - Starting attempt 1 of 4
[2026-04-06T07:04:27.214+0000] {taskinstance.py:2191} INFO - Executing <Task(BashOperator): load_CSV_to_DW> on 2026-04-06 07:04:19.665394+00:00
[2026-04-06T07:04:27.219+0000] {standard_task_runner.py:60} INFO - Started process 252 to run task
[2026-04-06T07:04:27.223+0000] {standard_task_runner.py:87} INFO - Running: ['airflow', 'tasks', 'run', 'nasa_neo_etl_pipeline', 'load_CSV_to_DW', 'manual__2026-04-06T07:04:19.665394+00:00', '--job-id', '9', '--raw', '--subdir', 'DAGS_FOLDER/Asteroid_DAG.py', '--cfg-path', '/tmp/tmpx5s92kyi']
[2026-04-06T07:04:27.226+0000] {standard_task_runner.py:88} INFO - Job 9: Subtask load_CSV_to_DW
[2026-04-06T07:04:27.297+0000] {task_command.py:423} INFO - Running <TaskInstance: nasa_neo_etl_pipeline.load_CSV_to_DW manual__2026-04-06T07:04:19.665394+00:00 [running]> on host ea08d20ed4e4
[2026-04-06T07:04:27.417+0000] {taskinstance.py:2480} INFO - Exporting env vars: AIRFLOW_CTX_DAG_OWNER='hieu' AIRFLOW_CTX_DAG_ID='nasa_neo_etl_pipeline' AIRFLOW_CTX_TASK_ID='load_CSV_to_DW' AIRFLOW_CTX_EXECUTION_DATE='2026-04-06T07:04:19.665394+00:00' AIRFLOW_CTX_TRY_NUMBER='1' AIRFLOW_CTX_DAG_RUN_ID='manual__2026-04-06T07:04:19.665394+00:00'
[2026-04-06T07:04:27.420+0000] {subprocess.py:63} INFO - Tmp dir root location: /tmp
[2026-04-06T07:04:27.421+0000] {subprocess.py:75} INFO - Running command: ['/usr/bin/bash', '-c', "python3 /opt/airflow/scripts/load_postgres.py '2026-04-06'"]
[2026-04-06T07:04:27.432+0000] {subprocess.py:86} INFO - Output:
[2026-04-06T07:04:27.980+0000] {subprocess.py:93} INFO - 2026-04-06 07:04:27.979 | INFO     | __main__:load_postgres:29 - dang doc .csv
[2026-04-06T07:04:27.990+0000] {subprocess.py:93} INFO - 2026-04-06 07:04:27.990 | INFO     | __main__:load_postgres:31 - da them 4 dong
[2026-04-06T07:04:27.995+0000] {subprocess.py:93} INFO - 2026-04-06 07:04:27.995 | INFO     | __main__:load_postgres:40 - bat dau tao bang
[2026-04-06T07:04:27.999+0000] {subprocess.py:93} INFO - 2026-04-06 07:04:27.999 | INFO     | __main__:load_postgres:64 - dang load data
[2026-04-06T07:04:28.031+0000] {subprocess.py:93} INFO - 2026-04-06 07:04:28.030 | SUCCESS  | __main__:load_postgres:80 - insert thanh cong 4 dong
[2026-04-06T07:04:28.032+0000] {subprocess.py:93} INFO - ------------------------------------------------------
[2026-04-06T07:04:28.053+0000] {subprocess.py:93} INFO - 2026-04-06 07:04:28.036 | ERROR    | db_log:log_ETL:28 - da co loi xay ra relation "etl_log" does not exist
[2026-04-06T07:04:28.054+0000] {subprocess.py:93} INFO - LINE 2:                 insert into etl_log(run_id,step,status,row_p...
[2026-04-06T07:04:28.054+0000] {subprocess.py:93} INFO -                                     ^
[2026-04-06T07:04:28.055+0000] {subprocess.py:93} INFO - 
[2026-04-06T07:04:28.055+0000] {subprocess.py:93} INFO - Traceback (most recent call last):
[2026-04-06T07:04:28.057+0000] {subprocess.py:93} INFO - 
[2026-04-06T07:04:28.058+0000] {subprocess.py:93} INFO -   File "/opt/airflow/scripts/load_postgres.py", line 100, in <module>
[2026-04-06T07:04:28.058+0000] {subprocess.py:93} INFO -     load_postgres(run_date)
[2026-04-06T07:04:28.059+0000] {subprocess.py:93} INFO -     │             └ '2026-04-06'
[2026-04-06T07:04:28.059+0000] {subprocess.py:93} INFO -     └ <function load_postgres at 0x727bb1be9b80>
[2026-04-06T07:04:28.060+0000] {subprocess.py:93} INFO - 
[2026-04-06T07:04:28.060+0000] {subprocess.py:93} INFO -   File "/opt/airflow/scripts/load_postgres.py", line 81, in load_postgres
[2026-04-06T07:04:28.061+0000] {subprocess.py:93} INFO -     log_ETL(run_date, "load to DB", "success", len(values), f"da load vao DB thanh cong")
[2026-04-06T07:04:28.063+0000] {subprocess.py:93} INFO -     │       │                                      └ [[3639439, '(2013 LB)', 22.8, 73.2073989347, 163.696720474, 6.2253128386, 23528644.04147128, '2026-04-06'], [3671119, '(2014 ...
[2026-04-06T07:04:28.063+0000] {subprocess.py:93} INFO -     │       └ '2026-04-06'
[2026-04-06T07:04:28.064+0000] {subprocess.py:93} INFO -     └ <function log_ETL at 0x727bad354af0>
[2026-04-06T07:04:28.064+0000] {subprocess.py:93} INFO - 
[2026-04-06T07:04:28.065+0000] {subprocess.py:93} INFO - > File "/opt/airflow/scripts/db_log.py", line 21, in log_ETL
[2026-04-06T07:04:28.066+0000] {subprocess.py:93} INFO -     cur.execute('''
[2026-04-06T07:04:28.066+0000] {subprocess.py:93} INFO -     │   └ <method 'execute' of 'psycopg2.extensions.cursor' objects>
[2026-04-06T07:04:28.067+0000] {subprocess.py:93} INFO -     └ <cursor object at 0x727bad33a400; closed: 0>
[2026-04-06T07:04:28.067+0000] {subprocess.py:93} INFO - 
[2026-04-06T07:04:28.068+0000] {subprocess.py:93} INFO - psycopg2.errors.UndefinedTable: relation "etl_log" does not exist
[2026-04-06T07:04:28.068+0000] {subprocess.py:93} INFO - LINE 2:                 insert into etl_log(run_id,step,status,row_p...
[2026-04-06T07:04:28.069+0000] {subprocess.py:93} INFO -                                     ^
[2026-04-06T07:04:28.070+0000] {subprocess.py:93} INFO - 
[2026-04-06T07:04:28.070+0000] {subprocess.py:93} INFO - 2026-04-06 07:04:28.054 | INFO     | db_log:log_ETL:36 - da dong ket noi
[2026-04-06T07:04:28.071+0000] {subprocess.py:93} INFO - 2026-04-06 07:04:28.055 | INFO     | __main__:load_postgres:96 - Da dong ket noi
[2026-04-06T07:04:28.155+0000] {subprocess.py:97} INFO - Command exited with return code 0
[2026-04-06T07:04:28.211+0000] {taskinstance.py:1138} INFO - Marking task as SUCCESS. dag_id=nasa_neo_etl_pipeline, task_id=load_CSV_to_DW, execution_date=20260406T070419, start_date=20260406T070427, end_date=20260406T070428
[2026-04-06T07:04:28.245+0000] {local_task_job_runner.py:234} INFO - Task exited with return code 0
[2026-04-06T07:04:28.269+0000] {taskinstance.py:3280} INFO - 1 downstream tasks scheduled from follow-on schedule check
