[2026-04-06T07:44:48.046+0000] {taskinstance.py:1956} INFO - Dependencies all met for dep_context=non-requeueable deps ti=<TaskInstance: nasa_neo_etl_pipeline.calculate_danger_level manual__2026-04-06T07:39:08.439051+00:00 [queued]>
[2026-04-06T07:44:48.053+0000] {taskinstance.py:1956} INFO - Dependencies all met for dep_context=requeueable deps ti=<TaskInstance: nasa_neo_etl_pipeline.calculate_danger_level manual__2026-04-06T07:39:08.439051+00:00 [queued]>
[2026-04-06T07:44:48.054+0000] {taskinstance.py:2170} INFO - Starting attempt 3 of 6
[2026-04-06T07:44:48.065+0000] {taskinstance.py:2191} INFO - Executing <Task(BashOperator): calculate_danger_level> on 2026-04-06 07:39:08.439051+00:00
[2026-04-06T07:44:48.069+0000] {standard_task_runner.py:60} INFO - Started process 383 to run task
[2026-04-06T07:44:48.071+0000] {standard_task_runner.py:87} INFO - Running: ['airflow', 'tasks', 'run', 'nasa_neo_etl_pipeline', 'calculate_danger_level', 'manual__2026-04-06T07:39:08.439051+00:00', '--job-id', '20', '--raw', '--subdir', 'DAGS_FOLDER/Asteroid_DAG.py', '--cfg-path', '/tmp/tmpxlwduev7']
[2026-04-06T07:44:48.072+0000] {standard_task_runner.py:88} INFO - Job 20: Subtask calculate_danger_level
[2026-04-06T07:44:48.105+0000] {task_command.py:423} INFO - Running <TaskInstance: nasa_neo_etl_pipeline.calculate_danger_level manual__2026-04-06T07:39:08.439051+00:00 [running]> on host 270afc779c61
[2026-04-06T07:44:48.163+0000] {taskinstance.py:2480} INFO - Exporting env vars: AIRFLOW_CTX_DAG_OWNER='hieu' AIRFLOW_CTX_DAG_ID='nasa_neo_etl_pipeline' AIRFLOW_CTX_TASK_ID='calculate_danger_level' AIRFLOW_CTX_EXECUTION_DATE='2026-04-06T07:39:08.439051+00:00' AIRFLOW_CTX_TRY_NUMBER='3' AIRFLOW_CTX_DAG_RUN_ID='manual__2026-04-06T07:39:08.439051+00:00'
[2026-04-06T07:44:48.165+0000] {subprocess.py:63} INFO - Tmp dir root location: /tmp
[2026-04-06T07:44:48.167+0000] {subprocess.py:75} INFO - Running command: ['/usr/bin/bash', '-c', "python3 /opt/airflow/scripts/danger_level.py '2026-04-06'"]
[2026-04-06T07:44:48.174+0000] {subprocess.py:86} INFO - Output:
[2026-04-06T07:44:48.325+0000] {subprocess.py:93} INFO - 2026-04-06 07:44:48.325 | INFO     | __main__:danger_score:28 - dang ket noi Database
[2026-04-06T07:44:48.330+0000] {subprocess.py:93} INFO - 2026-04-06 07:44:48.330 | INFO     | __main__:danger_score:38 - bat dau tao bang
[2026-04-06T07:44:48.331+0000] {subprocess.py:93} INFO - 2026-04-06 07:44:48.331 | INFO     | __main__:danger_score:53 - thuc hien task
[2026-04-06T07:44:48.333+0000] {subprocess.py:93} INFO - 2026-04-06 07:44:48.333 | INFO     | __main__:danger_score:94 - Load data vao bang danger_score
[2026-04-06T07:44:48.338+0000] {subprocess.py:93} INFO - 2026-04-06 07:44:48.338 | SUCCESS  | __main__:danger_score:110 - da fetch thanh cong 7 dong
[2026-04-06T07:44:48.339+0000] {subprocess.py:93} INFO - ------------------------------------------------------
[2026-04-06T07:44:48.355+0000] {subprocess.py:93} INFO - 2026-04-06 07:44:48.343 | ERROR    | db_log:log_ETL:30 - da co loi xay ra duplicate key value violates unique constraint "etl_log_pkey"
[2026-04-06T07:44:48.355+0000] {subprocess.py:93} INFO - DETAIL:  Key (run_id, step)=(20260406, Calculate Danger Level) already exists.
[2026-04-06T07:44:48.356+0000] {subprocess.py:93} INFO - 
[2026-04-06T07:44:48.357+0000] {subprocess.py:93} INFO - Traceback (most recent call last):
[2026-04-06T07:44:48.358+0000] {subprocess.py:93} INFO - 
[2026-04-06T07:44:48.358+0000] {subprocess.py:93} INFO -   File "/opt/airflow/scripts/danger_level.py", line 127, in <module>
[2026-04-06T07:44:48.359+0000] {subprocess.py:93} INFO -     danger_score(run_date)
[2026-04-06T07:44:48.359+0000] {subprocess.py:93} INFO -     │            └ '2026-04-06'
[2026-04-06T07:44:48.360+0000] {subprocess.py:93} INFO -     └ <function danger_score at 0x7ab653492790>
[2026-04-06T07:44:48.360+0000] {subprocess.py:93} INFO - 
[2026-04-06T07:44:48.361+0000] {subprocess.py:93} INFO -   File "/opt/airflow/scripts/danger_level.py", line 111, in danger_score
[2026-04-06T07:44:48.361+0000] {subprocess.py:93} INFO -     log_ETL(run_date, "Calculate Danger Level", "success", len(results), f"da load vao DB thanh cong")
[2026-04-06T07:44:48.361+0000] {subprocess.py:93} INFO -     │       │                                                  └ [(3329371, '(2006 GC1)', 472.1064988055, 30.6613465225, 13278868.845759507, 6.648982082109875, 'HIGH', datetime.datetime(2026...
[2026-04-06T07:44:48.362+0000] {subprocess.py:93} INFO -     │       └ '2026-04-06'
[2026-04-06T07:44:48.362+0000] {subprocess.py:93} INFO -     └ <function log_ETL at 0x7ab652c59f70>
[2026-04-06T07:44:48.364+0000] {subprocess.py:93} INFO - 
[2026-04-06T07:44:48.364+0000] {subprocess.py:93} INFO - > File "/opt/airflow/scripts/db_log.py", line 23, in log_ETL
[2026-04-06T07:44:48.365+0000] {subprocess.py:93} INFO -     cur.execute('''
[2026-04-06T07:44:48.365+0000] {subprocess.py:93} INFO -     │   └ <method 'execute' of 'psycopg2.extensions.cursor' objects>
[2026-04-06T07:44:48.365+0000] {subprocess.py:93} INFO -     └ <cursor object at 0x7ab652c5f4f0; closed: 0>
[2026-04-06T07:44:48.366+0000] {subprocess.py:93} INFO - 
[2026-04-06T07:44:48.367+0000] {subprocess.py:93} INFO - psycopg2.errors.UniqueViolation: duplicate key value violates unique constraint "etl_log_pkey"
[2026-04-06T07:44:48.367+0000] {subprocess.py:93} INFO - DETAIL:  Key (run_id, step)=(20260406, Calculate Danger Level) already exists.
[2026-04-06T07:44:48.368+0000] {subprocess.py:93} INFO - 
[2026-04-06T07:44:48.369+0000] {subprocess.py:93} INFO - 2026-04-06 07:44:48.356 | INFO     | db_log:log_ETL:38 - da dong ket noi
[2026-04-06T07:44:48.369+0000] {subprocess.py:97} INFO - Command exited with return code 0
[2026-04-06T07:44:48.389+0000] {taskinstance.py:1138} INFO - Marking task as SUCCESS. dag_id=nasa_neo_etl_pipeline, task_id=calculate_danger_level, execution_date=20260406T073908, start_date=20260406T074448, end_date=20260406T074448
[2026-04-06T07:44:48.405+0000] {local_task_job_runner.py:234} INFO - Task exited with return code 0
[2026-04-06T07:44:48.417+0000] {taskinstance.py:3280} INFO - 0 downstream tasks scheduled from follow-on schedule check
