[2026-04-06T07:44:05.706+0000] {taskinstance.py:1956} INFO - Dependencies all met for dep_context=non-requeueable deps ti=<TaskInstance: nasa_neo_etl_pipeline.calculate_danger_level manual__2026-04-06T07:39:08.439051+00:00 [queued]>
[2026-04-06T07:44:05.715+0000] {taskinstance.py:1956} INFO - Dependencies all met for dep_context=requeueable deps ti=<TaskInstance: nasa_neo_etl_pipeline.calculate_danger_level manual__2026-04-06T07:39:08.439051+00:00 [queued]>
[2026-04-06T07:44:05.716+0000] {taskinstance.py:2170} INFO - Starting attempt 2 of 5
[2026-04-06T07:44:05.726+0000] {taskinstance.py:2191} INFO - Executing <Task(BashOperator): calculate_danger_level> on 2026-04-06 07:39:08.439051+00:00
[2026-04-06T07:44:05.730+0000] {standard_task_runner.py:60} INFO - Started process 342 to run task
[2026-04-06T07:44:05.733+0000] {standard_task_runner.py:87} INFO - Running: ['airflow', 'tasks', 'run', 'nasa_neo_etl_pipeline', 'calculate_danger_level', 'manual__2026-04-06T07:39:08.439051+00:00', '--job-id', '15', '--raw', '--subdir', 'DAGS_FOLDER/Asteroid_DAG.py', '--cfg-path', '/tmp/tmpd8jnn0o_']
[2026-04-06T07:44:05.734+0000] {standard_task_runner.py:88} INFO - Job 15: Subtask calculate_danger_level
[2026-04-06T07:44:05.771+0000] {task_command.py:423} INFO - Running <TaskInstance: nasa_neo_etl_pipeline.calculate_danger_level manual__2026-04-06T07:39:08.439051+00:00 [running]> on host 270afc779c61
[2026-04-06T07:44:05.835+0000] {taskinstance.py:2480} INFO - Exporting env vars: AIRFLOW_CTX_DAG_OWNER='hieu' AIRFLOW_CTX_DAG_ID='nasa_neo_etl_pipeline' AIRFLOW_CTX_TASK_ID='calculate_danger_level' AIRFLOW_CTX_EXECUTION_DATE='2026-04-06T07:39:08.439051+00:00' AIRFLOW_CTX_TRY_NUMBER='2' AIRFLOW_CTX_DAG_RUN_ID='manual__2026-04-06T07:39:08.439051+00:00'
[2026-04-06T07:44:05.836+0000] {subprocess.py:63} INFO - Tmp dir root location: /tmp
[2026-04-06T07:44:05.837+0000] {subprocess.py:75} INFO - Running command: ['/usr/bin/bash', '-c', "python3 /opt/airflow/scripts/danger_level.py '2026-04-06'"]
[2026-04-06T07:44:05.846+0000] {subprocess.py:86} INFO - Output:
[2026-04-06T07:44:05.976+0000] {subprocess.py:93} INFO - 2026-04-06 07:44:05.975 | INFO     | __main__:danger_score:28 - dang ket noi Database
[2026-04-06T07:44:05.981+0000] {subprocess.py:93} INFO - 2026-04-06 07:44:05.981 | INFO     | __main__:danger_score:38 - bat dau tao bang
[2026-04-06T07:44:05.982+0000] {subprocess.py:93} INFO - 2026-04-06 07:44:05.982 | INFO     | __main__:danger_score:53 - thuc hien task
[2026-04-06T07:44:05.984+0000] {subprocess.py:93} INFO - 2026-04-06 07:44:05.984 | INFO     | __main__:danger_score:94 - Load data vao bang danger_score
[2026-04-06T07:44:05.988+0000] {subprocess.py:93} INFO - 2026-04-06 07:44:05.988 | SUCCESS  | __main__:danger_score:110 - da fetch thanh cong 7 dong
[2026-04-06T07:44:05.989+0000] {subprocess.py:93} INFO - ------------------------------------------------------
[2026-04-06T07:44:05.997+0000] {subprocess.py:93} INFO - 2026-04-06 07:44:05.997 | INFO     | db_log:log_ETL:38 - da dong ket noi
[2026-04-06T07:44:06.011+0000] {subprocess.py:97} INFO - Command exited with return code 0
[2026-04-06T07:44:06.035+0000] {taskinstance.py:1138} INFO - Marking task as SUCCESS. dag_id=nasa_neo_etl_pipeline, task_id=calculate_danger_level, execution_date=20260406T073908, start_date=20260406T074405, end_date=20260406T074406
[2026-04-06T07:44:06.066+0000] {local_task_job_runner.py:234} INFO - Task exited with return code 0
[2026-04-06T07:44:06.079+0000] {taskinstance.py:3280} INFO - 0 downstream tasks scheduled from follow-on schedule check
