[2026-04-06T07:39:15.420+0000] {taskinstance.py:1956} INFO - Dependencies all met for dep_context=non-requeueable deps ti=<TaskInstance: nasa_neo_etl_pipeline.calculate_danger_level manual__2026-04-06T07:39:08.439051+00:00 [queued]>
[2026-04-06T07:39:15.428+0000] {taskinstance.py:1956} INFO - Dependencies all met for dep_context=requeueable deps ti=<TaskInstance: nasa_neo_etl_pipeline.calculate_danger_level manual__2026-04-06T07:39:08.439051+00:00 [queued]>
[2026-04-06T07:39:15.429+0000] {taskinstance.py:2170} INFO - Starting attempt 1 of 4
[2026-04-06T07:39:15.440+0000] {taskinstance.py:2191} INFO - Executing <Task(BashOperator): calculate_danger_level> on 2026-04-06 07:39:08.439051+00:00
[2026-04-06T07:39:15.445+0000] {standard_task_runner.py:60} INFO - Started process 259 to run task
[2026-04-06T07:39:15.446+0000] {standard_task_runner.py:87} INFO - Running: ['airflow', 'tasks', 'run', 'nasa_neo_etl_pipeline', 'calculate_danger_level', 'manual__2026-04-06T07:39:08.439051+00:00', '--job-id', '11', '--raw', '--subdir', 'DAGS_FOLDER/Asteroid_DAG.py', '--cfg-path', '/tmp/tmpe0y9l01_']
[2026-04-06T07:39:15.448+0000] {standard_task_runner.py:88} INFO - Job 11: Subtask calculate_danger_level
[2026-04-06T07:39:15.483+0000] {task_command.py:423} INFO - Running <TaskInstance: nasa_neo_etl_pipeline.calculate_danger_level manual__2026-04-06T07:39:08.439051+00:00 [running]> on host 270afc779c61
[2026-04-06T07:39:15.543+0000] {taskinstance.py:2480} INFO - Exporting env vars: AIRFLOW_CTX_DAG_OWNER='hieu' AIRFLOW_CTX_DAG_ID='nasa_neo_etl_pipeline' AIRFLOW_CTX_TASK_ID='calculate_danger_level' AIRFLOW_CTX_EXECUTION_DATE='2026-04-06T07:39:08.439051+00:00' AIRFLOW_CTX_TRY_NUMBER='1' AIRFLOW_CTX_DAG_RUN_ID='manual__2026-04-06T07:39:08.439051+00:00'
[2026-04-06T07:39:15.545+0000] {subprocess.py:63} INFO - Tmp dir root location: /tmp
[2026-04-06T07:39:15.546+0000] {subprocess.py:75} INFO - Running command: ['/usr/bin/bash', '-c', "python3 /opt/airflow/scripts/danger_level.py '2026-04-06'"]
[2026-04-06T07:39:15.553+0000] {subprocess.py:86} INFO - Output:
[2026-04-06T07:39:15.668+0000] {subprocess.py:93} INFO - 2026-04-06 07:39:15.668 | INFO     | __main__:danger_score:28 - dang ket noi Database
[2026-04-06T07:39:15.673+0000] {subprocess.py:93} INFO - 2026-04-06 07:39:15.672 | INFO     | __main__:danger_score:38 - bat dau tao bang
[2026-04-06T07:39:15.674+0000] {subprocess.py:93} INFO - 2026-04-06 07:39:15.674 | INFO     | __main__:danger_score:53 - thuc hien task
[2026-04-06T07:39:15.675+0000] {subprocess.py:93} INFO - 2026-04-06 07:39:15.675 | INFO     | __main__:danger_score:94 - Load data vao bang danger_score
[2026-04-06T07:39:15.679+0000] {subprocess.py:93} INFO - 2026-04-06 07:39:15.679 | SUCCESS  | __main__:danger_score:110 - da fetch thanh cong 7 dong
[2026-04-06T07:39:15.680+0000] {subprocess.py:93} INFO - ------------------------------------------------------
[2026-04-06T07:39:15.695+0000] {subprocess.py:93} INFO - 2026-04-06 07:39:15.683 | ERROR    | db_log:log_ETL:28 - da co loi xay ra invalid input syntax for type integer: "2026-04-06"
[2026-04-06T07:39:15.696+0000] {subprocess.py:93} INFO - LINE 4:                 ('2026-04-06', 'Calculate Danger Level', 'su...
[2026-04-06T07:39:15.696+0000] {subprocess.py:93} INFO -                          ^
[2026-04-06T07:39:15.697+0000] {subprocess.py:93} INFO - 
[2026-04-06T07:39:15.698+0000] {subprocess.py:93} INFO - Traceback (most recent call last):
[2026-04-06T07:39:15.698+0000] {subprocess.py:93} INFO - 
[2026-04-06T07:39:15.699+0000] {subprocess.py:93} INFO -   File "/opt/airflow/scripts/danger_level.py", line 127, in <module>
[2026-04-06T07:39:15.699+0000] {subprocess.py:93} INFO -     danger_score(run_date)
[2026-04-06T07:39:15.700+0000] {subprocess.py:93} INFO -     │            └ '2026-04-06'
[2026-04-06T07:39:15.700+0000] {subprocess.py:93} INFO -     └ <function danger_score at 0x7b39d91d5790>
[2026-04-06T07:39:15.701+0000] {subprocess.py:93} INFO - 
[2026-04-06T07:39:15.701+0000] {subprocess.py:93} INFO -   File "/opt/airflow/scripts/danger_level.py", line 111, in danger_score
[2026-04-06T07:39:15.702+0000] {subprocess.py:93} INFO -     log_ETL(run_date, "Calculate Danger Level", "success", len(results), f"da load vao DB thanh cong")
[2026-04-06T07:39:15.703+0000] {subprocess.py:93} INFO -     │       │                                                  └ [(3329371, '(2006 GC1)', 472.1064988055, 30.6613465225, 13278868.845759507, 6.648982082109875, 'HIGH', datetime.datetime(2026...
[2026-04-06T07:39:15.703+0000] {subprocess.py:93} INFO -     │       └ '2026-04-06'
[2026-04-06T07:39:15.704+0000] {subprocess.py:93} INFO -     └ <function log_ETL at 0x7b39d89d0f70>
[2026-04-06T07:39:15.704+0000] {subprocess.py:93} INFO - 
[2026-04-06T07:39:15.705+0000] {subprocess.py:93} INFO - > File "/opt/airflow/scripts/db_log.py", line 21, in log_ETL
[2026-04-06T07:39:15.705+0000] {subprocess.py:93} INFO -     cur.execute('''
[2026-04-06T07:39:15.706+0000] {subprocess.py:93} INFO -     │   └ <method 'execute' of 'psycopg2.extensions.cursor' objects>
[2026-04-06T07:39:15.706+0000] {subprocess.py:93} INFO -     └ <cursor object at 0x7b39d89da400; closed: 0>
[2026-04-06T07:39:15.707+0000] {subprocess.py:93} INFO - 
[2026-04-06T07:39:15.707+0000] {subprocess.py:93} INFO - psycopg2.errors.InvalidTextRepresentation: invalid input syntax for type integer: "2026-04-06"
[2026-04-06T07:39:15.708+0000] {subprocess.py:93} INFO - LINE 4:                 ('2026-04-06', 'Calculate Danger Level', 'su...
[2026-04-06T07:39:15.708+0000] {subprocess.py:93} INFO -                          ^
[2026-04-06T07:39:15.709+0000] {subprocess.py:93} INFO - 
[2026-04-06T07:39:15.709+0000] {subprocess.py:93} INFO - 2026-04-06 07:39:15.696 | INFO     | db_log:log_ETL:36 - da dong ket noi
[2026-04-06T07:39:15.712+0000] {subprocess.py:97} INFO - Command exited with return code 0
[2026-04-06T07:39:15.735+0000] {taskinstance.py:1138} INFO - Marking task as SUCCESS. dag_id=nasa_neo_etl_pipeline, task_id=calculate_danger_level, execution_date=20260406T073908, start_date=20260406T073915, end_date=20260406T073915
[2026-04-06T07:39:15.780+0000] {local_task_job_runner.py:234} INFO - Task exited with return code 0
[2026-04-06T07:39:15.793+0000] {taskinstance.py:3280} INFO - 0 downstream tasks scheduled from follow-on schedule check
