[2026-04-06T07:20:06.341+0000] {taskinstance.py:1956} INFO - Dependencies all met for dep_context=non-requeueable deps ti=<TaskInstance: nasa_neo_etl_pipeline.calculate_danger_level manual__2026-04-06T07:19:58.870862+00:00 [queued]>
[2026-04-06T07:20:06.350+0000] {taskinstance.py:1956} INFO - Dependencies all met for dep_context=requeueable deps ti=<TaskInstance: nasa_neo_etl_pipeline.calculate_danger_level manual__2026-04-06T07:19:58.870862+00:00 [queued]>
[2026-04-06T07:20:06.351+0000] {taskinstance.py:2170} INFO - Starting attempt 1 of 4
[2026-04-06T07:20:06.361+0000] {taskinstance.py:2191} INFO - Executing <Task(BashOperator): calculate_danger_level> on 2026-04-06 07:19:58.870862+00:00
[2026-04-06T07:20:06.365+0000] {standard_task_runner.py:60} INFO - Started process 296 to run task
[2026-04-06T07:20:06.367+0000] {standard_task_runner.py:87} INFO - Running: ['airflow', 'tasks', 'run', 'nasa_neo_etl_pipeline', 'calculate_danger_level', 'manual__2026-04-06T07:19:58.870862+00:00', '--job-id', '11', '--raw', '--subdir', 'DAGS_FOLDER/Asteroid_DAG.py', '--cfg-path', '/tmp/tmp_fa4h_a6']
[2026-04-06T07:20:06.368+0000] {standard_task_runner.py:88} INFO - Job 11: Subtask calculate_danger_level
[2026-04-06T07:20:06.405+0000] {task_command.py:423} INFO - Running <TaskInstance: nasa_neo_etl_pipeline.calculate_danger_level manual__2026-04-06T07:19:58.870862+00:00 [running]> on host 1acb6b6321cd
[2026-04-06T07:20:06.469+0000] {taskinstance.py:2480} INFO - Exporting env vars: AIRFLOW_CTX_DAG_OWNER='hieu' AIRFLOW_CTX_DAG_ID='nasa_neo_etl_pipeline' AIRFLOW_CTX_TASK_ID='calculate_danger_level' AIRFLOW_CTX_EXECUTION_DATE='2026-04-06T07:19:58.870862+00:00' AIRFLOW_CTX_TRY_NUMBER='1' AIRFLOW_CTX_DAG_RUN_ID='manual__2026-04-06T07:19:58.870862+00:00'
[2026-04-06T07:20:06.471+0000] {subprocess.py:63} INFO - Tmp dir root location: /tmp
[2026-04-06T07:20:06.472+0000] {subprocess.py:75} INFO - Running command: ['/usr/bin/bash', '-c', "python3 /opt/airflow/scripts/danger_level.py '2026-04-06'"]
[2026-04-06T07:20:06.479+0000] {subprocess.py:86} INFO - Output:
[2026-04-06T07:20:06.618+0000] {subprocess.py:93} INFO - 2026-04-06 07:20:06.617 | INFO     | __main__:danger_score:28 - dang ket noi Database
[2026-04-06T07:20:06.622+0000] {subprocess.py:93} INFO - 2026-04-06 07:20:06.622 | INFO     | __main__:danger_score:38 - bat dau tao bang
[2026-04-06T07:20:06.624+0000] {subprocess.py:93} INFO - 2026-04-06 07:20:06.624 | INFO     | __main__:danger_score:53 - thuc hien task
[2026-04-06T07:20:06.626+0000] {subprocess.py:93} INFO - 2026-04-06 07:20:06.626 | INFO     | __main__:danger_score:94 - Load data vao bang danger_score
[2026-04-06T07:20:06.632+0000] {subprocess.py:93} INFO - 2026-04-06 07:20:06.632 | SUCCESS  | __main__:danger_score:110 - da fetch thanh cong 7 dong
[2026-04-06T07:20:06.633+0000] {subprocess.py:93} INFO - ------------------------------------------------------
[2026-04-06T07:20:06.651+0000] {subprocess.py:93} INFO - 2026-04-06 07:20:06.637 | ERROR    | db_log:log_ETL:28 - da co loi xay ra relation "etl_log" does not exist
[2026-04-06T07:20:06.652+0000] {subprocess.py:93} INFO - LINE 2:                 insert into etl_log(run_id,step,status,row_p...
[2026-04-06T07:20:06.652+0000] {subprocess.py:93} INFO -                                     ^
[2026-04-06T07:20:06.653+0000] {subprocess.py:93} INFO - 
[2026-04-06T07:20:06.653+0000] {subprocess.py:93} INFO - Traceback (most recent call last):
[2026-04-06T07:20:06.654+0000] {subprocess.py:93} INFO - 
[2026-04-06T07:20:06.654+0000] {subprocess.py:93} INFO -   File "/opt/airflow/scripts/danger_level.py", line 127, in <module>
[2026-04-06T07:20:06.655+0000] {subprocess.py:93} INFO -     danger_score(run_date)
[2026-04-06T07:20:06.655+0000] {subprocess.py:93} INFO -     │            └ '2026-04-06'
[2026-04-06T07:20:06.656+0000] {subprocess.py:93} INFO -     └ <function danger_score at 0x782067555790>
[2026-04-06T07:20:06.656+0000] {subprocess.py:93} INFO - 
[2026-04-06T07:20:06.657+0000] {subprocess.py:93} INFO -   File "/opt/airflow/scripts/danger_level.py", line 111, in danger_score
[2026-04-06T07:20:06.657+0000] {subprocess.py:93} INFO -     log_ETL(run_date, "Calculate Danger Level", "success", len(results), f"da load vao DB thanh cong")
[2026-04-06T07:20:06.659+0000] {subprocess.py:93} INFO -     │       │                                                  └ [(3329371, '(2006 GC1)', 472.1064988055, 30.6613465225, 13278868.845759507, 6.648982082109875, 'HIGH', datetime.datetime(2026...
[2026-04-06T07:20:06.659+0000] {subprocess.py:93} INFO -     │       └ '2026-04-06'
[2026-04-06T07:20:06.660+0000] {subprocess.py:93} INFO -     └ <function log_ETL at 0x782066d4af70>
[2026-04-06T07:20:06.661+0000] {subprocess.py:93} INFO - 
[2026-04-06T07:20:06.661+0000] {subprocess.py:93} INFO - > File "/opt/airflow/scripts/db_log.py", line 21, in log_ETL
[2026-04-06T07:20:06.662+0000] {subprocess.py:93} INFO -     cur.execute('''
[2026-04-06T07:20:06.662+0000] {subprocess.py:93} INFO -     │   └ <method 'execute' of 'psycopg2.extensions.cursor' objects>
[2026-04-06T07:20:06.663+0000] {subprocess.py:93} INFO -     └ <cursor object at 0x782066d54400; closed: 0>
[2026-04-06T07:20:06.663+0000] {subprocess.py:93} INFO - 
[2026-04-06T07:20:06.664+0000] {subprocess.py:93} INFO - psycopg2.errors.UndefinedTable: relation "etl_log" does not exist
[2026-04-06T07:20:06.664+0000] {subprocess.py:93} INFO - LINE 2:                 insert into etl_log(run_id,step,status,row_p...
[2026-04-06T07:20:06.665+0000] {subprocess.py:93} INFO -                                     ^
[2026-04-06T07:20:06.666+0000] {subprocess.py:93} INFO - 
[2026-04-06T07:20:06.666+0000] {subprocess.py:93} INFO - 2026-04-06 07:20:06.652 | INFO     | db_log:log_ETL:36 - da dong ket noi
[2026-04-06T07:20:06.670+0000] {subprocess.py:97} INFO - Command exited with return code 0
[2026-04-06T07:20:06.716+0000] {taskinstance.py:1138} INFO - Marking task as SUCCESS. dag_id=nasa_neo_etl_pipeline, task_id=calculate_danger_level, execution_date=20260406T071958, start_date=20260406T072006, end_date=20260406T072006
[2026-04-06T07:20:06.781+0000] {local_task_job_runner.py:234} INFO - Task exited with return code 0
[2026-04-06T07:20:06.799+0000] {taskinstance.py:3280} INFO - 0 downstream tasks scheduled from follow-on schedule check
