[2026-04-06T07:20:00.184+0000] {taskinstance.py:1956} INFO - Dependencies all met for dep_context=non-requeueable deps ti=<TaskInstance: nasa_neo_etl_pipeline.extract_API_to_JSON manual__2026-04-06T07:19:58.870862+00:00 [queued]>
[2026-04-06T07:20:00.192+0000] {taskinstance.py:1956} INFO - Dependencies all met for dep_context=requeueable deps ti=<TaskInstance: nasa_neo_etl_pipeline.extract_API_to_JSON manual__2026-04-06T07:19:58.870862+00:00 [queued]>
[2026-04-06T07:20:00.193+0000] {taskinstance.py:2170} INFO - Starting attempt 1 of 4
[2026-04-06T07:20:00.211+0000] {taskinstance.py:2191} INFO - Executing <Task(BashOperator): extract_API_to_JSON> on 2026-04-06 07:19:58.870862+00:00
[2026-04-06T07:20:00.216+0000] {standard_task_runner.py:60} INFO - Started process 232 to run task
[2026-04-06T07:20:00.218+0000] {standard_task_runner.py:87} INFO - Running: ['airflow', 'tasks', 'run', 'nasa_neo_etl_pipeline', 'extract_API_to_JSON', 'manual__2026-04-06T07:19:58.870862+00:00', '--job-id', '4', '--raw', '--subdir', 'DAGS_FOLDER/Asteroid_DAG.py', '--cfg-path', '/tmp/tmpe18zyzvk']
[2026-04-06T07:20:00.220+0000] {standard_task_runner.py:88} INFO - Job 4: Subtask extract_API_to_JSON
[2026-04-06T07:20:00.272+0000] {task_command.py:423} INFO - Running <TaskInstance: nasa_neo_etl_pipeline.extract_API_to_JSON manual__2026-04-06T07:19:58.870862+00:00 [running]> on host 1acb6b6321cd
[2026-04-06T07:20:00.345+0000] {taskinstance.py:2480} INFO - Exporting env vars: AIRFLOW_CTX_DAG_OWNER='hieu' AIRFLOW_CTX_DAG_ID='nasa_neo_etl_pipeline' AIRFLOW_CTX_TASK_ID='extract_API_to_JSON' AIRFLOW_CTX_EXECUTION_DATE='2026-04-06T07:19:58.870862+00:00' AIRFLOW_CTX_TRY_NUMBER='1' AIRFLOW_CTX_DAG_RUN_ID='manual__2026-04-06T07:19:58.870862+00:00'
[2026-04-06T07:20:00.347+0000] {subprocess.py:63} INFO - Tmp dir root location: /tmp
[2026-04-06T07:20:00.348+0000] {subprocess.py:75} INFO - Running command: ['/usr/bin/bash', '-c', "python3 /opt/airflow/scripts/Extract_API.py '2026-04-06'"]
[2026-04-06T07:20:00.356+0000] {subprocess.py:86} INFO - Output:
[2026-04-06T07:20:00.564+0000] {subprocess.py:93} INFO - 2026-04-06 07:20:00.564 | INFO     | __main__:extract_API:27 - Bat dau extract api ngay 2026-04-06
[2026-04-06T07:20:02.362+0000] {subprocess.py:93} INFO - 2026-04-06 07:20:02.362 | SUCCESS  | __main__:extract_API:46 - Da luu thanh cong /opt/airflow/data/raw/NEO_2026-04-06.json
[2026-04-06T07:20:02.363+0000] {subprocess.py:93} INFO - ------------------------------------------------------
[2026-04-06T07:20:02.379+0000] {subprocess.py:93} INFO - 2026-04-06 07:20:02.367 | ERROR    | db_log:log_ETL:28 - da co loi xay ra relation "etl_log" does not exist
[2026-04-06T07:20:02.380+0000] {subprocess.py:93} INFO - LINE 2:                 insert into etl_log(run_id,step,status,row_p...
[2026-04-06T07:20:02.381+0000] {subprocess.py:93} INFO -                                     ^
[2026-04-06T07:20:02.382+0000] {subprocess.py:93} INFO - 
[2026-04-06T07:20:02.382+0000] {subprocess.py:93} INFO - Traceback (most recent call last):
[2026-04-06T07:20:02.383+0000] {subprocess.py:93} INFO - 
[2026-04-06T07:20:02.383+0000] {subprocess.py:93} INFO -   File "/opt/airflow/scripts/Extract_API.py", line 59, in <module>
[2026-04-06T07:20:02.384+0000] {subprocess.py:93} INFO -     extract_API(run_date)
[2026-04-06T07:20:02.385+0000] {subprocess.py:93} INFO -     │           └ '2026-04-06'
[2026-04-06T07:20:02.386+0000] {subprocess.py:93} INFO -     └ <function extract_API at 0x75e0f27ca1f0>
[2026-04-06T07:20:02.386+0000] {subprocess.py:93} INFO - 
[2026-04-06T07:20:02.387+0000] {subprocess.py:93} INFO -   File "/opt/airflow/scripts/Extract_API.py", line 48, in extract_API
[2026-04-06T07:20:02.388+0000] {subprocess.py:93} INFO -     log_ETL(run_date, "extract", "success", None, f"Da luu thanh cong {filename}")
[2026-04-06T07:20:02.389+0000] {subprocess.py:93} INFO -     │       └ '2026-04-06'
[2026-04-06T07:20:02.390+0000] {subprocess.py:93} INFO -     └ <function log_ETL at 0x75e0f2499e50>
[2026-04-06T07:20:02.390+0000] {subprocess.py:93} INFO - 
[2026-04-06T07:20:02.391+0000] {subprocess.py:93} INFO - > File "/opt/airflow/scripts/db_log.py", line 21, in log_ETL
[2026-04-06T07:20:02.392+0000] {subprocess.py:93} INFO -     cur.execute('''
[2026-04-06T07:20:02.392+0000] {subprocess.py:93} INFO -     │   └ <method 'execute' of 'psycopg2.extensions.cursor' objects>
[2026-04-06T07:20:02.393+0000] {subprocess.py:93} INFO -     └ <cursor object at 0x75e0f254fb80; closed: 0>
[2026-04-06T07:20:02.393+0000] {subprocess.py:93} INFO - 
[2026-04-06T07:20:02.394+0000] {subprocess.py:93} INFO - psycopg2.errors.UndefinedTable: relation "etl_log" does not exist
[2026-04-06T07:20:02.394+0000] {subprocess.py:93} INFO - LINE 2:                 insert into etl_log(run_id,step,status,row_p...
[2026-04-06T07:20:02.395+0000] {subprocess.py:93} INFO -                                     ^
[2026-04-06T07:20:02.396+0000] {subprocess.py:93} INFO - 
[2026-04-06T07:20:02.396+0000] {subprocess.py:93} INFO - 2026-04-06 07:20:02.380 | INFO     | db_log:log_ETL:36 - da dong ket noi
[2026-04-06T07:20:02.405+0000] {subprocess.py:97} INFO - Command exited with return code 0
[2026-04-06T07:20:02.428+0000] {taskinstance.py:1138} INFO - Marking task as SUCCESS. dag_id=nasa_neo_etl_pipeline, task_id=extract_API_to_JSON, execution_date=20260406T071958, start_date=20260406T072000, end_date=20260406T072002
[2026-04-06T07:20:02.481+0000] {local_task_job_runner.py:234} INFO - Task exited with return code 0
[2026-04-06T07:20:02.501+0000] {taskinstance.py:3280} INFO - 1 downstream tasks scheduled from follow-on schedule check
