[2026-04-06T08:20:06.172+0000] {taskinstance.py:1956} INFO - Dependencies all met for dep_context=non-requeueable deps ti=<TaskInstance: nasa_neo_etl_pipeline.flatten_JSON scheduled__2026-04-05T00:00:00+00:00 [queued]>
[2026-04-06T08:20:06.198+0000] {taskinstance.py:1956} INFO - Dependencies all met for dep_context=requeueable deps ti=<TaskInstance: nasa_neo_etl_pipeline.flatten_JSON scheduled__2026-04-05T00:00:00+00:00 [queued]>
[2026-04-06T08:20:06.200+0000] {taskinstance.py:2170} INFO - Starting attempt 2 of 5
[2026-04-06T08:20:06.264+0000] {taskinstance.py:2191} INFO - Executing <Task(BashOperator): flatten_JSON> on 2026-04-05 00:00:00+00:00
[2026-04-06T08:20:06.275+0000] {standard_task_runner.py:60} INFO - Started process 346 to run task
[2026-04-06T08:20:06.282+0000] {standard_task_runner.py:87} INFO - Running: ['airflow', 'tasks', 'run', 'nasa_neo_etl_pipeline', 'flatten_JSON', 'scheduled__2026-04-05T00:00:00+00:00', '--job-id', '17', '--raw', '--subdir', 'DAGS_FOLDER/Asteroid_DAG.py', '--cfg-path', '/tmp/tmp1s22pw9h']
[2026-04-06T08:20:06.285+0000] {standard_task_runner.py:88} INFO - Job 17: Subtask flatten_JSON
[2026-04-06T08:20:06.416+0000] {task_command.py:423} INFO - Running <TaskInstance: nasa_neo_etl_pipeline.flatten_JSON scheduled__2026-04-05T00:00:00+00:00 [running]> on host a8f5a43682e7
[2026-04-06T08:20:06.635+0000] {taskinstance.py:2480} INFO - Exporting env vars: AIRFLOW_CTX_DAG_OWNER='hieu' AIRFLOW_CTX_DAG_ID='nasa_neo_etl_pipeline' AIRFLOW_CTX_TASK_ID='flatten_JSON' AIRFLOW_CTX_EXECUTION_DATE='2026-04-05T00:00:00+00:00' AIRFLOW_CTX_TRY_NUMBER='2' AIRFLOW_CTX_DAG_RUN_ID='scheduled__2026-04-05T00:00:00+00:00'
[2026-04-06T08:20:06.640+0000] {subprocess.py:63} INFO - Tmp dir root location: /tmp
[2026-04-06T08:20:06.642+0000] {subprocess.py:75} INFO - Running command: ['/usr/bin/bash', '-c', "python3 /opt/airflow/scripts/transform_flatten.py '2026-04-05'"]
[2026-04-06T08:20:06.656+0000] {subprocess.py:86} INFO - Output:
[2026-04-06T08:20:06.936+0000] {subprocess.py:93} INFO - 2026-04-06 08:20:06.935 | INFO     | __main__:flatten_data:23 - bat dau flatten
[2026-04-06T08:20:06.959+0000] {subprocess.py:93} INFO - 2026-04-06 08:20:06.959 | SUCCESS  | __main__:flatten_data:46 - flattened 2026-04-05
[2026-04-06T08:20:06.960+0000] {subprocess.py:93} INFO - ------------------------------------------------------
[2026-04-06T08:20:06.988+0000] {subprocess.py:93} INFO - 2026-04-06 08:20:06.970 | ERROR    | db_log:log_ETL:30 - da co loi xay ra duplicate key value violates unique constraint "etl_log_pkey"
[2026-04-06T08:20:06.989+0000] {subprocess.py:93} INFO - DETAIL:  Key (run_id, step)=(20260405, flatten) already exists.
[2026-04-06T08:20:06.990+0000] {subprocess.py:93} INFO - 
[2026-04-06T08:20:06.991+0000] {subprocess.py:93} INFO - Traceback (most recent call last):
[2026-04-06T08:20:06.992+0000] {subprocess.py:93} INFO - 
[2026-04-06T08:20:06.993+0000] {subprocess.py:93} INFO -   File "/opt/airflow/scripts/transform_flatten.py", line 57, in <module>
[2026-04-06T08:20:06.994+0000] {subprocess.py:93} INFO -     flatten_data(run_date)
[2026-04-06T08:20:06.995+0000] {subprocess.py:93} INFO -     │            └ '2026-04-05'
[2026-04-06T08:20:06.996+0000] {subprocess.py:93} INFO -     └ <function flatten_data at 0x733af1997820>
[2026-04-06T08:20:06.996+0000] {subprocess.py:93} INFO - 
[2026-04-06T08:20:06.997+0000] {subprocess.py:93} INFO -   File "/opt/airflow/scripts/transform_flatten.py", line 47, in flatten_data
[2026-04-06T08:20:06.998+0000] {subprocess.py:93} INFO -     log_ETL(run_date, "flatten", "success", None, f"Da luu thanh cong {output_file}")
[2026-04-06T08:20:06.999+0000] {subprocess.py:93} INFO -     │       └ '2026-04-05'
[2026-04-06T08:20:07.000+0000] {subprocess.py:93} INFO -     └ <function log_ETL at 0x733af1997550>
[2026-04-06T08:20:07.001+0000] {subprocess.py:93} INFO - 
[2026-04-06T08:20:07.004+0000] {subprocess.py:93} INFO - > File "/opt/airflow/scripts/db_log.py", line 23, in log_ETL
[2026-04-06T08:20:07.005+0000] {subprocess.py:93} INFO -     cur.execute('''
[2026-04-06T08:20:07.006+0000] {subprocess.py:93} INFO -     │   └ <method 'execute' of 'psycopg2.extensions.cursor' objects>
[2026-04-06T08:20:07.007+0000] {subprocess.py:93} INFO -     └ <cursor object at 0x733af0ec8e50; closed: 0>
[2026-04-06T08:20:07.008+0000] {subprocess.py:93} INFO - 
[2026-04-06T08:20:07.010+0000] {subprocess.py:93} INFO - psycopg2.errors.UniqueViolation: duplicate key value violates unique constraint "etl_log_pkey"
[2026-04-06T08:20:07.013+0000] {subprocess.py:93} INFO - DETAIL:  Key (run_id, step)=(20260405, flatten) already exists.
[2026-04-06T08:20:07.016+0000] {subprocess.py:93} INFO - 
[2026-04-06T08:20:07.017+0000] {subprocess.py:93} INFO - 2026-04-06 08:20:06.990 | INFO     | db_log:log_ETL:38 - da dong ket noi
[2026-04-06T08:20:07.044+0000] {subprocess.py:97} INFO - Command exited with return code 0
[2026-04-06T08:20:07.131+0000] {taskinstance.py:1138} INFO - Marking task as SUCCESS. dag_id=nasa_neo_etl_pipeline, task_id=flatten_JSON, execution_date=20260405T000000, start_date=20260406T082006, end_date=20260406T082007
[2026-04-06T08:20:07.220+0000] {local_task_job_runner.py:234} INFO - Task exited with return code 0
[2026-04-06T08:20:07.274+0000] {taskinstance.py:3280} INFO - 1 downstream tasks scheduled from follow-on schedule check
