[2026-04-06T06:56:40.241+0000] {taskinstance.py:1956} INFO - Dependencies all met for dep_context=non-requeueable deps ti=<TaskInstance: nasa_neo_etl_pipeline.flatten_JSON scheduled__2026-04-05T00:00:00+00:00 [queued]>
[2026-04-06T06:56:40.254+0000] {taskinstance.py:1956} INFO - Dependencies all met for dep_context=requeueable deps ti=<TaskInstance: nasa_neo_etl_pipeline.flatten_JSON scheduled__2026-04-05T00:00:00+00:00 [queued]>
[2026-04-06T06:56:40.255+0000] {taskinstance.py:2170} INFO - Starting attempt 1 of 4
[2026-04-06T06:56:40.279+0000] {taskinstance.py:2191} INFO - Executing <Task(BashOperator): flatten_JSON> on 2026-04-05 00:00:00+00:00
[2026-04-06T06:56:40.285+0000] {standard_task_runner.py:60} INFO - Started process 196 to run task
[2026-04-06T06:56:40.291+0000] {standard_task_runner.py:87} INFO - Running: ['airflow', 'tasks', 'run', 'nasa_neo_etl_pipeline', 'flatten_JSON', 'scheduled__2026-04-05T00:00:00+00:00', '--job-id', '4', '--raw', '--subdir', 'DAGS_FOLDER/Asteroid_DAG.py', '--cfg-path', '/tmp/tmpcb_d34a8']
[2026-04-06T06:56:40.294+0000] {standard_task_runner.py:88} INFO - Job 4: Subtask flatten_JSON
[2026-04-06T06:56:40.360+0000] {task_command.py:423} INFO - Running <TaskInstance: nasa_neo_etl_pipeline.flatten_JSON scheduled__2026-04-05T00:00:00+00:00 [running]> on host 9e29029b67cd
[2026-04-06T06:56:40.492+0000] {taskinstance.py:2480} INFO - Exporting env vars: AIRFLOW_CTX_DAG_OWNER='hieu' AIRFLOW_CTX_DAG_ID='nasa_neo_etl_pipeline' AIRFLOW_CTX_TASK_ID='flatten_JSON' AIRFLOW_CTX_EXECUTION_DATE='2026-04-05T00:00:00+00:00' AIRFLOW_CTX_TRY_NUMBER='1' AIRFLOW_CTX_DAG_RUN_ID='scheduled__2026-04-05T00:00:00+00:00'
[2026-04-06T06:56:40.494+0000] {subprocess.py:63} INFO - Tmp dir root location: /tmp
[2026-04-06T06:56:40.495+0000] {subprocess.py:75} INFO - Running command: ['/usr/bin/bash', '-c', "python3 /opt/airflow/scripts/transform_flatten.py '2026-04-05'"]
[2026-04-06T06:56:40.510+0000] {subprocess.py:86} INFO - Output:
[2026-04-06T06:56:40.699+0000] {subprocess.py:93} INFO - 2026-04-06 06:56:40.699 | INFO     | __main__:flatten_data:23 - bat dau flatten
[2026-04-06T06:56:40.710+0000] {subprocess.py:93} INFO - 2026-04-06 06:56:40.710 | SUCCESS  | __main__:flatten_data:46 - flattened 2026-04-05
[2026-04-06T06:56:40.711+0000] {subprocess.py:93} INFO - ------------------------------------------------------
[2026-04-06T06:56:40.728+0000] {subprocess.py:93} INFO - 2026-04-06 06:56:40.716 | ERROR    | db_log:log_ETL:28 - da co loi xay ra relation "etl_log" does not exist
[2026-04-06T06:56:40.729+0000] {subprocess.py:93} INFO - LINE 2:                 insert into etl_log(run_id,step,status,row_p...
[2026-04-06T06:56:40.729+0000] {subprocess.py:93} INFO -                                     ^
[2026-04-06T06:56:40.730+0000] {subprocess.py:93} INFO - 
[2026-04-06T06:56:40.731+0000] {subprocess.py:93} INFO - Traceback (most recent call last):
[2026-04-06T06:56:40.737+0000] {subprocess.py:93} INFO - 
[2026-04-06T06:56:40.737+0000] {subprocess.py:93} INFO -   File "/opt/airflow/scripts/transform_flatten.py", line 57, in <module>
[2026-04-06T06:56:40.738+0000] {subprocess.py:93} INFO -     flatten_data(run_date)
[2026-04-06T06:56:40.738+0000] {subprocess.py:93} INFO -     │            └ '2026-04-05'
[2026-04-06T06:56:40.739+0000] {subprocess.py:93} INFO -     └ <function flatten_data at 0x75067eacc820>
[2026-04-06T06:56:40.739+0000] {subprocess.py:93} INFO - 
[2026-04-06T06:56:40.740+0000] {subprocess.py:93} INFO -   File "/opt/airflow/scripts/transform_flatten.py", line 47, in flatten_data
[2026-04-06T06:56:40.740+0000] {subprocess.py:93} INFO -     log_ETL(run_date, "flatten", "success", None, f"Da luu thanh cong {output_file}")
[2026-04-06T06:56:40.741+0000] {subprocess.py:93} INFO -     │       └ '2026-04-05'
[2026-04-06T06:56:40.741+0000] {subprocess.py:93} INFO -     └ <function log_ETL at 0x75067eacc550>
[2026-04-06T06:56:40.742+0000] {subprocess.py:93} INFO - 
[2026-04-06T06:56:40.742+0000] {subprocess.py:93} INFO - > File "/opt/airflow/scripts/db_log.py", line 21, in log_ETL
[2026-04-06T06:56:40.742+0000] {subprocess.py:93} INFO -     cur.execute('''
[2026-04-06T06:56:40.743+0000] {subprocess.py:93} INFO -     │   └ <method 'execute' of 'psycopg2.extensions.cursor' objects>
[2026-04-06T06:56:40.744+0000] {subprocess.py:93} INFO -     └ <cursor object at 0x75067dffdd60; closed: 0>
[2026-04-06T06:56:40.744+0000] {subprocess.py:93} INFO - 
[2026-04-06T06:56:40.745+0000] {subprocess.py:93} INFO - psycopg2.errors.UndefinedTable: relation "etl_log" does not exist
[2026-04-06T06:56:40.746+0000] {subprocess.py:93} INFO - LINE 2:                 insert into etl_log(run_id,step,status,row_p...
[2026-04-06T06:56:40.746+0000] {subprocess.py:93} INFO -                                     ^
[2026-04-06T06:56:40.747+0000] {subprocess.py:93} INFO - 
[2026-04-06T06:56:40.747+0000] {subprocess.py:93} INFO - 2026-04-06 06:56:40.729 | INFO     | db_log:log_ETL:36 - da dong ket noi
[2026-04-06T06:56:40.748+0000] {subprocess.py:97} INFO - Command exited with return code 0
[2026-04-06T06:56:40.805+0000] {taskinstance.py:1138} INFO - Marking task as SUCCESS. dag_id=nasa_neo_etl_pipeline, task_id=flatten_JSON, execution_date=20260405T000000, start_date=20260406T065640, end_date=20260406T065640
[2026-04-06T06:56:40.826+0000] {local_task_job_runner.py:234} INFO - Task exited with return code 0
[2026-04-06T06:56:40.854+0000] {taskinstance.py:3280} INFO - 1 downstream tasks scheduled from follow-on schedule check
[2026-04-06T07:04:23.128+0000] {taskinstance.py:1956} INFO - Dependencies all met for dep_context=non-requeueable deps ti=<TaskInstance: nasa_neo_etl_pipeline.flatten_JSON scheduled__2026-04-05T00:00:00+00:00 [queued]>
[2026-04-06T07:04:23.143+0000] {taskinstance.py:1956} INFO - Dependencies all met for dep_context=requeueable deps ti=<TaskInstance: nasa_neo_etl_pipeline.flatten_JSON scheduled__2026-04-05T00:00:00+00:00 [queued]>
[2026-04-06T07:04:23.145+0000] {taskinstance.py:2170} INFO - Starting attempt 1 of 4
[2026-04-06T07:04:23.193+0000] {taskinstance.py:2191} INFO - Executing <Task(BashOperator): flatten_JSON> on 2026-04-05 00:00:00+00:00
[2026-04-06T07:04:23.202+0000] {standard_task_runner.py:60} INFO - Started process 216 to run task
[2026-04-06T07:04:23.206+0000] {standard_task_runner.py:87} INFO - Running: ['airflow', 'tasks', 'run', 'nasa_neo_etl_pipeline', 'flatten_JSON', 'scheduled__2026-04-05T00:00:00+00:00', '--job-id', '4', '--raw', '--subdir', 'DAGS_FOLDER/Asteroid_DAG.py', '--cfg-path', '/tmp/tmpvifu4o57']
[2026-04-06T07:04:23.209+0000] {standard_task_runner.py:88} INFO - Job 4: Subtask flatten_JSON
[2026-04-06T07:04:23.315+0000] {task_command.py:423} INFO - Running <TaskInstance: nasa_neo_etl_pipeline.flatten_JSON scheduled__2026-04-05T00:00:00+00:00 [running]> on host ea08d20ed4e4
[2026-04-06T07:04:23.435+0000] {taskinstance.py:2480} INFO - Exporting env vars: AIRFLOW_CTX_DAG_OWNER='hieu' AIRFLOW_CTX_DAG_ID='nasa_neo_etl_pipeline' AIRFLOW_CTX_TASK_ID='flatten_JSON' AIRFLOW_CTX_EXECUTION_DATE='2026-04-05T00:00:00+00:00' AIRFLOW_CTX_TRY_NUMBER='1' AIRFLOW_CTX_DAG_RUN_ID='scheduled__2026-04-05T00:00:00+00:00'
[2026-04-06T07:04:23.437+0000] {subprocess.py:63} INFO - Tmp dir root location: /tmp
[2026-04-06T07:04:23.439+0000] {subprocess.py:75} INFO - Running command: ['/usr/bin/bash', '-c', "python3 /opt/airflow/scripts/transform_flatten.py '2026-04-05'"]
[2026-04-06T07:04:23.449+0000] {subprocess.py:86} INFO - Output:
[2026-04-06T07:04:23.637+0000] {subprocess.py:93} INFO - 2026-04-06 07:04:23.637 | INFO     | __main__:flatten_data:23 - bat dau flatten
[2026-04-06T07:04:23.658+0000] {subprocess.py:93} INFO - 2026-04-06 07:04:23.657 | SUCCESS  | __main__:flatten_data:46 - flattened 2026-04-05
[2026-04-06T07:04:23.659+0000] {subprocess.py:93} INFO - ------------------------------------------------------
[2026-04-06T07:04:23.685+0000] {subprocess.py:93} INFO - 2026-04-06 07:04:23.666 | ERROR    | db_log:log_ETL:28 - da co loi xay ra relation "etl_log" does not exist
[2026-04-06T07:04:23.703+0000] {subprocess.py:93} INFO - LINE 2:                 insert into etl_log(run_id,step,status,row_p...
[2026-04-06T07:04:23.704+0000] {subprocess.py:93} INFO -                                     ^
[2026-04-06T07:04:23.704+0000] {subprocess.py:93} INFO - 
[2026-04-06T07:04:23.705+0000] {subprocess.py:93} INFO - Traceback (most recent call last):
[2026-04-06T07:04:23.706+0000] {subprocess.py:93} INFO - 
[2026-04-06T07:04:23.707+0000] {subprocess.py:93} INFO -   File "/opt/airflow/scripts/transform_flatten.py", line 57, in <module>
[2026-04-06T07:04:23.707+0000] {subprocess.py:93} INFO -     flatten_data(run_date)
[2026-04-06T07:04:23.708+0000] {subprocess.py:93} INFO -     │            └ '2026-04-05'
[2026-04-06T07:04:23.709+0000] {subprocess.py:93} INFO -     └ <function flatten_data at 0x79ed544d9820>
[2026-04-06T07:04:23.709+0000] {subprocess.py:93} INFO - 
[2026-04-06T07:04:23.710+0000] {subprocess.py:93} INFO -   File "/opt/airflow/scripts/transform_flatten.py", line 47, in flatten_data
[2026-04-06T07:04:23.711+0000] {subprocess.py:93} INFO -     log_ETL(run_date, "flatten", "success", None, f"Da luu thanh cong {output_file}")
[2026-04-06T07:04:23.712+0000] {subprocess.py:93} INFO -     │       └ '2026-04-05'
[2026-04-06T07:04:23.712+0000] {subprocess.py:93} INFO -     └ <function log_ETL at 0x79ed544d9550>
[2026-04-06T07:04:23.713+0000] {subprocess.py:93} INFO - 
[2026-04-06T07:04:23.714+0000] {subprocess.py:93} INFO - > File "/opt/airflow/scripts/db_log.py", line 21, in log_ETL
[2026-04-06T07:04:23.714+0000] {subprocess.py:93} INFO -     cur.execute('''
[2026-04-06T07:04:23.715+0000] {subprocess.py:93} INFO -     │   └ <method 'execute' of 'psycopg2.extensions.cursor' objects>
[2026-04-06T07:04:23.716+0000] {subprocess.py:93} INFO -     └ <cursor object at 0x79ed53a0ad60; closed: 0>
[2026-04-06T07:04:23.716+0000] {subprocess.py:93} INFO - 
[2026-04-06T07:04:23.717+0000] {subprocess.py:93} INFO - psycopg2.errors.UndefinedTable: relation "etl_log" does not exist
[2026-04-06T07:04:23.718+0000] {subprocess.py:93} INFO - LINE 2:                 insert into etl_log(run_id,step,status,row_p...
[2026-04-06T07:04:23.719+0000] {subprocess.py:93} INFO -                                     ^
[2026-04-06T07:04:23.719+0000] {subprocess.py:93} INFO - 
[2026-04-06T07:04:23.720+0000] {subprocess.py:93} INFO - 2026-04-06 07:04:23.703 | INFO     | db_log:log_ETL:36 - da dong ket noi
[2026-04-06T07:04:23.730+0000] {subprocess.py:97} INFO - Command exited with return code 0
[2026-04-06T07:04:23.799+0000] {taskinstance.py:1138} INFO - Marking task as SUCCESS. dag_id=nasa_neo_etl_pipeline, task_id=flatten_JSON, execution_date=20260405T000000, start_date=20260406T070423, end_date=20260406T070423
[2026-04-06T07:04:23.827+0000] {local_task_job_runner.py:234} INFO - Task exited with return code 0
[2026-04-06T07:04:23.851+0000] {taskinstance.py:3280} INFO - 1 downstream tasks scheduled from follow-on schedule check
[2026-04-06T07:20:00.184+0000] {taskinstance.py:1956} INFO - Dependencies all met for dep_context=non-requeueable deps ti=<TaskInstance: nasa_neo_etl_pipeline.flatten_JSON scheduled__2026-04-05T00:00:00+00:00 [queued]>
[2026-04-06T07:20:00.193+0000] {taskinstance.py:1956} INFO - Dependencies all met for dep_context=requeueable deps ti=<TaskInstance: nasa_neo_etl_pipeline.flatten_JSON scheduled__2026-04-05T00:00:00+00:00 [queued]>
[2026-04-06T07:20:00.193+0000] {taskinstance.py:2170} INFO - Starting attempt 1 of 4
[2026-04-06T07:20:00.208+0000] {taskinstance.py:2191} INFO - Executing <Task(BashOperator): flatten_JSON> on 2026-04-05 00:00:00+00:00
[2026-04-06T07:20:00.212+0000] {standard_task_runner.py:60} INFO - Started process 231 to run task
[2026-04-06T07:20:00.215+0000] {standard_task_runner.py:87} INFO - Running: ['airflow', 'tasks', 'run', 'nasa_neo_etl_pipeline', 'flatten_JSON', 'scheduled__2026-04-05T00:00:00+00:00', '--job-id', '3', '--raw', '--subdir', 'DAGS_FOLDER/Asteroid_DAG.py', '--cfg-path', '/tmp/tmpg4y4z_bw']
[2026-04-06T07:20:00.217+0000] {standard_task_runner.py:88} INFO - Job 3: Subtask flatten_JSON
[2026-04-06T07:20:00.273+0000] {task_command.py:423} INFO - Running <TaskInstance: nasa_neo_etl_pipeline.flatten_JSON scheduled__2026-04-05T00:00:00+00:00 [running]> on host 1acb6b6321cd
[2026-04-06T07:20:00.348+0000] {taskinstance.py:2480} INFO - Exporting env vars: AIRFLOW_CTX_DAG_OWNER='hieu' AIRFLOW_CTX_DAG_ID='nasa_neo_etl_pipeline' AIRFLOW_CTX_TASK_ID='flatten_JSON' AIRFLOW_CTX_EXECUTION_DATE='2026-04-05T00:00:00+00:00' AIRFLOW_CTX_TRY_NUMBER='1' AIRFLOW_CTX_DAG_RUN_ID='scheduled__2026-04-05T00:00:00+00:00'
[2026-04-06T07:20:00.349+0000] {subprocess.py:63} INFO - Tmp dir root location: /tmp
[2026-04-06T07:20:00.350+0000] {subprocess.py:75} INFO - Running command: ['/usr/bin/bash', '-c', "python3 /opt/airflow/scripts/transform_flatten.py '2026-04-05'"]
[2026-04-06T07:20:00.358+0000] {subprocess.py:86} INFO - Output:
[2026-04-06T07:20:00.496+0000] {subprocess.py:93} INFO - 2026-04-06 07:20:00.496 | INFO     | __main__:flatten_data:23 - bat dau flatten
[2026-04-06T07:20:00.509+0000] {subprocess.py:93} INFO - 2026-04-06 07:20:00.509 | SUCCESS  | __main__:flatten_data:46 - flattened 2026-04-05
[2026-04-06T07:20:00.510+0000] {subprocess.py:93} INFO - ------------------------------------------------------
[2026-04-06T07:20:00.527+0000] {subprocess.py:93} INFO - 2026-04-06 07:20:00.515 | ERROR    | db_log:log_ETL:28 - da co loi xay ra relation "etl_log" does not exist
[2026-04-06T07:20:00.528+0000] {subprocess.py:93} INFO - LINE 2:                 insert into etl_log(run_id,step,status,row_p...
[2026-04-06T07:20:00.528+0000] {subprocess.py:93} INFO -                                     ^
[2026-04-06T07:20:00.529+0000] {subprocess.py:93} INFO - 
[2026-04-06T07:20:00.529+0000] {subprocess.py:93} INFO - Traceback (most recent call last):
[2026-04-06T07:20:00.530+0000] {subprocess.py:93} INFO - 
[2026-04-06T07:20:00.531+0000] {subprocess.py:93} INFO -   File "/opt/airflow/scripts/transform_flatten.py", line 57, in <module>
[2026-04-06T07:20:00.532+0000] {subprocess.py:93} INFO -     flatten_data(run_date)
[2026-04-06T07:20:00.532+0000] {subprocess.py:93} INFO -     │            └ '2026-04-05'
[2026-04-06T07:20:00.533+0000] {subprocess.py:93} INFO -     └ <function flatten_data at 0x72e5b9165820>
[2026-04-06T07:20:00.533+0000] {subprocess.py:93} INFO - 
[2026-04-06T07:20:00.534+0000] {subprocess.py:93} INFO -   File "/opt/airflow/scripts/transform_flatten.py", line 47, in flatten_data
[2026-04-06T07:20:00.534+0000] {subprocess.py:93} INFO -     log_ETL(run_date, "flatten", "success", None, f"Da luu thanh cong {output_file}")
[2026-04-06T07:20:00.535+0000] {subprocess.py:93} INFO -     │       └ '2026-04-05'
[2026-04-06T07:20:00.535+0000] {subprocess.py:93} INFO -     └ <function log_ETL at 0x72e5b9165550>
[2026-04-06T07:20:00.536+0000] {subprocess.py:93} INFO - 
[2026-04-06T07:20:00.536+0000] {subprocess.py:93} INFO - > File "/opt/airflow/scripts/db_log.py", line 21, in log_ETL
[2026-04-06T07:20:00.537+0000] {subprocess.py:93} INFO -     cur.execute('''
[2026-04-06T07:20:00.537+0000] {subprocess.py:93} INFO -     │   └ <method 'execute' of 'psycopg2.extensions.cursor' objects>
[2026-04-06T07:20:00.538+0000] {subprocess.py:93} INFO -     └ <cursor object at 0x72e5b8696d60; closed: 0>
[2026-04-06T07:20:00.538+0000] {subprocess.py:93} INFO - 
[2026-04-06T07:20:00.539+0000] {subprocess.py:93} INFO - psycopg2.errors.UndefinedTable: relation "etl_log" does not exist
[2026-04-06T07:20:00.540+0000] {subprocess.py:93} INFO - LINE 2:                 insert into etl_log(run_id,step,status,row_p...
[2026-04-06T07:20:00.540+0000] {subprocess.py:93} INFO -                                     ^
[2026-04-06T07:20:00.541+0000] {subprocess.py:93} INFO - 
[2026-04-06T07:20:00.541+0000] {subprocess.py:93} INFO - 2026-04-06 07:20:00.528 | INFO     | db_log:log_ETL:36 - da dong ket noi
[2026-04-06T07:20:00.542+0000] {subprocess.py:97} INFO - Command exited with return code 0
[2026-04-06T07:20:00.565+0000] {taskinstance.py:1138} INFO - Marking task as SUCCESS. dag_id=nasa_neo_etl_pipeline, task_id=flatten_JSON, execution_date=20260405T000000, start_date=20260406T072000, end_date=20260406T072000
[2026-04-06T07:20:00.589+0000] {local_task_job_runner.py:234} INFO - Task exited with return code 0
[2026-04-06T07:20:00.608+0000] {taskinstance.py:3280} INFO - 1 downstream tasks scheduled from follow-on schedule check
[2026-04-06T07:31:24.826+0000] {taskinstance.py:1956} INFO - Dependencies all met for dep_context=non-requeueable deps ti=<TaskInstance: nasa_neo_etl_pipeline.flatten_JSON scheduled__2026-04-05T00:00:00+00:00 [queued]>
[2026-04-06T07:31:24.833+0000] {taskinstance.py:1956} INFO - Dependencies all met for dep_context=requeueable deps ti=<TaskInstance: nasa_neo_etl_pipeline.flatten_JSON scheduled__2026-04-05T00:00:00+00:00 [queued]>
[2026-04-06T07:31:24.833+0000] {taskinstance.py:2170} INFO - Starting attempt 1 of 4
[2026-04-06T07:31:24.846+0000] {taskinstance.py:2191} INFO - Executing <Task(BashOperator): flatten_JSON> on 2026-04-05 00:00:00+00:00
[2026-04-06T07:31:24.851+0000] {standard_task_runner.py:60} INFO - Started process 202 to run task
[2026-04-06T07:31:24.853+0000] {standard_task_runner.py:87} INFO - Running: ['airflow', 'tasks', 'run', 'nasa_neo_etl_pipeline', 'flatten_JSON', 'scheduled__2026-04-05T00:00:00+00:00', '--job-id', '4', '--raw', '--subdir', 'DAGS_FOLDER/Asteroid_DAG.py', '--cfg-path', '/tmp/tmpaexfwstw']
[2026-04-06T07:31:24.854+0000] {standard_task_runner.py:88} INFO - Job 4: Subtask flatten_JSON
[2026-04-06T07:31:24.895+0000] {task_command.py:423} INFO - Running <TaskInstance: nasa_neo_etl_pipeline.flatten_JSON scheduled__2026-04-05T00:00:00+00:00 [running]> on host 2b39c12e0bc6
[2026-04-06T07:31:24.961+0000] {taskinstance.py:2480} INFO - Exporting env vars: AIRFLOW_CTX_DAG_OWNER='hieu' AIRFLOW_CTX_DAG_ID='nasa_neo_etl_pipeline' AIRFLOW_CTX_TASK_ID='flatten_JSON' AIRFLOW_CTX_EXECUTION_DATE='2026-04-05T00:00:00+00:00' AIRFLOW_CTX_TRY_NUMBER='1' AIRFLOW_CTX_DAG_RUN_ID='scheduled__2026-04-05T00:00:00+00:00'
[2026-04-06T07:31:24.962+0000] {subprocess.py:63} INFO - Tmp dir root location: /tmp
[2026-04-06T07:31:24.963+0000] {subprocess.py:75} INFO - Running command: ['/usr/bin/bash', '-c', "python3 /opt/airflow/scripts/transform_flatten.py '2026-04-05'"]
[2026-04-06T07:31:24.970+0000] {subprocess.py:86} INFO - Output:
[2026-04-06T07:31:25.082+0000] {subprocess.py:93} INFO - 2026-04-06 07:31:25.082 | INFO     | __main__:flatten_data:23 - bat dau flatten
[2026-04-06T07:31:25.095+0000] {subprocess.py:93} INFO - 2026-04-06 07:31:25.094 | SUCCESS  | __main__:flatten_data:46 - flattened 2026-04-05
[2026-04-06T07:31:25.095+0000] {subprocess.py:93} INFO - ------------------------------------------------------
[2026-04-06T07:31:25.110+0000] {subprocess.py:93} INFO - 2026-04-06 07:31:25.099 | ERROR    | db_log:log_ETL:28 - da co loi xay ra relation "etl_log" does not exist
[2026-04-06T07:31:25.111+0000] {subprocess.py:93} INFO - LINE 2:                 insert into etl_log(run_id,step,status,row_p...
[2026-04-06T07:31:25.111+0000] {subprocess.py:93} INFO -                                     ^
[2026-04-06T07:31:25.112+0000] {subprocess.py:93} INFO - 
[2026-04-06T07:31:25.113+0000] {subprocess.py:93} INFO - Traceback (most recent call last):
[2026-04-06T07:31:25.113+0000] {subprocess.py:93} INFO - 
[2026-04-06T07:31:25.114+0000] {subprocess.py:93} INFO -   File "/opt/airflow/scripts/transform_flatten.py", line 57, in <module>
[2026-04-06T07:31:25.114+0000] {subprocess.py:93} INFO -     flatten_data(run_date)
[2026-04-06T07:31:25.115+0000] {subprocess.py:93} INFO -     │            └ '2026-04-05'
[2026-04-06T07:31:25.116+0000] {subprocess.py:93} INFO -     └ <function flatten_data at 0x7a3a8b512820>
[2026-04-06T07:31:25.116+0000] {subprocess.py:93} INFO - 
[2026-04-06T07:31:25.117+0000] {subprocess.py:93} INFO -   File "/opt/airflow/scripts/transform_flatten.py", line 47, in flatten_data
[2026-04-06T07:31:25.117+0000] {subprocess.py:93} INFO -     log_ETL(run_date, "flatten", "success", None, f"Da luu thanh cong {output_file}")
[2026-04-06T07:31:25.118+0000] {subprocess.py:93} INFO -     │       └ '2026-04-05'
[2026-04-06T07:31:25.118+0000] {subprocess.py:93} INFO -     └ <function log_ETL at 0x7a3a8b512550>
[2026-04-06T07:31:25.118+0000] {subprocess.py:93} INFO - 
[2026-04-06T07:31:25.119+0000] {subprocess.py:93} INFO - > File "/opt/airflow/scripts/db_log.py", line 21, in log_ETL
[2026-04-06T07:31:25.120+0000] {subprocess.py:93} INFO -     cur.execute('''
[2026-04-06T07:31:25.120+0000] {subprocess.py:93} INFO -     │   └ <method 'execute' of 'psycopg2.extensions.cursor' objects>
[2026-04-06T07:31:25.121+0000] {subprocess.py:93} INFO -     └ <cursor object at 0x7a3a8aa43d60; closed: 0>
[2026-04-06T07:31:25.121+0000] {subprocess.py:93} INFO - 
[2026-04-06T07:31:25.122+0000] {subprocess.py:93} INFO - psycopg2.errors.UndefinedTable: relation "etl_log" does not exist
[2026-04-06T07:31:25.122+0000] {subprocess.py:93} INFO - LINE 2:                 insert into etl_log(run_id,step,status,row_p...
[2026-04-06T07:31:25.123+0000] {subprocess.py:93} INFO -                                     ^
[2026-04-06T07:31:25.123+0000] {subprocess.py:93} INFO - 
[2026-04-06T07:31:25.123+0000] {subprocess.py:93} INFO - 2026-04-06 07:31:25.111 | INFO     | db_log:log_ETL:36 - da dong ket noi
[2026-04-06T07:31:25.128+0000] {subprocess.py:97} INFO - Command exited with return code 0
[2026-04-06T07:31:25.155+0000] {taskinstance.py:1138} INFO - Marking task as SUCCESS. dag_id=nasa_neo_etl_pipeline, task_id=flatten_JSON, execution_date=20260405T000000, start_date=20260406T073124, end_date=20260406T073125
[2026-04-06T07:31:25.186+0000] {local_task_job_runner.py:234} INFO - Task exited with return code 0
[2026-04-06T07:31:25.205+0000] {taskinstance.py:3280} INFO - 1 downstream tasks scheduled from follow-on schedule check
[2026-04-06T07:39:09.222+0000] {taskinstance.py:1956} INFO - Dependencies all met for dep_context=non-requeueable deps ti=<TaskInstance: nasa_neo_etl_pipeline.flatten_JSON scheduled__2026-04-05T00:00:00+00:00 [queued]>
[2026-04-06T07:39:09.231+0000] {taskinstance.py:1956} INFO - Dependencies all met for dep_context=requeueable deps ti=<TaskInstance: nasa_neo_etl_pipeline.flatten_JSON scheduled__2026-04-05T00:00:00+00:00 [queued]>
[2026-04-06T07:39:09.232+0000] {taskinstance.py:2170} INFO - Starting attempt 1 of 4
[2026-04-06T07:39:09.249+0000] {taskinstance.py:2191} INFO - Executing <Task(BashOperator): flatten_JSON> on 2026-04-05 00:00:00+00:00
[2026-04-06T07:39:09.253+0000] {standard_task_runner.py:60} INFO - Started process 194 to run task
[2026-04-06T07:39:09.255+0000] {standard_task_runner.py:87} INFO - Running: ['airflow', 'tasks', 'run', 'nasa_neo_etl_pipeline', 'flatten_JSON', 'scheduled__2026-04-05T00:00:00+00:00', '--job-id', '3', '--raw', '--subdir', 'DAGS_FOLDER/Asteroid_DAG.py', '--cfg-path', '/tmp/tmpt4zvuogz']
[2026-04-06T07:39:09.257+0000] {standard_task_runner.py:88} INFO - Job 3: Subtask flatten_JSON
[2026-04-06T07:39:09.307+0000] {task_command.py:423} INFO - Running <TaskInstance: nasa_neo_etl_pipeline.flatten_JSON scheduled__2026-04-05T00:00:00+00:00 [running]> on host 270afc779c61
[2026-04-06T07:39:09.388+0000] {taskinstance.py:2480} INFO - Exporting env vars: AIRFLOW_CTX_DAG_OWNER='hieu' AIRFLOW_CTX_DAG_ID='nasa_neo_etl_pipeline' AIRFLOW_CTX_TASK_ID='flatten_JSON' AIRFLOW_CTX_EXECUTION_DATE='2026-04-05T00:00:00+00:00' AIRFLOW_CTX_TRY_NUMBER='1' AIRFLOW_CTX_DAG_RUN_ID='scheduled__2026-04-05T00:00:00+00:00'
[2026-04-06T07:39:09.390+0000] {subprocess.py:63} INFO - Tmp dir root location: /tmp
[2026-04-06T07:39:09.391+0000] {subprocess.py:75} INFO - Running command: ['/usr/bin/bash', '-c', "python3 /opt/airflow/scripts/transform_flatten.py '2026-04-05'"]
[2026-04-06T07:39:09.402+0000] {subprocess.py:86} INFO - Output:
[2026-04-06T07:39:09.565+0000] {subprocess.py:93} INFO - 2026-04-06 07:39:09.564 | INFO     | __main__:flatten_data:23 - bat dau flatten
[2026-04-06T07:39:09.578+0000] {subprocess.py:93} INFO - 2026-04-06 07:39:09.578 | SUCCESS  | __main__:flatten_data:46 - flattened 2026-04-05
[2026-04-06T07:39:09.579+0000] {subprocess.py:93} INFO - ------------------------------------------------------
[2026-04-06T07:39:09.598+0000] {subprocess.py:93} INFO - 2026-04-06 07:39:09.584 | ERROR    | db_log:log_ETL:28 - da co loi xay ra invalid input syntax for type integer: "2026-04-05"
[2026-04-06T07:39:09.599+0000] {subprocess.py:93} INFO - LINE 4:                 ('2026-04-05', 'flatten', 'success', NULL, '...
[2026-04-06T07:39:09.599+0000] {subprocess.py:93} INFO -                          ^
[2026-04-06T07:39:09.600+0000] {subprocess.py:93} INFO - 
[2026-04-06T07:39:09.600+0000] {subprocess.py:93} INFO - Traceback (most recent call last):
[2026-04-06T07:39:09.601+0000] {subprocess.py:93} INFO - 
[2026-04-06T07:39:09.602+0000] {subprocess.py:93} INFO -   File "/opt/airflow/scripts/transform_flatten.py", line 57, in <module>
[2026-04-06T07:39:09.602+0000] {subprocess.py:93} INFO -     flatten_data(run_date)
[2026-04-06T07:39:09.603+0000] {subprocess.py:93} INFO -     │            └ '2026-04-05'
[2026-04-06T07:39:09.603+0000] {subprocess.py:93} INFO -     └ <function flatten_data at 0x7fe06b7bb820>
[2026-04-06T07:39:09.604+0000] {subprocess.py:93} INFO - 
[2026-04-06T07:39:09.605+0000] {subprocess.py:93} INFO -   File "/opt/airflow/scripts/transform_flatten.py", line 47, in flatten_data
[2026-04-06T07:39:09.605+0000] {subprocess.py:93} INFO -     log_ETL(run_date, "flatten", "success", None, f"Da luu thanh cong {output_file}")
[2026-04-06T07:39:09.606+0000] {subprocess.py:93} INFO -     │       └ '2026-04-05'
[2026-04-06T07:39:09.606+0000] {subprocess.py:93} INFO -     └ <function log_ETL at 0x7fe06b7bb550>
[2026-04-06T07:39:09.607+0000] {subprocess.py:93} INFO - 
[2026-04-06T07:39:09.608+0000] {subprocess.py:93} INFO - > File "/opt/airflow/scripts/db_log.py", line 21, in log_ETL
[2026-04-06T07:39:09.609+0000] {subprocess.py:93} INFO -     cur.execute('''
[2026-04-06T07:39:09.609+0000] {subprocess.py:93} INFO -     │   └ <method 'execute' of 'psycopg2.extensions.cursor' objects>
[2026-04-06T07:39:09.610+0000] {subprocess.py:93} INFO -     └ <cursor object at 0x7fe06acecd60; closed: 0>
[2026-04-06T07:39:09.611+0000] {subprocess.py:93} INFO - 
[2026-04-06T07:39:09.611+0000] {subprocess.py:93} INFO - psycopg2.errors.InvalidTextRepresentation: invalid input syntax for type integer: "2026-04-05"
[2026-04-06T07:39:09.612+0000] {subprocess.py:93} INFO - LINE 4:                 ('2026-04-05', 'flatten', 'success', NULL, '...
[2026-04-06T07:39:09.612+0000] {subprocess.py:93} INFO -                          ^
[2026-04-06T07:39:09.613+0000] {subprocess.py:93} INFO - 
[2026-04-06T07:39:09.614+0000] {subprocess.py:93} INFO - 2026-04-06 07:39:09.599 | INFO     | db_log:log_ETL:36 - da dong ket noi
[2026-04-06T07:39:09.618+0000] {subprocess.py:97} INFO - Command exited with return code 0
[2026-04-06T07:39:09.643+0000] {taskinstance.py:1138} INFO - Marking task as SUCCESS. dag_id=nasa_neo_etl_pipeline, task_id=flatten_JSON, execution_date=20260405T000000, start_date=20260406T073909, end_date=20260406T073909
[2026-04-06T07:39:09.667+0000] {local_task_job_runner.py:234} INFO - Task exited with return code 0
[2026-04-06T07:39:09.687+0000] {taskinstance.py:3280} INFO - 1 downstream tasks scheduled from follow-on schedule check
[2026-04-06T08:03:07.839+0000] {taskinstance.py:1956} INFO - Dependencies all met for dep_context=non-requeueable deps ti=<TaskInstance: nasa_neo_etl_pipeline.flatten_JSON scheduled__2026-04-05T00:00:00+00:00 [queued]>
[2026-04-06T08:03:07.850+0000] {taskinstance.py:1956} INFO - Dependencies all met for dep_context=requeueable deps ti=<TaskInstance: nasa_neo_etl_pipeline.flatten_JSON scheduled__2026-04-05T00:00:00+00:00 [queued]>
[2026-04-06T08:03:07.851+0000] {taskinstance.py:2170} INFO - Starting attempt 1 of 4
[2026-04-06T08:03:07.899+0000] {taskinstance.py:2191} INFO - Executing <Task(BashOperator): flatten_JSON> on 2026-04-05 00:00:00+00:00
[2026-04-06T08:03:07.905+0000] {standard_task_runner.py:60} INFO - Started process 210 to run task
[2026-04-06T08:03:07.907+0000] {standard_task_runner.py:87} INFO - Running: ['airflow', 'tasks', 'run', 'nasa_neo_etl_pipeline', 'flatten_JSON', 'scheduled__2026-04-05T00:00:00+00:00', '--job-id', '3', '--raw', '--subdir', 'DAGS_FOLDER/Asteroid_DAG.py', '--cfg-path', '/tmp/tmp__yhlxss']
[2026-04-06T08:03:07.911+0000] {standard_task_runner.py:88} INFO - Job 3: Subtask flatten_JSON
[2026-04-06T08:03:08.004+0000] {task_command.py:423} INFO - Running <TaskInstance: nasa_neo_etl_pipeline.flatten_JSON scheduled__2026-04-05T00:00:00+00:00 [running]> on host aaedc428eaf5
[2026-04-06T08:03:08.138+0000] {taskinstance.py:2480} INFO - Exporting env vars: AIRFLOW_CTX_DAG_OWNER='hieu' AIRFLOW_CTX_DAG_ID='nasa_neo_etl_pipeline' AIRFLOW_CTX_TASK_ID='flatten_JSON' AIRFLOW_CTX_EXECUTION_DATE='2026-04-05T00:00:00+00:00' AIRFLOW_CTX_TRY_NUMBER='1' AIRFLOW_CTX_DAG_RUN_ID='scheduled__2026-04-05T00:00:00+00:00'
[2026-04-06T08:03:08.141+0000] {subprocess.py:63} INFO - Tmp dir root location: /tmp
[2026-04-06T08:03:08.143+0000] {subprocess.py:75} INFO - Running command: ['/usr/bin/bash', '-c', "python3 /opt/airflow/scripts/transform_flatten.py '2026-04-05'"]
[2026-04-06T08:03:08.153+0000] {subprocess.py:86} INFO - Output:
[2026-04-06T08:03:08.430+0000] {subprocess.py:93} INFO - 2026-04-06 08:03:08.429 | INFO     | __main__:flatten_data:23 - bat dau flatten
[2026-04-06T08:03:08.459+0000] {subprocess.py:93} INFO - 2026-04-06 08:03:08.458 | SUCCESS  | __main__:flatten_data:46 - flattened 2026-04-05
[2026-04-06T08:03:08.460+0000] {subprocess.py:93} INFO - ------------------------------------------------------
[2026-04-06T08:03:08.501+0000] {subprocess.py:93} INFO - 2026-04-06 08:03:08.501 | INFO     | db_log:log_ETL:38 - da dong ket noi
[2026-04-06T08:03:08.537+0000] {subprocess.py:97} INFO - Command exited with return code 0
[2026-04-06T08:03:08.569+0000] {taskinstance.py:1138} INFO - Marking task as SUCCESS. dag_id=nasa_neo_etl_pipeline, task_id=flatten_JSON, execution_date=20260405T000000, start_date=20260406T080307, end_date=20260406T080308
[2026-04-06T08:03:08.605+0000] {local_task_job_runner.py:234} INFO - Task exited with return code 0
[2026-04-06T08:03:08.633+0000] {taskinstance.py:3280} INFO - 1 downstream tasks scheduled from follow-on schedule check
[2026-04-06T08:13:20.775+0000] {taskinstance.py:1956} INFO - Dependencies all met for dep_context=non-requeueable deps ti=<TaskInstance: nasa_neo_etl_pipeline.flatten_JSON scheduled__2026-04-05T00:00:00+00:00 [queued]>
[2026-04-06T08:13:20.786+0000] {taskinstance.py:1956} INFO - Dependencies all met for dep_context=requeueable deps ti=<TaskInstance: nasa_neo_etl_pipeline.flatten_JSON scheduled__2026-04-05T00:00:00+00:00 [queued]>
[2026-04-06T08:13:20.808+0000] {taskinstance.py:2170} INFO - Starting attempt 1 of 4
[2026-04-06T08:13:20.828+0000] {taskinstance.py:2191} INFO - Executing <Task(BashOperator): flatten_JSON> on 2026-04-05 00:00:00+00:00
[2026-04-06T08:13:20.834+0000] {standard_task_runner.py:60} INFO - Started process 201 to run task
[2026-04-06T08:13:20.838+0000] {standard_task_runner.py:87} INFO - Running: ['airflow', 'tasks', 'run', 'nasa_neo_etl_pipeline', 'flatten_JSON', 'scheduled__2026-04-05T00:00:00+00:00', '--job-id', '4', '--raw', '--subdir', 'DAGS_FOLDER/Asteroid_DAG.py', '--cfg-path', '/tmp/tmpfucf_7kl']
[2026-04-06T08:13:20.841+0000] {standard_task_runner.py:88} INFO - Job 4: Subtask flatten_JSON
[2026-04-06T08:13:20.923+0000] {task_command.py:423} INFO - Running <TaskInstance: nasa_neo_etl_pipeline.flatten_JSON scheduled__2026-04-05T00:00:00+00:00 [running]> on host a8f5a43682e7
[2026-04-06T08:13:21.075+0000] {taskinstance.py:2480} INFO - Exporting env vars: AIRFLOW_CTX_DAG_OWNER='hieu' AIRFLOW_CTX_DAG_ID='nasa_neo_etl_pipeline' AIRFLOW_CTX_TASK_ID='flatten_JSON' AIRFLOW_CTX_EXECUTION_DATE='2026-04-05T00:00:00+00:00' AIRFLOW_CTX_TRY_NUMBER='1' AIRFLOW_CTX_DAG_RUN_ID='scheduled__2026-04-05T00:00:00+00:00'
[2026-04-06T08:13:21.077+0000] {subprocess.py:63} INFO - Tmp dir root location: /tmp
[2026-04-06T08:13:21.078+0000] {subprocess.py:75} INFO - Running command: ['/usr/bin/bash', '-c', "python3 /opt/airflow/scripts/transform_flatten.py '2026-04-05'"]
[2026-04-06T08:13:21.087+0000] {subprocess.py:86} INFO - Output:
[2026-04-06T08:13:21.288+0000] {subprocess.py:93} INFO - 2026-04-06 08:13:21.288 | INFO     | __main__:flatten_data:23 - bat dau flatten
[2026-04-06T08:13:21.300+0000] {subprocess.py:93} INFO - 2026-04-06 08:13:21.299 | SUCCESS  | __main__:flatten_data:46 - flattened 2026-04-05
[2026-04-06T08:13:21.300+0000] {subprocess.py:93} INFO - ------------------------------------------------------
[2026-04-06T08:13:21.315+0000] {subprocess.py:93} INFO - 2026-04-06 08:13:21.315 | INFO     | db_log:log_ETL:38 - da dong ket noi
[2026-04-06T08:13:21.335+0000] {subprocess.py:97} INFO - Command exited with return code 0
[2026-04-06T08:13:21.398+0000] {taskinstance.py:1138} INFO - Marking task as SUCCESS. dag_id=nasa_neo_etl_pipeline, task_id=flatten_JSON, execution_date=20260405T000000, start_date=20260406T081320, end_date=20260406T081321
[2026-04-06T08:13:21.456+0000] {local_task_job_runner.py:234} INFO - Task exited with return code 0
[2026-04-06T08:13:21.496+0000] {taskinstance.py:3280} INFO - 1 downstream tasks scheduled from follow-on schedule check
[2026-04-06T08:24:29.918+0000] {taskinstance.py:1956} INFO - Dependencies all met for dep_context=non-requeueable deps ti=<TaskInstance: nasa_neo_etl_pipeline.flatten_JSON scheduled__2026-04-05T00:00:00+00:00 [queued]>
[2026-04-06T08:24:29.930+0000] {taskinstance.py:1956} INFO - Dependencies all met for dep_context=requeueable deps ti=<TaskInstance: nasa_neo_etl_pipeline.flatten_JSON scheduled__2026-04-05T00:00:00+00:00 [queued]>
[2026-04-06T08:24:29.931+0000] {taskinstance.py:2170} INFO - Starting attempt 1 of 4
[2026-04-06T08:24:29.977+0000] {taskinstance.py:2191} INFO - Executing <Task(BashOperator): flatten_JSON> on 2026-04-05 00:00:00+00:00
[2026-04-06T08:24:29.982+0000] {standard_task_runner.py:60} INFO - Started process 198 to run task
[2026-04-06T08:24:29.986+0000] {standard_task_runner.py:87} INFO - Running: ['airflow', 'tasks', 'run', 'nasa_neo_etl_pipeline', 'flatten_JSON', 'scheduled__2026-04-05T00:00:00+00:00', '--job-id', '3', '--raw', '--subdir', 'DAGS_FOLDER/Asteroid_DAG.py', '--cfg-path', '/tmp/tmp12z_1urj']
[2026-04-06T08:24:29.989+0000] {standard_task_runner.py:88} INFO - Job 3: Subtask flatten_JSON
[2026-04-06T08:24:30.067+0000] {task_command.py:423} INFO - Running <TaskInstance: nasa_neo_etl_pipeline.flatten_JSON scheduled__2026-04-05T00:00:00+00:00 [running]> on host 741ea3eacd9b
[2026-04-06T08:24:30.244+0000] {taskinstance.py:2480} INFO - Exporting env vars: AIRFLOW_CTX_DAG_OWNER='hieu' AIRFLOW_CTX_DAG_ID='nasa_neo_etl_pipeline' AIRFLOW_CTX_TASK_ID='flatten_JSON' AIRFLOW_CTX_EXECUTION_DATE='2026-04-05T00:00:00+00:00' AIRFLOW_CTX_TRY_NUMBER='1' AIRFLOW_CTX_DAG_RUN_ID='scheduled__2026-04-05T00:00:00+00:00'
[2026-04-06T08:24:30.245+0000] {subprocess.py:63} INFO - Tmp dir root location: /tmp
[2026-04-06T08:24:30.247+0000] {subprocess.py:75} INFO - Running command: ['/usr/bin/bash', '-c', "python3 /opt/airflow/scripts/transform_flatten.py '2026-04-05'"]
[2026-04-06T08:24:30.260+0000] {subprocess.py:86} INFO - Output:
[2026-04-06T08:24:30.444+0000] {subprocess.py:93} INFO - 2026-04-06 08:24:30.443 | INFO     | __main__:flatten_data:23 - bat dau flatten
[2026-04-06T08:24:30.458+0000] {subprocess.py:93} INFO - 2026-04-06 08:24:30.458 | SUCCESS  | __main__:flatten_data:46 - flattened 2026-04-05
[2026-04-06T08:24:30.459+0000] {subprocess.py:93} INFO - ------------------------------------------------------
[2026-04-06T08:24:30.499+0000] {subprocess.py:93} INFO - 2026-04-06 08:24:30.499 | INFO     | db_log:log_ETL:38 - da dong ket noi
[2026-04-06T08:24:30.534+0000] {subprocess.py:97} INFO - Command exited with return code 0
[2026-04-06T08:24:30.597+0000] {taskinstance.py:1138} INFO - Marking task as SUCCESS. dag_id=nasa_neo_etl_pipeline, task_id=flatten_JSON, execution_date=20260405T000000, start_date=20260406T082429, end_date=20260406T082430
[2026-04-06T08:24:30.643+0000] {local_task_job_runner.py:234} INFO - Task exited with return code 0
[2026-04-06T08:24:30.700+0000] {taskinstance.py:3280} INFO - 1 downstream tasks scheduled from follow-on schedule check
