[2026-04-06T07:39:11.517+0000] {taskinstance.py:1956} INFO - Dependencies all met for dep_context=non-requeueable deps ti=<TaskInstance: nasa_neo_etl_pipeline.flatten_JSON manual__2026-04-06T07:39:08.439051+00:00 [queued]>
[2026-04-06T07:39:11.525+0000] {taskinstance.py:1956} INFO - Dependencies all met for dep_context=requeueable deps ti=<TaskInstance: nasa_neo_etl_pipeline.flatten_JSON manual__2026-04-06T07:39:08.439051+00:00 [queued]>
[2026-04-06T07:39:11.526+0000] {taskinstance.py:2170} INFO - Starting attempt 1 of 4
[2026-04-06T07:39:11.537+0000] {taskinstance.py:2191} INFO - Executing <Task(BashOperator): flatten_JSON> on 2026-04-06 07:39:08.439051+00:00
[2026-04-06T07:39:11.543+0000] {standard_task_runner.py:60} INFO - Started process 203 to run task
[2026-04-06T07:39:11.545+0000] {standard_task_runner.py:87} INFO - Running: ['airflow', 'tasks', 'run', 'nasa_neo_etl_pipeline', 'flatten_JSON', 'manual__2026-04-06T07:39:08.439051+00:00', '--job-id', '7', '--raw', '--subdir', 'DAGS_FOLDER/Asteroid_DAG.py', '--cfg-path', '/tmp/tmpli29cj94']
[2026-04-06T07:39:11.546+0000] {standard_task_runner.py:88} INFO - Job 7: Subtask flatten_JSON
[2026-04-06T07:39:11.582+0000] {task_command.py:423} INFO - Running <TaskInstance: nasa_neo_etl_pipeline.flatten_JSON manual__2026-04-06T07:39:08.439051+00:00 [running]> on host 270afc779c61
[2026-04-06T07:39:11.641+0000] {taskinstance.py:2480} INFO - Exporting env vars: AIRFLOW_CTX_DAG_OWNER='hieu' AIRFLOW_CTX_DAG_ID='nasa_neo_etl_pipeline' AIRFLOW_CTX_TASK_ID='flatten_JSON' AIRFLOW_CTX_EXECUTION_DATE='2026-04-06T07:39:08.439051+00:00' AIRFLOW_CTX_TRY_NUMBER='1' AIRFLOW_CTX_DAG_RUN_ID='manual__2026-04-06T07:39:08.439051+00:00'
[2026-04-06T07:39:11.643+0000] {subprocess.py:63} INFO - Tmp dir root location: /tmp
[2026-04-06T07:39:11.644+0000] {subprocess.py:75} INFO - Running command: ['/usr/bin/bash', '-c', "python3 /opt/airflow/scripts/transform_flatten.py '2026-04-06'"]
[2026-04-06T07:39:11.651+0000] {subprocess.py:86} INFO - Output:
[2026-04-06T07:39:11.780+0000] {subprocess.py:93} INFO - 2026-04-06 07:39:11.779 | INFO     | __main__:flatten_data:23 - bat dau flatten
[2026-04-06T07:39:11.795+0000] {subprocess.py:93} INFO - 2026-04-06 07:39:11.794 | SUCCESS  | __main__:flatten_data:46 - flattened 2026-04-06
[2026-04-06T07:39:11.797+0000] {subprocess.py:93} INFO - ------------------------------------------------------
[2026-04-06T07:39:11.826+0000] {subprocess.py:93} INFO - 2026-04-06 07:39:11.802 | ERROR    | db_log:log_ETL:28 - da co loi xay ra invalid input syntax for type integer: "2026-04-06"
[2026-04-06T07:39:11.829+0000] {subprocess.py:93} INFO - LINE 4:                 ('2026-04-06', 'flatten', 'success', NULL, '...
[2026-04-06T07:39:11.831+0000] {subprocess.py:93} INFO -                          ^
[2026-04-06T07:39:11.832+0000] {subprocess.py:93} INFO - 
[2026-04-06T07:39:11.834+0000] {subprocess.py:93} INFO - Traceback (most recent call last):
[2026-04-06T07:39:11.835+0000] {subprocess.py:93} INFO - 
[2026-04-06T07:39:11.837+0000] {subprocess.py:93} INFO -   File "/opt/airflow/scripts/transform_flatten.py", line 57, in <module>
[2026-04-06T07:39:11.839+0000] {subprocess.py:93} INFO -     flatten_data(run_date)
[2026-04-06T07:39:11.842+0000] {subprocess.py:93} INFO -     │            └ '2026-04-06'
[2026-04-06T07:39:11.846+0000] {subprocess.py:93} INFO -     └ <function flatten_data at 0x7e0e07ee7820>
[2026-04-06T07:39:11.847+0000] {subprocess.py:93} INFO - 
[2026-04-06T07:39:11.851+0000] {subprocess.py:93} INFO -   File "/opt/airflow/scripts/transform_flatten.py", line 47, in flatten_data
[2026-04-06T07:39:11.856+0000] {subprocess.py:93} INFO -     log_ETL(run_date, "flatten", "success", None, f"Da luu thanh cong {output_file}")
[2026-04-06T07:39:11.863+0000] {subprocess.py:93} INFO -     │       └ '2026-04-06'
[2026-04-06T07:39:11.865+0000] {subprocess.py:93} INFO -     └ <function log_ETL at 0x7e0e07ee7550>
[2026-04-06T07:39:11.867+0000] {subprocess.py:93} INFO - 
[2026-04-06T07:39:11.870+0000] {subprocess.py:93} INFO - > File "/opt/airflow/scripts/db_log.py", line 21, in log_ETL
[2026-04-06T07:39:11.871+0000] {subprocess.py:93} INFO -     cur.execute('''
[2026-04-06T07:39:11.872+0000] {subprocess.py:93} INFO -     │   └ <method 'execute' of 'psycopg2.extensions.cursor' objects>
[2026-04-06T07:39:11.872+0000] {subprocess.py:93} INFO -     └ <cursor object at 0x7e0e07418d60; closed: 0>
[2026-04-06T07:39:11.873+0000] {subprocess.py:93} INFO - 
[2026-04-06T07:39:11.873+0000] {subprocess.py:93} INFO - psycopg2.errors.InvalidTextRepresentation: invalid input syntax for type integer: "2026-04-06"
[2026-04-06T07:39:11.874+0000] {subprocess.py:93} INFO - LINE 4:                 ('2026-04-06', 'flatten', 'success', NULL, '...
[2026-04-06T07:39:11.874+0000] {subprocess.py:93} INFO -                          ^
[2026-04-06T07:39:11.875+0000] {subprocess.py:93} INFO - 
[2026-04-06T07:39:11.875+0000] {subprocess.py:93} INFO - 2026-04-06 07:39:11.836 | INFO     | db_log:log_ETL:36 - da dong ket noi
[2026-04-06T07:39:11.876+0000] {subprocess.py:97} INFO - Command exited with return code 0
[2026-04-06T07:39:11.914+0000] {taskinstance.py:1138} INFO - Marking task as SUCCESS. dag_id=nasa_neo_etl_pipeline, task_id=flatten_JSON, execution_date=20260406T073908, start_date=20260406T073911, end_date=20260406T073911
[2026-04-06T07:39:11.959+0000] {local_task_job_runner.py:234} INFO - Task exited with return code 0
[2026-04-06T07:39:11.980+0000] {taskinstance.py:3280} INFO - 1 downstream tasks scheduled from follow-on schedule check
