[2026-04-06T07:44:44.734+0000] {taskinstance.py:1956} INFO - Dependencies all met for dep_context=non-requeueable deps ti=<TaskInstance: nasa_neo_etl_pipeline.flatten_JSON manual__2026-04-06T07:39:08.439051+00:00 [queued]>
[2026-04-06T07:44:44.741+0000] {taskinstance.py:1956} INFO - Dependencies all met for dep_context=requeueable deps ti=<TaskInstance: nasa_neo_etl_pipeline.flatten_JSON manual__2026-04-06T07:39:08.439051+00:00 [queued]>
[2026-04-06T07:44:44.742+0000] {taskinstance.py:2170} INFO - Starting attempt 3 of 6
[2026-04-06T07:44:44.753+0000] {taskinstance.py:2191} INFO - Executing <Task(BashOperator): flatten_JSON> on 2026-04-06 07:39:08.439051+00:00
[2026-04-06T07:44:44.756+0000] {standard_task_runner.py:60} INFO - Started process 353 to run task
[2026-04-06T07:44:44.758+0000] {standard_task_runner.py:87} INFO - Running: ['airflow', 'tasks', 'run', 'nasa_neo_etl_pipeline', 'flatten_JSON', 'manual__2026-04-06T07:39:08.439051+00:00', '--job-id', '17', '--raw', '--subdir', 'DAGS_FOLDER/Asteroid_DAG.py', '--cfg-path', '/tmp/tmp9wgmm6y6']
[2026-04-06T07:44:44.759+0000] {standard_task_runner.py:88} INFO - Job 17: Subtask flatten_JSON
[2026-04-06T07:44:44.791+0000] {task_command.py:423} INFO - Running <TaskInstance: nasa_neo_etl_pipeline.flatten_JSON manual__2026-04-06T07:39:08.439051+00:00 [running]> on host 270afc779c61
[2026-04-06T07:44:44.848+0000] {taskinstance.py:2480} INFO - Exporting env vars: AIRFLOW_CTX_DAG_OWNER='hieu' AIRFLOW_CTX_DAG_ID='nasa_neo_etl_pipeline' AIRFLOW_CTX_TASK_ID='flatten_JSON' AIRFLOW_CTX_EXECUTION_DATE='2026-04-06T07:39:08.439051+00:00' AIRFLOW_CTX_TRY_NUMBER='3' AIRFLOW_CTX_DAG_RUN_ID='manual__2026-04-06T07:39:08.439051+00:00'
[2026-04-06T07:44:44.850+0000] {subprocess.py:63} INFO - Tmp dir root location: /tmp
[2026-04-06T07:44:44.851+0000] {subprocess.py:75} INFO - Running command: ['/usr/bin/bash', '-c', "python3 /opt/airflow/scripts/transform_flatten.py '2026-04-06'"]
[2026-04-06T07:44:44.858+0000] {subprocess.py:86} INFO - Output:
[2026-04-06T07:44:44.958+0000] {subprocess.py:93} INFO - 2026-04-06 07:44:44.958 | INFO     | __main__:flatten_data:23 - bat dau flatten
[2026-04-06T07:44:44.968+0000] {subprocess.py:93} INFO - 2026-04-06 07:44:44.968 | SUCCESS  | __main__:flatten_data:46 - flattened 2026-04-06
[2026-04-06T07:44:44.968+0000] {subprocess.py:93} INFO - ------------------------------------------------------
[2026-04-06T07:44:44.983+0000] {subprocess.py:93} INFO - 2026-04-06 07:44:44.972 | ERROR    | db_log:log_ETL:30 - da co loi xay ra duplicate key value violates unique constraint "etl_log_pkey"
[2026-04-06T07:44:44.984+0000] {subprocess.py:93} INFO - DETAIL:  Key (run_id, step)=(20260406, flatten) already exists.
[2026-04-06T07:44:44.984+0000] {subprocess.py:93} INFO - 
[2026-04-06T07:44:44.984+0000] {subprocess.py:93} INFO - Traceback (most recent call last):
[2026-04-06T07:44:44.985+0000] {subprocess.py:93} INFO - 
[2026-04-06T07:44:44.985+0000] {subprocess.py:93} INFO -   File "/opt/airflow/scripts/transform_flatten.py", line 57, in <module>
[2026-04-06T07:44:44.986+0000] {subprocess.py:93} INFO -     flatten_data(run_date)
[2026-04-06T07:44:44.986+0000] {subprocess.py:93} INFO -     │            └ '2026-04-06'
[2026-04-06T07:44:44.987+0000] {subprocess.py:93} INFO -     └ <function flatten_data at 0x7803ebd3a820>
[2026-04-06T07:44:44.987+0000] {subprocess.py:93} INFO - 
[2026-04-06T07:44:44.987+0000] {subprocess.py:93} INFO -   File "/opt/airflow/scripts/transform_flatten.py", line 47, in flatten_data
[2026-04-06T07:44:44.988+0000] {subprocess.py:93} INFO -     log_ETL(run_date, "flatten", "success", None, f"Da luu thanh cong {output_file}")
[2026-04-06T07:44:44.989+0000] {subprocess.py:93} INFO -     │       └ '2026-04-06'
[2026-04-06T07:44:44.989+0000] {subprocess.py:93} INFO -     └ <function log_ETL at 0x7803ebd3a550>
[2026-04-06T07:44:44.990+0000] {subprocess.py:93} INFO - 
[2026-04-06T07:44:44.990+0000] {subprocess.py:93} INFO - > File "/opt/airflow/scripts/db_log.py", line 23, in log_ETL
[2026-04-06T07:44:44.990+0000] {subprocess.py:93} INFO -     cur.execute('''
[2026-04-06T07:44:44.991+0000] {subprocess.py:93} INFO -     │   └ <method 'execute' of 'psycopg2.extensions.cursor' objects>
[2026-04-06T07:44:44.991+0000] {subprocess.py:93} INFO -     └ <cursor object at 0x7803eb26be50; closed: 0>
[2026-04-06T07:44:44.992+0000] {subprocess.py:93} INFO - 
[2026-04-06T07:44:44.992+0000] {subprocess.py:93} INFO - psycopg2.errors.UniqueViolation: duplicate key value violates unique constraint "etl_log_pkey"
[2026-04-06T07:44:44.993+0000] {subprocess.py:93} INFO - DETAIL:  Key (run_id, step)=(20260406, flatten) already exists.
[2026-04-06T07:44:44.994+0000] {subprocess.py:93} INFO - 
[2026-04-06T07:44:44.995+0000] {subprocess.py:93} INFO - 2026-04-06 07:44:44.984 | INFO     | db_log:log_ETL:38 - da dong ket noi
[2026-04-06T07:44:44.996+0000] {subprocess.py:97} INFO - Command exited with return code 0
[2026-04-06T07:44:45.019+0000] {taskinstance.py:1138} INFO - Marking task as SUCCESS. dag_id=nasa_neo_etl_pipeline, task_id=flatten_JSON, execution_date=20260406T073908, start_date=20260406T074444, end_date=20260406T074445
[2026-04-06T07:44:45.052+0000] {local_task_job_runner.py:234} INFO - Task exited with return code 0
[2026-04-06T07:44:45.069+0000] {taskinstance.py:3280} INFO - 1 downstream tasks scheduled from follow-on schedule check
