[2026-04-06T07:44:01.711+0000] {taskinstance.py:1956} INFO - Dependencies all met for dep_context=non-requeueable deps ti=<TaskInstance: nasa_neo_etl_pipeline.flatten_JSON manual__2026-04-06T07:39:08.439051+00:00 [queued]>
[2026-04-06T07:44:01.719+0000] {taskinstance.py:1956} INFO - Dependencies all met for dep_context=requeueable deps ti=<TaskInstance: nasa_neo_etl_pipeline.flatten_JSON manual__2026-04-06T07:39:08.439051+00:00 [queued]>
[2026-04-06T07:44:01.721+0000] {taskinstance.py:2170} INFO - Starting attempt 2 of 5
[2026-04-06T07:44:01.733+0000] {taskinstance.py:2191} INFO - Executing <Task(BashOperator): flatten_JSON> on 2026-04-06 07:39:08.439051+00:00
[2026-04-06T07:44:01.738+0000] {standard_task_runner.py:60} INFO - Started process 312 to run task
[2026-04-06T07:44:01.741+0000] {standard_task_runner.py:87} INFO - Running: ['airflow', 'tasks', 'run', 'nasa_neo_etl_pipeline', 'flatten_JSON', 'manual__2026-04-06T07:39:08.439051+00:00', '--job-id', '12', '--raw', '--subdir', 'DAGS_FOLDER/Asteroid_DAG.py', '--cfg-path', '/tmp/tmpakt1tq4w']
[2026-04-06T07:44:01.743+0000] {standard_task_runner.py:88} INFO - Job 12: Subtask flatten_JSON
[2026-04-06T07:44:01.793+0000] {task_command.py:423} INFO - Running <TaskInstance: nasa_neo_etl_pipeline.flatten_JSON manual__2026-04-06T07:39:08.439051+00:00 [running]> on host 270afc779c61
[2026-04-06T07:44:01.861+0000] {taskinstance.py:2480} INFO - Exporting env vars: AIRFLOW_CTX_DAG_OWNER='hieu' AIRFLOW_CTX_DAG_ID='nasa_neo_etl_pipeline' AIRFLOW_CTX_TASK_ID='flatten_JSON' AIRFLOW_CTX_EXECUTION_DATE='2026-04-06T07:39:08.439051+00:00' AIRFLOW_CTX_TRY_NUMBER='2' AIRFLOW_CTX_DAG_RUN_ID='manual__2026-04-06T07:39:08.439051+00:00'
[2026-04-06T07:44:01.864+0000] {subprocess.py:63} INFO - Tmp dir root location: /tmp
[2026-04-06T07:44:01.865+0000] {subprocess.py:75} INFO - Running command: ['/usr/bin/bash', '-c', "python3 /opt/airflow/scripts/transform_flatten.py '2026-04-06'"]
[2026-04-06T07:44:01.873+0000] {subprocess.py:86} INFO - Output:
[2026-04-06T07:44:02.011+0000] {subprocess.py:93} INFO - 2026-04-06 07:44:02.010 | INFO     | __main__:flatten_data:23 - bat dau flatten
[2026-04-06T07:44:02.024+0000] {subprocess.py:93} INFO - 2026-04-06 07:44:02.023 | SUCCESS  | __main__:flatten_data:46 - flattened 2026-04-06
[2026-04-06T07:44:02.024+0000] {subprocess.py:93} INFO - ------------------------------------------------------
[2026-04-06T07:44:02.033+0000] {subprocess.py:93} INFO - 2026-04-06 07:44:02.033 | INFO     | db_log:log_ETL:38 - da dong ket noi
[2026-04-06T07:44:02.046+0000] {subprocess.py:97} INFO - Command exited with return code 0
[2026-04-06T07:44:02.070+0000] {taskinstance.py:1138} INFO - Marking task as SUCCESS. dag_id=nasa_neo_etl_pipeline, task_id=flatten_JSON, execution_date=20260406T073908, start_date=20260406T074401, end_date=20260406T074402
[2026-04-06T07:44:02.114+0000] {local_task_job_runner.py:234} INFO - Task exited with return code 0
[2026-04-06T07:44:02.133+0000] {taskinstance.py:3280} INFO - 1 downstream tasks scheduled from follow-on schedule check
