[2026-04-06T08:13:24.669+0000] {taskinstance.py:1956} INFO - Dependencies all met for dep_context=non-requeueable deps ti=<TaskInstance: nasa_neo_etl_pipeline.load_CSV_to_DW manual__2026-04-06T08:13:17.528703+00:00 [queued]>
[2026-04-06T08:13:24.680+0000] {taskinstance.py:1956} INFO - Dependencies all met for dep_context=requeueable deps ti=<TaskInstance: nasa_neo_etl_pipeline.load_CSV_to_DW manual__2026-04-06T08:13:17.528703+00:00 [queued]>
[2026-04-06T08:13:24.681+0000] {taskinstance.py:2170} INFO - Starting attempt 1 of 4
[2026-04-06T08:13:24.726+0000] {taskinstance.py:2191} INFO - Executing <Task(BashOperator): load_CSV_to_DW> on 2026-04-06 08:13:17.528703+00:00
[2026-04-06T08:13:24.732+0000] {standard_task_runner.py:60} INFO - Started process 236 to run task
[2026-04-06T08:13:24.736+0000] {standard_task_runner.py:87} INFO - Running: ['airflow', 'tasks', 'run', 'nasa_neo_etl_pipeline', 'load_CSV_to_DW', 'manual__2026-04-06T08:13:17.528703+00:00', '--job-id', '9', '--raw', '--subdir', 'DAGS_FOLDER/Asteroid_DAG.py', '--cfg-path', '/tmp/tmp518smn1p']
[2026-04-06T08:13:24.739+0000] {standard_task_runner.py:88} INFO - Job 9: Subtask load_CSV_to_DW
[2026-04-06T08:13:24.806+0000] {task_command.py:423} INFO - Running <TaskInstance: nasa_neo_etl_pipeline.load_CSV_to_DW manual__2026-04-06T08:13:17.528703+00:00 [running]> on host a8f5a43682e7
[2026-04-06T08:13:24.928+0000] {taskinstance.py:2480} INFO - Exporting env vars: AIRFLOW_CTX_DAG_OWNER='hieu' AIRFLOW_CTX_DAG_ID='nasa_neo_etl_pipeline' AIRFLOW_CTX_TASK_ID='load_CSV_to_DW' AIRFLOW_CTX_EXECUTION_DATE='2026-04-06T08:13:17.528703+00:00' AIRFLOW_CTX_TRY_NUMBER='1' AIRFLOW_CTX_DAG_RUN_ID='manual__2026-04-06T08:13:17.528703+00:00'
[2026-04-06T08:13:24.930+0000] {subprocess.py:63} INFO - Tmp dir root location: /tmp
[2026-04-06T08:13:24.932+0000] {subprocess.py:75} INFO - Running command: ['/usr/bin/bash', '-c', "python3 /opt/airflow/scripts/load_postgres.py '2026-04-06'"]
[2026-04-06T08:13:24.943+0000] {subprocess.py:86} INFO - Output:
[2026-04-06T08:13:25.585+0000] {subprocess.py:93} INFO - 2026-04-06 08:13:25.585 | INFO     | __main__:load_postgres:29 - dang doc .csv
[2026-04-06T08:13:25.594+0000] {subprocess.py:93} INFO - 2026-04-06 08:13:25.594 | INFO     | __main__:load_postgres:31 - da them 4 dong
[2026-04-06T08:13:25.602+0000] {subprocess.py:93} INFO - 2026-04-06 08:13:25.601 | INFO     | __main__:load_postgres:40 - bat dau tao bang
[2026-04-06T08:13:25.604+0000] {subprocess.py:93} INFO - 2026-04-06 08:13:25.604 | INFO     | __main__:load_postgres:64 - dang load data
[2026-04-06T08:13:25.638+0000] {subprocess.py:93} INFO - 2026-04-06 08:13:25.637 | SUCCESS  | __main__:load_postgres:80 - insert thanh cong 4 dong
[2026-04-06T08:13:25.639+0000] {subprocess.py:93} INFO - ------------------------------------------------------
[2026-04-06T08:13:25.648+0000] {subprocess.py:93} INFO - 2026-04-06 08:13:25.647 | INFO     | db_log:log_ETL:38 - da dong ket noi
[2026-04-06T08:13:25.649+0000] {subprocess.py:93} INFO - 2026-04-06 08:13:25.648 | INFO     | __main__:load_postgres:96 - Da dong ket noi
[2026-04-06T08:13:25.766+0000] {subprocess.py:97} INFO - Command exited with return code 0
[2026-04-06T08:13:25.796+0000] {taskinstance.py:1138} INFO - Marking task as SUCCESS. dag_id=nasa_neo_etl_pipeline, task_id=load_CSV_to_DW, execution_date=20260406T081317, start_date=20260406T081324, end_date=20260406T081325
[2026-04-06T08:13:25.845+0000] {local_task_job_runner.py:234} INFO - Task exited with return code 0
[2026-04-06T08:13:25.869+0000] {taskinstance.py:3280} INFO - 1 downstream tasks scheduled from follow-on schedule check
