[2026-04-06T08:20:09.811+0000] {taskinstance.py:1956} INFO - Dependencies all met for dep_context=non-requeueable deps ti=<TaskInstance: nasa_neo_etl_pipeline.load_CSV_to_DW manual__2026-04-06T08:13:17.528703+00:00 [queued]>
[2026-04-06T08:20:09.822+0000] {taskinstance.py:1956} INFO - Dependencies all met for dep_context=requeueable deps ti=<TaskInstance: nasa_neo_etl_pipeline.load_CSV_to_DW manual__2026-04-06T08:13:17.528703+00:00 [queued]>
[2026-04-06T08:20:09.823+0000] {taskinstance.py:2170} INFO - Starting attempt 2 of 5
[2026-04-06T08:20:09.886+0000] {taskinstance.py:2191} INFO - Executing <Task(BashOperator): load_CSV_to_DW> on 2026-04-06 08:13:17.528703+00:00
[2026-04-06T08:20:09.897+0000] {standard_task_runner.py:60} INFO - Started process 358 to run task
[2026-04-06T08:20:09.900+0000] {standard_task_runner.py:87} INFO - Running: ['airflow', 'tasks', 'run', 'nasa_neo_etl_pipeline', 'load_CSV_to_DW', 'manual__2026-04-06T08:13:17.528703+00:00', '--job-id', '21', '--raw', '--subdir', 'DAGS_FOLDER/Asteroid_DAG.py', '--cfg-path', '/tmp/tmpcwe8a_q9']
[2026-04-06T08:20:09.905+0000] {standard_task_runner.py:88} INFO - Job 21: Subtask load_CSV_to_DW
[2026-04-06T08:20:09.985+0000] {task_command.py:423} INFO - Running <TaskInstance: nasa_neo_etl_pipeline.load_CSV_to_DW manual__2026-04-06T08:13:17.528703+00:00 [running]> on host a8f5a43682e7
[2026-04-06T08:20:10.107+0000] {taskinstance.py:2480} INFO - Exporting env vars: AIRFLOW_CTX_DAG_OWNER='hieu' AIRFLOW_CTX_DAG_ID='nasa_neo_etl_pipeline' AIRFLOW_CTX_TASK_ID='load_CSV_to_DW' AIRFLOW_CTX_EXECUTION_DATE='2026-04-06T08:13:17.528703+00:00' AIRFLOW_CTX_TRY_NUMBER='2' AIRFLOW_CTX_DAG_RUN_ID='manual__2026-04-06T08:13:17.528703+00:00'
[2026-04-06T08:20:10.109+0000] {subprocess.py:63} INFO - Tmp dir root location: /tmp
[2026-04-06T08:20:10.111+0000] {subprocess.py:75} INFO - Running command: ['/usr/bin/bash', '-c', "python3 /opt/airflow/scripts/load_postgres.py '2026-04-06'"]
[2026-04-06T08:20:10.124+0000] {subprocess.py:86} INFO - Output:
[2026-04-06T08:20:10.908+0000] {subprocess.py:93} INFO - 2026-04-06 08:20:10.907 | INFO     | __main__:load_postgres:29 - dang doc .csv
[2026-04-06T08:20:10.916+0000] {subprocess.py:93} INFO - 2026-04-06 08:20:10.916 | INFO     | __main__:load_postgres:31 - da them 4 dong
[2026-04-06T08:20:10.927+0000] {subprocess.py:93} INFO - 2026-04-06 08:20:10.927 | INFO     | __main__:load_postgres:40 - bat dau tao bang
[2026-04-06T08:20:10.931+0000] {subprocess.py:93} INFO - 2026-04-06 08:20:10.931 | INFO     | __main__:load_postgres:64 - dang load data
[2026-04-06T08:20:10.967+0000] {subprocess.py:93} INFO - 2026-04-06 08:20:10.967 | SUCCESS  | __main__:load_postgres:80 - insert thanh cong 4 dong
[2026-04-06T08:20:10.969+0000] {subprocess.py:93} INFO - ------------------------------------------------------
[2026-04-06T08:20:10.996+0000] {subprocess.py:93} INFO - 2026-04-06 08:20:10.978 | ERROR    | db_log:log_ETL:30 - da co loi xay ra duplicate key value violates unique constraint "etl_log_pkey"
[2026-04-06T08:20:10.997+0000] {subprocess.py:93} INFO - DETAIL:  Key (run_id, step)=(20260406, load to DB) already exists.
[2026-04-06T08:20:10.999+0000] {subprocess.py:93} INFO - 
[2026-04-06T08:20:11.000+0000] {subprocess.py:93} INFO - Traceback (most recent call last):
[2026-04-06T08:20:11.001+0000] {subprocess.py:93} INFO - 
[2026-04-06T08:20:11.002+0000] {subprocess.py:93} INFO -   File "/opt/airflow/scripts/load_postgres.py", line 100, in <module>
[2026-04-06T08:20:11.003+0000] {subprocess.py:93} INFO -     load_postgres(run_date)
[2026-04-06T08:20:11.004+0000] {subprocess.py:93} INFO -     │             └ '2026-04-06'
[2026-04-06T08:20:11.004+0000] {subprocess.py:93} INFO -     └ <function load_postgres at 0x70efbd06cb80>
[2026-04-06T08:20:11.005+0000] {subprocess.py:93} INFO - 
[2026-04-06T08:20:11.006+0000] {subprocess.py:93} INFO -   File "/opt/airflow/scripts/load_postgres.py", line 81, in load_postgres
[2026-04-06T08:20:11.006+0000] {subprocess.py:93} INFO -     log_ETL(run_date, "load to DB", "success", len(values), "da load vao database thanh cong")
[2026-04-06T08:20:11.007+0000] {subprocess.py:93} INFO -     │       │                                      └ [[3639439, '(2013 LB)', 22.8, 73.2073989347, 163.696720474, 6.2253128386, 23528644.04147128, '2026-04-06'], [3671119, '(2014 ...
[2026-04-06T08:20:11.008+0000] {subprocess.py:93} INFO -     │       └ '2026-04-06'
[2026-04-06T08:20:11.008+0000] {subprocess.py:93} INFO -     └ <function log_ETL at 0x70efbc507040>
[2026-04-06T08:20:11.009+0000] {subprocess.py:93} INFO - 
[2026-04-06T08:20:11.010+0000] {subprocess.py:93} INFO - > File "/opt/airflow/scripts/db_log.py", line 23, in log_ETL
[2026-04-06T08:20:11.011+0000] {subprocess.py:93} INFO -     cur.execute('''
[2026-04-06T08:20:11.012+0000] {subprocess.py:93} INFO -     │   └ <method 'execute' of 'psycopg2.extensions.cursor' objects>
[2026-04-06T08:20:11.012+0000] {subprocess.py:93} INFO -     └ <cursor object at 0x70efb85354f0; closed: 0>
[2026-04-06T08:20:11.013+0000] {subprocess.py:93} INFO - 
[2026-04-06T08:20:11.014+0000] {subprocess.py:93} INFO - psycopg2.errors.UniqueViolation: duplicate key value violates unique constraint "etl_log_pkey"
[2026-04-06T08:20:11.014+0000] {subprocess.py:93} INFO - DETAIL:  Key (run_id, step)=(20260406, load to DB) already exists.
[2026-04-06T08:20:11.015+0000] {subprocess.py:93} INFO - 
[2026-04-06T08:20:11.015+0000] {subprocess.py:93} INFO - 2026-04-06 08:20:10.998 | INFO     | db_log:log_ETL:38 - da dong ket noi
[2026-04-06T08:20:11.016+0000] {subprocess.py:93} INFO - 2026-04-06 08:20:10.999 | INFO     | __main__:load_postgres:96 - Da dong ket noi
[2026-04-06T08:20:11.157+0000] {subprocess.py:97} INFO - Command exited with return code 0
[2026-04-06T08:20:11.221+0000] {taskinstance.py:1138} INFO - Marking task as SUCCESS. dag_id=nasa_neo_etl_pipeline, task_id=load_CSV_to_DW, execution_date=20260406T081317, start_date=20260406T082009, end_date=20260406T082011
[2026-04-06T08:20:11.248+0000] {local_task_job_runner.py:234} INFO - Task exited with return code 0
[2026-04-06T08:20:11.282+0000] {taskinstance.py:3280} INFO - 1 downstream tasks scheduled from follow-on schedule check
