[2026-04-06T07:31:26.689+0000] {taskinstance.py:1956} INFO - Dependencies all met for dep_context=non-requeueable deps ti=<TaskInstance: nasa_neo_etl_pipeline.load_CSV_to_DW manual__2026-04-06T07:31:22.253403+00:00 [queued]>
[2026-04-06T07:31:26.702+0000] {taskinstance.py:1956} INFO - Dependencies all met for dep_context=requeueable deps ti=<TaskInstance: nasa_neo_etl_pipeline.load_CSV_to_DW manual__2026-04-06T07:31:22.253403+00:00 [queued]>
[2026-04-06T07:31:26.703+0000] {taskinstance.py:2170} INFO - Starting attempt 1 of 4
[2026-04-06T07:31:26.722+0000] {taskinstance.py:2191} INFO - Executing <Task(BashOperator): load_CSV_to_DW> on 2026-04-06 07:31:22.253403+00:00
[2026-04-06T07:31:26.727+0000] {standard_task_runner.py:60} INFO - Started process 215 to run task
[2026-04-06T07:31:26.730+0000] {standard_task_runner.py:87} INFO - Running: ['airflow', 'tasks', 'run', 'nasa_neo_etl_pipeline', 'load_CSV_to_DW', 'manual__2026-04-06T07:31:22.253403+00:00', '--job-id', '9', '--raw', '--subdir', 'DAGS_FOLDER/Asteroid_DAG.py', '--cfg-path', '/tmp/tmpw221u137']
[2026-04-06T07:31:26.732+0000] {standard_task_runner.py:88} INFO - Job 9: Subtask load_CSV_to_DW
[2026-04-06T07:31:26.795+0000] {task_command.py:423} INFO - Running <TaskInstance: nasa_neo_etl_pipeline.load_CSV_to_DW manual__2026-04-06T07:31:22.253403+00:00 [running]> on host 2b39c12e0bc6
[2026-04-06T07:31:26.864+0000] {taskinstance.py:2480} INFO - Exporting env vars: AIRFLOW_CTX_DAG_OWNER='hieu' AIRFLOW_CTX_DAG_ID='nasa_neo_etl_pipeline' AIRFLOW_CTX_TASK_ID='load_CSV_to_DW' AIRFLOW_CTX_EXECUTION_DATE='2026-04-06T07:31:22.253403+00:00' AIRFLOW_CTX_TRY_NUMBER='1' AIRFLOW_CTX_DAG_RUN_ID='manual__2026-04-06T07:31:22.253403+00:00'
[2026-04-06T07:31:26.866+0000] {subprocess.py:63} INFO - Tmp dir root location: /tmp
[2026-04-06T07:31:26.867+0000] {subprocess.py:75} INFO - Running command: ['/usr/bin/bash', '-c', "python3 /opt/airflow/scripts/load_postgres.py '2026-04-06'"]
[2026-04-06T07:31:26.875+0000] {subprocess.py:86} INFO - Output:
[2026-04-06T07:31:27.879+0000] {subprocess.py:93} INFO - 2026-04-06 07:31:27.879 | INFO     | __main__:load_postgres:29 - dang doc .csv
[2026-04-06T07:31:27.893+0000] {subprocess.py:93} INFO - 2026-04-06 07:31:27.893 | INFO     | __main__:load_postgres:31 - da them 4 dong
[2026-04-06T07:31:27.898+0000] {subprocess.py:93} INFO - 2026-04-06 07:31:27.897 | INFO     | __main__:load_postgres:40 - bat dau tao bang
[2026-04-06T07:31:27.915+0000] {subprocess.py:93} INFO - 2026-04-06 07:31:27.915 | INFO     | __main__:load_postgres:64 - dang load data
[2026-04-06T07:31:27.921+0000] {subprocess.py:93} INFO - 2026-04-06 07:31:27.920 | SUCCESS  | __main__:load_postgres:80 - insert thanh cong 4 dong
[2026-04-06T07:31:27.921+0000] {subprocess.py:93} INFO - ------------------------------------------------------
[2026-04-06T07:31:27.939+0000] {subprocess.py:93} INFO - 2026-04-06 07:31:27.926 | ERROR    | db_log:log_ETL:28 - da co loi xay ra relation "etl_log" does not exist
[2026-04-06T07:31:27.940+0000] {subprocess.py:93} INFO - LINE 2:                 insert into etl_log(run_id,step,status,row_p...
[2026-04-06T07:31:27.940+0000] {subprocess.py:93} INFO -                                     ^
[2026-04-06T07:31:27.941+0000] {subprocess.py:93} INFO - 
[2026-04-06T07:31:27.942+0000] {subprocess.py:93} INFO - Traceback (most recent call last):
[2026-04-06T07:31:27.942+0000] {subprocess.py:93} INFO - 
[2026-04-06T07:31:27.943+0000] {subprocess.py:93} INFO -   File "/opt/airflow/scripts/load_postgres.py", line 100, in <module>
[2026-04-06T07:31:27.944+0000] {subprocess.py:93} INFO -     load_postgres(run_date)
[2026-04-06T07:31:27.944+0000] {subprocess.py:93} INFO -     │             └ '2026-04-06'
[2026-04-06T07:31:27.945+0000] {subprocess.py:93} INFO -     └ <function load_postgres at 0x7cb3be6d7b80>
[2026-04-06T07:31:27.945+0000] {subprocess.py:93} INFO - 
[2026-04-06T07:31:27.946+0000] {subprocess.py:93} INFO -   File "/opt/airflow/scripts/load_postgres.py", line 81, in load_postgres
[2026-04-06T07:31:27.947+0000] {subprocess.py:93} INFO -     log_ETL(run_date, "load to DB", "success", len(values), f"da load vao DB thanh cong")
[2026-04-06T07:31:27.947+0000] {subprocess.py:93} INFO -     │       │                                      └ [[3639439, '(2013 LB)', 22.8, 73.2073989347, 163.696720474, 6.2253128386, 23528644.04147128, '2026-04-06'], [3671119, '(2014 ...
[2026-04-06T07:31:27.948+0000] {subprocess.py:93} INFO -     │       └ '2026-04-06'
[2026-04-06T07:31:27.949+0000] {subprocess.py:93} INFO -     └ <function log_ETL at 0x7cb3bdb69040>
[2026-04-06T07:31:27.949+0000] {subprocess.py:93} INFO - 
[2026-04-06T07:31:27.950+0000] {subprocess.py:93} INFO - > File "/opt/airflow/scripts/db_log.py", line 21, in log_ETL
[2026-04-06T07:31:27.950+0000] {subprocess.py:93} INFO -     cur.execute('''
[2026-04-06T07:31:27.951+0000] {subprocess.py:93} INFO -     │   └ <method 'execute' of 'psycopg2.extensions.cursor' objects>
[2026-04-06T07:31:27.952+0000] {subprocess.py:93} INFO -     └ <cursor object at 0x7cb3b9791040; closed: 0>
[2026-04-06T07:31:27.953+0000] {subprocess.py:93} INFO - 
[2026-04-06T07:31:27.953+0000] {subprocess.py:93} INFO - psycopg2.errors.UndefinedTable: relation "etl_log" does not exist
[2026-04-06T07:31:27.954+0000] {subprocess.py:93} INFO - LINE 2:                 insert into etl_log(run_id,step,status,row_p...
[2026-04-06T07:31:27.955+0000] {subprocess.py:93} INFO -                                     ^
[2026-04-06T07:31:27.955+0000] {subprocess.py:93} INFO - 
[2026-04-06T07:31:27.956+0000] {subprocess.py:93} INFO - 2026-04-06 07:31:27.940 | INFO     | db_log:log_ETL:36 - da dong ket noi
[2026-04-06T07:31:27.956+0000] {subprocess.py:93} INFO - 2026-04-06 07:31:27.941 | INFO     | __main__:load_postgres:96 - Da dong ket noi
[2026-04-06T07:31:28.057+0000] {subprocess.py:97} INFO - Command exited with return code 0
[2026-04-06T07:31:28.081+0000] {taskinstance.py:1138} INFO - Marking task as SUCCESS. dag_id=nasa_neo_etl_pipeline, task_id=load_CSV_to_DW, execution_date=20260406T073122, start_date=20260406T073126, end_date=20260406T073128
[2026-04-06T07:31:28.109+0000] {local_task_job_runner.py:234} INFO - Task exited with return code 0
[2026-04-06T07:31:28.129+0000] {taskinstance.py:3280} INFO - 1 downstream tasks scheduled from follow-on schedule check
