2026-04-06 08:24:27 | INFO | Bat dau extract api ngay 2026-04-05
2026-04-06 08:24:29 | SUCCESS | Da luu thanh cong /opt/airflow/data/raw/NEO_2026-04-05.json
------------------------------------------------------
2026-04-06 08:24:29 | INFO | da dong ket noi
2026-04-06 08:24:30 | INFO | bat dau flatten
2026-04-06 08:24:30 | SUCCESS | flattened 2026-04-05
------------------------------------------------------
2026-04-06 08:24:30 | INFO | da dong ket noi
2026-04-06 08:24:31 | INFO | Bat dau Transform 2026-04-05.JSON -> .CSV
2026-04-06 08:24:31 | SUCCESS | Transform thanh cong 2026-04-05
------------------------------------------------------
2026-04-06 08:24:31 | INFO | da dong ket noi
2026-04-06 08:24:34 | INFO | dang doc .csv
2026-04-06 08:24:34 | INFO | da them 3 dong
2026-04-06 08:24:34 | INFO | bat dau tao bang
2026-04-06 08:24:34 | INFO | dang load data
2026-04-06 08:24:34 | SUCCESS | insert thanh cong 3 dong
------------------------------------------------------
2026-04-06 08:24:34 | INFO | da dong ket noi
2026-04-06 08:24:34 | INFO | Da dong ket noi
2026-04-06 08:24:36 | INFO | dang ket noi Database
2026-04-06 08:24:36 | INFO | bat dau tao bang
2026-04-06 08:24:36 | INFO | thuc hien task
2026-04-06 08:24:36 | INFO | Load data vao bang danger_score
2026-04-06 08:24:36 | SUCCESS | da fetch thanh cong 3 dong
------------------------------------------------------
2026-04-06 08:24:36 | INFO | da dong ket noi
