[2026-04-06T06:56:43.317+0000] {taskinstance.py:1956} INFO - Dependencies all met for dep_context=non-requeueable deps ti=<TaskInstance: nasa_neo_etl_pipeline.load_CSV_to_DW manual__2026-04-06T06:56:36.551952+00:00 [queued]>
[2026-04-06T06:56:43.326+0000] {taskinstance.py:1956} INFO - Dependencies all met for dep_context=requeueable deps ti=<TaskInstance: nasa_neo_etl_pipeline.load_CSV_to_DW manual__2026-04-06T06:56:36.551952+00:00 [queued]>
[2026-04-06T06:56:43.327+0000] {taskinstance.py:2170} INFO - Starting attempt 1 of 4
[2026-04-06T06:56:43.368+0000] {taskinstance.py:2191} INFO - Executing <Task(BashOperator): load_CSV_to_DW> on 2026-04-06 06:56:36.551952+00:00
[2026-04-06T06:56:43.373+0000] {standard_task_runner.py:60} INFO - Started process 231 to run task
[2026-04-06T06:56:43.375+0000] {standard_task_runner.py:87} INFO - Running: ['airflow', 'tasks', 'run', 'nasa_neo_etl_pipeline', 'load_CSV_to_DW', 'manual__2026-04-06T06:56:36.551952+00:00', '--job-id', '9', '--raw', '--subdir', 'DAGS_FOLDER/Asteroid_DAG.py', '--cfg-path', '/tmp/tmp2djl9w0j']
[2026-04-06T06:56:43.377+0000] {standard_task_runner.py:88} INFO - Job 9: Subtask load_CSV_to_DW
[2026-04-06T06:56:43.427+0000] {task_command.py:423} INFO - Running <TaskInstance: nasa_neo_etl_pipeline.load_CSV_to_DW manual__2026-04-06T06:56:36.551952+00:00 [running]> on host 9e29029b67cd
[2026-04-06T06:56:43.586+0000] {taskinstance.py:2480} INFO - Exporting env vars: AIRFLOW_CTX_DAG_OWNER='hieu' AIRFLOW_CTX_DAG_ID='nasa_neo_etl_pipeline' AIRFLOW_CTX_TASK_ID='load_CSV_to_DW' AIRFLOW_CTX_EXECUTION_DATE='2026-04-06T06:56:36.551952+00:00' AIRFLOW_CTX_TRY_NUMBER='1' AIRFLOW_CTX_DAG_RUN_ID='manual__2026-04-06T06:56:36.551952+00:00'
[2026-04-06T06:56:43.587+0000] {subprocess.py:63} INFO - Tmp dir root location: /tmp
[2026-04-06T06:56:43.589+0000] {subprocess.py:75} INFO - Running command: ['/usr/bin/bash', '-c', "python3 /opt/airflow/scripts/load_postgres.py '2026-04-06'"]
[2026-04-06T06:56:43.599+0000] {subprocess.py:86} INFO - Output:
[2026-04-06T06:56:44.182+0000] {subprocess.py:93} INFO - 2026-04-06 06:56:44.182 | INFO     | __main__:load_postgres:29 - dang doc .csv
[2026-04-06T06:56:44.196+0000] {subprocess.py:93} INFO - 2026-04-06 06:56:44.195 | INFO     | __main__:load_postgres:31 - da them 4 dong
[2026-04-06T06:56:44.204+0000] {subprocess.py:93} INFO - 2026-04-06 06:56:44.204 | INFO     | __main__:load_postgres:40 - bat dau tao bang
[2026-04-06T06:56:44.208+0000] {subprocess.py:93} INFO - 2026-04-06 06:56:44.207 | INFO     | __main__:load_postgres:64 - dang load data
[2026-04-06T06:56:44.248+0000] {subprocess.py:93} INFO - 2026-04-06 06:56:44.247 | SUCCESS  | __main__:load_postgres:80 - insert thanh cong 4 dong
[2026-04-06T06:56:44.249+0000] {subprocess.py:93} INFO - ------------------------------------------------------
[2026-04-06T06:56:44.275+0000] {subprocess.py:93} INFO - 2026-04-06 06:56:44.257 | ERROR    | db_log:log_ETL:28 - da co loi xay ra relation "etl_log" does not exist
[2026-04-06T06:56:44.276+0000] {subprocess.py:93} INFO - LINE 2:                 insert into etl_log(run_id,step,status,row_p...
[2026-04-06T06:56:44.277+0000] {subprocess.py:93} INFO -                                     ^
[2026-04-06T06:56:44.278+0000] {subprocess.py:93} INFO - 
[2026-04-06T06:56:44.278+0000] {subprocess.py:93} INFO - Traceback (most recent call last):
[2026-04-06T06:56:44.279+0000] {subprocess.py:93} INFO - 
[2026-04-06T06:56:44.279+0000] {subprocess.py:93} INFO -   File "/opt/airflow/scripts/load_postgres.py", line 100, in <module>
[2026-04-06T06:56:44.280+0000] {subprocess.py:93} INFO -     load_postgres(run_date)
[2026-04-06T06:56:44.280+0000] {subprocess.py:93} INFO -     │             └ '2026-04-06'
[2026-04-06T06:56:44.281+0000] {subprocess.py:93} INFO -     └ <function load_postgres at 0x7eb78dda9b80>
[2026-04-06T06:56:44.282+0000] {subprocess.py:93} INFO - 
[2026-04-06T06:56:44.282+0000] {subprocess.py:93} INFO -   File "/opt/airflow/scripts/load_postgres.py", line 81, in load_postgres
[2026-04-06T06:56:44.283+0000] {subprocess.py:93} INFO -     log_ETL(run_date, "load to DB", "success", len(values), f"da load vao DB thanh cong")
[2026-04-06T06:56:44.284+0000] {subprocess.py:93} INFO -     │       │                                      └ [[3639439, '(2013 LB)', 22.8, 73.2073989347, 163.696720474, 6.2253128386, 23528644.04147128, '2026-04-06'], [3671119, '(2014 ...
[2026-04-06T06:56:44.284+0000] {subprocess.py:93} INFO -     │       └ '2026-04-06'
[2026-04-06T06:56:44.285+0000] {subprocess.py:93} INFO -     └ <function log_ETL at 0x7eb789154af0>
[2026-04-06T06:56:44.286+0000] {subprocess.py:93} INFO - 
[2026-04-06T06:56:44.286+0000] {subprocess.py:93} INFO - > File "/opt/airflow/scripts/db_log.py", line 21, in log_ETL
[2026-04-06T06:56:44.287+0000] {subprocess.py:93} INFO -     cur.execute('''
[2026-04-06T06:56:44.287+0000] {subprocess.py:93} INFO -     │   └ <method 'execute' of 'psycopg2.extensions.cursor' objects>
[2026-04-06T06:56:44.288+0000] {subprocess.py:93} INFO -     └ <cursor object at 0x7eb78913b400; closed: 0>
[2026-04-06T06:56:44.288+0000] {subprocess.py:93} INFO - 
[2026-04-06T06:56:44.289+0000] {subprocess.py:93} INFO - psycopg2.errors.UndefinedTable: relation "etl_log" does not exist
[2026-04-06T06:56:44.289+0000] {subprocess.py:93} INFO - LINE 2:                 insert into etl_log(run_id,step,status,row_p...
[2026-04-06T06:56:44.290+0000] {subprocess.py:93} INFO -                                     ^
[2026-04-06T06:56:44.291+0000] {subprocess.py:93} INFO - 
[2026-04-06T06:56:44.292+0000] {subprocess.py:93} INFO - 2026-04-06 06:56:44.276 | INFO     | db_log:log_ETL:36 - da dong ket noi
[2026-04-06T06:56:44.293+0000] {subprocess.py:93} INFO - 2026-04-06 06:56:44.277 | INFO     | __main__:load_postgres:96 - Da dong ket noi
[2026-04-06T06:56:44.407+0000] {subprocess.py:97} INFO - Command exited with return code 0
[2026-04-06T06:56:44.439+0000] {taskinstance.py:1138} INFO - Marking task as SUCCESS. dag_id=nasa_neo_etl_pipeline, task_id=load_CSV_to_DW, execution_date=20260406T065636, start_date=20260406T065643, end_date=20260406T065644
[2026-04-06T06:56:44.474+0000] {local_task_job_runner.py:234} INFO - Task exited with return code 0
[2026-04-06T06:56:44.496+0000] {taskinstance.py:3280} INFO - 1 downstream tasks scheduled from follow-on schedule check
