[2026-04-06T08:20:02.977+0000] {taskinstance.py:1956} INFO - Dependencies all met for dep_context=non-requeueable deps ti=<TaskInstance: nasa_neo_etl_pipeline.extract_API_to_JSON manual__2026-04-06T08:13:17.528703+00:00 [queued]>
[2026-04-06T08:20:02.993+0000] {taskinstance.py:1956} INFO - Dependencies all met for dep_context=requeueable deps ti=<TaskInstance: nasa_neo_etl_pipeline.extract_API_to_JSON manual__2026-04-06T08:13:17.528703+00:00 [queued]>
[2026-04-06T08:20:02.995+0000] {taskinstance.py:2170} INFO - Starting attempt 2 of 5
[2026-04-06T08:20:03.054+0000] {taskinstance.py:2191} INFO - Executing <Task(BashOperator): extract_API_to_JSON> on 2026-04-06 08:13:17.528703+00:00
[2026-04-06T08:20:03.062+0000] {standard_task_runner.py:60} INFO - Started process 340 to run task
[2026-04-06T08:20:03.070+0000] {standard_task_runner.py:87} INFO - Running: ['airflow', 'tasks', 'run', 'nasa_neo_etl_pipeline', 'extract_API_to_JSON', 'manual__2026-04-06T08:13:17.528703+00:00', '--job-id', '15', '--raw', '--subdir', 'DAGS_FOLDER/Asteroid_DAG.py', '--cfg-path', '/tmp/tmpni7u9_zk']
[2026-04-06T08:20:03.074+0000] {standard_task_runner.py:88} INFO - Job 15: Subtask extract_API_to_JSON
[2026-04-06T08:20:03.158+0000] {task_command.py:423} INFO - Running <TaskInstance: nasa_neo_etl_pipeline.extract_API_to_JSON manual__2026-04-06T08:13:17.528703+00:00 [running]> on host a8f5a43682e7
[2026-04-06T08:20:03.300+0000] {taskinstance.py:2480} INFO - Exporting env vars: AIRFLOW_CTX_DAG_OWNER='hieu' AIRFLOW_CTX_DAG_ID='nasa_neo_etl_pipeline' AIRFLOW_CTX_TASK_ID='extract_API_to_JSON' AIRFLOW_CTX_EXECUTION_DATE='2026-04-06T08:13:17.528703+00:00' AIRFLOW_CTX_TRY_NUMBER='2' AIRFLOW_CTX_DAG_RUN_ID='manual__2026-04-06T08:13:17.528703+00:00'
[2026-04-06T08:20:03.302+0000] {subprocess.py:63} INFO - Tmp dir root location: /tmp
[2026-04-06T08:20:03.304+0000] {subprocess.py:75} INFO - Running command: ['/usr/bin/bash', '-c', "python3 /opt/airflow/scripts/Extract_API.py '2026-04-06'"]
[2026-04-06T08:20:03.316+0000] {subprocess.py:86} INFO - Output:
[2026-04-06T08:20:03.756+0000] {subprocess.py:93} INFO - 2026-04-06 08:20:03.755 | INFO     | __main__:extract_API:27 - Bat dau extract api ngay 2026-04-06
[2026-04-06T08:20:04.927+0000] {subprocess.py:93} INFO - 2026-04-06 08:20:04.926 | SUCCESS  | __main__:extract_API:46 - Da luu thanh cong /opt/airflow/data/raw/NEO_2026-04-06.json
[2026-04-06T08:20:04.932+0000] {subprocess.py:93} INFO - ------------------------------------------------------
[2026-04-06T08:20:04.966+0000] {subprocess.py:93} INFO - 2026-04-06 08:20:04.940 | ERROR    | db_log:log_ETL:30 - da co loi xay ra duplicate key value violates unique constraint "etl_log_pkey"
[2026-04-06T08:20:04.968+0000] {subprocess.py:93} INFO - DETAIL:  Key (run_id, step)=(20260406, extract) already exists.
[2026-04-06T08:20:04.969+0000] {subprocess.py:93} INFO - 
[2026-04-06T08:20:04.970+0000] {subprocess.py:93} INFO - Traceback (most recent call last):
[2026-04-06T08:20:04.972+0000] {subprocess.py:93} INFO - 
[2026-04-06T08:20:04.973+0000] {subprocess.py:93} INFO -   File "/opt/airflow/scripts/Extract_API.py", line 59, in <module>
[2026-04-06T08:20:04.975+0000] {subprocess.py:93} INFO -     extract_API(run_date)
[2026-04-06T08:20:04.976+0000] {subprocess.py:93} INFO -     │           └ '2026-04-06'
[2026-04-06T08:20:04.978+0000] {subprocess.py:93} INFO -     └ <function extract_API at 0x78ccef3bd1f0>
[2026-04-06T08:20:04.979+0000] {subprocess.py:93} INFO - 
[2026-04-06T08:20:04.981+0000] {subprocess.py:93} INFO -   File "/opt/airflow/scripts/Extract_API.py", line 48, in extract_API
[2026-04-06T08:20:04.982+0000] {subprocess.py:93} INFO -     log_ETL(run_date, "extract", "success", None, f"Da luu thanh cong {filename}")
[2026-04-06T08:20:04.983+0000] {subprocess.py:93} INFO -     │       └ '2026-04-06'
[2026-04-06T08:20:04.984+0000] {subprocess.py:93} INFO -     └ <function log_ETL at 0x78ccef08ddc0>
[2026-04-06T08:20:04.985+0000] {subprocess.py:93} INFO - 
[2026-04-06T08:20:04.987+0000] {subprocess.py:93} INFO - > File "/opt/airflow/scripts/db_log.py", line 23, in log_ETL
[2026-04-06T08:20:04.988+0000] {subprocess.py:93} INFO -     cur.execute('''
[2026-04-06T08:20:04.990+0000] {subprocess.py:93} INFO -     │   └ <method 'execute' of 'psycopg2.extensions.cursor' objects>
[2026-04-06T08:20:04.992+0000] {subprocess.py:93} INFO -     └ <cursor object at 0x78ccef142c70; closed: 0>
[2026-04-06T08:20:04.993+0000] {subprocess.py:93} INFO - 
[2026-04-06T08:20:04.994+0000] {subprocess.py:93} INFO - psycopg2.errors.UniqueViolation: duplicate key value violates unique constraint "etl_log_pkey"
[2026-04-06T08:20:04.995+0000] {subprocess.py:93} INFO - DETAIL:  Key (run_id, step)=(20260406, extract) already exists.
[2026-04-06T08:20:04.997+0000] {subprocess.py:93} INFO - 
[2026-04-06T08:20:04.998+0000] {subprocess.py:93} INFO - 2026-04-06 08:20:04.969 | INFO     | db_log:log_ETL:38 - da dong ket noi
[2026-04-06T08:20:05.020+0000] {subprocess.py:97} INFO - Command exited with return code 0
[2026-04-06T08:20:05.106+0000] {taskinstance.py:1138} INFO - Marking task as SUCCESS. dag_id=nasa_neo_etl_pipeline, task_id=extract_API_to_JSON, execution_date=20260406T081317, start_date=20260406T082002, end_date=20260406T082005
[2026-04-06T08:20:05.218+0000] {local_task_job_runner.py:234} INFO - Task exited with return code 0
[2026-04-06T08:20:05.276+0000] {taskinstance.py:3280} INFO - 1 downstream tasks scheduled from follow-on schedule check
