[2026-04-06T08:13:19.696+0000] {taskinstance.py:1956} INFO - Dependencies all met for dep_context=non-requeueable deps ti=<TaskInstance: nasa_neo_etl_pipeline.extract_API_to_JSON manual__2026-04-06T08:13:17.528703+00:00 [queued]>
[2026-04-06T08:13:19.710+0000] {taskinstance.py:1956} INFO - Dependencies all met for dep_context=requeueable deps ti=<TaskInstance: nasa_neo_etl_pipeline.extract_API_to_JSON manual__2026-04-06T08:13:17.528703+00:00 [queued]>
[2026-04-06T08:13:19.711+0000] {taskinstance.py:2170} INFO - Starting attempt 1 of 4
[2026-04-06T08:13:19.731+0000] {taskinstance.py:2191} INFO - Executing <Task(BashOperator): extract_API_to_JSON> on 2026-04-06 08:13:17.528703+00:00
[2026-04-06T08:13:19.738+0000] {standard_task_runner.py:60} INFO - Started process 198 to run task
[2026-04-06T08:13:19.742+0000] {standard_task_runner.py:87} INFO - Running: ['airflow', 'tasks', 'run', 'nasa_neo_etl_pipeline', 'extract_API_to_JSON', 'manual__2026-04-06T08:13:17.528703+00:00', '--job-id', '3', '--raw', '--subdir', 'DAGS_FOLDER/Asteroid_DAG.py', '--cfg-path', '/tmp/tmp3r0iffe2']
[2026-04-06T08:13:19.744+0000] {standard_task_runner.py:88} INFO - Job 3: Subtask extract_API_to_JSON
[2026-04-06T08:13:19.795+0000] {task_command.py:423} INFO - Running <TaskInstance: nasa_neo_etl_pipeline.extract_API_to_JSON manual__2026-04-06T08:13:17.528703+00:00 [running]> on host a8f5a43682e7
[2026-04-06T08:13:19.882+0000] {taskinstance.py:2480} INFO - Exporting env vars: AIRFLOW_CTX_DAG_OWNER='hieu' AIRFLOW_CTX_DAG_ID='nasa_neo_etl_pipeline' AIRFLOW_CTX_TASK_ID='extract_API_to_JSON' AIRFLOW_CTX_EXECUTION_DATE='2026-04-06T08:13:17.528703+00:00' AIRFLOW_CTX_TRY_NUMBER='1' AIRFLOW_CTX_DAG_RUN_ID='manual__2026-04-06T08:13:17.528703+00:00'
[2026-04-06T08:13:19.884+0000] {subprocess.py:63} INFO - Tmp dir root location: /tmp
[2026-04-06T08:13:19.886+0000] {subprocess.py:75} INFO - Running command: ['/usr/bin/bash', '-c', "python3 /opt/airflow/scripts/Extract_API.py '2026-04-06'"]
[2026-04-06T08:13:19.895+0000] {subprocess.py:86} INFO - Output:
[2026-04-06T08:13:20.213+0000] {subprocess.py:93} INFO - 2026-04-06 08:13:20.212 | INFO     | __main__:extract_API:27 - Bat dau extract api ngay 2026-04-06
[2026-04-06T08:13:21.431+0000] {subprocess.py:93} INFO - 2026-04-06 08:13:21.428 | SUCCESS  | __main__:extract_API:46 - Da luu thanh cong /opt/airflow/data/raw/NEO_2026-04-06.json
[2026-04-06T08:13:21.435+0000] {subprocess.py:93} INFO - ------------------------------------------------------
[2026-04-06T08:13:21.441+0000] {subprocess.py:93} INFO - 2026-04-06 08:13:21.441 | INFO     | db_log:log_ETL:38 - da dong ket noi
[2026-04-06T08:13:21.495+0000] {subprocess.py:97} INFO - Command exited with return code 0
[2026-04-06T08:13:21.544+0000] {taskinstance.py:1138} INFO - Marking task as SUCCESS. dag_id=nasa_neo_etl_pipeline, task_id=extract_API_to_JSON, execution_date=20260406T081317, start_date=20260406T081319, end_date=20260406T081321
[2026-04-06T08:13:21.611+0000] {local_task_job_runner.py:234} INFO - Task exited with return code 0
[2026-04-06T08:13:21.695+0000] {taskinstance.py:3280} INFO - 1 downstream tasks scheduled from follow-on schedule check
