[2026-04-06T07:32:29.308+0000] {taskinstance.py:1956} INFO - Dependencies all met for dep_context=non-requeueable deps ti=<TaskInstance: nasa_neo_etl_pipeline.load_CSV_to_DW scheduled__2026-04-05T00:00:00+00:00 [queued]>
[2026-04-06T07:32:29.316+0000] {taskinstance.py:1956} INFO - Dependencies all met for dep_context=requeueable deps ti=<TaskInstance: nasa_neo_etl_pipeline.load_CSV_to_DW scheduled__2026-04-05T00:00:00+00:00 [queued]>
[2026-04-06T07:32:29.316+0000] {taskinstance.py:2170} INFO - Starting attempt 2 of 4
[2026-04-06T07:32:29.331+0000] {taskinstance.py:2191} INFO - Executing <Task(BashOperator): load_CSV_to_DW> on 2026-04-05 00:00:00+00:00
[2026-04-06T07:32:29.336+0000] {standard_task_runner.py:60} INFO - Started process 274 to run task
[2026-04-06T07:32:29.339+0000] {standard_task_runner.py:87} INFO - Running: ['airflow', 'tasks', 'run', 'nasa_neo_etl_pipeline', 'load_CSV_to_DW', 'scheduled__2026-04-05T00:00:00+00:00', '--job-id', '11', '--raw', '--subdir', 'DAGS_FOLDER/Asteroid_DAG.py', '--cfg-path', '/tmp/tmpptpzvzq1']
[2026-04-06T07:32:29.341+0000] {standard_task_runner.py:88} INFO - Job 11: Subtask load_CSV_to_DW
[2026-04-06T07:32:29.394+0000] {task_command.py:423} INFO - Running <TaskInstance: nasa_neo_etl_pipeline.load_CSV_to_DW scheduled__2026-04-05T00:00:00+00:00 [running]> on host 2b39c12e0bc6
[2026-04-06T07:32:29.458+0000] {taskinstance.py:2480} INFO - Exporting env vars: AIRFLOW_CTX_DAG_OWNER='hieu' AIRFLOW_CTX_DAG_ID='nasa_neo_etl_pipeline' AIRFLOW_CTX_TASK_ID='load_CSV_to_DW' AIRFLOW_CTX_EXECUTION_DATE='2026-04-05T00:00:00+00:00' AIRFLOW_CTX_TRY_NUMBER='2' AIRFLOW_CTX_DAG_RUN_ID='scheduled__2026-04-05T00:00:00+00:00'
[2026-04-06T07:32:29.460+0000] {subprocess.py:63} INFO - Tmp dir root location: /tmp
[2026-04-06T07:32:29.461+0000] {subprocess.py:75} INFO - Running command: ['/usr/bin/bash', '-c', "python3 /opt/airflow/scripts/load_postgres.py '2026-04-05'"]
[2026-04-06T07:32:29.470+0000] {subprocess.py:86} INFO - Output:
[2026-04-06T07:32:29.968+0000] {subprocess.py:93} INFO - 2026-04-06 07:32:29.968 | INFO     | __main__:load_postgres:29 - dang doc .csv
[2026-04-06T07:32:29.975+0000] {subprocess.py:93} INFO - 2026-04-06 07:32:29.975 | INFO     | __main__:load_postgres:31 - da them 3 dong
[2026-04-06T07:32:29.980+0000] {subprocess.py:93} INFO - 2026-04-06 07:32:29.980 | INFO     | __main__:load_postgres:40 - bat dau tao bang
[2026-04-06T07:32:29.982+0000] {subprocess.py:93} INFO - 2026-04-06 07:32:29.982 | INFO     | __main__:load_postgres:64 - dang load data
[2026-04-06T07:32:29.988+0000] {subprocess.py:93} INFO - 2026-04-06 07:32:29.987 | SUCCESS  | __main__:load_postgres:80 - insert thanh cong 3 dong
[2026-04-06T07:32:29.988+0000] {subprocess.py:93} INFO - ------------------------------------------------------
[2026-04-06T07:32:30.003+0000] {subprocess.py:93} INFO - 2026-04-06 07:32:29.992 | ERROR    | db_log:log_ETL:28 - da co loi xay ra relation "etl_log" does not exist
[2026-04-06T07:32:30.004+0000] {subprocess.py:93} INFO - LINE 2:                 insert into etl_log(run_id,step,status,row_p...
[2026-04-06T07:32:30.004+0000] {subprocess.py:93} INFO -                                     ^
[2026-04-06T07:32:30.005+0000] {subprocess.py:93} INFO - 
[2026-04-06T07:32:30.005+0000] {subprocess.py:93} INFO - Traceback (most recent call last):
[2026-04-06T07:32:30.006+0000] {subprocess.py:93} INFO - 
[2026-04-06T07:32:30.006+0000] {subprocess.py:93} INFO -   File "/opt/airflow/scripts/load_postgres.py", line 100, in <module>
[2026-04-06T07:32:30.007+0000] {subprocess.py:93} INFO -     load_postgres(run_date)
[2026-04-06T07:32:30.007+0000] {subprocess.py:93} INFO -     │             └ '2026-04-05'
[2026-04-06T07:32:30.008+0000] {subprocess.py:93} INFO -     └ <function load_postgres at 0x7b9015de9b80>
[2026-04-06T07:32:30.008+0000] {subprocess.py:93} INFO - 
[2026-04-06T07:32:30.009+0000] {subprocess.py:93} INFO -   File "/opt/airflow/scripts/load_postgres.py", line 81, in load_postgres
[2026-04-06T07:32:30.009+0000] {subprocess.py:93} INFO -     log_ETL(run_date, "load to DB", "success", len(values), f"da load vao DB thanh cong")
[2026-04-06T07:32:30.010+0000] {subprocess.py:93} INFO -     │       │                                      └ [[2399325, '399325 (1999 GY5)', 20.18, 244.655496172, 547.0663205095, 21.3856166651, 10534194.331303587, '2026-04-05'], [3329...
[2026-04-06T07:32:30.011+0000] {subprocess.py:93} INFO -     │       └ '2026-04-05'
[2026-04-06T07:32:30.012+0000] {subprocess.py:93} INFO -     └ <function log_ETL at 0x7b9011554af0>
[2026-04-06T07:32:30.012+0000] {subprocess.py:93} INFO - 
[2026-04-06T07:32:30.013+0000] {subprocess.py:93} INFO - > File "/opt/airflow/scripts/db_log.py", line 21, in log_ETL
[2026-04-06T07:32:30.013+0000] {subprocess.py:93} INFO -     cur.execute('''
[2026-04-06T07:32:30.014+0000] {subprocess.py:93} INFO -     │   └ <method 'execute' of 'psycopg2.extensions.cursor' objects>
[2026-04-06T07:32:30.014+0000] {subprocess.py:93} INFO -     └ <cursor object at 0x7b901153a400; closed: 0>
[2026-04-06T07:32:30.015+0000] {subprocess.py:93} INFO - 
[2026-04-06T07:32:30.015+0000] {subprocess.py:93} INFO - psycopg2.errors.UndefinedTable: relation "etl_log" does not exist
[2026-04-06T07:32:30.016+0000] {subprocess.py:93} INFO - LINE 2:                 insert into etl_log(run_id,step,status,row_p...
[2026-04-06T07:32:30.016+0000] {subprocess.py:93} INFO -                                     ^
[2026-04-06T07:32:30.017+0000] {subprocess.py:93} INFO - 
[2026-04-06T07:32:30.018+0000] {subprocess.py:93} INFO - 2026-04-06 07:32:30.003 | INFO     | db_log:log_ETL:36 - da dong ket noi
[2026-04-06T07:32:30.018+0000] {subprocess.py:93} INFO - 2026-04-06 07:32:30.004 | INFO     | __main__:load_postgres:96 - Da dong ket noi
[2026-04-06T07:32:30.087+0000] {subprocess.py:97} INFO - Command exited with return code 0
[2026-04-06T07:32:30.108+0000] {taskinstance.py:1138} INFO - Marking task as SUCCESS. dag_id=nasa_neo_etl_pipeline, task_id=load_CSV_to_DW, execution_date=20260405T000000, start_date=20260406T073229, end_date=20260406T073230
[2026-04-06T07:32:30.156+0000] {local_task_job_runner.py:234} INFO - Task exited with return code 0
[2026-04-06T07:32:30.175+0000] {taskinstance.py:3280} INFO - 1 downstream tasks scheduled from follow-on schedule check
[2026-04-06T08:04:12.457+0000] {taskinstance.py:1956} INFO - Dependencies all met for dep_context=non-requeueable deps ti=<TaskInstance: nasa_neo_etl_pipeline.load_CSV_to_DW scheduled__2026-04-05T00:00:00+00:00 [queued]>
[2026-04-06T08:04:12.475+0000] {taskinstance.py:1956} INFO - Dependencies all met for dep_context=requeueable deps ti=<TaskInstance: nasa_neo_etl_pipeline.load_CSV_to_DW scheduled__2026-04-05T00:00:00+00:00 [queued]>
[2026-04-06T08:04:12.476+0000] {taskinstance.py:2170} INFO - Starting attempt 2 of 4
[2026-04-06T08:04:12.531+0000] {taskinstance.py:2191} INFO - Executing <Task(BashOperator): load_CSV_to_DW> on 2026-04-05 00:00:00+00:00
[2026-04-06T08:04:12.539+0000] {standard_task_runner.py:60} INFO - Started process 239 to run task
[2026-04-06T08:04:12.544+0000] {standard_task_runner.py:87} INFO - Running: ['airflow', 'tasks', 'run', 'nasa_neo_etl_pipeline', 'load_CSV_to_DW', 'scheduled__2026-04-05T00:00:00+00:00', '--job-id', '10', '--raw', '--subdir', 'DAGS_FOLDER/Asteroid_DAG.py', '--cfg-path', '/tmp/tmpyq3xgu2p']
[2026-04-06T08:04:12.547+0000] {standard_task_runner.py:88} INFO - Job 10: Subtask load_CSV_to_DW
[2026-04-06T08:04:12.660+0000] {task_command.py:423} INFO - Running <TaskInstance: nasa_neo_etl_pipeline.load_CSV_to_DW scheduled__2026-04-05T00:00:00+00:00 [running]> on host aaedc428eaf5
[2026-04-06T08:04:12.819+0000] {taskinstance.py:2480} INFO - Exporting env vars: AIRFLOW_CTX_DAG_OWNER='hieu' AIRFLOW_CTX_DAG_ID='nasa_neo_etl_pipeline' AIRFLOW_CTX_TASK_ID='load_CSV_to_DW' AIRFLOW_CTX_EXECUTION_DATE='2026-04-05T00:00:00+00:00' AIRFLOW_CTX_TRY_NUMBER='2' AIRFLOW_CTX_DAG_RUN_ID='scheduled__2026-04-05T00:00:00+00:00'
[2026-04-06T08:04:12.821+0000] {subprocess.py:63} INFO - Tmp dir root location: /tmp
[2026-04-06T08:04:12.824+0000] {subprocess.py:75} INFO - Running command: ['/usr/bin/bash', '-c', "python3 /opt/airflow/scripts/load_postgres.py '2026-04-05'"]
[2026-04-06T08:04:12.839+0000] {subprocess.py:86} INFO - Output:
[2026-04-06T08:04:12.886+0000] {subprocess.py:93} INFO - python3: can't open file '/opt/airflow/scripts/load_postgres.py': [Errno 2] No such file or directory
[2026-04-06T08:04:12.890+0000] {subprocess.py:97} INFO - Command exited with return code 2
[2026-04-06T08:04:12.907+0000] {taskinstance.py:2698} ERROR - Task failed with exception
Traceback (most recent call last):
  File "/home/airflow/.local/lib/python3.8/site-packages/airflow/models/taskinstance.py", line 433, in _execute_task
    result = execute_callable(context=context, **execute_callable_kwargs)
  File "/home/airflow/.local/lib/python3.8/site-packages/airflow/operators/bash.py", line 212, in execute
    raise AirflowException(
airflow.exceptions.AirflowException: Bash command failed. The command returned a non-zero exit code 2.
[2026-04-06T08:04:12.912+0000] {taskinstance.py:1138} INFO - Marking task as UP_FOR_RETRY. dag_id=nasa_neo_etl_pipeline, task_id=load_CSV_to_DW, execution_date=20260405T000000, start_date=20260406T080412, end_date=20260406T080412
[2026-04-06T08:04:12.958+0000] {standard_task_runner.py:107} ERROR - Failed to execute job 10 for task load_CSV_to_DW (Bash command failed. The command returned a non-zero exit code 2.; 239)
[2026-04-06T08:04:13.000+0000] {local_task_job_runner.py:234} INFO - Task exited with return code 1
[2026-04-06T08:04:13.034+0000] {taskinstance.py:3280} INFO - 0 downstream tasks scheduled from follow-on schedule check
[2026-04-06T08:20:09.805+0000] {taskinstance.py:1956} INFO - Dependencies all met for dep_context=non-requeueable deps ti=<TaskInstance: nasa_neo_etl_pipeline.load_CSV_to_DW scheduled__2026-04-05T00:00:00+00:00 [queued]>
[2026-04-06T08:20:09.816+0000] {taskinstance.py:1956} INFO - Dependencies all met for dep_context=requeueable deps ti=<TaskInstance: nasa_neo_etl_pipeline.load_CSV_to_DW scheduled__2026-04-05T00:00:00+00:00 [queued]>
[2026-04-06T08:20:09.817+0000] {taskinstance.py:2170} INFO - Starting attempt 2 of 5
[2026-04-06T08:20:09.883+0000] {taskinstance.py:2191} INFO - Executing <Task(BashOperator): load_CSV_to_DW> on 2026-04-05 00:00:00+00:00
[2026-04-06T08:20:09.891+0000] {standard_task_runner.py:60} INFO - Started process 357 to run task
[2026-04-06T08:20:09.895+0000] {standard_task_runner.py:87} INFO - Running: ['airflow', 'tasks', 'run', 'nasa_neo_etl_pipeline', 'load_CSV_to_DW', 'scheduled__2026-04-05T00:00:00+00:00', '--job-id', '20', '--raw', '--subdir', 'DAGS_FOLDER/Asteroid_DAG.py', '--cfg-path', '/tmp/tmpg13amq9t']
[2026-04-06T08:20:09.898+0000] {standard_task_runner.py:88} INFO - Job 20: Subtask load_CSV_to_DW
[2026-04-06T08:20:09.988+0000] {task_command.py:423} INFO - Running <TaskInstance: nasa_neo_etl_pipeline.load_CSV_to_DW scheduled__2026-04-05T00:00:00+00:00 [running]> on host a8f5a43682e7
[2026-04-06T08:20:10.108+0000] {taskinstance.py:2480} INFO - Exporting env vars: AIRFLOW_CTX_DAG_OWNER='hieu' AIRFLOW_CTX_DAG_ID='nasa_neo_etl_pipeline' AIRFLOW_CTX_TASK_ID='load_CSV_to_DW' AIRFLOW_CTX_EXECUTION_DATE='2026-04-05T00:00:00+00:00' AIRFLOW_CTX_TRY_NUMBER='2' AIRFLOW_CTX_DAG_RUN_ID='scheduled__2026-04-05T00:00:00+00:00'
[2026-04-06T08:20:10.112+0000] {subprocess.py:63} INFO - Tmp dir root location: /tmp
[2026-04-06T08:20:10.114+0000] {subprocess.py:75} INFO - Running command: ['/usr/bin/bash', '-c', "python3 /opt/airflow/scripts/load_postgres.py '2026-04-05'"]
[2026-04-06T08:20:10.126+0000] {subprocess.py:86} INFO - Output:
[2026-04-06T08:20:10.908+0000] {subprocess.py:93} INFO - 2026-04-06 08:20:10.907 | INFO     | __main__:load_postgres:29 - dang doc .csv
[2026-04-06T08:20:10.917+0000] {subprocess.py:93} INFO - 2026-04-06 08:20:10.916 | INFO     | __main__:load_postgres:31 - da them 3 dong
[2026-04-06T08:20:10.928+0000] {subprocess.py:93} INFO - 2026-04-06 08:20:10.928 | INFO     | __main__:load_postgres:40 - bat dau tao bang
[2026-04-06T08:20:10.931+0000] {subprocess.py:93} INFO - 2026-04-06 08:20:10.931 | INFO     | __main__:load_postgres:64 - dang load data
[2026-04-06T08:20:10.965+0000] {subprocess.py:93} INFO - 2026-04-06 08:20:10.965 | SUCCESS  | __main__:load_postgres:80 - insert thanh cong 3 dong
[2026-04-06T08:20:10.966+0000] {subprocess.py:93} INFO - ------------------------------------------------------
[2026-04-06T08:20:10.992+0000] {subprocess.py:93} INFO - 2026-04-06 08:20:10.972 | ERROR    | db_log:log_ETL:30 - da co loi xay ra duplicate key value violates unique constraint "etl_log_pkey"
[2026-04-06T08:20:10.993+0000] {subprocess.py:93} INFO - DETAIL:  Key (run_id, step)=(20260405, load to DB) already exists.
[2026-04-06T08:20:10.995+0000] {subprocess.py:93} INFO - 
[2026-04-06T08:20:10.995+0000] {subprocess.py:93} INFO - Traceback (most recent call last):
[2026-04-06T08:20:10.996+0000] {subprocess.py:93} INFO - 
[2026-04-06T08:20:10.997+0000] {subprocess.py:93} INFO -   File "/opt/airflow/scripts/load_postgres.py", line 100, in <module>
[2026-04-06T08:20:10.998+0000] {subprocess.py:93} INFO -     load_postgres(run_date)
[2026-04-06T08:20:10.999+0000] {subprocess.py:93} INFO -     │             └ '2026-04-05'
[2026-04-06T08:20:11.000+0000] {subprocess.py:93} INFO -     └ <function load_postgres at 0x7bbe784a0b80>
[2026-04-06T08:20:11.001+0000] {subprocess.py:93} INFO - 
[2026-04-06T08:20:11.002+0000] {subprocess.py:93} INFO -   File "/opt/airflow/scripts/load_postgres.py", line 81, in load_postgres
[2026-04-06T08:20:11.003+0000] {subprocess.py:93} INFO -     log_ETL(run_date, "load to DB", "success", len(values), "da load vao database thanh cong")
[2026-04-06T08:20:11.004+0000] {subprocess.py:93} INFO -     │       │                                      └ [[2399325, '399325 (1999 GY5)', 20.18, 244.655496172, 547.0663205095, 21.3856166651, 10534194.331303587, '2026-04-05'], [3329...
[2026-04-06T08:20:11.004+0000] {subprocess.py:93} INFO -     │       └ '2026-04-05'
[2026-04-06T08:20:11.005+0000] {subprocess.py:93} INFO -     └ <function log_ETL at 0x7bbe77969040>
[2026-04-06T08:20:11.005+0000] {subprocess.py:93} INFO - 
[2026-04-06T08:20:11.006+0000] {subprocess.py:93} INFO - > File "/opt/airflow/scripts/db_log.py", line 23, in log_ETL
[2026-04-06T08:20:11.007+0000] {subprocess.py:93} INFO -     cur.execute('''
[2026-04-06T08:20:11.007+0000] {subprocess.py:93} INFO -     │   └ <method 'execute' of 'psycopg2.extensions.cursor' objects>
[2026-04-06T08:20:11.008+0000] {subprocess.py:93} INFO -     └ <cursor object at 0x7bbe739344f0; closed: 0>
[2026-04-06T08:20:11.008+0000] {subprocess.py:93} INFO - 
[2026-04-06T08:20:11.010+0000] {subprocess.py:93} INFO - psycopg2.errors.UniqueViolation: duplicate key value violates unique constraint "etl_log_pkey"
[2026-04-06T08:20:11.010+0000] {subprocess.py:93} INFO - DETAIL:  Key (run_id, step)=(20260405, load to DB) already exists.
[2026-04-06T08:20:11.011+0000] {subprocess.py:93} INFO - 
[2026-04-06T08:20:11.012+0000] {subprocess.py:93} INFO - 2026-04-06 08:20:10.994 | INFO     | db_log:log_ETL:38 - da dong ket noi
[2026-04-06T08:20:11.012+0000] {subprocess.py:93} INFO - 2026-04-06 08:20:10.996 | INFO     | __main__:load_postgres:96 - Da dong ket noi
[2026-04-06T08:20:11.157+0000] {subprocess.py:97} INFO - Command exited with return code 0
[2026-04-06T08:20:11.223+0000] {taskinstance.py:1138} INFO - Marking task as SUCCESS. dag_id=nasa_neo_etl_pipeline, task_id=load_CSV_to_DW, execution_date=20260405T000000, start_date=20260406T082009, end_date=20260406T082011
[2026-04-06T08:20:11.279+0000] {local_task_job_runner.py:234} INFO - Task exited with return code 0
[2026-04-06T08:20:11.312+0000] {taskinstance.py:3280} INFO - 1 downstream tasks scheduled from follow-on schedule check
