[2026-04-06T08:05:14.105+0000] {taskinstance.py:1956} INFO - Dependencies all met for dep_context=non-requeueable deps ti=<TaskInstance: nasa_neo_etl_pipeline.load_CSV_to_DW scheduled__2026-04-05T00:00:00+00:00 [queued]>
[2026-04-06T08:05:14.120+0000] {taskinstance.py:1956} INFO - Dependencies all met for dep_context=requeueable deps ti=<TaskInstance: nasa_neo_etl_pipeline.load_CSV_to_DW scheduled__2026-04-05T00:00:00+00:00 [queued]>
[2026-04-06T08:05:14.122+0000] {taskinstance.py:2170} INFO - Starting attempt 3 of 4
[2026-04-06T08:05:14.171+0000] {taskinstance.py:2191} INFO - Executing <Task(BashOperator): load_CSV_to_DW> on 2026-04-05 00:00:00+00:00
[2026-04-06T08:05:14.180+0000] {standard_task_runner.py:60} INFO - Started process 255 to run task
[2026-04-06T08:05:14.185+0000] {standard_task_runner.py:87} INFO - Running: ['airflow', 'tasks', 'run', 'nasa_neo_etl_pipeline', 'load_CSV_to_DW', 'scheduled__2026-04-05T00:00:00+00:00', '--job-id', '12', '--raw', '--subdir', 'DAGS_FOLDER/Asteroid_DAG.py', '--cfg-path', '/tmp/tmpegop8h7u']
[2026-04-06T08:05:14.188+0000] {standard_task_runner.py:88} INFO - Job 12: Subtask load_CSV_to_DW
[2026-04-06T08:05:14.275+0000] {task_command.py:423} INFO - Running <TaskInstance: nasa_neo_etl_pipeline.load_CSV_to_DW scheduled__2026-04-05T00:00:00+00:00 [running]> on host aaedc428eaf5
[2026-04-06T08:05:14.423+0000] {taskinstance.py:2480} INFO - Exporting env vars: AIRFLOW_CTX_DAG_OWNER='hieu' AIRFLOW_CTX_DAG_ID='nasa_neo_etl_pipeline' AIRFLOW_CTX_TASK_ID='load_CSV_to_DW' AIRFLOW_CTX_EXECUTION_DATE='2026-04-05T00:00:00+00:00' AIRFLOW_CTX_TRY_NUMBER='3' AIRFLOW_CTX_DAG_RUN_ID='scheduled__2026-04-05T00:00:00+00:00'
[2026-04-06T08:05:14.426+0000] {subprocess.py:63} INFO - Tmp dir root location: /tmp
[2026-04-06T08:05:14.428+0000] {subprocess.py:75} INFO - Running command: ['/usr/bin/bash', '-c', "python3 /opt/airflow/scripts/load_postgres.py '2026-04-05'"]
[2026-04-06T08:05:14.443+0000] {subprocess.py:86} INFO - Output:
[2026-04-06T08:05:14.486+0000] {subprocess.py:93} INFO - python3: can't open file '/opt/airflow/scripts/load_postgres.py': [Errno 2] No such file or directory
[2026-04-06T08:05:14.490+0000] {subprocess.py:97} INFO - Command exited with return code 2
[2026-04-06T08:05:14.507+0000] {taskinstance.py:2698} ERROR - Task failed with exception
Traceback (most recent call last):
  File "/home/airflow/.local/lib/python3.8/site-packages/airflow/models/taskinstance.py", line 433, in _execute_task
    result = execute_callable(context=context, **execute_callable_kwargs)
  File "/home/airflow/.local/lib/python3.8/site-packages/airflow/operators/bash.py", line 212, in execute
    raise AirflowException(
airflow.exceptions.AirflowException: Bash command failed. The command returned a non-zero exit code 2.
[2026-04-06T08:05:14.515+0000] {taskinstance.py:1138} INFO - Marking task as UP_FOR_RETRY. dag_id=nasa_neo_etl_pipeline, task_id=load_CSV_to_DW, execution_date=20260405T000000, start_date=20260406T080514, end_date=20260406T080514
[2026-04-06T08:05:14.565+0000] {standard_task_runner.py:107} ERROR - Failed to execute job 12 for task load_CSV_to_DW (Bash command failed. The command returned a non-zero exit code 2.; 255)
[2026-04-06T08:05:14.604+0000] {local_task_job_runner.py:234} INFO - Task exited with return code 1
[2026-04-06T08:05:14.640+0000] {taskinstance.py:3280} INFO - 0 downstream tasks scheduled from follow-on schedule check
