[2026-04-06T06:56:42.452+0000] {taskinstance.py:1956} INFO - Dependencies all met for dep_context=non-requeueable deps ti=<TaskInstance: nasa_neo_etl_pipeline.load_CSV_to_DW scheduled__2026-04-05T00:00:00+00:00 [queued]>
[2026-04-06T06:56:42.460+0000] {taskinstance.py:1956} INFO - Dependencies all met for dep_context=requeueable deps ti=<TaskInstance: nasa_neo_etl_pipeline.load_CSV_to_DW scheduled__2026-04-05T00:00:00+00:00 [queued]>
[2026-04-06T06:56:42.462+0000] {taskinstance.py:2170} INFO - Starting attempt 1 of 4
[2026-04-06T06:56:42.503+0000] {taskinstance.py:2191} INFO - Executing <Task(BashOperator): load_CSV_to_DW> on 2026-04-05 00:00:00+00:00
[2026-04-06T06:56:42.509+0000] {standard_task_runner.py:60} INFO - Started process 206 to run task
[2026-04-06T06:56:42.511+0000] {standard_task_runner.py:87} INFO - Running: ['airflow', 'tasks', 'run', 'nasa_neo_etl_pipeline', 'load_CSV_to_DW', 'scheduled__2026-04-05T00:00:00+00:00', '--job-id', '7', '--raw', '--subdir', 'DAGS_FOLDER/Asteroid_DAG.py', '--cfg-path', '/tmp/tmpax4vgkl7']
[2026-04-06T06:56:42.513+0000] {standard_task_runner.py:88} INFO - Job 7: Subtask load_CSV_to_DW
[2026-04-06T06:56:42.562+0000] {task_command.py:423} INFO - Running <TaskInstance: nasa_neo_etl_pipeline.load_CSV_to_DW scheduled__2026-04-05T00:00:00+00:00 [running]> on host 9e29029b67cd
[2026-04-06T06:56:42.672+0000] {taskinstance.py:2480} INFO - Exporting env vars: AIRFLOW_CTX_DAG_OWNER='hieu' AIRFLOW_CTX_DAG_ID='nasa_neo_etl_pipeline' AIRFLOW_CTX_TASK_ID='load_CSV_to_DW' AIRFLOW_CTX_EXECUTION_DATE='2026-04-05T00:00:00+00:00' AIRFLOW_CTX_TRY_NUMBER='1' AIRFLOW_CTX_DAG_RUN_ID='scheduled__2026-04-05T00:00:00+00:00'
[2026-04-06T06:56:42.674+0000] {subprocess.py:63} INFO - Tmp dir root location: /tmp
[2026-04-06T06:56:42.677+0000] {subprocess.py:75} INFO - Running command: ['/usr/bin/bash', '-c', "python3 /opt/airflow/scripts/load_postgres.py '2026-04-05'"]
[2026-04-06T06:56:42.687+0000] {subprocess.py:86} INFO - Output:
[2026-04-06T06:56:43.992+0000] {subprocess.py:93} INFO - 2026-04-06 06:56:43.992 | INFO     | __main__:load_postgres:29 - dang doc .csv
[2026-04-06T06:56:44.037+0000] {subprocess.py:93} INFO - 2026-04-06 06:56:44.037 | INFO     | __main__:load_postgres:31 - da them 3 dong
[2026-04-06T06:56:44.043+0000] {subprocess.py:93} INFO - 2026-04-06 06:56:44.042 | INFO     | __main__:load_postgres:40 - bat dau tao bang
[2026-04-06T06:56:44.063+0000] {subprocess.py:93} INFO - 2026-04-06 06:56:44.063 | INFO     | __main__:load_postgres:64 - dang load data
[2026-04-06T06:56:44.070+0000] {subprocess.py:93} INFO - 2026-04-06 06:56:44.070 | SUCCESS  | __main__:load_postgres:80 - insert thanh cong 3 dong
[2026-04-06T06:56:44.071+0000] {subprocess.py:93} INFO - ------------------------------------------------------
[2026-04-06T06:56:44.092+0000] {subprocess.py:93} INFO - 2026-04-06 06:56:44.075 | ERROR    | db_log:log_ETL:28 - da co loi xay ra relation "etl_log" does not exist
[2026-04-06T06:56:44.093+0000] {subprocess.py:93} INFO - LINE 2:                 insert into etl_log(run_id,step,status,row_p...
[2026-04-06T06:56:44.094+0000] {subprocess.py:93} INFO -                                     ^
[2026-04-06T06:56:44.095+0000] {subprocess.py:93} INFO - 
[2026-04-06T06:56:44.096+0000] {subprocess.py:93} INFO - Traceback (most recent call last):
[2026-04-06T06:56:44.096+0000] {subprocess.py:93} INFO - 
[2026-04-06T06:56:44.097+0000] {subprocess.py:93} INFO -   File "/opt/airflow/scripts/load_postgres.py", line 100, in <module>
[2026-04-06T06:56:44.098+0000] {subprocess.py:93} INFO -     load_postgres(run_date)
[2026-04-06T06:56:44.099+0000] {subprocess.py:93} INFO -     │             └ '2026-04-05'
[2026-04-06T06:56:44.100+0000] {subprocess.py:93} INFO -     └ <function load_postgres at 0x757286960b80>
[2026-04-06T06:56:44.101+0000] {subprocess.py:93} INFO - 
[2026-04-06T06:56:44.102+0000] {subprocess.py:93} INFO -   File "/opt/airflow/scripts/load_postgres.py", line 81, in load_postgres
[2026-04-06T06:56:44.103+0000] {subprocess.py:93} INFO -     log_ETL(run_date, "load to DB", "success", len(values), f"da load vao DB thanh cong")
[2026-04-06T06:56:44.104+0000] {subprocess.py:93} INFO -     │       │                                      └ [[2399325, '399325 (1999 GY5)', 20.18, 244.655496172, 547.0663205095, 21.3856166651, 10534194.331303587, '2026-04-05'], [3329...
[2026-04-06T06:56:44.105+0000] {subprocess.py:93} INFO -     │       └ '2026-04-05'
[2026-04-06T06:56:44.106+0000] {subprocess.py:93} INFO -     └ <function log_ETL at 0x757286058040>
[2026-04-06T06:56:44.107+0000] {subprocess.py:93} INFO - 
[2026-04-06T06:56:44.107+0000] {subprocess.py:93} INFO - > File "/opt/airflow/scripts/db_log.py", line 21, in log_ETL
[2026-04-06T06:56:44.108+0000] {subprocess.py:93} INFO -     cur.execute('''
[2026-04-06T06:56:44.109+0000] {subprocess.py:93} INFO -     │   └ <method 'execute' of 'psycopg2.extensions.cursor' objects>
[2026-04-06T06:56:44.110+0000] {subprocess.py:93} INFO -     └ <cursor object at 0x757281dce040; closed: 0>
[2026-04-06T06:56:44.111+0000] {subprocess.py:93} INFO - 
[2026-04-06T06:56:44.111+0000] {subprocess.py:93} INFO - psycopg2.errors.UndefinedTable: relation "etl_log" does not exist
[2026-04-06T06:56:44.112+0000] {subprocess.py:93} INFO - LINE 2:                 insert into etl_log(run_id,step,status,row_p...
[2026-04-06T06:56:44.113+0000] {subprocess.py:93} INFO -                                     ^
[2026-04-06T06:56:44.114+0000] {subprocess.py:93} INFO - 
[2026-04-06T06:56:44.115+0000] {subprocess.py:93} INFO - 2026-04-06 06:56:44.093 | INFO     | db_log:log_ETL:36 - da dong ket noi
[2026-04-06T06:56:44.116+0000] {subprocess.py:93} INFO - 2026-04-06 06:56:44.094 | INFO     | __main__:load_postgres:96 - Da dong ket noi
[2026-04-06T06:56:44.273+0000] {subprocess.py:97} INFO - Command exited with return code 0
[2026-04-06T06:56:44.307+0000] {taskinstance.py:1138} INFO - Marking task as SUCCESS. dag_id=nasa_neo_etl_pipeline, task_id=load_CSV_to_DW, execution_date=20260405T000000, start_date=20260406T065642, end_date=20260406T065644
[2026-04-06T06:56:44.337+0000] {local_task_job_runner.py:234} INFO - Task exited with return code 0
[2026-04-06T06:56:44.364+0000] {taskinstance.py:3280} INFO - 1 downstream tasks scheduled from follow-on schedule check
[2026-04-06T07:04:25.614+0000] {taskinstance.py:1956} INFO - Dependencies all met for dep_context=non-requeueable deps ti=<TaskInstance: nasa_neo_etl_pipeline.load_CSV_to_DW scheduled__2026-04-05T00:00:00+00:00 [queued]>
[2026-04-06T07:04:25.626+0000] {taskinstance.py:1956} INFO - Dependencies all met for dep_context=requeueable deps ti=<TaskInstance: nasa_neo_etl_pipeline.load_CSV_to_DW scheduled__2026-04-05T00:00:00+00:00 [queued]>
[2026-04-06T07:04:25.628+0000] {taskinstance.py:2170} INFO - Starting attempt 1 of 4
[2026-04-06T07:04:25.678+0000] {taskinstance.py:2191} INFO - Executing <Task(BashOperator): load_CSV_to_DW> on 2026-04-05 00:00:00+00:00
[2026-04-06T07:04:25.685+0000] {standard_task_runner.py:60} INFO - Started process 226 to run task
[2026-04-06T07:04:25.688+0000] {standard_task_runner.py:87} INFO - Running: ['airflow', 'tasks', 'run', 'nasa_neo_etl_pipeline', 'load_CSV_to_DW', 'scheduled__2026-04-05T00:00:00+00:00', '--job-id', '7', '--raw', '--subdir', 'DAGS_FOLDER/Asteroid_DAG.py', '--cfg-path', '/tmp/tmpocue0ufs']
[2026-04-06T07:04:25.690+0000] {standard_task_runner.py:88} INFO - Job 7: Subtask load_CSV_to_DW
[2026-04-06T07:04:25.757+0000] {task_command.py:423} INFO - Running <TaskInstance: nasa_neo_etl_pipeline.load_CSV_to_DW scheduled__2026-04-05T00:00:00+00:00 [running]> on host ea08d20ed4e4
[2026-04-06T07:04:25.880+0000] {taskinstance.py:2480} INFO - Exporting env vars: AIRFLOW_CTX_DAG_OWNER='hieu' AIRFLOW_CTX_DAG_ID='nasa_neo_etl_pipeline' AIRFLOW_CTX_TASK_ID='load_CSV_to_DW' AIRFLOW_CTX_EXECUTION_DATE='2026-04-05T00:00:00+00:00' AIRFLOW_CTX_TRY_NUMBER='1' AIRFLOW_CTX_DAG_RUN_ID='scheduled__2026-04-05T00:00:00+00:00'
[2026-04-06T07:04:25.883+0000] {subprocess.py:63} INFO - Tmp dir root location: /tmp
[2026-04-06T07:04:25.884+0000] {subprocess.py:75} INFO - Running command: ['/usr/bin/bash', '-c', "python3 /opt/airflow/scripts/load_postgres.py '2026-04-05'"]
[2026-04-06T07:04:25.893+0000] {subprocess.py:86} INFO - Output:
[2026-04-06T07:04:27.160+0000] {subprocess.py:93} INFO - 2026-04-06 07:04:27.159 | INFO     | __main__:load_postgres:29 - dang doc .csv
[2026-04-06T07:04:27.170+0000] {subprocess.py:93} INFO - 2026-04-06 07:04:27.170 | INFO     | __main__:load_postgres:31 - da them 3 dong
[2026-04-06T07:04:27.175+0000] {subprocess.py:93} INFO - 2026-04-06 07:04:27.175 | INFO     | __main__:load_postgres:40 - bat dau tao bang
[2026-04-06T07:04:27.217+0000] {subprocess.py:93} INFO - 2026-04-06 07:04:27.217 | INFO     | __main__:load_postgres:64 - dang load data
[2026-04-06T07:04:27.222+0000] {subprocess.py:93} INFO - 2026-04-06 07:04:27.222 | SUCCESS  | __main__:load_postgres:80 - insert thanh cong 3 dong
[2026-04-06T07:04:27.223+0000] {subprocess.py:93} INFO - ------------------------------------------------------
[2026-04-06T07:04:27.242+0000] {subprocess.py:93} INFO - 2026-04-06 07:04:27.228 | ERROR    | db_log:log_ETL:28 - da co loi xay ra relation "etl_log" does not exist
[2026-04-06T07:04:27.243+0000] {subprocess.py:93} INFO - LINE 2:                 insert into etl_log(run_id,step,status,row_p...
[2026-04-06T07:04:27.243+0000] {subprocess.py:93} INFO -                                     ^
[2026-04-06T07:04:27.244+0000] {subprocess.py:93} INFO - 
[2026-04-06T07:04:27.244+0000] {subprocess.py:93} INFO - Traceback (most recent call last):
[2026-04-06T07:04:27.246+0000] {subprocess.py:93} INFO - 
[2026-04-06T07:04:27.246+0000] {subprocess.py:93} INFO -   File "/opt/airflow/scripts/load_postgres.py", line 100, in <module>
[2026-04-06T07:04:27.247+0000] {subprocess.py:93} INFO -     load_postgres(run_date)
[2026-04-06T07:04:27.247+0000] {subprocess.py:93} INFO -     │             └ '2026-04-05'
[2026-04-06T07:04:27.248+0000] {subprocess.py:93} INFO -     └ <function load_postgres at 0x7d70b2320b80>
[2026-04-06T07:04:27.248+0000] {subprocess.py:93} INFO - 
[2026-04-06T07:04:27.249+0000] {subprocess.py:93} INFO -   File "/opt/airflow/scripts/load_postgres.py", line 81, in load_postgres
[2026-04-06T07:04:27.249+0000] {subprocess.py:93} INFO -     log_ETL(run_date, "load to DB", "success", len(values), f"da load vao DB thanh cong")
[2026-04-06T07:04:27.250+0000] {subprocess.py:93} INFO -     │       │                                      └ [[2399325, '399325 (1999 GY5)', 20.18, 244.655496172, 547.0663205095, 21.3856166651, 10534194.331303587, '2026-04-05'], [3329...
[2026-04-06T07:04:27.251+0000] {subprocess.py:93} INFO -     │       └ '2026-04-05'
[2026-04-06T07:04:27.251+0000] {subprocess.py:93} INFO -     └ <function log_ETL at 0x7d70b17d8040>
[2026-04-06T07:04:27.252+0000] {subprocess.py:93} INFO - 
[2026-04-06T07:04:27.252+0000] {subprocess.py:93} INFO - > File "/opt/airflow/scripts/db_log.py", line 21, in log_ETL
[2026-04-06T07:04:27.253+0000] {subprocess.py:93} INFO -     cur.execute('''
[2026-04-06T07:04:27.253+0000] {subprocess.py:93} INFO -     │   └ <method 'execute' of 'psycopg2.extensions.cursor' objects>
[2026-04-06T07:04:27.254+0000] {subprocess.py:93} INFO -     └ <cursor object at 0x7d70ad476040; closed: 0>
[2026-04-06T07:04:27.254+0000] {subprocess.py:93} INFO - 
[2026-04-06T07:04:27.255+0000] {subprocess.py:93} INFO - psycopg2.errors.UndefinedTable: relation "etl_log" does not exist
[2026-04-06T07:04:27.255+0000] {subprocess.py:93} INFO - LINE 2:                 insert into etl_log(run_id,step,status,row_p...
[2026-04-06T07:04:27.256+0000] {subprocess.py:93} INFO -                                     ^
[2026-04-06T07:04:27.256+0000] {subprocess.py:93} INFO - 
[2026-04-06T07:04:27.257+0000] {subprocess.py:93} INFO - 2026-04-06 07:04:27.243 | INFO     | db_log:log_ETL:36 - da dong ket noi
[2026-04-06T07:04:27.257+0000] {subprocess.py:93} INFO - 2026-04-06 07:04:27.244 | INFO     | __main__:load_postgres:96 - Da dong ket noi
[2026-04-06T07:04:27.378+0000] {subprocess.py:97} INFO - Command exited with return code 0
[2026-04-06T07:04:27.412+0000] {taskinstance.py:1138} INFO - Marking task as SUCCESS. dag_id=nasa_neo_etl_pipeline, task_id=load_CSV_to_DW, execution_date=20260405T000000, start_date=20260406T070425, end_date=20260406T070427
[2026-04-06T07:04:27.436+0000] {local_task_job_runner.py:234} INFO - Task exited with return code 0
[2026-04-06T07:04:27.460+0000] {taskinstance.py:3280} INFO - 1 downstream tasks scheduled from follow-on schedule check
[2026-04-06T07:20:02.391+0000] {taskinstance.py:1956} INFO - Dependencies all met for dep_context=non-requeueable deps ti=<TaskInstance: nasa_neo_etl_pipeline.load_CSV_to_DW scheduled__2026-04-05T00:00:00+00:00 [queued]>
[2026-04-06T07:20:02.400+0000] {taskinstance.py:1956} INFO - Dependencies all met for dep_context=requeueable deps ti=<TaskInstance: nasa_neo_etl_pipeline.load_CSV_to_DW scheduled__2026-04-05T00:00:00+00:00 [queued]>
[2026-04-06T07:20:02.401+0000] {taskinstance.py:2170} INFO - Starting attempt 1 of 4
[2026-04-06T07:20:02.416+0000] {taskinstance.py:2191} INFO - Executing <Task(BashOperator): load_CSV_to_DW> on 2026-04-05 00:00:00+00:00
[2026-04-06T07:20:02.420+0000] {standard_task_runner.py:60} INFO - Started process 239 to run task
[2026-04-06T07:20:02.422+0000] {standard_task_runner.py:87} INFO - Running: ['airflow', 'tasks', 'run', 'nasa_neo_etl_pipeline', 'load_CSV_to_DW', 'scheduled__2026-04-05T00:00:00+00:00', '--job-id', '6', '--raw', '--subdir', 'DAGS_FOLDER/Asteroid_DAG.py', '--cfg-path', '/tmp/tmpsoowijfw']
[2026-04-06T07:20:02.424+0000] {standard_task_runner.py:88} INFO - Job 6: Subtask load_CSV_to_DW
[2026-04-06T07:20:02.462+0000] {task_command.py:423} INFO - Running <TaskInstance: nasa_neo_etl_pipeline.load_CSV_to_DW scheduled__2026-04-05T00:00:00+00:00 [running]> on host 1acb6b6321cd
[2026-04-06T07:20:02.519+0000] {taskinstance.py:2480} INFO - Exporting env vars: AIRFLOW_CTX_DAG_OWNER='hieu' AIRFLOW_CTX_DAG_ID='nasa_neo_etl_pipeline' AIRFLOW_CTX_TASK_ID='load_CSV_to_DW' AIRFLOW_CTX_EXECUTION_DATE='2026-04-05T00:00:00+00:00' AIRFLOW_CTX_TRY_NUMBER='1' AIRFLOW_CTX_DAG_RUN_ID='scheduled__2026-04-05T00:00:00+00:00'
[2026-04-06T07:20:02.521+0000] {subprocess.py:63} INFO - Tmp dir root location: /tmp
[2026-04-06T07:20:02.522+0000] {subprocess.py:75} INFO - Running command: ['/usr/bin/bash', '-c', "python3 /opt/airflow/scripts/load_postgres.py '2026-04-05'"]
[2026-04-06T07:20:02.530+0000] {subprocess.py:86} INFO - Output:
[2026-04-06T07:20:03.352+0000] {subprocess.py:93} INFO - 2026-04-06 07:20:03.352 | INFO     | __main__:load_postgres:29 - dang doc .csv
[2026-04-06T07:20:03.363+0000] {subprocess.py:93} INFO - 2026-04-06 07:20:03.363 | INFO     | __main__:load_postgres:31 - da them 3 dong
[2026-04-06T07:20:03.369+0000] {subprocess.py:93} INFO - 2026-04-06 07:20:03.369 | INFO     | __main__:load_postgres:40 - bat dau tao bang
[2026-04-06T07:20:03.385+0000] {subprocess.py:93} INFO - 2026-04-06 07:20:03.385 | INFO     | __main__:load_postgres:64 - dang load data
[2026-04-06T07:20:03.391+0000] {subprocess.py:93} INFO - 2026-04-06 07:20:03.391 | SUCCESS  | __main__:load_postgres:80 - insert thanh cong 3 dong
[2026-04-06T07:20:03.392+0000] {subprocess.py:93} INFO - ------------------------------------------------------
[2026-04-06T07:20:03.409+0000] {subprocess.py:93} INFO - 2026-04-06 07:20:03.396 | ERROR    | db_log:log_ETL:28 - da co loi xay ra relation "etl_log" does not exist
[2026-04-06T07:20:03.410+0000] {subprocess.py:93} INFO - LINE 2:                 insert into etl_log(run_id,step,status,row_p...
[2026-04-06T07:20:03.410+0000] {subprocess.py:93} INFO -                                     ^
[2026-04-06T07:20:03.411+0000] {subprocess.py:93} INFO - 
[2026-04-06T07:20:03.411+0000] {subprocess.py:93} INFO - Traceback (most recent call last):
[2026-04-06T07:20:03.412+0000] {subprocess.py:93} INFO - 
[2026-04-06T07:20:03.412+0000] {subprocess.py:93} INFO -   File "/opt/airflow/scripts/load_postgres.py", line 100, in <module>
[2026-04-06T07:20:03.413+0000] {subprocess.py:93} INFO -     load_postgres(run_date)
[2026-04-06T07:20:03.413+0000] {subprocess.py:93} INFO -     │             └ '2026-04-05'
[2026-04-06T07:20:03.414+0000] {subprocess.py:93} INFO -     └ <function load_postgres at 0x7e3cd1cd5b80>
[2026-04-06T07:20:03.414+0000] {subprocess.py:93} INFO - 
[2026-04-06T07:20:03.415+0000] {subprocess.py:93} INFO -   File "/opt/airflow/scripts/load_postgres.py", line 81, in load_postgres
[2026-04-06T07:20:03.415+0000] {subprocess.py:93} INFO -     log_ETL(run_date, "load to DB", "success", len(values), f"da load vao DB thanh cong")
[2026-04-06T07:20:03.416+0000] {subprocess.py:93} INFO -     │       │                                      └ [[2399325, '399325 (1999 GY5)', 20.18, 244.655496172, 547.0663205095, 21.3856166651, 10534194.331303587, '2026-04-05'], [3329...
[2026-04-06T07:20:03.417+0000] {subprocess.py:93} INFO -     │       └ '2026-04-05'
[2026-04-06T07:20:03.418+0000] {subprocess.py:93} INFO -     └ <function log_ETL at 0x7e3cd1169040>
[2026-04-06T07:20:03.418+0000] {subprocess.py:93} INFO - 
[2026-04-06T07:20:03.419+0000] {subprocess.py:93} INFO - > File "/opt/airflow/scripts/db_log.py", line 21, in log_ETL
[2026-04-06T07:20:03.419+0000] {subprocess.py:93} INFO -     cur.execute('''
[2026-04-06T07:20:03.420+0000] {subprocess.py:93} INFO -     │   └ <method 'execute' of 'psycopg2.extensions.cursor' objects>
[2026-04-06T07:20:03.420+0000] {subprocess.py:93} INFO -     └ <cursor object at 0x7e3cccdd0040; closed: 0>
[2026-04-06T07:20:03.421+0000] {subprocess.py:93} INFO - 
[2026-04-06T07:20:03.421+0000] {subprocess.py:93} INFO - psycopg2.errors.UndefinedTable: relation "etl_log" does not exist
[2026-04-06T07:20:03.422+0000] {subprocess.py:93} INFO - LINE 2:                 insert into etl_log(run_id,step,status,row_p...
[2026-04-06T07:20:03.423+0000] {subprocess.py:93} INFO -                                     ^
[2026-04-06T07:20:03.423+0000] {subprocess.py:93} INFO - 
[2026-04-06T07:20:03.424+0000] {subprocess.py:93} INFO - 2026-04-06 07:20:03.410 | INFO     | db_log:log_ETL:36 - da dong ket noi
[2026-04-06T07:20:03.424+0000] {subprocess.py:93} INFO - 2026-04-06 07:20:03.411 | INFO     | __main__:load_postgres:96 - Da dong ket noi
[2026-04-06T07:20:03.484+0000] {subprocess.py:97} INFO - Command exited with return code 0
[2026-04-06T07:20:03.507+0000] {taskinstance.py:1138} INFO - Marking task as SUCCESS. dag_id=nasa_neo_etl_pipeline, task_id=load_CSV_to_DW, execution_date=20260405T000000, start_date=20260406T072002, end_date=20260406T072003
[2026-04-06T07:20:03.559+0000] {local_task_job_runner.py:234} INFO - Task exited with return code 0
[2026-04-06T07:20:03.575+0000] {taskinstance.py:3280} INFO - 1 downstream tasks scheduled from follow-on schedule check
[2026-04-06T07:31:26.679+0000] {taskinstance.py:1956} INFO - Dependencies all met for dep_context=non-requeueable deps ti=<TaskInstance: nasa_neo_etl_pipeline.load_CSV_to_DW scheduled__2026-04-05T00:00:00+00:00 [queued]>
[2026-04-06T07:31:26.689+0000] {taskinstance.py:1956} INFO - Dependencies all met for dep_context=requeueable deps ti=<TaskInstance: nasa_neo_etl_pipeline.load_CSV_to_DW scheduled__2026-04-05T00:00:00+00:00 [queued]>
[2026-04-06T07:31:26.689+0000] {taskinstance.py:2170} INFO - Starting attempt 1 of 4
[2026-04-06T07:31:26.709+0000] {taskinstance.py:2191} INFO - Executing <Task(BashOperator): load_CSV_to_DW> on 2026-04-05 00:00:00+00:00
[2026-04-06T07:31:26.714+0000] {standard_task_runner.py:60} INFO - Started process 214 to run task
[2026-04-06T07:31:26.717+0000] {standard_task_runner.py:87} INFO - Running: ['airflow', 'tasks', 'run', 'nasa_neo_etl_pipeline', 'load_CSV_to_DW', 'scheduled__2026-04-05T00:00:00+00:00', '--job-id', '8', '--raw', '--subdir', 'DAGS_FOLDER/Asteroid_DAG.py', '--cfg-path', '/tmp/tmp8wfehi1o']
[2026-04-06T07:31:26.719+0000] {standard_task_runner.py:88} INFO - Job 8: Subtask load_CSV_to_DW
[2026-04-06T07:31:26.784+0000] {task_command.py:423} INFO - Running <TaskInstance: nasa_neo_etl_pipeline.load_CSV_to_DW scheduled__2026-04-05T00:00:00+00:00 [running]> on host 2b39c12e0bc6
[2026-04-06T07:31:26.855+0000] {taskinstance.py:2480} INFO - Exporting env vars: AIRFLOW_CTX_DAG_OWNER='hieu' AIRFLOW_CTX_DAG_ID='nasa_neo_etl_pipeline' AIRFLOW_CTX_TASK_ID='load_CSV_to_DW' AIRFLOW_CTX_EXECUTION_DATE='2026-04-05T00:00:00+00:00' AIRFLOW_CTX_TRY_NUMBER='1' AIRFLOW_CTX_DAG_RUN_ID='scheduled__2026-04-05T00:00:00+00:00'
[2026-04-06T07:31:26.857+0000] {subprocess.py:63} INFO - Tmp dir root location: /tmp
[2026-04-06T07:31:26.858+0000] {subprocess.py:75} INFO - Running command: ['/usr/bin/bash', '-c', "python3 /opt/airflow/scripts/load_postgres.py '2026-04-05'"]
[2026-04-06T07:31:26.867+0000] {subprocess.py:86} INFO - Output:
[2026-04-06T07:31:27.879+0000] {subprocess.py:93} INFO - 2026-04-06 07:31:27.879 | INFO     | __main__:load_postgres:29 - dang doc .csv
[2026-04-06T07:31:27.893+0000] {subprocess.py:93} INFO - 2026-04-06 07:31:27.893 | INFO     | __main__:load_postgres:31 - da them 3 dong
[2026-04-06T07:31:27.898+0000] {subprocess.py:93} INFO - 2026-04-06 07:31:27.897 | INFO     | __main__:load_postgres:40 - bat dau tao bang
[2026-04-06T07:31:27.929+0000] {subprocess.py:93} INFO - 2026-04-06 07:31:27.921 | ERROR    | __main__:load_postgres:84 - Da co loi xay ra duplicate key value violates unique constraint "pg_type_typname_nsp_index"
[2026-04-06T07:31:27.930+0000] {subprocess.py:93} INFO - DETAIL:  Key (typname, typnamespace)=(asteroids, 2200) already exists.
[2026-04-06T07:31:27.930+0000] {subprocess.py:93} INFO - 
[2026-04-06T07:31:27.931+0000] {subprocess.py:93} INFO - Traceback (most recent call last):
[2026-04-06T07:31:27.931+0000] {subprocess.py:93} INFO - 
[2026-04-06T07:31:27.932+0000] {subprocess.py:93} INFO -   File "/opt/airflow/scripts/load_postgres.py", line 100, in <module>
[2026-04-06T07:31:27.932+0000] {subprocess.py:93} INFO -     load_postgres(run_date)
[2026-04-06T07:31:27.933+0000] {subprocess.py:93} INFO -     │             └ '2026-04-05'
[2026-04-06T07:31:27.933+0000] {subprocess.py:93} INFO -     └ <function load_postgres at 0x7f8a10320b80>
[2026-04-06T07:31:27.934+0000] {subprocess.py:93} INFO - 
[2026-04-06T07:31:27.934+0000] {subprocess.py:93} INFO - > File "/opt/airflow/scripts/load_postgres.py", line 41, in load_postgres
[2026-04-06T07:31:27.935+0000] {subprocess.py:93} INFO -     cur.execute("""
[2026-04-06T07:31:27.935+0000] {subprocess.py:93} INFO -     │   └ <method 'execute' of 'psycopg2.extensions.cursor' objects>
[2026-04-06T07:31:27.936+0000] {subprocess.py:93} INFO -     └ <cursor object at 0x7f8a0b7a29a0; closed: 0>
[2026-04-06T07:31:27.937+0000] {subprocess.py:93} INFO - 
[2026-04-06T07:31:27.937+0000] {subprocess.py:93} INFO - psycopg2.errors.UniqueViolation: duplicate key value violates unique constraint "pg_type_typname_nsp_index"
[2026-04-06T07:31:27.937+0000] {subprocess.py:93} INFO - DETAIL:  Key (typname, typnamespace)=(asteroids, 2200) already exists.
[2026-04-06T07:31:27.938+0000] {subprocess.py:93} INFO - 
[2026-04-06T07:31:27.941+0000] {subprocess.py:93} INFO - 2026-04-06 07:31:27.934 | ERROR    | db_log:log_ETL:28 - da co loi xay ra relation "etl_log" does not exist
[2026-04-06T07:31:27.941+0000] {subprocess.py:93} INFO - LINE 2:                 insert into etl_log(run_id,step,status,row_p...
[2026-04-06T07:31:27.942+0000] {subprocess.py:93} INFO -                                     ^
[2026-04-06T07:31:27.943+0000] {subprocess.py:93} INFO - 
[2026-04-06T07:31:27.943+0000] {subprocess.py:93} INFO - Traceback (most recent call last):
[2026-04-06T07:31:27.944+0000] {subprocess.py:93} INFO - 
[2026-04-06T07:31:27.945+0000] {subprocess.py:93} INFO -   File "/opt/airflow/scripts/load_postgres.py", line 41, in load_postgres
[2026-04-06T07:31:27.946+0000] {subprocess.py:93} INFO -     cur.execute("""
[2026-04-06T07:31:27.946+0000] {subprocess.py:93} INFO -     │   └ <method 'execute' of 'psycopg2.extensions.cursor' objects>
[2026-04-06T07:31:27.947+0000] {subprocess.py:93} INFO -     └ <cursor object at 0x7f8a0b7a29a0; closed: 0>
[2026-04-06T07:31:27.947+0000] {subprocess.py:93} INFO - 
[2026-04-06T07:31:27.948+0000] {subprocess.py:93} INFO - psycopg2.errors.UniqueViolation: duplicate key value violates unique constraint "pg_type_typname_nsp_index"
[2026-04-06T07:31:27.948+0000] {subprocess.py:93} INFO - DETAIL:  Key (typname, typnamespace)=(asteroids, 2200) already exists.
[2026-04-06T07:31:27.949+0000] {subprocess.py:93} INFO - 
[2026-04-06T07:31:27.950+0000] {subprocess.py:93} INFO - 
[2026-04-06T07:31:27.950+0000] {subprocess.py:93} INFO - 
[2026-04-06T07:31:27.951+0000] {subprocess.py:93} INFO - During handling of the above exception, another exception occurred:
[2026-04-06T07:31:27.952+0000] {subprocess.py:93} INFO - 
[2026-04-06T07:31:27.953+0000] {subprocess.py:93} INFO - 
[2026-04-06T07:31:27.953+0000] {subprocess.py:93} INFO - Traceback (most recent call last):
[2026-04-06T07:31:27.954+0000] {subprocess.py:93} INFO - 
[2026-04-06T07:31:27.955+0000] {subprocess.py:93} INFO -   File "/opt/airflow/scripts/load_postgres.py", line 100, in <module>
[2026-04-06T07:31:27.955+0000] {subprocess.py:93} INFO -     load_postgres(run_date)
[2026-04-06T07:31:27.956+0000] {subprocess.py:93} INFO -     │             └ '2026-04-05'
[2026-04-06T07:31:27.956+0000] {subprocess.py:93} INFO -     └ <function load_postgres at 0x7f8a10320b80>
[2026-04-06T07:31:27.957+0000] {subprocess.py:93} INFO - 
[2026-04-06T07:31:27.957+0000] {subprocess.py:93} INFO -   File "/opt/airflow/scripts/load_postgres.py", line 85, in load_postgres
[2026-04-06T07:31:27.958+0000] {subprocess.py:93} INFO -     log_ETL(run_date, "load to DB", "failed", None, f"co loi xay ra {e}")
[2026-04-06T07:31:27.959+0000] {subprocess.py:93} INFO -     │       └ '2026-04-05'
[2026-04-06T07:31:27.959+0000] {subprocess.py:93} INFO -     └ <function log_ETL at 0x7f8a0f7d8040>
[2026-04-06T07:31:27.960+0000] {subprocess.py:93} INFO - 
[2026-04-06T07:31:27.961+0000] {subprocess.py:93} INFO - > File "/opt/airflow/scripts/db_log.py", line 21, in log_ETL
[2026-04-06T07:31:27.961+0000] {subprocess.py:93} INFO -     cur.execute('''
[2026-04-06T07:31:27.962+0000] {subprocess.py:93} INFO -     │   └ <method 'execute' of 'psycopg2.extensions.cursor' objects>
[2026-04-06T07:31:27.962+0000] {subprocess.py:93} INFO -     └ <cursor object at 0x7f8a0b7a2400; closed: 0>
[2026-04-06T07:31:27.963+0000] {subprocess.py:93} INFO - 
[2026-04-06T07:31:27.963+0000] {subprocess.py:93} INFO - psycopg2.errors.UndefinedTable: relation "etl_log" does not exist
[2026-04-06T07:31:27.963+0000] {subprocess.py:93} INFO - LINE 2:                 insert into etl_log(run_id,step,status,row_p...
[2026-04-06T07:31:27.964+0000] {subprocess.py:93} INFO -                                     ^
[2026-04-06T07:31:27.965+0000] {subprocess.py:93} INFO - 
[2026-04-06T07:31:27.965+0000] {subprocess.py:93} INFO - 2026-04-06 07:31:27.943 | INFO     | db_log:log_ETL:36 - da dong ket noi
[2026-04-06T07:31:27.966+0000] {subprocess.py:93} INFO - 2026-04-06 07:31:27.945 | INFO     | __main__:load_postgres:96 - Da dong ket noi
[2026-04-06T07:31:28.057+0000] {subprocess.py:97} INFO - Command exited with return code 1
[2026-04-06T07:31:28.066+0000] {taskinstance.py:2698} ERROR - Task failed with exception
Traceback (most recent call last):
  File "/home/airflow/.local/lib/python3.8/site-packages/airflow/models/taskinstance.py", line 433, in _execute_task
    result = execute_callable(context=context, **execute_callable_kwargs)
  File "/home/airflow/.local/lib/python3.8/site-packages/airflow/operators/bash.py", line 212, in execute
    raise AirflowException(
airflow.exceptions.AirflowException: Bash command failed. The command returned a non-zero exit code 1.
[2026-04-06T07:31:28.068+0000] {taskinstance.py:1138} INFO - Marking task as UP_FOR_RETRY. dag_id=nasa_neo_etl_pipeline, task_id=load_CSV_to_DW, execution_date=20260405T000000, start_date=20260406T073126, end_date=20260406T073128
[2026-04-06T07:31:28.082+0000] {standard_task_runner.py:107} ERROR - Failed to execute job 8 for task load_CSV_to_DW (Bash command failed. The command returned a non-zero exit code 1.; 214)
[2026-04-06T07:31:28.095+0000] {local_task_job_runner.py:234} INFO - Task exited with return code 1
[2026-04-06T07:31:28.112+0000] {taskinstance.py:3280} INFO - 0 downstream tasks scheduled from follow-on schedule check
[2026-04-06T07:39:11.519+0000] {taskinstance.py:1956} INFO - Dependencies all met for dep_context=non-requeueable deps ti=<TaskInstance: nasa_neo_etl_pipeline.load_CSV_to_DW scheduled__2026-04-05T00:00:00+00:00 [queued]>
[2026-04-06T07:39:11.526+0000] {taskinstance.py:1956} INFO - Dependencies all met for dep_context=requeueable deps ti=<TaskInstance: nasa_neo_etl_pipeline.load_CSV_to_DW scheduled__2026-04-05T00:00:00+00:00 [queued]>
[2026-04-06T07:39:11.527+0000] {taskinstance.py:2170} INFO - Starting attempt 1 of 4
[2026-04-06T07:39:11.539+0000] {taskinstance.py:2191} INFO - Executing <Task(BashOperator): load_CSV_to_DW> on 2026-04-05 00:00:00+00:00
[2026-04-06T07:39:11.543+0000] {standard_task_runner.py:60} INFO - Started process 204 to run task
[2026-04-06T07:39:11.546+0000] {standard_task_runner.py:87} INFO - Running: ['airflow', 'tasks', 'run', 'nasa_neo_etl_pipeline', 'load_CSV_to_DW', 'scheduled__2026-04-05T00:00:00+00:00', '--job-id', '6', '--raw', '--subdir', 'DAGS_FOLDER/Asteroid_DAG.py', '--cfg-path', '/tmp/tmpin1tfael']
[2026-04-06T07:39:11.547+0000] {standard_task_runner.py:88} INFO - Job 6: Subtask load_CSV_to_DW
[2026-04-06T07:39:11.586+0000] {task_command.py:423} INFO - Running <TaskInstance: nasa_neo_etl_pipeline.load_CSV_to_DW scheduled__2026-04-05T00:00:00+00:00 [running]> on host 270afc779c61
[2026-04-06T07:39:11.644+0000] {taskinstance.py:2480} INFO - Exporting env vars: AIRFLOW_CTX_DAG_OWNER='hieu' AIRFLOW_CTX_DAG_ID='nasa_neo_etl_pipeline' AIRFLOW_CTX_TASK_ID='load_CSV_to_DW' AIRFLOW_CTX_EXECUTION_DATE='2026-04-05T00:00:00+00:00' AIRFLOW_CTX_TRY_NUMBER='1' AIRFLOW_CTX_DAG_RUN_ID='scheduled__2026-04-05T00:00:00+00:00'
[2026-04-06T07:39:11.645+0000] {subprocess.py:63} INFO - Tmp dir root location: /tmp
[2026-04-06T07:39:11.646+0000] {subprocess.py:75} INFO - Running command: ['/usr/bin/bash', '-c', "python3 /opt/airflow/scripts/load_postgres.py '2026-04-05'"]
[2026-04-06T07:39:11.652+0000] {subprocess.py:86} INFO - Output:
[2026-04-06T07:39:12.500+0000] {subprocess.py:93} INFO - 2026-04-06 07:39:12.500 | INFO     | __main__:load_postgres:29 - dang doc .csv
[2026-04-06T07:39:12.508+0000] {subprocess.py:93} INFO - 2026-04-06 07:39:12.507 | INFO     | __main__:load_postgres:31 - da them 3 dong
[2026-04-06T07:39:12.512+0000] {subprocess.py:93} INFO - 2026-04-06 07:39:12.512 | INFO     | __main__:load_postgres:40 - bat dau tao bang
[2026-04-06T07:39:12.523+0000] {subprocess.py:93} INFO - 2026-04-06 07:39:12.523 | INFO     | __main__:load_postgres:64 - dang load data
[2026-04-06T07:39:12.529+0000] {subprocess.py:93} INFO - 2026-04-06 07:39:12.528 | SUCCESS  | __main__:load_postgres:80 - insert thanh cong 3 dong
[2026-04-06T07:39:12.530+0000] {subprocess.py:93} INFO - ------------------------------------------------------
[2026-04-06T07:39:12.545+0000] {subprocess.py:93} INFO - 2026-04-06 07:39:12.533 | ERROR    | db_log:log_ETL:28 - da co loi xay ra invalid input syntax for type integer: "2026-04-05"
[2026-04-06T07:39:12.546+0000] {subprocess.py:93} INFO - LINE 4:                 ('2026-04-05', 'load to DB', 'success', 3, '...
[2026-04-06T07:39:12.546+0000] {subprocess.py:93} INFO -                          ^
[2026-04-06T07:39:12.547+0000] {subprocess.py:93} INFO - 
[2026-04-06T07:39:12.547+0000] {subprocess.py:93} INFO - Traceback (most recent call last):
[2026-04-06T07:39:12.548+0000] {subprocess.py:93} INFO - 
[2026-04-06T07:39:12.549+0000] {subprocess.py:93} INFO -   File "/opt/airflow/scripts/load_postgres.py", line 100, in <module>
[2026-04-06T07:39:12.549+0000] {subprocess.py:93} INFO -     load_postgres(run_date)
[2026-04-06T07:39:12.550+0000] {subprocess.py:93} INFO -     │             └ '2026-04-05'
[2026-04-06T07:39:12.550+0000] {subprocess.py:93} INFO -     └ <function load_postgres at 0x7d924f3a9b80>
[2026-04-06T07:39:12.551+0000] {subprocess.py:93} INFO - 
[2026-04-06T07:39:12.551+0000] {subprocess.py:93} INFO -   File "/opt/airflow/scripts/load_postgres.py", line 81, in load_postgres
[2026-04-06T07:39:12.552+0000] {subprocess.py:93} INFO -     log_ETL(run_date, "load to DB", "success", len(values), f"da load vao DB thanh cong")
[2026-04-06T07:39:12.553+0000] {subprocess.py:93} INFO -     │       │                                      └ [[2399325, '399325 (1999 GY5)', 20.18, 244.655496172, 547.0663205095, 21.3856166651, 10534194.331303587, '2026-04-05'], [3329...
[2026-04-06T07:39:12.553+0000] {subprocess.py:93} INFO -     │       └ '2026-04-05'
[2026-04-06T07:39:12.554+0000] {subprocess.py:93} INFO -     └ <function log_ETL at 0x7d924eaba040>
[2026-04-06T07:39:12.554+0000] {subprocess.py:93} INFO - 
[2026-04-06T07:39:12.554+0000] {subprocess.py:93} INFO - > File "/opt/airflow/scripts/db_log.py", line 21, in log_ETL
[2026-04-06T07:39:12.555+0000] {subprocess.py:93} INFO -     cur.execute('''
[2026-04-06T07:39:12.555+0000] {subprocess.py:93} INFO -     │   └ <method 'execute' of 'psycopg2.extensions.cursor' objects>
[2026-04-06T07:39:12.556+0000] {subprocess.py:93} INFO -     └ <cursor object at 0x7d924a7cf040; closed: 0>
[2026-04-06T07:39:12.556+0000] {subprocess.py:93} INFO - 
[2026-04-06T07:39:12.557+0000] {subprocess.py:93} INFO - psycopg2.errors.InvalidTextRepresentation: invalid input syntax for type integer: "2026-04-05"
[2026-04-06T07:39:12.557+0000] {subprocess.py:93} INFO - LINE 4:                 ('2026-04-05', 'load to DB', 'success', 3, '...
[2026-04-06T07:39:12.558+0000] {subprocess.py:93} INFO -                          ^
[2026-04-06T07:39:12.559+0000] {subprocess.py:93} INFO - 
[2026-04-06T07:39:12.560+0000] {subprocess.py:93} INFO - 2026-04-06 07:39:12.546 | INFO     | db_log:log_ETL:36 - da dong ket noi
[2026-04-06T07:39:12.561+0000] {subprocess.py:93} INFO - 2026-04-06 07:39:12.546 | INFO     | __main__:load_postgres:96 - Da dong ket noi
[2026-04-06T07:39:12.627+0000] {subprocess.py:97} INFO - Command exited with return code 0
[2026-04-06T07:39:12.650+0000] {taskinstance.py:1138} INFO - Marking task as SUCCESS. dag_id=nasa_neo_etl_pipeline, task_id=load_CSV_to_DW, execution_date=20260405T000000, start_date=20260406T073911, end_date=20260406T073912
[2026-04-06T07:39:12.682+0000] {local_task_job_runner.py:234} INFO - Task exited with return code 0
[2026-04-06T07:39:12.701+0000] {taskinstance.py:3280} INFO - 1 downstream tasks scheduled from follow-on schedule check
[2026-04-06T08:03:10.677+0000] {taskinstance.py:1956} INFO - Dependencies all met for dep_context=non-requeueable deps ti=<TaskInstance: nasa_neo_etl_pipeline.load_CSV_to_DW scheduled__2026-04-05T00:00:00+00:00 [queued]>
[2026-04-06T08:03:10.703+0000] {taskinstance.py:1956} INFO - Dependencies all met for dep_context=requeueable deps ti=<TaskInstance: nasa_neo_etl_pipeline.load_CSV_to_DW scheduled__2026-04-05T00:00:00+00:00 [queued]>
[2026-04-06T08:03:10.705+0000] {taskinstance.py:2170} INFO - Starting attempt 1 of 4
[2026-04-06T08:03:10.742+0000] {taskinstance.py:2191} INFO - Executing <Task(BashOperator): load_CSV_to_DW> on 2026-04-05 00:00:00+00:00
[2026-04-06T08:03:10.749+0000] {standard_task_runner.py:60} INFO - Started process 218 to run task
[2026-04-06T08:03:10.753+0000] {standard_task_runner.py:87} INFO - Running: ['airflow', 'tasks', 'run', 'nasa_neo_etl_pipeline', 'load_CSV_to_DW', 'scheduled__2026-04-05T00:00:00+00:00', '--job-id', '6', '--raw', '--subdir', 'DAGS_FOLDER/Asteroid_DAG.py', '--cfg-path', '/tmp/tmpydym2lo8']
[2026-04-06T08:03:10.757+0000] {standard_task_runner.py:88} INFO - Job 6: Subtask load_CSV_to_DW
[2026-04-06T08:03:10.863+0000] {task_command.py:423} INFO - Running <TaskInstance: nasa_neo_etl_pipeline.load_CSV_to_DW scheduled__2026-04-05T00:00:00+00:00 [running]> on host aaedc428eaf5
[2026-04-06T08:03:11.006+0000] {taskinstance.py:2480} INFO - Exporting env vars: AIRFLOW_CTX_DAG_OWNER='hieu' AIRFLOW_CTX_DAG_ID='nasa_neo_etl_pipeline' AIRFLOW_CTX_TASK_ID='load_CSV_to_DW' AIRFLOW_CTX_EXECUTION_DATE='2026-04-05T00:00:00+00:00' AIRFLOW_CTX_TRY_NUMBER='1' AIRFLOW_CTX_DAG_RUN_ID='scheduled__2026-04-05T00:00:00+00:00'
[2026-04-06T08:03:11.009+0000] {subprocess.py:63} INFO - Tmp dir root location: /tmp
[2026-04-06T08:03:11.010+0000] {subprocess.py:75} INFO - Running command: ['/usr/bin/bash', '-c', "python3 /opt/airflow/scripts/load_postgres.py '2026-04-05'"]
[2026-04-06T08:03:11.025+0000] {subprocess.py:86} INFO - Output:
[2026-04-06T08:03:11.062+0000] {subprocess.py:93} INFO - python3: can't open file '/opt/airflow/scripts/load_postgres.py': [Errno 2] No such file or directory
[2026-04-06T08:03:11.066+0000] {subprocess.py:97} INFO - Command exited with return code 2
[2026-04-06T08:03:11.080+0000] {taskinstance.py:2698} ERROR - Task failed with exception
Traceback (most recent call last):
  File "/home/airflow/.local/lib/python3.8/site-packages/airflow/models/taskinstance.py", line 433, in _execute_task
    result = execute_callable(context=context, **execute_callable_kwargs)
  File "/home/airflow/.local/lib/python3.8/site-packages/airflow/operators/bash.py", line 212, in execute
    raise AirflowException(
airflow.exceptions.AirflowException: Bash command failed. The command returned a non-zero exit code 2.
[2026-04-06T08:03:11.085+0000] {taskinstance.py:1138} INFO - Marking task as UP_FOR_RETRY. dag_id=nasa_neo_etl_pipeline, task_id=load_CSV_to_DW, execution_date=20260405T000000, start_date=20260406T080310, end_date=20260406T080311
[2026-04-06T08:03:11.133+0000] {standard_task_runner.py:107} ERROR - Failed to execute job 6 for task load_CSV_to_DW (Bash command failed. The command returned a non-zero exit code 2.; 218)
[2026-04-06T08:03:11.169+0000] {local_task_job_runner.py:234} INFO - Task exited with return code 1
[2026-04-06T08:03:11.201+0000] {taskinstance.py:3280} INFO - 0 downstream tasks scheduled from follow-on schedule check
[2026-04-06T08:13:23.463+0000] {taskinstance.py:1956} INFO - Dependencies all met for dep_context=non-requeueable deps ti=<TaskInstance: nasa_neo_etl_pipeline.load_CSV_to_DW scheduled__2026-04-05T00:00:00+00:00 [queued]>
[2026-04-06T08:13:23.474+0000] {taskinstance.py:1956} INFO - Dependencies all met for dep_context=requeueable deps ti=<TaskInstance: nasa_neo_etl_pipeline.load_CSV_to_DW scheduled__2026-04-05T00:00:00+00:00 [queued]>
[2026-04-06T08:13:23.475+0000] {taskinstance.py:2170} INFO - Starting attempt 1 of 4
[2026-04-06T08:13:23.516+0000] {taskinstance.py:2191} INFO - Executing <Task(BashOperator): load_CSV_to_DW> on 2026-04-05 00:00:00+00:00
[2026-04-06T08:13:23.523+0000] {standard_task_runner.py:60} INFO - Started process 211 to run task
[2026-04-06T08:13:23.527+0000] {standard_task_runner.py:87} INFO - Running: ['airflow', 'tasks', 'run', 'nasa_neo_etl_pipeline', 'load_CSV_to_DW', 'scheduled__2026-04-05T00:00:00+00:00', '--job-id', '7', '--raw', '--subdir', 'DAGS_FOLDER/Asteroid_DAG.py', '--cfg-path', '/tmp/tmpfc4kkc70']
[2026-04-06T08:13:23.530+0000] {standard_task_runner.py:88} INFO - Job 7: Subtask load_CSV_to_DW
[2026-04-06T08:13:23.619+0000] {task_command.py:423} INFO - Running <TaskInstance: nasa_neo_etl_pipeline.load_CSV_to_DW scheduled__2026-04-05T00:00:00+00:00 [running]> on host a8f5a43682e7
[2026-04-06T08:13:23.783+0000] {taskinstance.py:2480} INFO - Exporting env vars: AIRFLOW_CTX_DAG_OWNER='hieu' AIRFLOW_CTX_DAG_ID='nasa_neo_etl_pipeline' AIRFLOW_CTX_TASK_ID='load_CSV_to_DW' AIRFLOW_CTX_EXECUTION_DATE='2026-04-05T00:00:00+00:00' AIRFLOW_CTX_TRY_NUMBER='1' AIRFLOW_CTX_DAG_RUN_ID='scheduled__2026-04-05T00:00:00+00:00'
[2026-04-06T08:13:23.786+0000] {subprocess.py:63} INFO - Tmp dir root location: /tmp
[2026-04-06T08:13:23.787+0000] {subprocess.py:75} INFO - Running command: ['/usr/bin/bash', '-c', "python3 /opt/airflow/scripts/load_postgres.py '2026-04-05'"]
[2026-04-06T08:13:23.800+0000] {subprocess.py:86} INFO - Output:
[2026-04-06T08:13:25.462+0000] {subprocess.py:93} INFO - 2026-04-06 08:13:25.461 | INFO     | __main__:load_postgres:29 - dang doc .csv
[2026-04-06T08:13:25.471+0000] {subprocess.py:93} INFO - 2026-04-06 08:13:25.471 | INFO     | __main__:load_postgres:31 - da them 3 dong
[2026-04-06T08:13:25.477+0000] {subprocess.py:93} INFO - 2026-04-06 08:13:25.477 | INFO     | __main__:load_postgres:40 - bat dau tao bang
[2026-04-06T08:13:25.491+0000] {subprocess.py:93} INFO - 2026-04-06 08:13:25.491 | INFO     | __main__:load_postgres:64 - dang load data
[2026-04-06T08:13:25.497+0000] {subprocess.py:93} INFO - 2026-04-06 08:13:25.497 | SUCCESS  | __main__:load_postgres:80 - insert thanh cong 3 dong
[2026-04-06T08:13:25.499+0000] {subprocess.py:93} INFO - ------------------------------------------------------
[2026-04-06T08:13:25.507+0000] {subprocess.py:93} INFO - 2026-04-06 08:13:25.507 | INFO     | db_log:log_ETL:38 - da dong ket noi
[2026-04-06T08:13:25.509+0000] {subprocess.py:93} INFO - 2026-04-06 08:13:25.508 | INFO     | __main__:load_postgres:96 - Da dong ket noi
[2026-04-06T08:13:25.649+0000] {subprocess.py:97} INFO - Command exited with return code 0
[2026-04-06T08:13:25.686+0000] {taskinstance.py:1138} INFO - Marking task as SUCCESS. dag_id=nasa_neo_etl_pipeline, task_id=load_CSV_to_DW, execution_date=20260405T000000, start_date=20260406T081323, end_date=20260406T081325
[2026-04-06T08:13:25.714+0000] {local_task_job_runner.py:234} INFO - Task exited with return code 0
[2026-04-06T08:13:25.743+0000] {taskinstance.py:3280} INFO - 1 downstream tasks scheduled from follow-on schedule check
[2026-04-06T08:24:33.031+0000] {taskinstance.py:1956} INFO - Dependencies all met for dep_context=non-requeueable deps ti=<TaskInstance: nasa_neo_etl_pipeline.load_CSV_to_DW scheduled__2026-04-05T00:00:00+00:00 [queued]>
[2026-04-06T08:24:33.047+0000] {taskinstance.py:1956} INFO - Dependencies all met for dep_context=requeueable deps ti=<TaskInstance: nasa_neo_etl_pipeline.load_CSV_to_DW scheduled__2026-04-05T00:00:00+00:00 [queued]>
[2026-04-06T08:24:33.048+0000] {taskinstance.py:2170} INFO - Starting attempt 1 of 4
[2026-04-06T08:24:33.101+0000] {taskinstance.py:2191} INFO - Executing <Task(BashOperator): load_CSV_to_DW> on 2026-04-05 00:00:00+00:00
[2026-04-06T08:24:33.107+0000] {standard_task_runner.py:60} INFO - Started process 204 to run task
[2026-04-06T08:24:33.114+0000] {standard_task_runner.py:87} INFO - Running: ['airflow', 'tasks', 'run', 'nasa_neo_etl_pipeline', 'load_CSV_to_DW', 'scheduled__2026-04-05T00:00:00+00:00', '--job-id', '5', '--raw', '--subdir', 'DAGS_FOLDER/Asteroid_DAG.py', '--cfg-path', '/tmp/tmpcbru78wv']
[2026-04-06T08:24:33.117+0000] {standard_task_runner.py:88} INFO - Job 5: Subtask load_CSV_to_DW
[2026-04-06T08:24:33.194+0000] {task_command.py:423} INFO - Running <TaskInstance: nasa_neo_etl_pipeline.load_CSV_to_DW scheduled__2026-04-05T00:00:00+00:00 [running]> on host 741ea3eacd9b
[2026-04-06T08:24:33.343+0000] {taskinstance.py:2480} INFO - Exporting env vars: AIRFLOW_CTX_DAG_OWNER='hieu' AIRFLOW_CTX_DAG_ID='nasa_neo_etl_pipeline' AIRFLOW_CTX_TASK_ID='load_CSV_to_DW' AIRFLOW_CTX_EXECUTION_DATE='2026-04-05T00:00:00+00:00' AIRFLOW_CTX_TRY_NUMBER='1' AIRFLOW_CTX_DAG_RUN_ID='scheduled__2026-04-05T00:00:00+00:00'
[2026-04-06T08:24:33.350+0000] {subprocess.py:63} INFO - Tmp dir root location: /tmp
[2026-04-06T08:24:33.351+0000] {subprocess.py:75} INFO - Running command: ['/usr/bin/bash', '-c', "python3 /opt/airflow/scripts/load_postgres.py '2026-04-05'"]
[2026-04-06T08:24:33.362+0000] {subprocess.py:86} INFO - Output:
[2026-04-06T08:24:34.776+0000] {subprocess.py:93} INFO - 2026-04-06 08:24:34.775 | INFO     | __main__:load_postgres:29 - dang doc .csv
[2026-04-06T08:24:34.784+0000] {subprocess.py:93} INFO - 2026-04-06 08:24:34.784 | INFO     | __main__:load_postgres:31 - da them 3 dong
[2026-04-06T08:24:34.790+0000] {subprocess.py:93} INFO - 2026-04-06 08:24:34.790 | INFO     | __main__:load_postgres:40 - bat dau tao bang
[2026-04-06T08:24:34.802+0000] {subprocess.py:93} INFO - 2026-04-06 08:24:34.801 | INFO     | __main__:load_postgres:64 - dang load data
[2026-04-06T08:24:34.807+0000] {subprocess.py:93} INFO - 2026-04-06 08:24:34.807 | SUCCESS  | __main__:load_postgres:80 - insert thanh cong 3 dong
[2026-04-06T08:24:34.808+0000] {subprocess.py:93} INFO - ------------------------------------------------------
[2026-04-06T08:24:34.816+0000] {subprocess.py:93} INFO - 2026-04-06 08:24:34.816 | INFO     | db_log:log_ETL:38 - da dong ket noi
[2026-04-06T08:24:34.817+0000] {subprocess.py:93} INFO - 2026-04-06 08:24:34.816 | INFO     | __main__:load_postgres:96 - Da dong ket noi
[2026-04-06T08:24:34.920+0000] {subprocess.py:97} INFO - Command exited with return code 0
[2026-04-06T08:24:34.982+0000] {taskinstance.py:1138} INFO - Marking task as SUCCESS. dag_id=nasa_neo_etl_pipeline, task_id=load_CSV_to_DW, execution_date=20260405T000000, start_date=20260406T082433, end_date=20260406T082434
[2026-04-06T08:24:35.022+0000] {local_task_job_runner.py:234} INFO - Task exited with return code 0
[2026-04-06T08:24:35.067+0000] {taskinstance.py:3280} INFO - 1 downstream tasks scheduled from follow-on schedule check
