[2026-04-06T08:13:22.267+0000] {taskinstance.py:1956} INFO - Dependencies all met for dep_context=non-requeueable deps ti=<TaskInstance: nasa_neo_etl_pipeline.flatten_JSON manual__2026-04-06T08:13:17.528703+00:00 [queued]>
[2026-04-06T08:13:22.279+0000] {taskinstance.py:1956} INFO - Dependencies all met for dep_context=requeueable deps ti=<TaskInstance: nasa_neo_etl_pipeline.flatten_JSON manual__2026-04-06T08:13:17.528703+00:00 [queued]>
[2026-04-06T08:13:22.279+0000] {taskinstance.py:2170} INFO - Starting attempt 1 of 4
[2026-04-06T08:13:22.333+0000] {taskinstance.py:2191} INFO - Executing <Task(BashOperator): flatten_JSON> on 2026-04-06 08:13:17.528703+00:00
[2026-04-06T08:13:22.341+0000] {standard_task_runner.py:60} INFO - Started process 206 to run task
[2026-04-06T08:13:22.346+0000] {standard_task_runner.py:87} INFO - Running: ['airflow', 'tasks', 'run', 'nasa_neo_etl_pipeline', 'flatten_JSON', 'manual__2026-04-06T08:13:17.528703+00:00', '--job-id', '6', '--raw', '--subdir', 'DAGS_FOLDER/Asteroid_DAG.py', '--cfg-path', '/tmp/tmpvknmbx95']
[2026-04-06T08:13:22.348+0000] {standard_task_runner.py:88} INFO - Job 6: Subtask flatten_JSON
[2026-04-06T08:13:22.435+0000] {task_command.py:423} INFO - Running <TaskInstance: nasa_neo_etl_pipeline.flatten_JSON manual__2026-04-06T08:13:17.528703+00:00 [running]> on host a8f5a43682e7
[2026-04-06T08:13:22.609+0000] {taskinstance.py:2480} INFO - Exporting env vars: AIRFLOW_CTX_DAG_OWNER='hieu' AIRFLOW_CTX_DAG_ID='nasa_neo_etl_pipeline' AIRFLOW_CTX_TASK_ID='flatten_JSON' AIRFLOW_CTX_EXECUTION_DATE='2026-04-06T08:13:17.528703+00:00' AIRFLOW_CTX_TRY_NUMBER='1' AIRFLOW_CTX_DAG_RUN_ID='manual__2026-04-06T08:13:17.528703+00:00'
[2026-04-06T08:13:22.612+0000] {subprocess.py:63} INFO - Tmp dir root location: /tmp
[2026-04-06T08:13:22.613+0000] {subprocess.py:75} INFO - Running command: ['/usr/bin/bash', '-c', "python3 /opt/airflow/scripts/transform_flatten.py '2026-04-06'"]
[2026-04-06T08:13:22.625+0000] {subprocess.py:86} INFO - Output:
[2026-04-06T08:13:22.829+0000] {subprocess.py:93} INFO - 2026-04-06 08:13:22.828 | INFO     | __main__:flatten_data:23 - bat dau flatten
[2026-04-06T08:13:22.841+0000] {subprocess.py:93} INFO - 2026-04-06 08:13:22.841 | SUCCESS  | __main__:flatten_data:46 - flattened 2026-04-06
[2026-04-06T08:13:22.842+0000] {subprocess.py:93} INFO - ------------------------------------------------------
[2026-04-06T08:13:22.877+0000] {subprocess.py:93} INFO - 2026-04-06 08:13:22.876 | INFO     | db_log:log_ETL:38 - da dong ket noi
[2026-04-06T08:13:22.902+0000] {subprocess.py:97} INFO - Command exited with return code 0
[2026-04-06T08:13:22.944+0000] {taskinstance.py:1138} INFO - Marking task as SUCCESS. dag_id=nasa_neo_etl_pipeline, task_id=flatten_JSON, execution_date=20260406T081317, start_date=20260406T081322, end_date=20260406T081322
[2026-04-06T08:13:23.004+0000] {local_task_job_runner.py:234} INFO - Task exited with return code 0
[2026-04-06T08:13:23.047+0000] {taskinstance.py:3280} INFO - 1 downstream tasks scheduled from follow-on schedule check
