[2026-04-06T08:09:28.019+0000] {taskinstance.py:1956} INFO - Dependencies all met for dep_context=non-requeueable deps ti=<TaskInstance: nasa_neo_etl_pipeline.calculate_danger_level manual__2026-04-06T08:03:05.830308+00:00 [queued]>
[2026-04-06T08:09:28.030+0000] {taskinstance.py:1956} INFO - Dependencies all met for dep_context=requeueable deps ti=<TaskInstance: nasa_neo_etl_pipeline.calculate_danger_level manual__2026-04-06T08:03:05.830308+00:00 [queued]>
[2026-04-06T08:09:28.031+0000] {taskinstance.py:2170} INFO - Starting attempt 1 of 4
[2026-04-06T08:09:28.081+0000] {taskinstance.py:2191} INFO - Executing <Task(BashOperator): calculate_danger_level> on 2026-04-06 08:03:05.830308+00:00
[2026-04-06T08:09:28.088+0000] {standard_task_runner.py:60} INFO - Started process 331 to run task
[2026-04-06T08:09:28.090+0000] {standard_task_runner.py:87} INFO - Running: ['airflow', 'tasks', 'run', 'nasa_neo_etl_pipeline', 'calculate_danger_level', 'manual__2026-04-06T08:03:05.830308+00:00', '--job-id', '17', '--raw', '--subdir', 'DAGS_FOLDER/Asteroid_DAG.py', '--cfg-path', '/tmp/tmp9ftjiin5']
[2026-04-06T08:09:28.092+0000] {standard_task_runner.py:88} INFO - Job 17: Subtask calculate_danger_level
[2026-04-06T08:09:28.146+0000] {task_command.py:423} INFO - Running <TaskInstance: nasa_neo_etl_pipeline.calculate_danger_level manual__2026-04-06T08:03:05.830308+00:00 [running]> on host aaedc428eaf5
[2026-04-06T08:09:28.287+0000] {taskinstance.py:2480} INFO - Exporting env vars: AIRFLOW_CTX_DAG_OWNER='hieu' AIRFLOW_CTX_DAG_ID='nasa_neo_etl_pipeline' AIRFLOW_CTX_TASK_ID='calculate_danger_level' AIRFLOW_CTX_EXECUTION_DATE='2026-04-06T08:03:05.830308+00:00' AIRFLOW_CTX_TRY_NUMBER='1' AIRFLOW_CTX_DAG_RUN_ID='manual__2026-04-06T08:03:05.830308+00:00'
[2026-04-06T08:09:28.289+0000] {subprocess.py:63} INFO - Tmp dir root location: /tmp
[2026-04-06T08:09:28.290+0000] {subprocess.py:75} INFO - Running command: ['/usr/bin/bash', '-c', "python3 /opt/airflow/scripts/danger_level.py '2026-04-06'"]
[2026-04-06T08:09:28.302+0000] {subprocess.py:86} INFO - Output:
[2026-04-06T08:09:28.473+0000] {subprocess.py:93} INFO - 2026-04-06 08:09:28.472 | INFO     | __main__:danger_score:28 - dang ket noi Database
[2026-04-06T08:09:28.478+0000] {subprocess.py:93} INFO - 2026-04-06 08:09:28.478 | INFO     | __main__:danger_score:38 - bat dau tao bang
[2026-04-06T08:09:28.518+0000] {subprocess.py:93} INFO - 2026-04-06 08:09:28.517 | INFO     | __main__:danger_score:53 - thuc hien task
[2026-04-06T08:09:28.521+0000] {subprocess.py:93} INFO - 2026-04-06 08:09:28.521 | INFO     | __main__:danger_score:94 - Load data vao bang danger_score
[2026-04-06T08:09:28.527+0000] {subprocess.py:93} INFO - 2026-04-06 08:09:28.527 | SUCCESS  | __main__:danger_score:110 - da fetch thanh cong 4 dong
[2026-04-06T08:09:28.528+0000] {subprocess.py:93} INFO - ------------------------------------------------------
[2026-04-06T08:09:28.537+0000] {subprocess.py:93} INFO - 2026-04-06 08:09:28.537 | INFO     | db_log:log_ETL:38 - da dong ket noi
[2026-04-06T08:09:28.557+0000] {subprocess.py:97} INFO - Command exited with return code 0
[2026-04-06T08:09:28.623+0000] {taskinstance.py:1138} INFO - Marking task as SUCCESS. dag_id=nasa_neo_etl_pipeline, task_id=calculate_danger_level, execution_date=20260406T080305, start_date=20260406T080928, end_date=20260406T080928
[2026-04-06T08:09:28.665+0000] {local_task_job_runner.py:234} INFO - Task exited with return code 0
[2026-04-06T08:09:28.691+0000] {taskinstance.py:3280} INFO - 0 downstream tasks scheduled from follow-on schedule check
