[2026-04-06T07:04:22.064+0000] {taskinstance.py:1956} INFO - Dependencies all met for dep_context=non-requeueable deps ti=<TaskInstance: nasa_neo_etl_pipeline.extract_API_to_JSON manual__2026-04-06T07:04:19.665394+00:00 [queued]>
[2026-04-06T07:04:22.081+0000] {taskinstance.py:1956} INFO - Dependencies all met for dep_context=requeueable deps ti=<TaskInstance: nasa_neo_etl_pipeline.extract_API_to_JSON manual__2026-04-06T07:04:19.665394+00:00 [queued]>
[2026-04-06T07:04:22.082+0000] {taskinstance.py:2170} INFO - Starting attempt 1 of 4
[2026-04-06T07:04:22.146+0000] {taskinstance.py:2191} INFO - Executing <Task(BashOperator): extract_API_to_JSON> on 2026-04-06 07:04:19.665394+00:00
[2026-04-06T07:04:22.158+0000] {standard_task_runner.py:60} INFO - Started process 213 to run task
[2026-04-06T07:04:22.160+0000] {standard_task_runner.py:87} INFO - Running: ['airflow', 'tasks', 'run', 'nasa_neo_etl_pipeline', 'extract_API_to_JSON', 'manual__2026-04-06T07:04:19.665394+00:00', '--job-id', '3', '--raw', '--subdir', 'DAGS_FOLDER/Asteroid_DAG.py', '--cfg-path', '/tmp/tmpwuc7fp7g']
[2026-04-06T07:04:22.166+0000] {standard_task_runner.py:88} INFO - Job 3: Subtask extract_API_to_JSON
[2026-04-06T07:04:22.239+0000] {task_command.py:423} INFO - Running <TaskInstance: nasa_neo_etl_pipeline.extract_API_to_JSON manual__2026-04-06T07:04:19.665394+00:00 [running]> on host ea08d20ed4e4
[2026-04-06T07:04:22.324+0000] {taskinstance.py:2480} INFO - Exporting env vars: AIRFLOW_CTX_DAG_OWNER='hieu' AIRFLOW_CTX_DAG_ID='nasa_neo_etl_pipeline' AIRFLOW_CTX_TASK_ID='extract_API_to_JSON' AIRFLOW_CTX_EXECUTION_DATE='2026-04-06T07:04:19.665394+00:00' AIRFLOW_CTX_TRY_NUMBER='1' AIRFLOW_CTX_DAG_RUN_ID='manual__2026-04-06T07:04:19.665394+00:00'
[2026-04-06T07:04:22.326+0000] {subprocess.py:63} INFO - Tmp dir root location: /tmp
[2026-04-06T07:04:22.327+0000] {subprocess.py:75} INFO - Running command: ['/usr/bin/bash', '-c', "python3 /opt/airflow/scripts/Extract_API.py '2026-04-06'"]
[2026-04-06T07:04:22.336+0000] {subprocess.py:86} INFO - Output:
[2026-04-06T07:04:22.627+0000] {subprocess.py:93} INFO - 2026-04-06 07:04:22.627 | INFO     | __main__:extract_API:27 - Bat dau extract api ngay 2026-04-06
[2026-04-06T07:04:23.737+0000] {subprocess.py:93} INFO - 2026-04-06 07:04:23.736 | SUCCESS  | __main__:extract_API:46 - Da luu thanh cong /opt/airflow/data/raw/NEO_2026-04-06.json
[2026-04-06T07:04:23.738+0000] {subprocess.py:93} INFO - ------------------------------------------------------
[2026-04-06T07:04:23.761+0000] {subprocess.py:93} INFO - 2026-04-06 07:04:23.743 | ERROR    | db_log:log_ETL:28 - da co loi xay ra relation "etl_log" does not exist
[2026-04-06T07:04:23.762+0000] {subprocess.py:93} INFO - LINE 2:                 insert into etl_log(run_id,step,status,row_p...
[2026-04-06T07:04:23.763+0000] {subprocess.py:93} INFO -                                     ^
[2026-04-06T07:04:23.764+0000] {subprocess.py:93} INFO - 
[2026-04-06T07:04:23.765+0000] {subprocess.py:93} INFO - Traceback (most recent call last):
[2026-04-06T07:04:23.765+0000] {subprocess.py:93} INFO - 
[2026-04-06T07:04:23.766+0000] {subprocess.py:93} INFO -   File "/opt/airflow/scripts/Extract_API.py", line 59, in <module>
[2026-04-06T07:04:23.767+0000] {subprocess.py:93} INFO -     extract_API(run_date)
[2026-04-06T07:04:23.767+0000] {subprocess.py:93} INFO -     │           └ '2026-04-06'
[2026-04-06T07:04:23.768+0000] {subprocess.py:93} INFO -     └ <function extract_API at 0x7649e27251f0>
[2026-04-06T07:04:23.769+0000] {subprocess.py:93} INFO - 
[2026-04-06T07:04:23.770+0000] {subprocess.py:93} INFO -   File "/opt/airflow/scripts/Extract_API.py", line 48, in extract_API
[2026-04-06T07:04:23.770+0000] {subprocess.py:93} INFO -     log_ETL(run_date, "extract", "success", None, f"Da luu thanh cong {filename}")
[2026-04-06T07:04:23.771+0000] {subprocess.py:93} INFO -     │       └ '2026-04-06'
[2026-04-06T07:04:23.772+0000] {subprocess.py:93} INFO -     └ <function log_ETL at 0x7649e23f5e50>
[2026-04-06T07:04:23.772+0000] {subprocess.py:93} INFO - 
[2026-04-06T07:04:23.773+0000] {subprocess.py:93} INFO - > File "/opt/airflow/scripts/db_log.py", line 21, in log_ETL
[2026-04-06T07:04:23.774+0000] {subprocess.py:93} INFO -     cur.execute('''
[2026-04-06T07:04:23.774+0000] {subprocess.py:93} INFO -     │   └ <method 'execute' of 'psycopg2.extensions.cursor' objects>
[2026-04-06T07:04:23.775+0000] {subprocess.py:93} INFO -     └ <cursor object at 0x7649e24aab80; closed: 0>
[2026-04-06T07:04:23.775+0000] {subprocess.py:93} INFO - 
[2026-04-06T07:04:23.776+0000] {subprocess.py:93} INFO - psycopg2.errors.UndefinedTable: relation "etl_log" does not exist
[2026-04-06T07:04:23.776+0000] {subprocess.py:93} INFO - LINE 2:                 insert into etl_log(run_id,step,status,row_p...
[2026-04-06T07:04:23.777+0000] {subprocess.py:93} INFO -                                     ^
[2026-04-06T07:04:23.778+0000] {subprocess.py:93} INFO - 
[2026-04-06T07:04:23.779+0000] {subprocess.py:93} INFO - 2026-04-06 07:04:23.763 | INFO     | db_log:log_ETL:36 - da dong ket noi
[2026-04-06T07:04:23.805+0000] {subprocess.py:97} INFO - Command exited with return code 0
[2026-04-06T07:04:23.838+0000] {taskinstance.py:1138} INFO - Marking task as SUCCESS. dag_id=nasa_neo_etl_pipeline, task_id=extract_API_to_JSON, execution_date=20260406T070419, start_date=20260406T070422, end_date=20260406T070423
[2026-04-06T07:04:23.870+0000] {local_task_job_runner.py:234} INFO - Task exited with return code 0
[2026-04-06T07:04:23.895+0000] {taskinstance.py:3280} INFO - 1 downstream tasks scheduled from follow-on schedule check
