[2026-04-06T06:55:42.797+0000] {manager.py:469} INFO - Processing files using up to 2 processes at a time 
[2026-04-06T06:55:42.798+0000] {manager.py:470} INFO - Process each file at most once every 30 seconds
[2026-04-06T06:55:42.799+0000] {manager.py:471} INFO - Checking for new files in /opt/airflow/dags every 300 seconds
[2026-04-06T06:55:42.799+0000] {manager.py:738} INFO - Searching for files in /opt/airflow/dags
[2026-04-06T06:55:42.824+0000] {manager.py:741} INFO - There are 1 files in /opt/airflow/dags
[2026-04-06T06:55:42.919+0000] {manager.py:879} INFO - 
================================================================================
DAG File Processing Stats

File Path                            PID  Runtime      # DAGs    # Errors  Last Runtime    Last Run
---------------------------------  -----  ---------  --------  ----------  --------------  ----------
/opt/airflow/dags/Asteroid_DAG.py    179  0.04s             0           0
================================================================================
[2026-04-06T06:56:13.115+0000] {manager.py:879} INFO - 
================================================================================
DAG File Processing Stats

File Path                          PID    Runtime      # DAGs    # Errors  Last Runtime    Last Run
---------------------------------  -----  ---------  --------  ----------  --------------  -------------------
/opt/airflow/dags/Asteroid_DAG.py                           1           0  0.39s           2026-04-06T06:55:43
================================================================================
[2026-04-06T06:56:43.179+0000] {manager.py:879} INFO - 
================================================================================
DAG File Processing Stats

File Path                          PID    Runtime      # DAGs    # Errors  Last Runtime    Last Run
---------------------------------  -----  ---------  --------  ----------  --------------  -------------------
/opt/airflow/dags/Asteroid_DAG.py                           1           0  0.43s           2026-04-06T06:56:13
================================================================================
[2026-04-06T06:57:13.511+0000] {manager.py:879} INFO - 
================================================================================
DAG File Processing Stats

File Path                          PID    Runtime      # DAGs    # Errors  Last Runtime    Last Run
---------------------------------  -----  ---------  --------  ----------  --------------  -------------------
/opt/airflow/dags/Asteroid_DAG.py                           1           0  0.19s           2026-04-06T06:56:44
================================================================================
[2026-04-06T06:57:43.952+0000] {manager.py:879} INFO - 
================================================================================
DAG File Processing Stats

File Path                          PID    Runtime      # DAGs    # Errors  Last Runtime    Last Run
---------------------------------  -----  ---------  --------  ----------  --------------  -------------------
/opt/airflow/dags/Asteroid_DAG.py                           1           0  0.29s           2026-04-06T06:57:14
================================================================================
[2026-04-06T06:58:14.393+0000] {manager.py:879} INFO - 
================================================================================
DAG File Processing Stats

File Path                          PID    Runtime      # DAGs    # Errors  Last Runtime    Last Run
---------------------------------  -----  ---------  --------  ----------  --------------  -------------------
/opt/airflow/dags/Asteroid_DAG.py                           1           0  0.24s           2026-04-06T06:57:45
================================================================================
[2026-04-06T06:58:44.853+0000] {manager.py:879} INFO - 
================================================================================
DAG File Processing Stats

File Path                          PID    Runtime      # DAGs    # Errors  Last Runtime    Last Run
---------------------------------  -----  ---------  --------  ----------  --------------  -------------------
/opt/airflow/dags/Asteroid_DAG.py                           1           0  0.31s           2026-04-06T06:58:15
================================================================================
[2026-04-06T06:59:15.276+0000] {manager.py:879} INFO - 
================================================================================
DAG File Processing Stats

File Path                          PID    Runtime      # DAGs    # Errors  Last Runtime    Last Run
---------------------------------  -----  ---------  --------  ----------  --------------  -------------------
/opt/airflow/dags/Asteroid_DAG.py                           1           0  0.20s           2026-04-06T06:58:46
================================================================================
[2026-04-06T06:59:45.596+0000] {manager.py:879} INFO - 
================================================================================
DAG File Processing Stats

File Path                          PID    Runtime      # DAGs    # Errors  Last Runtime    Last Run
---------------------------------  -----  ---------  --------  ----------  --------------  -------------------
/opt/airflow/dags/Asteroid_DAG.py                           1           0  0.22s           2026-04-06T06:59:16
================================================================================
[2026-04-06T07:00:16.078+0000] {manager.py:879} INFO - 
================================================================================
DAG File Processing Stats

File Path                          PID    Runtime      # DAGs    # Errors  Last Runtime    Last Run
---------------------------------  -----  ---------  --------  ----------  --------------  -------------------
/opt/airflow/dags/Asteroid_DAG.py                           1           0  0.31s           2026-04-06T06:59:46
================================================================================
[2026-04-06T07:00:35.265+0000] {manager.py:451} INFO - Exiting gracefully upon receiving signal 15
[2026-04-06T07:01:25.989+0000] {manager.py:469} INFO - Processing files using up to 2 processes at a time 
[2026-04-06T07:01:25.990+0000] {manager.py:470} INFO - Process each file at most once every 30 seconds
[2026-04-06T07:01:25.993+0000] {manager.py:471} INFO - Checking for new files in /opt/airflow/dags every 300 seconds
[2026-04-06T07:01:25.994+0000] {manager.py:738} INFO - Searching for files in /opt/airflow/dags
[2026-04-06T07:01:26.040+0000] {manager.py:741} INFO - There are 1 files in /opt/airflow/dags
[2026-04-06T07:01:26.182+0000] {manager.py:879} INFO - 
================================================================================
DAG File Processing Stats

File Path                            PID  Runtime      # DAGs    # Errors  Last Runtime    Last Run
---------------------------------  -----  ---------  --------  ----------  --------------  ----------
/opt/airflow/dags/Asteroid_DAG.py    179  0.07s             0           0
================================================================================
[2026-04-06T07:01:56.408+0000] {manager.py:879} INFO - 
================================================================================
DAG File Processing Stats

File Path                          PID    Runtime      # DAGs    # Errors  Last Runtime    Last Run
---------------------------------  -----  ---------  --------  ----------  --------------  -------------------
/opt/airflow/dags/Asteroid_DAG.py                           1           0  0.55s           2026-04-06T07:01:26
================================================================================
[2026-04-06T07:02:26.461+0000] {manager.py:879} INFO - 
================================================================================
DAG File Processing Stats

File Path                          PID    Runtime      # DAGs    # Errors  Last Runtime    Last Run
---------------------------------  -----  ---------  --------  ----------  --------------  -------------------
/opt/airflow/dags/Asteroid_DAG.py                           1           0  0.30s           2026-04-06T07:01:57
================================================================================
[2026-04-06T07:02:56.774+0000] {manager.py:879} INFO - 
================================================================================
DAG File Processing Stats

File Path                          PID    Runtime      # DAGs    # Errors  Last Runtime    Last Run
---------------------------------  -----  ---------  --------  ----------  --------------  -------------------
/opt/airflow/dags/Asteroid_DAG.py                           1           0  0.26s           2026-04-06T07:02:27
================================================================================
[2026-04-06T07:03:27.332+0000] {manager.py:879} INFO - 
================================================================================
DAG File Processing Stats

File Path                          PID    Runtime      # DAGs    # Errors  Last Runtime    Last Run
---------------------------------  -----  ---------  --------  ----------  --------------  -------------------
/opt/airflow/dags/Asteroid_DAG.py                           1           0  0.37s           2026-04-06T07:02:58
================================================================================
[2026-04-06T07:03:57.729+0000] {manager.py:879} INFO - 
================================================================================
DAG File Processing Stats

File Path                          PID    Runtime      # DAGs    # Errors  Last Runtime    Last Run
---------------------------------  -----  ---------  --------  ----------  --------------  -------------------
/opt/airflow/dags/Asteroid_DAG.py                           1           0  0.29s           2026-04-06T07:03:28
================================================================================
[2026-04-06T07:04:28.217+0000] {manager.py:879} INFO - 
================================================================================
DAG File Processing Stats

File Path                          PID    Runtime      # DAGs    # Errors  Last Runtime    Last Run
---------------------------------  -----  ---------  --------  ----------  --------------  -------------------
/opt/airflow/dags/Asteroid_DAG.py                           1           0  0.35s           2026-04-06T07:03:59
================================================================================
[2026-04-06T07:04:58.674+0000] {manager.py:879} INFO - 
================================================================================
DAG File Processing Stats

File Path                          PID    Runtime      # DAGs    # Errors  Last Runtime    Last Run
---------------------------------  -----  ---------  --------  ----------  --------------  -------------------
/opt/airflow/dags/Asteroid_DAG.py                           1           0  0.17s           2026-04-06T07:04:29
================================================================================
[2026-04-06T07:05:29.074+0000] {manager.py:879} INFO - 
================================================================================
DAG File Processing Stats

File Path                          PID    Runtime      # DAGs    # Errors  Last Runtime    Last Run
---------------------------------  -----  ---------  --------  ----------  --------------  -------------------
/opt/airflow/dags/Asteroid_DAG.py                           1           0  0.41s           2026-04-06T07:05:00
================================================================================
[2026-04-06T07:05:59.126+0000] {manager.py:879} INFO - 
================================================================================
DAG File Processing Stats

File Path                          PID    Runtime      # DAGs    # Errors  Last Runtime    Last Run
---------------------------------  -----  ---------  --------  ----------  --------------  -------------------
/opt/airflow/dags/Asteroid_DAG.py                           1           0  0.31s           2026-04-06T07:05:30
================================================================================
[2026-04-06T07:06:26.412+0000] {manager.py:738} INFO - Searching for files in /opt/airflow/dags
[2026-04-06T07:06:26.467+0000] {manager.py:741} INFO - There are 1 files in /opt/airflow/dags
[2026-04-06T07:06:29.523+0000] {manager.py:879} INFO - 
================================================================================
DAG File Processing Stats

File Path                          PID    Runtime      # DAGs    # Errors  Last Runtime    Last Run
---------------------------------  -----  ---------  --------  ----------  --------------  -------------------
/opt/airflow/dags/Asteroid_DAG.py                           1           0  0.39s           2026-04-06T07:06:01
================================================================================
[2026-04-06T07:06:59.919+0000] {manager.py:879} INFO - 
================================================================================
DAG File Processing Stats

File Path                          PID    Runtime      # DAGs    # Errors  Last Runtime    Last Run
---------------------------------  -----  ---------  --------  ----------  --------------  -------------------
/opt/airflow/dags/Asteroid_DAG.py                           1           0  0.43s           2026-04-06T07:06:32
================================================================================
[2026-04-06T07:07:30.024+0000] {manager.py:879} INFO - 
================================================================================
DAG File Processing Stats

File Path                          PID    Runtime      # DAGs    # Errors  Last Runtime    Last Run
---------------------------------  -----  ---------  --------  ----------  --------------  -------------------
/opt/airflow/dags/Asteroid_DAG.py                           1           0  0.38s           2026-04-06T07:07:02
================================================================================
[2026-04-06T07:08:00.360+0000] {manager.py:879} INFO - 
================================================================================
DAG File Processing Stats

File Path                          PID    Runtime      # DAGs    # Errors  Last Runtime    Last Run
---------------------------------  -----  ---------  --------  ----------  --------------  -------------------
/opt/airflow/dags/Asteroid_DAG.py                           1           0  0.31s           2026-04-06T07:07:33
================================================================================
[2026-04-06T07:08:30.988+0000] {manager.py:879} INFO - 
================================================================================
DAG File Processing Stats

File Path                          PID    Runtime      # DAGs    # Errors  Last Runtime    Last Run
---------------------------------  -----  ---------  --------  ----------  --------------  -------------------
/opt/airflow/dags/Asteroid_DAG.py                           1           0  0.28s           2026-04-06T07:08:03
================================================================================
[2026-04-06T07:09:01.388+0000] {manager.py:879} INFO - 
================================================================================
DAG File Processing Stats

File Path                          PID    Runtime      # DAGs    # Errors  Last Runtime    Last Run
---------------------------------  -----  ---------  --------  ----------  --------------  -------------------
/opt/airflow/dags/Asteroid_DAG.py                           1           0  0.35s           2026-04-06T07:08:34
================================================================================
[2026-04-06T07:09:04.286+0000] {manager.py:451} INFO - Exiting gracefully upon receiving signal 15
[2026-04-06T07:10:37.463+0000] {manager.py:469} INFO - Processing files using up to 2 processes at a time 
[2026-04-06T07:10:37.464+0000] {manager.py:470} INFO - Process each file at most once every 30 seconds
[2026-04-06T07:10:37.464+0000] {manager.py:471} INFO - Checking for new files in /opt/airflow/dags every 300 seconds
[2026-04-06T07:10:37.465+0000] {manager.py:738} INFO - Searching for files in /opt/airflow/dags
[2026-04-06T07:10:37.492+0000] {manager.py:741} INFO - There are 1 files in /opt/airflow/dags
[2026-04-06T07:10:37.579+0000] {manager.py:879} INFO - 
================================================================================
DAG File Processing Stats

File Path                            PID  Runtime      # DAGs    # Errors  Last Runtime    Last Run
---------------------------------  -----  ---------  --------  ----------  --------------  ----------
/opt/airflow/dags/Asteroid_DAG.py    179  0.04s             0           0
================================================================================
[2026-04-06T07:11:07.770+0000] {manager.py:879} INFO - 
================================================================================
DAG File Processing Stats

File Path                          PID    Runtime      # DAGs    # Errors  Last Runtime    Last Run
---------------------------------  -----  ---------  --------  ----------  --------------  -------------------
/opt/airflow/dags/Asteroid_DAG.py                           1           0  0.33s           2026-04-06T07:10:37
================================================================================
[2026-04-06T07:11:38.271+0000] {manager.py:879} INFO - 
================================================================================
DAG File Processing Stats

File Path                            PID  Runtime      # DAGs    # Errors  Last Runtime    Last Run
---------------------------------  -----  ---------  --------  ----------  --------------  -------------------
/opt/airflow/dags/Asteroid_DAG.py    189  0.00s             1           0  0.13s           2026-04-06T07:11:08
================================================================================
[2026-04-06T07:12:08.556+0000] {manager.py:879} INFO - 
================================================================================
DAG File Processing Stats

File Path                            PID  Runtime      # DAGs    # Errors  Last Runtime    Last Run
---------------------------------  -----  ---------  --------  ----------  --------------  -------------------
/opt/airflow/dags/Asteroid_DAG.py    194  0.00s             1           0  0.13s           2026-04-06T07:11:38
================================================================================
[2026-04-06T07:12:38.769+0000] {manager.py:879} INFO - 
================================================================================
DAG File Processing Stats

File Path                            PID  Runtime      # DAGs    # Errors  Last Runtime    Last Run
---------------------------------  -----  ---------  --------  ----------  --------------  -------------------
/opt/airflow/dags/Asteroid_DAG.py    199  0.00s             1           0  0.12s           2026-04-06T07:12:08
================================================================================
[2026-04-06T07:13:09.047+0000] {manager.py:879} INFO - 
================================================================================
DAG File Processing Stats

File Path                            PID  Runtime      # DAGs    # Errors  Last Runtime    Last Run
---------------------------------  -----  ---------  --------  ----------  --------------  -------------------
/opt/airflow/dags/Asteroid_DAG.py    204  0.00s             1           0  0.12s           2026-04-06T07:12:38
================================================================================
[2026-04-06T07:13:39.257+0000] {manager.py:879} INFO - 
================================================================================
DAG File Processing Stats

File Path                            PID  Runtime      # DAGs    # Errors  Last Runtime    Last Run
---------------------------------  -----  ---------  --------  ----------  --------------  -------------------
/opt/airflow/dags/Asteroid_DAG.py    209  0.00s             1           0  0.12s           2026-04-06T07:13:09
================================================================================
[2026-04-06T07:19:08.551+0000] {manager.py:738} INFO - Searching for files in /opt/airflow/dags
[2026-04-06T07:19:08.583+0000] {manager.py:741} INFO - There are 1 files in /opt/airflow/dags
[2026-04-06T07:19:29.750+0000] {manager.py:879} INFO - 
================================================================================
DAG File Processing Stats

File Path                          PID    Runtime      # DAGs    # Errors  Last Runtime    Last Run
---------------------------------  -----  ---------  --------  ----------  --------------  -------------------
/opt/airflow/dags/Asteroid_DAG.py                           1           0  0.21s           2026-04-06T07:19:08
================================================================================
[2026-04-06T07:20:00.116+0000] {manager.py:879} INFO - 
================================================================================
DAG File Processing Stats

File Path                          PID    Runtime      # DAGs    # Errors  Last Runtime    Last Run
---------------------------------  -----  ---------  --------  ----------  --------------  -------------------
/opt/airflow/dags/Asteroid_DAG.py                           1           0  0.14s           2026-04-06T07:19:39
================================================================================
[2026-04-06T07:20:30.297+0000] {manager.py:879} INFO - 
================================================================================
DAG File Processing Stats

File Path                          PID    Runtime      # DAGs    # Errors  Last Runtime    Last Run
---------------------------------  -----  ---------  --------  ----------  --------------  -------------------
/opt/airflow/dags/Asteroid_DAG.py                           1           0  0.11s           2026-04-06T07:20:09
================================================================================
[2026-04-06T07:21:00.558+0000] {manager.py:879} INFO - 
================================================================================
DAG File Processing Stats

File Path                          PID    Runtime      # DAGs    # Errors  Last Runtime    Last Run
---------------------------------  -----  ---------  --------  ----------  --------------  -------------------
/opt/airflow/dags/Asteroid_DAG.py                           1           0  0.11s           2026-04-06T07:20:39
================================================================================
[2026-04-06T07:21:30.756+0000] {manager.py:879} INFO - 
================================================================================
DAG File Processing Stats

File Path                          PID    Runtime      # DAGs    # Errors  Last Runtime    Last Run
---------------------------------  -----  ---------  --------  ----------  --------------  -------------------
/opt/airflow/dags/Asteroid_DAG.py                           1           0  0.13s           2026-04-06T07:21:09
================================================================================
[2026-04-06T07:22:01.034+0000] {manager.py:879} INFO - 
================================================================================
DAG File Processing Stats

File Path                          PID    Runtime      # DAGs    # Errors  Last Runtime    Last Run
---------------------------------  -----  ---------  --------  ----------  --------------  -------------------
/opt/airflow/dags/Asteroid_DAG.py                           1           0  0.12s           2026-04-06T07:21:39
================================================================================
[2026-04-06T07:22:31.231+0000] {manager.py:879} INFO - 
================================================================================
DAG File Processing Stats

File Path                          PID    Runtime      # DAGs    # Errors  Last Runtime    Last Run
---------------------------------  -----  ---------  --------  ----------  --------------  -------------------
/opt/airflow/dags/Asteroid_DAG.py                           1           0  0.13s           2026-04-06T07:22:10
================================================================================
[2026-04-06T07:23:01.510+0000] {manager.py:879} INFO - 
================================================================================
DAG File Processing Stats

File Path                          PID    Runtime      # DAGs    # Errors  Last Runtime    Last Run
---------------------------------  -----  ---------  --------  ----------  --------------  -------------------
/opt/airflow/dags/Asteroid_DAG.py                           1           0  0.12s           2026-04-06T07:22:40
================================================================================
[2026-04-06T07:23:31.712+0000] {manager.py:879} INFO - 
================================================================================
DAG File Processing Stats

File Path                          PID    Runtime      # DAGs    # Errors  Last Runtime    Last Run
---------------------------------  -----  ---------  --------  ----------  --------------  -------------------
/opt/airflow/dags/Asteroid_DAG.py                           1           0  0.11s           2026-04-06T07:23:10
================================================================================
[2026-04-06T07:24:01.974+0000] {manager.py:879} INFO - 
================================================================================
DAG File Processing Stats

File Path                          PID    Runtime      # DAGs    # Errors  Last Runtime    Last Run
---------------------------------  -----  ---------  --------  ----------  --------------  -------------------
/opt/airflow/dags/Asteroid_DAG.py                           1           0  0.11s           2026-04-06T07:23:40
================================================================================
[2026-04-06T07:24:09.015+0000] {manager.py:738} INFO - Searching for files in /opt/airflow/dags
[2026-04-06T07:24:09.043+0000] {manager.py:741} INFO - There are 1 files in /opt/airflow/dags
[2026-04-06T07:24:32.210+0000] {manager.py:879} INFO - 
================================================================================
DAG File Processing Stats

File Path                          PID    Runtime      # DAGs    # Errors  Last Runtime    Last Run
---------------------------------  -----  ---------  --------  ----------  --------------  -------------------
/opt/airflow/dags/Asteroid_DAG.py                           1           0  0.13s           2026-04-06T07:24:11
================================================================================
[2026-04-06T07:25:02.497+0000] {manager.py:879} INFO - 
================================================================================
DAG File Processing Stats

File Path                          PID    Runtime      # DAGs    # Errors  Last Runtime    Last Run
---------------------------------  -----  ---------  --------  ----------  --------------  -------------------
/opt/airflow/dags/Asteroid_DAG.py                           1           0  0.12s           2026-04-06T07:24:41
================================================================================
[2026-04-06T07:25:32.705+0000] {manager.py:879} INFO - 
================================================================================
DAG File Processing Stats

File Path                          PID    Runtime      # DAGs    # Errors  Last Runtime    Last Run
---------------------------------  -----  ---------  --------  ----------  --------------  -------------------
/opt/airflow/dags/Asteroid_DAG.py                           1           0  0.15s           2026-04-06T07:25:11
================================================================================
[2026-04-06T07:26:03.014+0000] {manager.py:879} INFO - 
================================================================================
DAG File Processing Stats

File Path                          PID    Runtime      # DAGs    # Errors  Last Runtime    Last Run
---------------------------------  -----  ---------  --------  ----------  --------------  -------------------
/opt/airflow/dags/Asteroid_DAG.py                           1           0  0.11s           2026-04-06T07:25:41
================================================================================
[2026-04-06T07:26:33.219+0000] {manager.py:879} INFO - 
================================================================================
DAG File Processing Stats

File Path                          PID    Runtime      # DAGs    # Errors  Last Runtime    Last Run
---------------------------------  -----  ---------  --------  ----------  --------------  -------------------
/opt/airflow/dags/Asteroid_DAG.py                           1           0  0.12s           2026-04-06T07:26:12
================================================================================
[2026-04-06T07:27:03.499+0000] {manager.py:879} INFO - 
================================================================================
DAG File Processing Stats

File Path                          PID    Runtime      # DAGs    # Errors  Last Runtime    Last Run
---------------------------------  -----  ---------  --------  ----------  --------------  -------------------
/opt/airflow/dags/Asteroid_DAG.py                           1           0  0.14s           2026-04-06T07:26:42
================================================================================
[2026-04-06T07:27:33.703+0000] {manager.py:879} INFO - 
================================================================================
DAG File Processing Stats

File Path                          PID    Runtime      # DAGs    # Errors  Last Runtime    Last Run
---------------------------------  -----  ---------  --------  ----------  --------------  -------------------
/opt/airflow/dags/Asteroid_DAG.py                           1           0  0.12s           2026-04-06T07:27:12
================================================================================
[2026-04-06T07:28:03.974+0000] {manager.py:879} INFO - 
================================================================================
DAG File Processing Stats

File Path                          PID    Runtime      # DAGs    # Errors  Last Runtime    Last Run
---------------------------------  -----  ---------  --------  ----------  --------------  -------------------
/opt/airflow/dags/Asteroid_DAG.py                           1           0  0.12s           2026-04-06T07:27:42
================================================================================
[2026-04-06T07:28:12.251+0000] {manager.py:451} INFO - Exiting gracefully upon receiving signal 15
[2026-04-06T07:30:14.707+0000] {manager.py:469} INFO - Processing files using up to 2 processes at a time 
[2026-04-06T07:30:14.708+0000] {manager.py:470} INFO - Process each file at most once every 30 seconds
[2026-04-06T07:30:14.709+0000] {manager.py:471} INFO - Checking for new files in /opt/airflow/dags every 300 seconds
[2026-04-06T07:30:14.709+0000] {manager.py:738} INFO - Searching for files in /opt/airflow/dags
[2026-04-06T07:30:14.738+0000] {manager.py:741} INFO - There are 1 files in /opt/airflow/dags
[2026-04-06T07:30:14.830+0000] {manager.py:879} INFO - 
================================================================================
DAG File Processing Stats

File Path                            PID  Runtime      # DAGs    # Errors  Last Runtime    Last Run
---------------------------------  -----  ---------  --------  ----------  --------------  ----------
/opt/airflow/dags/Asteroid_DAG.py    179  0.04s             0           0
================================================================================
[2026-04-06T07:30:45.016+0000] {manager.py:879} INFO - 
================================================================================
DAG File Processing Stats

File Path                          PID    Runtime      # DAGs    # Errors  Last Runtime    Last Run
---------------------------------  -----  ---------  --------  ----------  --------------  -------------------
/opt/airflow/dags/Asteroid_DAG.py                           1           0  0.33s           2026-04-06T07:30:15
================================================================================
[2026-04-06T07:31:15.534+0000] {manager.py:879} INFO - 
================================================================================
DAG File Processing Stats

File Path                            PID  Runtime      # DAGs    # Errors  Last Runtime    Last Run
---------------------------------  -----  ---------  --------  ----------  --------------  -------------------
/opt/airflow/dags/Asteroid_DAG.py    189  0.00s             1           0  0.13s           2026-04-06T07:30:45
================================================================================
[2026-04-06T07:31:45.807+0000] {manager.py:879} INFO - 
================================================================================
DAG File Processing Stats

File Path                            PID  Runtime      # DAGs    # Errors  Last Runtime    Last Run
---------------------------------  -----  ---------  --------  ----------  --------------  -------------------
/opt/airflow/dags/Asteroid_DAG.py    263  0.00s             1           0  0.14s           2026-04-06T07:31:15
================================================================================
[2026-04-06T07:32:16.027+0000] {manager.py:879} INFO - 
================================================================================
DAG File Processing Stats

File Path                            PID  Runtime      # DAGs    # Errors  Last Runtime    Last Run
---------------------------------  -----  ---------  --------  ----------  --------------  -------------------
/opt/airflow/dags/Asteroid_DAG.py    268  0.00s             1           0  0.10s           2026-04-06T07:31:45
================================================================================
[2026-04-06T07:32:46.257+0000] {manager.py:879} INFO - 
================================================================================
DAG File Processing Stats

File Path                            PID  Runtime      # DAGs    # Errors  Last Runtime    Last Run
---------------------------------  -----  ---------  --------  ----------  --------------  -------------------
/opt/airflow/dags/Asteroid_DAG.py    300  0.00s             1           0  0.12s           2026-04-06T07:32:16
================================================================================
[2026-04-06T07:33:16.499+0000] {manager.py:879} INFO - 
================================================================================
DAG File Processing Stats

File Path                            PID  Runtime      # DAGs    # Errors  Last Runtime    Last Run
---------------------------------  -----  ---------  --------  ----------  --------------  -------------------
/opt/airflow/dags/Asteroid_DAG.py    305  0.00s             1           0  0.11s           2026-04-06T07:32:46
================================================================================
[2026-04-06T07:33:46.725+0000] {manager.py:879} INFO - 
================================================================================
DAG File Processing Stats

File Path                            PID  Runtime      # DAGs    # Errors  Last Runtime    Last Run
---------------------------------  -----  ---------  --------  ----------  --------------  -------------------
/opt/airflow/dags/Asteroid_DAG.py    310  0.00s             1           0  0.16s           2026-04-06T07:33:16
================================================================================
[2026-04-06T07:34:17.016+0000] {manager.py:879} INFO - 
================================================================================
DAG File Processing Stats

File Path                            PID  Runtime      # DAGs    # Errors  Last Runtime    Last Run
---------------------------------  -----  ---------  --------  ----------  --------------  -------------------
/opt/airflow/dags/Asteroid_DAG.py    315  0.00s             1           0  0.14s           2026-04-06T07:33:46
================================================================================
[2026-04-06T07:34:47.206+0000] {manager.py:879} INFO - 
================================================================================
DAG File Processing Stats

File Path                            PID  Runtime      # DAGs    # Errors  Last Runtime    Last Run
---------------------------------  -----  ---------  --------  ----------  --------------  -------------------
/opt/airflow/dags/Asteroid_DAG.py    320  0.00s             1           0  0.14s           2026-04-06T07:34:17
================================================================================
[2026-04-06T07:35:15.479+0000] {manager.py:738} INFO - Searching for files in /opt/airflow/dags
[2026-04-06T07:35:15.505+0000] {manager.py:741} INFO - There are 1 files in /opt/airflow/dags
[2026-04-06T07:35:17.541+0000] {manager.py:879} INFO - 
================================================================================
DAG File Processing Stats

File Path                            PID  Runtime      # DAGs    # Errors  Last Runtime    Last Run
---------------------------------  -----  ---------  --------  ----------  --------------  -------------------
/opt/airflow/dags/Asteroid_DAG.py    325  0.00s             1           0  0.11s           2026-04-06T07:34:47
================================================================================
[2026-04-06T07:35:47.734+0000] {manager.py:879} INFO - 
================================================================================
DAG File Processing Stats

File Path                            PID  Runtime      # DAGs    # Errors  Last Runtime    Last Run
---------------------------------  -----  ---------  --------  ----------  --------------  -------------------
/opt/airflow/dags/Asteroid_DAG.py    330  0.00s             1           0  0.12s           2026-04-06T07:35:17
================================================================================
[2026-04-06T07:36:18.009+0000] {manager.py:879} INFO - 
================================================================================
DAG File Processing Stats

File Path                            PID  Runtime      # DAGs    # Errors  Last Runtime    Last Run
---------------------------------  -----  ---------  --------  ----------  --------------  -------------------
/opt/airflow/dags/Asteroid_DAG.py    335  0.00s             1           0  0.13s           2026-04-06T07:35:47
================================================================================
[2026-04-06T07:36:48.214+0000] {manager.py:879} INFO - 
================================================================================
DAG File Processing Stats

File Path                            PID  Runtime      # DAGs    # Errors  Last Runtime    Last Run
---------------------------------  -----  ---------  --------  ----------  --------------  -------------------
/opt/airflow/dags/Asteroid_DAG.py    340  0.00s             1           0  0.12s           2026-04-06T07:36:18
================================================================================
[2026-04-06T07:37:18.487+0000] {manager.py:879} INFO - 
================================================================================
DAG File Processing Stats

File Path                            PID  Runtime      # DAGs    # Errors  Last Runtime    Last Run
---------------------------------  -----  ---------  --------  ----------  --------------  -------------------
/opt/airflow/dags/Asteroid_DAG.py    345  0.00s             1           0  0.13s           2026-04-06T07:36:48
================================================================================
[2026-04-06T07:37:35.715+0000] {manager.py:451} INFO - Exiting gracefully upon receiving signal 15
[2026-04-06T07:38:26.581+0000] {manager.py:469} INFO - Processing files using up to 2 processes at a time 
[2026-04-06T07:38:26.582+0000] {manager.py:470} INFO - Process each file at most once every 30 seconds
[2026-04-06T07:38:26.582+0000] {manager.py:471} INFO - Checking for new files in /opt/airflow/dags every 300 seconds
[2026-04-06T07:38:26.583+0000] {manager.py:738} INFO - Searching for files in /opt/airflow/dags
[2026-04-06T07:38:26.613+0000] {manager.py:741} INFO - There are 1 files in /opt/airflow/dags
[2026-04-06T07:38:26.705+0000] {manager.py:879} INFO - 
================================================================================
DAG File Processing Stats

File Path                            PID  Runtime      # DAGs    # Errors  Last Runtime    Last Run
---------------------------------  -----  ---------  --------  ----------  --------------  ----------
/opt/airflow/dags/Asteroid_DAG.py    179  0.04s             0           0
================================================================================
[2026-04-06T07:38:56.897+0000] {manager.py:879} INFO - 
================================================================================
DAG File Processing Stats

File Path                          PID    Runtime      # DAGs    # Errors  Last Runtime    Last Run
---------------------------------  -----  ---------  --------  ----------  --------------  -------------------
/opt/airflow/dags/Asteroid_DAG.py                           1           0  0.35s           2026-04-06T07:38:27
================================================================================
[2026-04-06T07:39:27.387+0000] {manager.py:879} INFO - 
================================================================================
DAG File Processing Stats

File Path                            PID  Runtime      # DAGs    # Errors  Last Runtime    Last Run
---------------------------------  -----  ---------  --------  ----------  --------------  -------------------
/opt/airflow/dags/Asteroid_DAG.py    261  0.00s             1           0  0.14s           2026-04-06T07:38:57
================================================================================
[2026-04-06T07:39:57.673+0000] {manager.py:879} INFO - 
================================================================================
DAG File Processing Stats

File Path                            PID  Runtime      # DAGs    # Errors  Last Runtime    Last Run
---------------------------------  -----  ---------  --------  ----------  --------------  -------------------
/opt/airflow/dags/Asteroid_DAG.py    266  0.00s             1           0  0.10s           2026-04-06T07:39:27
================================================================================
[2026-04-06T07:40:27.887+0000] {manager.py:879} INFO - 
================================================================================
DAG File Processing Stats

File Path                            PID  Runtime      # DAGs    # Errors  Last Runtime    Last Run
---------------------------------  -----  ---------  --------  ----------  --------------  -------------------
/opt/airflow/dags/Asteroid_DAG.py    271  0.00s             1           0  0.13s           2026-04-06T07:39:57
================================================================================
[2026-04-06T07:40:58.163+0000] {manager.py:879} INFO - 
================================================================================
DAG File Processing Stats

File Path                            PID  Runtime      # DAGs    # Errors  Last Runtime    Last Run
---------------------------------  -----  ---------  --------  ----------  --------------  -------------------
/opt/airflow/dags/Asteroid_DAG.py    276  0.00s             1           0  0.16s           2026-04-06T07:40:28
================================================================================
[2026-04-06T07:41:28.404+0000] {manager.py:879} INFO - 
================================================================================
DAG File Processing Stats

File Path                            PID  Runtime      # DAGs    # Errors  Last Runtime    Last Run
---------------------------------  -----  ---------  --------  ----------  --------------  -------------------
/opt/airflow/dags/Asteroid_DAG.py    281  0.00s             1           0  0.14s           2026-04-06T07:40:58
================================================================================
[2026-04-06T07:41:58.665+0000] {manager.py:879} INFO - 
================================================================================
DAG File Processing Stats

File Path                            PID  Runtime      # DAGs    # Errors  Last Runtime    Last Run
---------------------------------  -----  ---------  --------  ----------  --------------  -------------------
/opt/airflow/dags/Asteroid_DAG.py    286  0.00s             1           0  0.13s           2026-04-06T07:41:28
================================================================================
[2026-04-06T07:42:28.887+0000] {manager.py:879} INFO - 
================================================================================
DAG File Processing Stats

File Path                            PID  Runtime      # DAGs    # Errors  Last Runtime    Last Run
---------------------------------  -----  ---------  --------  ----------  --------------  -------------------
/opt/airflow/dags/Asteroid_DAG.py    291  0.00s             1           0  0.13s           2026-04-06T07:41:58
================================================================================
[2026-04-06T07:42:59.158+0000] {manager.py:879} INFO - 
================================================================================
DAG File Processing Stats

File Path                            PID  Runtime      # DAGs    # Errors  Last Runtime    Last Run
---------------------------------  -----  ---------  --------  ----------  --------------  -------------------
/opt/airflow/dags/Asteroid_DAG.py    296  0.00s             1           0  0.12s           2026-04-06T07:42:29
================================================================================
[2026-04-06T07:43:27.330+0000] {manager.py:738} INFO - Searching for files in /opt/airflow/dags
[2026-04-06T07:43:27.353+0000] {manager.py:741} INFO - There are 1 files in /opt/airflow/dags
[2026-04-06T07:43:29.392+0000] {manager.py:879} INFO - 
================================================================================
DAG File Processing Stats

File Path                            PID  Runtime      # DAGs    # Errors  Last Runtime    Last Run
---------------------------------  -----  ---------  --------  ----------  --------------  -------------------
/opt/airflow/dags/Asteroid_DAG.py    301  0.00s             1           0  0.11s           2026-04-06T07:42:59
================================================================================
[2026-04-06T07:43:59.618+0000] {manager.py:879} INFO - 
================================================================================
DAG File Processing Stats

File Path                            PID  Runtime      # DAGs    # Errors  Last Runtime    Last Run
---------------------------------  -----  ---------  --------  ----------  --------------  -------------------
/opt/airflow/dags/Asteroid_DAG.py    306  0.00s             1           0  0.12s           2026-04-06T07:43:29
================================================================================
[2026-04-06T07:44:29.865+0000] {manager.py:879} INFO - 
================================================================================
DAG File Processing Stats

File Path                            PID  Runtime      # DAGs    # Errors  Last Runtime    Last Run
---------------------------------  -----  ---------  --------  ----------  --------------  -------------------
/opt/airflow/dags/Asteroid_DAG.py    344  0.00s             1           0  0.14s           2026-04-06T07:43:59
================================================================================
[2026-04-06T07:45:00.098+0000] {manager.py:879} INFO - 
================================================================================
DAG File Processing Stats

File Path                            PID  Runtime      # DAGs    # Errors  Last Runtime    Last Run
---------------------------------  -----  ---------  --------  ----------  --------------  -------------------
/opt/airflow/dags/Asteroid_DAG.py    385  0.00s             1           0  0.12s           2026-04-06T07:44:29
================================================================================
[2026-04-06T07:45:30.333+0000] {manager.py:879} INFO - 
================================================================================
DAG File Processing Stats

File Path                            PID  Runtime      # DAGs    # Errors  Last Runtime    Last Run
---------------------------------  -----  ---------  --------  ----------  --------------  -------------------
/opt/airflow/dags/Asteroid_DAG.py    390  0.00s             1           0  0.11s           2026-04-06T07:45:00
================================================================================
[2026-04-06T07:46:00.552+0000] {manager.py:879} INFO - 
================================================================================
DAG File Processing Stats

File Path                            PID  Runtime      # DAGs    # Errors  Last Runtime    Last Run
---------------------------------  -----  ---------  --------  ----------  --------------  -------------------
/opt/airflow/dags/Asteroid_DAG.py    395  0.00s             1           0  0.11s           2026-04-06T07:45:30
================================================================================
[2026-04-06T07:46:30.795+0000] {manager.py:879} INFO - 
================================================================================
DAG File Processing Stats

File Path                            PID  Runtime      # DAGs    # Errors  Last Runtime    Last Run
---------------------------------  -----  ---------  --------  ----------  --------------  -------------------
/opt/airflow/dags/Asteroid_DAG.py    400  0.00s             1           0  0.11s           2026-04-06T07:46:00
================================================================================
[2026-04-06T07:47:01.009+0000] {manager.py:879} INFO - 
================================================================================
DAG File Processing Stats

File Path                            PID  Runtime      # DAGs    # Errors  Last Runtime    Last Run
---------------------------------  -----  ---------  --------  ----------  --------------  -------------------
/opt/airflow/dags/Asteroid_DAG.py    405  0.00s             1           0  0.12s           2026-04-06T07:46:30
================================================================================
[2026-04-06T07:47:31.273+0000] {manager.py:879} INFO - 
================================================================================
DAG File Processing Stats

File Path                            PID  Runtime      # DAGs    # Errors  Last Runtime    Last Run
---------------------------------  -----  ---------  --------  ----------  --------------  -------------------
/opt/airflow/dags/Asteroid_DAG.py    410  0.00s             1           0  0.12s           2026-04-06T07:47:01
================================================================================
[2026-04-06T07:48:01.473+0000] {manager.py:879} INFO - 
================================================================================
DAG File Processing Stats

File Path                            PID  Runtime      # DAGs    # Errors  Last Runtime    Last Run
---------------------------------  -----  ---------  --------  ----------  --------------  -------------------
/opt/airflow/dags/Asteroid_DAG.py    415  0.00s             1           0  0.13s           2026-04-06T07:47:31
================================================================================
[2026-04-06T07:48:27.711+0000] {manager.py:738} INFO - Searching for files in /opt/airflow/dags
[2026-04-06T07:48:27.736+0000] {manager.py:741} INFO - There are 1 files in /opt/airflow/dags
[2026-04-06T07:48:31.783+0000] {manager.py:879} INFO - 
================================================================================
DAG File Processing Stats

File Path                            PID  Runtime      # DAGs    # Errors  Last Runtime    Last Run
---------------------------------  -----  ---------  --------  ----------  --------------  -------------------
/opt/airflow/dags/Asteroid_DAG.py    420  0.00s             1           0  0.13s           2026-04-06T07:48:01
================================================================================
[2026-04-06T07:49:02.001+0000] {manager.py:879} INFO - 
================================================================================
DAG File Processing Stats

File Path                            PID  Runtime      # DAGs    # Errors  Last Runtime    Last Run
---------------------------------  -----  ---------  --------  ----------  --------------  -------------------
/opt/airflow/dags/Asteroid_DAG.py    425  0.00s             1           0  0.13s           2026-04-06T07:48:31
================================================================================
[2026-04-06T07:49:32.273+0000] {manager.py:879} INFO - 
================================================================================
DAG File Processing Stats

File Path                            PID  Runtime      # DAGs    # Errors  Last Runtime    Last Run
---------------------------------  -----  ---------  --------  ----------  --------------  -------------------
/opt/airflow/dags/Asteroid_DAG.py    430  0.00s             1           0  0.11s           2026-04-06T07:49:02
================================================================================
[2026-04-06T07:50:02.477+0000] {manager.py:879} INFO - 
================================================================================
DAG File Processing Stats

File Path                            PID  Runtime      # DAGs    # Errors  Last Runtime    Last Run
---------------------------------  -----  ---------  --------  ----------  --------------  -------------------
/opt/airflow/dags/Asteroid_DAG.py    435  0.00s             1           0  0.12s           2026-04-06T07:49:32
================================================================================
[2026-04-06T07:50:32.755+0000] {manager.py:879} INFO - 
================================================================================
DAG File Processing Stats

File Path                            PID  Runtime      # DAGs    # Errors  Last Runtime    Last Run
---------------------------------  -----  ---------  --------  ----------  --------------  -------------------
/opt/airflow/dags/Asteroid_DAG.py    440  0.00s             1           0  0.11s           2026-04-06T07:50:02
================================================================================
[2026-04-06T07:51:02.980+0000] {manager.py:879} INFO - 
================================================================================
DAG File Processing Stats

File Path                            PID  Runtime      # DAGs    # Errors  Last Runtime    Last Run
---------------------------------  -----  ---------  --------  ----------  --------------  -------------------
/opt/airflow/dags/Asteroid_DAG.py    445  0.00s             1           0  0.12s           2026-04-06T07:50:32
================================================================================
[2026-04-06T07:51:33.231+0000] {manager.py:879} INFO - 
================================================================================
DAG File Processing Stats

File Path                            PID  Runtime      # DAGs    # Errors  Last Runtime    Last Run
---------------------------------  -----  ---------  --------  ----------  --------------  -------------------
/opt/airflow/dags/Asteroid_DAG.py    450  0.00s             1           0  0.12s           2026-04-06T07:51:03
================================================================================
[2026-04-06T07:52:03.443+0000] {manager.py:879} INFO - 
================================================================================
DAG File Processing Stats

File Path                            PID  Runtime      # DAGs    # Errors  Last Runtime    Last Run
---------------------------------  -----  ---------  --------  ----------  --------------  -------------------
/opt/airflow/dags/Asteroid_DAG.py    455  0.00s             1           0  0.12s           2026-04-06T07:51:33
================================================================================
[2026-04-06T07:52:33.697+0000] {manager.py:879} INFO - 
================================================================================
DAG File Processing Stats

File Path                            PID  Runtime      # DAGs    # Errors  Last Runtime    Last Run
---------------------------------  -----  ---------  --------  ----------  --------------  -------------------
/opt/airflow/dags/Asteroid_DAG.py    460  0.00s             1           0  0.13s           2026-04-06T07:52:03
================================================================================
[2026-04-06T07:53:03.927+0000] {manager.py:879} INFO - 
================================================================================
DAG File Processing Stats

File Path                            PID  Runtime      # DAGs    # Errors  Last Runtime    Last Run
---------------------------------  -----  ---------  --------  ----------  --------------  -------------------
/opt/airflow/dags/Asteroid_DAG.py    465  0.00s             1           0  0.12s           2026-04-06T07:52:33
================================================================================
[2026-04-06T07:53:28.134+0000] {manager.py:738} INFO - Searching for files in /opt/airflow/dags
[2026-04-06T07:53:28.164+0000] {manager.py:741} INFO - There are 1 files in /opt/airflow/dags
[2026-04-06T07:53:34.227+0000] {manager.py:879} INFO - 
================================================================================
DAG File Processing Stats

File Path                            PID  Runtime      # DAGs    # Errors  Last Runtime    Last Run
---------------------------------  -----  ---------  --------  ----------  --------------  -------------------
/opt/airflow/dags/Asteroid_DAG.py    470  0.00s             1           0  0.11s           2026-04-06T07:53:04
================================================================================
[2026-04-06T07:54:04.429+0000] {manager.py:879} INFO - 
================================================================================
DAG File Processing Stats

File Path                            PID  Runtime      # DAGs    # Errors  Last Runtime    Last Run
---------------------------------  -----  ---------  --------  ----------  --------------  -------------------
/opt/airflow/dags/Asteroid_DAG.py    475  0.00s             1           0  0.12s           2026-04-06T07:53:34
================================================================================
[2026-04-06T07:54:34.705+0000] {manager.py:879} INFO - 
================================================================================
DAG File Processing Stats

File Path                            PID  Runtime      # DAGs    # Errors  Last Runtime    Last Run
---------------------------------  -----  ---------  --------  ----------  --------------  -------------------
/opt/airflow/dags/Asteroid_DAG.py    480  0.00s             1           0  0.12s           2026-04-06T07:54:04
================================================================================
[2026-04-06T07:55:04.913+0000] {manager.py:879} INFO - 
================================================================================
DAG File Processing Stats

File Path                            PID  Runtime      # DAGs    # Errors  Last Runtime    Last Run
---------------------------------  -----  ---------  --------  ----------  --------------  -------------------
/opt/airflow/dags/Asteroid_DAG.py    485  0.00s             1           0  0.12s           2026-04-06T07:54:34
================================================================================
[2026-04-06T07:55:35.183+0000] {manager.py:879} INFO - 
================================================================================
DAG File Processing Stats

File Path                            PID  Runtime      # DAGs    # Errors  Last Runtime    Last Run
---------------------------------  -----  ---------  --------  ----------  --------------  -------------------
/opt/airflow/dags/Asteroid_DAG.py    490  0.00s             1           0  0.12s           2026-04-06T07:55:05
================================================================================
[2026-04-06T07:56:05.380+0000] {manager.py:879} INFO - 
================================================================================
DAG File Processing Stats

File Path                            PID  Runtime      # DAGs    # Errors  Last Runtime    Last Run
---------------------------------  -----  ---------  --------  ----------  --------------  -------------------
/opt/airflow/dags/Asteroid_DAG.py    495  0.00s             1           0  0.12s           2026-04-06T07:55:35
================================================================================
[2026-04-06T07:56:35.658+0000] {manager.py:879} INFO - 
================================================================================
DAG File Processing Stats

File Path                            PID  Runtime      # DAGs    # Errors  Last Runtime    Last Run
---------------------------------  -----  ---------  --------  ----------  --------------  -------------------
/opt/airflow/dags/Asteroid_DAG.py    500  0.00s             1           0  0.12s           2026-04-06T07:56:05
================================================================================
[2026-04-06T07:57:05.858+0000] {manager.py:879} INFO - 
================================================================================
DAG File Processing Stats

File Path                            PID  Runtime      # DAGs    # Errors  Last Runtime    Last Run
---------------------------------  -----  ---------  --------  ----------  --------------  -------------------
/opt/airflow/dags/Asteroid_DAG.py    505  0.00s             1           0  0.11s           2026-04-06T07:56:35
================================================================================
[2026-04-06T07:57:36.139+0000] {manager.py:879} INFO - 
================================================================================
DAG File Processing Stats

File Path                            PID  Runtime      # DAGs    # Errors  Last Runtime    Last Run
---------------------------------  -----  ---------  --------  ----------  --------------  -------------------
/opt/airflow/dags/Asteroid_DAG.py    510  0.00s             1           0  0.17s           2026-04-06T07:57:06
================================================================================
[2026-04-06T07:58:06.370+0000] {manager.py:879} INFO - 
================================================================================
DAG File Processing Stats

File Path                            PID  Runtime      # DAGs    # Errors  Last Runtime    Last Run
---------------------------------  -----  ---------  --------  ----------  --------------  -------------------
/opt/airflow/dags/Asteroid_DAG.py    515  0.00s             1           0  0.12s           2026-04-06T07:57:36
================================================================================
[2026-04-06T07:58:28.535+0000] {manager.py:738} INFO - Searching for files in /opt/airflow/dags
[2026-04-06T07:58:28.563+0000] {manager.py:741} INFO - There are 1 files in /opt/airflow/dags
[2026-04-06T07:58:36.637+0000] {manager.py:879} INFO - 
================================================================================
DAG File Processing Stats

File Path                            PID  Runtime      # DAGs    # Errors  Last Runtime    Last Run
---------------------------------  -----  ---------  --------  ----------  --------------  -------------------
/opt/airflow/dags/Asteroid_DAG.py    520  0.00s             1           0  0.12s           2026-04-06T07:58:06
================================================================================
[2026-04-06T07:59:06.835+0000] {manager.py:879} INFO - 
================================================================================
DAG File Processing Stats

File Path                            PID  Runtime      # DAGs    # Errors  Last Runtime    Last Run
---------------------------------  -----  ---------  --------  ----------  --------------  -------------------
/opt/airflow/dags/Asteroid_DAG.py    525  0.00s             1           0  0.13s           2026-04-06T07:58:36
================================================================================
[2026-04-06T07:59:37.153+0000] {manager.py:879} INFO - 
================================================================================
DAG File Processing Stats

File Path                            PID  Runtime      # DAGs    # Errors  Last Runtime    Last Run
---------------------------------  -----  ---------  --------  ----------  --------------  -------------------
/opt/airflow/dags/Asteroid_DAG.py    530  0.00s             1           0  0.15s           2026-04-06T07:59:06
================================================================================
[2026-04-06T08:00:07.355+0000] {manager.py:879} INFO - 
================================================================================
DAG File Processing Stats

File Path                            PID  Runtime      # DAGs    # Errors  Last Runtime    Last Run
---------------------------------  -----  ---------  --------  ----------  --------------  -------------------
/opt/airflow/dags/Asteroid_DAG.py    535  0.00s             1           0  0.11s           2026-04-06T07:59:37
================================================================================
[2026-04-06T08:00:13.944+0000] {manager.py:451} INFO - Exiting gracefully upon receiving signal 15
[2026-04-06T08:01:02.258+0000] {manager.py:469} INFO - Processing files using up to 2 processes at a time 
[2026-04-06T08:01:02.259+0000] {manager.py:470} INFO - Process each file at most once every 30 seconds
[2026-04-06T08:01:02.260+0000] {manager.py:471} INFO - Checking for new files in /opt/airflow/dags every 300 seconds
[2026-04-06T08:01:02.261+0000] {manager.py:738} INFO - Searching for files in /opt/airflow/dags
[2026-04-06T08:01:02.306+0000] {manager.py:741} INFO - There are 1 files in /opt/airflow/dags
[2026-04-06T08:01:02.462+0000] {manager.py:879} INFO - 
================================================================================
DAG File Processing Stats

File Path                            PID  Runtime      # DAGs    # Errors  Last Runtime    Last Run
---------------------------------  -----  ---------  --------  ----------  --------------  ----------
/opt/airflow/dags/Asteroid_DAG.py    179  0.08s             0           0
================================================================================
[2026-04-06T08:01:32.697+0000] {manager.py:879} INFO - 
================================================================================
DAG File Processing Stats

File Path                          PID    Runtime      # DAGs    # Errors  Last Runtime    Last Run
---------------------------------  -----  ---------  --------  ----------  --------------  -------------------
/opt/airflow/dags/Asteroid_DAG.py                           1           0  0.56s           2026-04-06T08:01:02
================================================================================
[2026-04-06T08:02:03.542+0000] {manager.py:879} INFO - 
================================================================================
DAG File Processing Stats

File Path                            PID  Runtime      # DAGs    # Errors  Last Runtime    Last Run
---------------------------------  -----  ---------  --------  ----------  --------------  -------------------
/opt/airflow/dags/Asteroid_DAG.py    189  0.01s             1           0  0.23s           2026-04-06T08:01:33
================================================================================
[2026-04-06T08:02:34.009+0000] {manager.py:879} INFO - 
================================================================================
DAG File Processing Stats

File Path                            PID  Runtime      # DAGs    # Errors  Last Runtime    Last Run
---------------------------------  -----  ---------  --------  ----------  --------------  -------------------
/opt/airflow/dags/Asteroid_DAG.py    194  0.01s             1           0  0.45s           2026-04-06T08:02:03
================================================================================
[2026-04-06T08:03:04.607+0000] {manager.py:879} INFO - 
================================================================================
DAG File Processing Stats

File Path                            PID  Runtime      # DAGs    # Errors  Last Runtime    Last Run
---------------------------------  -----  ---------  --------  ----------  --------------  -------------------
/opt/airflow/dags/Asteroid_DAG.py    200  0.01s             1           0  0.35s           2026-04-06T08:02:34
================================================================================
[2026-04-06T08:03:34.911+0000] {manager.py:879} INFO - 
================================================================================
DAG File Processing Stats

File Path                            PID  Runtime      # DAGs    # Errors  Last Runtime    Last Run
---------------------------------  -----  ---------  --------  ----------  --------------  -------------------
/opt/airflow/dags/Asteroid_DAG.py    228  0.01s             1           0  0.27s           2026-04-06T08:03:04
================================================================================
[2026-04-06T08:04:05.462+0000] {manager.py:879} INFO - 
================================================================================
DAG File Processing Stats

File Path                            PID  Runtime      # DAGs    # Errors  Last Runtime    Last Run
---------------------------------  -----  ---------  --------  ----------  --------------  -------------------
/opt/airflow/dags/Asteroid_DAG.py    233  0.01s             1           0  0.29s           2026-04-06T08:03:35
================================================================================
[2026-04-06T08:04:35.783+0000] {manager.py:879} INFO - 
================================================================================
DAG File Processing Stats

File Path                          PID    Runtime      # DAGs    # Errors  Last Runtime    Last Run
---------------------------------  -----  ---------  --------  ----------  --------------  -------------------
/opt/airflow/dags/Asteroid_DAG.py                           1           0  0.36s           2026-04-06T08:04:05
================================================================================
[2026-04-06T08:05:06.432+0000] {manager.py:879} INFO - 
================================================================================
DAG File Processing Stats

File Path                            PID  Runtime      # DAGs    # Errors  Last Runtime    Last Run
---------------------------------  -----  ---------  --------  ----------  --------------  -------------------
/opt/airflow/dags/Asteroid_DAG.py    249  0.01s             1           0  0.20s           2026-04-06T08:04:36
================================================================================
[2026-04-06T08:05:36.900+0000] {manager.py:879} INFO - 
================================================================================
DAG File Processing Stats

File Path                            PID  Runtime      # DAGs    # Errors  Last Runtime    Last Run
---------------------------------  -----  ---------  --------  ----------  --------------  -------------------
/opt/airflow/dags/Asteroid_DAG.py    260  0.01s             1           0  0.29s           2026-04-06T08:05:06
================================================================================
[2026-04-06T08:06:02.481+0000] {manager.py:738} INFO - Searching for files in /opt/airflow/dags
[2026-04-06T08:06:02.507+0000] {manager.py:741} INFO - There are 1 files in /opt/airflow/dags
[2026-04-06T08:06:07.323+0000] {manager.py:879} INFO - 
================================================================================
DAG File Processing Stats

File Path                            PID  Runtime      # DAGs    # Errors  Last Runtime    Last Run
---------------------------------  -----  ---------  --------  ----------  --------------  -------------------
/opt/airflow/dags/Asteroid_DAG.py    265  0.01s             1           0  0.36s           2026-04-06T08:05:37
================================================================================
[2026-04-06T08:06:37.627+0000] {manager.py:879} INFO - 
================================================================================
DAG File Processing Stats

File Path                            PID  Runtime      # DAGs    # Errors  Last Runtime    Last Run
---------------------------------  -----  ---------  --------  ----------  --------------  -------------------
/opt/airflow/dags/Asteroid_DAG.py    276  0.01s             1           0  0.24s           2026-04-06T08:06:07
================================================================================
[2026-04-06T08:07:08.182+0000] {manager.py:879} INFO - 
================================================================================
DAG File Processing Stats

File Path                            PID  Runtime      # DAGs    # Errors  Last Runtime    Last Run
---------------------------------  -----  ---------  --------  ----------  --------------  -------------------
/opt/airflow/dags/Asteroid_DAG.py    281  0.01s             1           0  0.30s           2026-04-06T08:06:37
================================================================================
[2026-04-06T08:07:38.546+0000] {manager.py:879} INFO - 
================================================================================
DAG File Processing Stats

File Path                          PID    Runtime      # DAGs    # Errors  Last Runtime    Last Run
---------------------------------  -----  ---------  --------  ----------  --------------  -------------------
/opt/airflow/dags/Asteroid_DAG.py                           1           0  0.43s           2026-04-06T08:07:08
================================================================================
[2026-04-06T08:08:09.200+0000] {manager.py:879} INFO - 
================================================================================
DAG File Processing Stats

File Path                            PID  Runtime      # DAGs    # Errors  Last Runtime    Last Run
---------------------------------  -----  ---------  --------  ----------  --------------  -------------------
/opt/airflow/dags/Asteroid_DAG.py    291  0.00s             1           0  0.22s           2026-04-06T08:07:39
================================================================================
[2026-04-06T08:08:39.725+0000] {manager.py:879} INFO - 
================================================================================
DAG File Processing Stats

File Path                            PID  Runtime      # DAGs    # Errors  Last Runtime    Last Run
---------------------------------  -----  ---------  --------  ----------  --------------  -------------------
/opt/airflow/dags/Asteroid_DAG.py    296  0.01s             1           0  0.22s           2026-04-06T08:08:09
================================================================================
[2026-04-06T08:09:10.080+0000] {manager.py:879} INFO - 
================================================================================
DAG File Processing Stats

File Path                            PID  Runtime      # DAGs    # Errors  Last Runtime    Last Run
---------------------------------  -----  ---------  --------  ----------  --------------  -------------------
/opt/airflow/dags/Asteroid_DAG.py    301  0.01s             1           0  0.26s           2026-04-06T08:08:39
================================================================================
[2026-04-06T08:09:40.567+0000] {manager.py:879} INFO - 
================================================================================
DAG File Processing Stats

File Path                            PID  Runtime      # DAGs    # Errors  Last Runtime    Last Run
---------------------------------  -----  ---------  --------  ----------  --------------  -------------------
/opt/airflow/dags/Asteroid_DAG.py    333  0.01s             1           0  0.21s           2026-04-06T08:09:10
================================================================================
[2026-04-06T08:10:10.902+0000] {manager.py:879} INFO - 
================================================================================
DAG File Processing Stats

File Path                            PID  Runtime      # DAGs    # Errors  Last Runtime    Last Run
---------------------------------  -----  ---------  --------  ----------  --------------  -------------------
/opt/airflow/dags/Asteroid_DAG.py    338  0.01s             1           0  0.20s           2026-04-06T08:09:40
================================================================================
[2026-04-06T08:10:12.347+0000] {manager.py:451} INFO - Exiting gracefully upon receiving signal 15
[2026-04-06T08:12:14.634+0000] {manager.py:469} INFO - Processing files using up to 2 processes at a time 
[2026-04-06T08:12:14.635+0000] {manager.py:470} INFO - Process each file at most once every 30 seconds
[2026-04-06T08:12:14.636+0000] {manager.py:471} INFO - Checking for new files in /opt/airflow/dags every 300 seconds
[2026-04-06T08:12:14.637+0000] {manager.py:738} INFO - Searching for files in /opt/airflow/dags
[2026-04-06T08:12:14.679+0000] {manager.py:741} INFO - There are 1 files in /opt/airflow/dags
[2026-04-06T08:12:14.812+0000] {manager.py:879} INFO - 
================================================================================
DAG File Processing Stats

File Path                            PID  Runtime      # DAGs    # Errors  Last Runtime    Last Run
---------------------------------  -----  ---------  --------  ----------  --------------  ----------
/opt/airflow/dags/Asteroid_DAG.py    179  0.06s             0           0
================================================================================
[2026-04-06T08:12:45.037+0000] {manager.py:879} INFO - 
================================================================================
DAG File Processing Stats

File Path                          PID    Runtime      # DAGs    # Errors  Last Runtime    Last Run
---------------------------------  -----  ---------  --------  ----------  --------------  -------------------
/opt/airflow/dags/Asteroid_DAG.py                           1           0  0.58s           2026-04-06T08:12:15
================================================================================
[2026-04-06T08:13:15.050+0000] {manager.py:879} INFO - 
================================================================================
DAG File Processing Stats

File Path                          PID    Runtime      # DAGs    # Errors  Last Runtime    Last Run
---------------------------------  -----  ---------  --------  ----------  --------------  -------------------
/opt/airflow/dags/Asteroid_DAG.py                           1           0  0.24s           2026-04-06T08:12:45
================================================================================
[2026-04-06T08:13:45.324+0000] {manager.py:879} INFO - 
================================================================================
DAG File Processing Stats

File Path                          PID    Runtime      # DAGs    # Errors  Last Runtime    Last Run
---------------------------------  -----  ---------  --------  ----------  --------------  -------------------
/opt/airflow/dags/Asteroid_DAG.py                           1           0  0.29s           2026-04-06T08:13:16
================================================================================
[2026-04-06T08:14:15.694+0000] {manager.py:879} INFO - 
================================================================================
DAG File Processing Stats

File Path                          PID    Runtime      # DAGs    # Errors  Last Runtime    Last Run
---------------------------------  -----  ---------  --------  ----------  --------------  -------------------
/opt/airflow/dags/Asteroid_DAG.py                           1           0  0.24s           2026-04-06T08:13:46
================================================================================
[2026-04-06T08:14:46.230+0000] {manager.py:879} INFO - 
================================================================================
DAG File Processing Stats

File Path                          PID    Runtime      # DAGs    # Errors  Last Runtime    Last Run
---------------------------------  -----  ---------  --------  ----------  --------------  -------------------
/opt/airflow/dags/Asteroid_DAG.py                           1           0  0.45s           2026-04-06T08:14:17
================================================================================
[2026-04-06T08:15:16.775+0000] {manager.py:879} INFO - 
================================================================================
DAG File Processing Stats

File Path                          PID    Runtime      # DAGs    # Errors  Last Runtime    Last Run
---------------------------------  -----  ---------  --------  ----------  --------------  -------------------
/opt/airflow/dags/Asteroid_DAG.py                           1           0  0.31s           2026-04-06T08:14:47
================================================================================
[2026-04-06T08:15:47.149+0000] {manager.py:879} INFO - 
================================================================================
DAG File Processing Stats

File Path                          PID    Runtime      # DAGs    # Errors  Last Runtime    Last Run
---------------------------------  -----  ---------  --------  ----------  --------------  -------------------
/opt/airflow/dags/Asteroid_DAG.py                           1           0  0.27s           2026-04-06T08:15:18
================================================================================
[2026-04-06T08:16:17.662+0000] {manager.py:879} INFO - 
================================================================================
DAG File Processing Stats

File Path                          PID    Runtime      # DAGs    # Errors  Last Runtime    Last Run
---------------------------------  -----  ---------  --------  ----------  --------------  -------------------
/opt/airflow/dags/Asteroid_DAG.py                           1           0  0.28s           2026-04-06T08:15:48
================================================================================
[2026-04-06T08:16:48.061+0000] {manager.py:879} INFO - 
================================================================================
DAG File Processing Stats

File Path                          PID    Runtime      # DAGs    # Errors  Last Runtime    Last Run
---------------------------------  -----  ---------  --------  ----------  --------------  -------------------
/opt/airflow/dags/Asteroid_DAG.py                           1           0  0.41s           2026-04-06T08:16:19
================================================================================
[2026-04-06T08:17:14.696+0000] {manager.py:738} INFO - Searching for files in /opt/airflow/dags
[2026-04-06T08:17:14.756+0000] {manager.py:741} INFO - There are 1 files in /opt/airflow/dags
[2026-04-06T08:17:18.818+0000] {manager.py:879} INFO - 
================================================================================
DAG File Processing Stats

File Path                          PID    Runtime      # DAGs    # Errors  Last Runtime    Last Run
---------------------------------  -----  ---------  --------  ----------  --------------  -------------------
/opt/airflow/dags/Asteroid_DAG.py                           1           0  0.29s           2026-04-06T08:16:49
================================================================================
[2026-04-06T08:17:49.360+0000] {manager.py:879} INFO - 
================================================================================
DAG File Processing Stats

File Path                          PID    Runtime      # DAGs    # Errors  Last Runtime    Last Run
---------------------------------  -----  ---------  --------  ----------  --------------  -------------------
/opt/airflow/dags/Asteroid_DAG.py                           1           0  0.32s           2026-04-06T08:17:20
================================================================================
[2026-04-06T08:18:19.752+0000] {manager.py:879} INFO - 
================================================================================
DAG File Processing Stats

File Path                          PID    Runtime      # DAGs    # Errors  Last Runtime    Last Run
---------------------------------  -----  ---------  --------  ----------  --------------  -------------------
/opt/airflow/dags/Asteroid_DAG.py                           1           0  0.20s           2026-04-06T08:17:50
================================================================================
[2026-04-06T08:18:50.147+0000] {manager.py:879} INFO - 
================================================================================
DAG File Processing Stats

File Path                          PID    Runtime      # DAGs    # Errors  Last Runtime    Last Run
---------------------------------  -----  ---------  --------  ----------  --------------  -------------------
/opt/airflow/dags/Asteroid_DAG.py                           1           0  0.39s           2026-04-06T08:18:21
================================================================================
[2026-04-06T08:19:20.192+0000] {manager.py:879} INFO - 
================================================================================
DAG File Processing Stats

File Path                          PID    Runtime      # DAGs    # Errors  Last Runtime    Last Run
---------------------------------  -----  ---------  --------  ----------  --------------  -------------------
/opt/airflow/dags/Asteroid_DAG.py                           1           0  0.43s           2026-04-06T08:18:51
================================================================================
[2026-04-06T08:19:50.528+0000] {manager.py:879} INFO - 
================================================================================
DAG File Processing Stats

File Path                          PID    Runtime      # DAGs    # Errors  Last Runtime    Last Run
---------------------------------  -----  ---------  --------  ----------  --------------  -------------------
/opt/airflow/dags/Asteroid_DAG.py                           1           0  0.28s           2026-04-06T08:19:22
================================================================================
[2026-04-06T08:20:21.074+0000] {manager.py:879} INFO - 
================================================================================
DAG File Processing Stats

File Path                          PID    Runtime      # DAGs    # Errors  Last Runtime    Last Run
---------------------------------  -----  ---------  --------  ----------  --------------  -------------------
/opt/airflow/dags/Asteroid_DAG.py                           1           0  0.23s           2026-04-06T08:19:52
================================================================================
[2026-04-06T08:20:49.626+0000] {manager.py:451} INFO - Exiting gracefully upon receiving signal 15
[2026-04-06T08:23:16.138+0000] {manager.py:469} INFO - Processing files using up to 2 processes at a time 
[2026-04-06T08:23:16.140+0000] {manager.py:470} INFO - Process each file at most once every 30 seconds
[2026-04-06T08:23:16.141+0000] {manager.py:471} INFO - Checking for new files in /opt/airflow/dags every 300 seconds
[2026-04-06T08:23:16.142+0000] {manager.py:738} INFO - Searching for files in /opt/airflow/dags
[2026-04-06T08:23:16.177+0000] {manager.py:741} INFO - There are 1 files in /opt/airflow/dags
[2026-04-06T08:23:16.302+0000] {manager.py:879} INFO - 
================================================================================
DAG File Processing Stats

File Path                            PID  Runtime      # DAGs    # Errors  Last Runtime    Last Run
---------------------------------  -----  ---------  --------  ----------  --------------  ----------
/opt/airflow/dags/Asteroid_DAG.py    179  0.06s             0           0
================================================================================
[2026-04-06T08:23:46.583+0000] {manager.py:879} INFO - 
================================================================================
DAG File Processing Stats

File Path                          PID    Runtime      # DAGs    # Errors  Last Runtime    Last Run
---------------------------------  -----  ---------  --------  ----------  --------------  -------------------
/opt/airflow/dags/Asteroid_DAG.py                           1           0  0.50s           2026-04-06T08:23:16
================================================================================
[2026-04-06T08:24:16.762+0000] {manager.py:879} INFO - 
================================================================================
DAG File Processing Stats

File Path                          PID    Runtime      # DAGs    # Errors  Last Runtime    Last Run
---------------------------------  -----  ---------  --------  ----------  --------------  -------------------
/opt/airflow/dags/Asteroid_DAG.py                           1           0  0.43s           2026-04-06T08:23:47
================================================================================
[2026-04-06T08:24:47.031+0000] {manager.py:879} INFO - 
================================================================================
DAG File Processing Stats

File Path                          PID    Runtime      # DAGs    # Errors  Last Runtime    Last Run
---------------------------------  -----  ---------  --------  ----------  --------------  -------------------
/opt/airflow/dags/Asteroid_DAG.py                           1           0  0.44s           2026-04-06T08:24:18
================================================================================
[2026-04-06T08:25:17.066+0000] {manager.py:879} INFO - 
================================================================================
DAG File Processing Stats

File Path                          PID    Runtime      # DAGs    # Errors  Last Runtime    Last Run
---------------------------------  -----  ---------  --------  ----------  --------------  -------------------
/opt/airflow/dags/Asteroid_DAG.py                           1           0  0.32s           2026-04-06T08:24:48
================================================================================
[2026-04-06T08:25:47.398+0000] {manager.py:879} INFO - 
================================================================================
DAG File Processing Stats

File Path                          PID    Runtime      # DAGs    # Errors  Last Runtime    Last Run
---------------------------------  -----  ---------  --------  ----------  --------------  -------------------
/opt/airflow/dags/Asteroid_DAG.py                           1           0  0.39s           2026-04-06T08:25:19
================================================================================
[2026-04-06T08:26:17.516+0000] {manager.py:879} INFO - 
================================================================================
DAG File Processing Stats

File Path                          PID    Runtime      # DAGs    # Errors  Last Runtime    Last Run
---------------------------------  -----  ---------  --------  ----------  --------------  -------------------
/opt/airflow/dags/Asteroid_DAG.py                           1           0  0.44s           2026-04-06T08:25:50
================================================================================
[2026-04-06T08:26:47.822+0000] {manager.py:879} INFO - 
================================================================================
DAG File Processing Stats

File Path                          PID    Runtime      # DAGs    # Errors  Last Runtime    Last Run
---------------------------------  -----  ---------  --------  ----------  --------------  -------------------
/opt/airflow/dags/Asteroid_DAG.py                           1           0  0.26s           2026-04-06T08:26:20
================================================================================
[2026-04-06T08:27:18.391+0000] {manager.py:879} INFO - 
================================================================================
DAG File Processing Stats

File Path                          PID    Runtime      # DAGs    # Errors  Last Runtime    Last Run
---------------------------------  -----  ---------  --------  ----------  --------------  -------------------
/opt/airflow/dags/Asteroid_DAG.py                           1           0  0.30s           2026-04-06T08:26:51
================================================================================
[2026-04-06T08:27:48.714+0000] {manager.py:879} INFO - 
================================================================================
DAG File Processing Stats

File Path                          PID    Runtime      # DAGs    # Errors  Last Runtime    Last Run
---------------------------------  -----  ---------  --------  ----------  --------------  -------------------
/opt/airflow/dags/Asteroid_DAG.py                           1           0  0.28s           2026-04-06T08:27:21
================================================================================
[2026-04-06T08:28:16.243+0000] {manager.py:738} INFO - Searching for files in /opt/airflow/dags
[2026-04-06T08:28:16.280+0000] {manager.py:741} INFO - There are 1 files in /opt/airflow/dags
[2026-04-06T08:28:19.325+0000] {manager.py:879} INFO - 
================================================================================
DAG File Processing Stats

File Path                          PID    Runtime      # DAGs    # Errors  Last Runtime    Last Run
---------------------------------  -----  ---------  --------  ----------  --------------  -------------------
/opt/airflow/dags/Asteroid_DAG.py                           1           0  0.28s           2026-04-06T08:27:52
================================================================================
[2026-04-06T08:28:49.622+0000] {manager.py:879} INFO - 
================================================================================
DAG File Processing Stats

File Path                          PID    Runtime      # DAGs    # Errors  Last Runtime    Last Run
---------------------------------  -----  ---------  --------  ----------  --------------  -------------------
/opt/airflow/dags/Asteroid_DAG.py                           1           0  0.24s           2026-04-06T08:28:22
================================================================================
[2026-04-06T08:29:20.118+0000] {manager.py:879} INFO - 
================================================================================
DAG File Processing Stats

File Path                          PID    Runtime      # DAGs    # Errors  Last Runtime    Last Run
---------------------------------  -----  ---------  --------  ----------  --------------  -------------------
/opt/airflow/dags/Asteroid_DAG.py                           1           0  0.27s           2026-04-06T08:28:52
================================================================================
[2026-04-06T08:29:50.412+0000] {manager.py:879} INFO - 
================================================================================
DAG File Processing Stats

File Path                          PID    Runtime      # DAGs    # Errors  Last Runtime    Last Run
---------------------------------  -----  ---------  --------  ----------  --------------  -------------------
/opt/airflow/dags/Asteroid_DAG.py                           1           0  0.22s           2026-04-06T08:29:23
================================================================================
