[2026-04-06T07:39:09.288+0000] {taskinstance.py:1956} INFO - Dependencies all met for dep_context=non-requeueable deps ti=<TaskInstance: nasa_neo_etl_pipeline.extract_API_to_JSON manual__2026-04-06T07:39:08.439051+00:00 [queued]>
[2026-04-06T07:39:09.298+0000] {taskinstance.py:1956} INFO - Dependencies all met for dep_context=requeueable deps ti=<TaskInstance: nasa_neo_etl_pipeline.extract_API_to_JSON manual__2026-04-06T07:39:08.439051+00:00 [queued]>
[2026-04-06T07:39:09.299+0000] {taskinstance.py:2170} INFO - Starting attempt 1 of 4
[2026-04-06T07:39:09.313+0000] {taskinstance.py:2191} INFO - Executing <Task(BashOperator): extract_API_to_JSON> on 2026-04-06 07:39:08.439051+00:00
[2026-04-06T07:39:09.319+0000] {standard_task_runner.py:60} INFO - Started process 195 to run task
[2026-04-06T07:39:09.323+0000] {standard_task_runner.py:87} INFO - Running: ['airflow', 'tasks', 'run', 'nasa_neo_etl_pipeline', 'extract_API_to_JSON', 'manual__2026-04-06T07:39:08.439051+00:00', '--job-id', '4', '--raw', '--subdir', 'DAGS_FOLDER/Asteroid_DAG.py', '--cfg-path', '/tmp/tmp9dxa_tq3']
[2026-04-06T07:39:09.326+0000] {standard_task_runner.py:88} INFO - Job 4: Subtask extract_API_to_JSON
[2026-04-06T07:39:09.379+0000] {task_command.py:423} INFO - Running <TaskInstance: nasa_neo_etl_pipeline.extract_API_to_JSON manual__2026-04-06T07:39:08.439051+00:00 [running]> on host 270afc779c61
[2026-04-06T07:39:09.464+0000] {taskinstance.py:2480} INFO - Exporting env vars: AIRFLOW_CTX_DAG_OWNER='hieu' AIRFLOW_CTX_DAG_ID='nasa_neo_etl_pipeline' AIRFLOW_CTX_TASK_ID='extract_API_to_JSON' AIRFLOW_CTX_EXECUTION_DATE='2026-04-06T07:39:08.439051+00:00' AIRFLOW_CTX_TRY_NUMBER='1' AIRFLOW_CTX_DAG_RUN_ID='manual__2026-04-06T07:39:08.439051+00:00'
[2026-04-06T07:39:09.466+0000] {subprocess.py:63} INFO - Tmp dir root location: /tmp
[2026-04-06T07:39:09.467+0000] {subprocess.py:75} INFO - Running command: ['/usr/bin/bash', '-c', "python3 /opt/airflow/scripts/Extract_API.py '2026-04-06'"]
[2026-04-06T07:39:09.476+0000] {subprocess.py:86} INFO - Output:
[2026-04-06T07:39:09.692+0000] {subprocess.py:93} INFO - 2026-04-06 07:39:09.692 | INFO     | __main__:extract_API:27 - Bat dau extract api ngay 2026-04-06
[2026-04-06T07:39:10.627+0000] {subprocess.py:93} INFO - 2026-04-06 07:39:10.627 | SUCCESS  | __main__:extract_API:46 - Da luu thanh cong /opt/airflow/data/raw/NEO_2026-04-06.json
[2026-04-06T07:39:10.628+0000] {subprocess.py:93} INFO - ------------------------------------------------------
[2026-04-06T07:39:10.647+0000] {subprocess.py:93} INFO - 2026-04-06 07:39:10.633 | ERROR    | db_log:log_ETL:28 - da co loi xay ra invalid input syntax for type integer: "2026-04-06"
[2026-04-06T07:39:10.647+0000] {subprocess.py:93} INFO - LINE 4:                 ('2026-04-06', 'extract', 'success', NULL, '...
[2026-04-06T07:39:10.648+0000] {subprocess.py:93} INFO -                          ^
[2026-04-06T07:39:10.648+0000] {subprocess.py:93} INFO - 
[2026-04-06T07:39:10.649+0000] {subprocess.py:93} INFO - Traceback (most recent call last):
[2026-04-06T07:39:10.650+0000] {subprocess.py:93} INFO - 
[2026-04-06T07:39:10.650+0000] {subprocess.py:93} INFO -   File "/opt/airflow/scripts/Extract_API.py", line 59, in <module>
[2026-04-06T07:39:10.651+0000] {subprocess.py:93} INFO -     extract_API(run_date)
[2026-04-06T07:39:10.652+0000] {subprocess.py:93} INFO -     │           └ '2026-04-06'
[2026-04-06T07:39:10.652+0000] {subprocess.py:93} INFO -     └ <function extract_API at 0x79d4ba18b1f0>
[2026-04-06T07:39:10.653+0000] {subprocess.py:93} INFO - 
[2026-04-06T07:39:10.653+0000] {subprocess.py:93} INFO -   File "/opt/airflow/scripts/Extract_API.py", line 48, in extract_API
[2026-04-06T07:39:10.654+0000] {subprocess.py:93} INFO -     log_ETL(run_date, "extract", "success", None, f"Da luu thanh cong {filename}")
[2026-04-06T07:39:10.654+0000] {subprocess.py:93} INFO -     │       └ '2026-04-06'
[2026-04-06T07:39:10.655+0000] {subprocess.py:93} INFO -     └ <function log_ETL at 0x79d4b9e5be50>
[2026-04-06T07:39:10.655+0000] {subprocess.py:93} INFO - 
[2026-04-06T07:39:10.656+0000] {subprocess.py:93} INFO - > File "/opt/airflow/scripts/db_log.py", line 21, in log_ETL
[2026-04-06T07:39:10.657+0000] {subprocess.py:93} INFO -     cur.execute('''
[2026-04-06T07:39:10.657+0000] {subprocess.py:93} INFO -     │   └ <method 'execute' of 'psycopg2.extensions.cursor' objects>
[2026-04-06T07:39:10.658+0000] {subprocess.py:93} INFO -     └ <cursor object at 0x79d4b9f10b80; closed: 0>
[2026-04-06T07:39:10.659+0000] {subprocess.py:93} INFO - 
[2026-04-06T07:39:10.659+0000] {subprocess.py:93} INFO - psycopg2.errors.InvalidTextRepresentation: invalid input syntax for type integer: "2026-04-06"
[2026-04-06T07:39:10.660+0000] {subprocess.py:93} INFO - LINE 4:                 ('2026-04-06', 'extract', 'success', NULL, '...
[2026-04-06T07:39:10.660+0000] {subprocess.py:93} INFO -                          ^
[2026-04-06T07:39:10.662+0000] {subprocess.py:93} INFO - 
[2026-04-06T07:39:10.662+0000] {subprocess.py:93} INFO - 2026-04-06 07:39:10.648 | INFO     | db_log:log_ETL:36 - da dong ket noi
[2026-04-06T07:39:10.675+0000] {subprocess.py:97} INFO - Command exited with return code 0
[2026-04-06T07:39:10.703+0000] {taskinstance.py:1138} INFO - Marking task as SUCCESS. dag_id=nasa_neo_etl_pipeline, task_id=extract_API_to_JSON, execution_date=20260406T073908, start_date=20260406T073909, end_date=20260406T073910
[2026-04-06T07:39:10.741+0000] {local_task_job_runner.py:234} INFO - Task exited with return code 0
[2026-04-06T07:39:10.763+0000] {taskinstance.py:3280} INFO - 1 downstream tasks scheduled from follow-on schedule check
