[2026-04-06T07:44:42.625+0000] {taskinstance.py:1956} INFO - Dependencies all met for dep_context=non-requeueable deps ti=<TaskInstance: nasa_neo_etl_pipeline.extract_API_to_JSON manual__2026-04-06T07:39:08.439051+00:00 [queued]>
[2026-04-06T07:44:42.633+0000] {taskinstance.py:1956} INFO - Dependencies all met for dep_context=requeueable deps ti=<TaskInstance: nasa_neo_etl_pipeline.extract_API_to_JSON manual__2026-04-06T07:39:08.439051+00:00 [queued]>
[2026-04-06T07:44:42.634+0000] {taskinstance.py:2170} INFO - Starting attempt 2 of 5
[2026-04-06T07:44:42.645+0000] {taskinstance.py:2191} INFO - Executing <Task(BashOperator): extract_API_to_JSON> on 2026-04-06 07:39:08.439051+00:00
[2026-04-06T07:44:42.650+0000] {standard_task_runner.py:60} INFO - Started process 350 to run task
[2026-04-06T07:44:42.654+0000] {standard_task_runner.py:87} INFO - Running: ['airflow', 'tasks', 'run', 'nasa_neo_etl_pipeline', 'extract_API_to_JSON', 'manual__2026-04-06T07:39:08.439051+00:00', '--job-id', '16', '--raw', '--subdir', 'DAGS_FOLDER/Asteroid_DAG.py', '--cfg-path', '/tmp/tmpngcxpfx0']
[2026-04-06T07:44:42.656+0000] {standard_task_runner.py:88} INFO - Job 16: Subtask extract_API_to_JSON
[2026-04-06T07:44:42.705+0000] {task_command.py:423} INFO - Running <TaskInstance: nasa_neo_etl_pipeline.extract_API_to_JSON manual__2026-04-06T07:39:08.439051+00:00 [running]> on host 270afc779c61
[2026-04-06T07:44:42.773+0000] {taskinstance.py:2480} INFO - Exporting env vars: AIRFLOW_CTX_DAG_OWNER='hieu' AIRFLOW_CTX_DAG_ID='nasa_neo_etl_pipeline' AIRFLOW_CTX_TASK_ID='extract_API_to_JSON' AIRFLOW_CTX_EXECUTION_DATE='2026-04-06T07:39:08.439051+00:00' AIRFLOW_CTX_TRY_NUMBER='2' AIRFLOW_CTX_DAG_RUN_ID='manual__2026-04-06T07:39:08.439051+00:00'
[2026-04-06T07:44:42.775+0000] {subprocess.py:63} INFO - Tmp dir root location: /tmp
[2026-04-06T07:44:42.776+0000] {subprocess.py:75} INFO - Running command: ['/usr/bin/bash', '-c', "python3 /opt/airflow/scripts/Extract_API.py '2026-04-06'"]
[2026-04-06T07:44:42.784+0000] {subprocess.py:86} INFO - Output:
[2026-04-06T07:44:43.009+0000] {subprocess.py:93} INFO - 2026-04-06 07:44:43.009 | INFO     | __main__:extract_API:27 - Bat dau extract api ngay 2026-04-06
[2026-04-06T07:44:44.023+0000] {subprocess.py:93} INFO - 2026-04-06 07:44:44.023 | SUCCESS  | __main__:extract_API:46 - Da luu thanh cong /opt/airflow/data/raw/NEO_2026-04-06.json
[2026-04-06T07:44:44.024+0000] {subprocess.py:93} INFO - ------------------------------------------------------
[2026-04-06T07:44:44.033+0000] {subprocess.py:93} INFO - 2026-04-06 07:44:44.032 | INFO     | db_log:log_ETL:38 - da dong ket noi
[2026-04-06T07:44:44.053+0000] {subprocess.py:97} INFO - Command exited with return code 0
[2026-04-06T07:44:44.079+0000] {taskinstance.py:1138} INFO - Marking task as SUCCESS. dag_id=nasa_neo_etl_pipeline, task_id=extract_API_to_JSON, execution_date=20260406T073908, start_date=20260406T074442, end_date=20260406T074444
[2026-04-06T07:44:44.113+0000] {local_task_job_runner.py:234} INFO - Task exited with return code 0
[2026-04-06T07:44:44.136+0000] {taskinstance.py:3280} INFO - 1 downstream tasks scheduled from follow-on schedule check
