[2026-04-06T06:56:38.815+0000] {taskinstance.py:1956} INFO - Dependencies all met for dep_context=non-requeueable deps ti=<TaskInstance: nasa_neo_etl_pipeline.extract_API_to_JSON manual__2026-04-06T06:56:36.551952+00:00 [queued]>
[2026-04-06T06:56:38.834+0000] {taskinstance.py:1956} INFO - Dependencies all met for dep_context=requeueable deps ti=<TaskInstance: nasa_neo_etl_pipeline.extract_API_to_JSON manual__2026-04-06T06:56:36.551952+00:00 [queued]>
[2026-04-06T06:56:38.835+0000] {taskinstance.py:2170} INFO - Starting attempt 1 of 4
[2026-04-06T06:56:38.894+0000] {taskinstance.py:2191} INFO - Executing <Task(BashOperator): extract_API_to_JSON> on 2026-04-06 06:56:36.551952+00:00
[2026-04-06T06:56:38.903+0000] {standard_task_runner.py:60} INFO - Started process 193 to run task
[2026-04-06T06:56:38.908+0000] {standard_task_runner.py:87} INFO - Running: ['airflow', 'tasks', 'run', 'nasa_neo_etl_pipeline', 'extract_API_to_JSON', 'manual__2026-04-06T06:56:36.551952+00:00', '--job-id', '3', '--raw', '--subdir', 'DAGS_FOLDER/Asteroid_DAG.py', '--cfg-path', '/tmp/tmpi6vz0u3o']
[2026-04-06T06:56:38.911+0000] {standard_task_runner.py:88} INFO - Job 3: Subtask extract_API_to_JSON
[2026-04-06T06:56:38.995+0000] {task_command.py:423} INFO - Running <TaskInstance: nasa_neo_etl_pipeline.extract_API_to_JSON manual__2026-04-06T06:56:36.551952+00:00 [running]> on host 9e29029b67cd
[2026-04-06T06:56:39.156+0000] {taskinstance.py:2480} INFO - Exporting env vars: AIRFLOW_CTX_DAG_OWNER='hieu' AIRFLOW_CTX_DAG_ID='nasa_neo_etl_pipeline' AIRFLOW_CTX_TASK_ID='extract_API_to_JSON' AIRFLOW_CTX_EXECUTION_DATE='2026-04-06T06:56:36.551952+00:00' AIRFLOW_CTX_TRY_NUMBER='1' AIRFLOW_CTX_DAG_RUN_ID='manual__2026-04-06T06:56:36.551952+00:00'
[2026-04-06T06:56:39.158+0000] {subprocess.py:63} INFO - Tmp dir root location: /tmp
[2026-04-06T06:56:39.160+0000] {subprocess.py:75} INFO - Running command: ['/usr/bin/bash', '-c', "python3 /opt/airflow/scripts/Extract_API.py '2026-04-06'"]
[2026-04-06T06:56:39.174+0000] {subprocess.py:86} INFO - Output:
[2026-04-06T06:56:39.591+0000] {subprocess.py:93} INFO - 2026-04-06 06:56:39.590 | INFO     | __main__:extract_API:27 - Bat dau extract api ngay 2026-04-06
[2026-04-06T06:56:40.877+0000] {subprocess.py:93} INFO - 2026-04-06 06:56:40.877 | SUCCESS  | __main__:extract_API:46 - Da luu thanh cong /opt/airflow/data/raw/NEO_2026-04-06.json
[2026-04-06T06:56:40.878+0000] {subprocess.py:93} INFO - ------------------------------------------------------
[2026-04-06T06:56:40.896+0000] {subprocess.py:93} INFO - 2026-04-06 06:56:40.883 | ERROR    | db_log:log_ETL:28 - da co loi xay ra relation "etl_log" does not exist
[2026-04-06T06:56:40.897+0000] {subprocess.py:93} INFO - LINE 2:                 insert into etl_log(run_id,step,status,row_p...
[2026-04-06T06:56:40.897+0000] {subprocess.py:93} INFO -                                     ^
[2026-04-06T06:56:40.898+0000] {subprocess.py:93} INFO - 
[2026-04-06T06:56:40.898+0000] {subprocess.py:93} INFO - Traceback (most recent call last):
[2026-04-06T06:56:40.899+0000] {subprocess.py:93} INFO - 
[2026-04-06T06:56:40.899+0000] {subprocess.py:93} INFO -   File "/opt/airflow/scripts/Extract_API.py", line 59, in <module>
[2026-04-06T06:56:40.899+0000] {subprocess.py:93} INFO -     extract_API(run_date)
[2026-04-06T06:56:40.900+0000] {subprocess.py:93} INFO -     │           └ '2026-04-06'
[2026-04-06T06:56:40.901+0000] {subprocess.py:93} INFO -     └ <function extract_API at 0x758eb21c41f0>
[2026-04-06T06:56:40.902+0000] {subprocess.py:93} INFO - 
[2026-04-06T06:56:40.902+0000] {subprocess.py:93} INFO -   File "/opt/airflow/scripts/Extract_API.py", line 48, in extract_API
[2026-04-06T06:56:40.903+0000] {subprocess.py:93} INFO -     log_ETL(run_date, "extract", "success", None, f"Da luu thanh cong {filename}")
[2026-04-06T06:56:40.903+0000] {subprocess.py:93} INFO -     │       └ '2026-04-06'
[2026-04-06T06:56:40.904+0000] {subprocess.py:93} INFO -     └ <function log_ETL at 0x758eb1e94e50>
[2026-04-06T06:56:40.905+0000] {subprocess.py:93} INFO - 
[2026-04-06T06:56:40.905+0000] {subprocess.py:93} INFO - > File "/opt/airflow/scripts/db_log.py", line 21, in log_ETL
[2026-04-06T06:56:40.905+0000] {subprocess.py:93} INFO -     cur.execute('''
[2026-04-06T06:56:40.906+0000] {subprocess.py:93} INFO -     │   └ <method 'execute' of 'psycopg2.extensions.cursor' objects>
[2026-04-06T06:56:40.906+0000] {subprocess.py:93} INFO -     └ <cursor object at 0x758eb1f49b80; closed: 0>
[2026-04-06T06:56:40.907+0000] {subprocess.py:93} INFO - 
[2026-04-06T06:56:40.907+0000] {subprocess.py:93} INFO - psycopg2.errors.UndefinedTable: relation "etl_log" does not exist
[2026-04-06T06:56:40.908+0000] {subprocess.py:93} INFO - LINE 2:                 insert into etl_log(run_id,step,status,row_p...
[2026-04-06T06:56:40.908+0000] {subprocess.py:93} INFO -                                     ^
[2026-04-06T06:56:40.909+0000] {subprocess.py:93} INFO - 
[2026-04-06T06:56:40.909+0000] {subprocess.py:93} INFO - 2026-04-06 06:56:40.898 | INFO     | db_log:log_ETL:36 - da dong ket noi
[2026-04-06T06:56:40.928+0000] {subprocess.py:97} INFO - Command exited with return code 0
[2026-04-06T06:56:40.983+0000] {taskinstance.py:1138} INFO - Marking task as SUCCESS. dag_id=nasa_neo_etl_pipeline, task_id=extract_API_to_JSON, execution_date=20260406T065636, start_date=20260406T065638, end_date=20260406T065640
[2026-04-06T06:56:41.015+0000] {local_task_job_runner.py:234} INFO - Task exited with return code 0
[2026-04-06T06:56:41.046+0000] {taskinstance.py:3280} INFO - 1 downstream tasks scheduled from follow-on schedule check
