[2026-04-06T07:31:28.782+0000] {taskinstance.py:1956} INFO - Dependencies all met for dep_context=non-requeueable deps ti=<TaskInstance: nasa_neo_etl_pipeline.calculate_danger_level manual__2026-04-06T07:31:22.253403+00:00 [queued]>
[2026-04-06T07:31:28.789+0000] {taskinstance.py:1956} INFO - Dependencies all met for dep_context=requeueable deps ti=<TaskInstance: nasa_neo_etl_pipeline.calculate_danger_level manual__2026-04-06T07:31:22.253403+00:00 [queued]>
[2026-04-06T07:31:28.789+0000] {taskinstance.py:2170} INFO - Starting attempt 1 of 4
[2026-04-06T07:31:28.802+0000] {taskinstance.py:2191} INFO - Executing <Task(BashOperator): calculate_danger_level> on 2026-04-06 07:31:22.253403+00:00
[2026-04-06T07:31:28.806+0000] {standard_task_runner.py:60} INFO - Started process 261 to run task
[2026-04-06T07:31:28.807+0000] {standard_task_runner.py:87} INFO - Running: ['airflow', 'tasks', 'run', 'nasa_neo_etl_pipeline', 'calculate_danger_level', 'manual__2026-04-06T07:31:22.253403+00:00', '--job-id', '10', '--raw', '--subdir', 'DAGS_FOLDER/Asteroid_DAG.py', '--cfg-path', '/tmp/tmpj89w2b4e']
[2026-04-06T07:31:28.809+0000] {standard_task_runner.py:88} INFO - Job 10: Subtask calculate_danger_level
[2026-04-06T07:31:28.843+0000] {task_command.py:423} INFO - Running <TaskInstance: nasa_neo_etl_pipeline.calculate_danger_level manual__2026-04-06T07:31:22.253403+00:00 [running]> on host 2b39c12e0bc6
[2026-04-06T07:31:28.901+0000] {taskinstance.py:2480} INFO - Exporting env vars: AIRFLOW_CTX_DAG_OWNER='hieu' AIRFLOW_CTX_DAG_ID='nasa_neo_etl_pipeline' AIRFLOW_CTX_TASK_ID='calculate_danger_level' AIRFLOW_CTX_EXECUTION_DATE='2026-04-06T07:31:22.253403+00:00' AIRFLOW_CTX_TRY_NUMBER='1' AIRFLOW_CTX_DAG_RUN_ID='manual__2026-04-06T07:31:22.253403+00:00'
[2026-04-06T07:31:28.902+0000] {subprocess.py:63} INFO - Tmp dir root location: /tmp
[2026-04-06T07:31:28.903+0000] {subprocess.py:75} INFO - Running command: ['/usr/bin/bash', '-c', "python3 /opt/airflow/scripts/danger_level.py '2026-04-06'"]
[2026-04-06T07:31:28.910+0000] {subprocess.py:86} INFO - Output:
[2026-04-06T07:31:29.008+0000] {subprocess.py:93} INFO - 2026-04-06 07:31:29.007 | INFO     | __main__:danger_score:28 - dang ket noi Database
[2026-04-06T07:31:29.011+0000] {subprocess.py:93} INFO - 2026-04-06 07:31:29.011 | INFO     | __main__:danger_score:38 - bat dau tao bang
[2026-04-06T07:31:29.019+0000] {subprocess.py:93} INFO - 2026-04-06 07:31:29.019 | INFO     | __main__:danger_score:53 - thuc hien task
[2026-04-06T07:31:29.021+0000] {subprocess.py:93} INFO - 2026-04-06 07:31:29.021 | INFO     | __main__:danger_score:94 - Load data vao bang danger_score
[2026-04-06T07:31:29.024+0000] {subprocess.py:93} INFO - 2026-04-06 07:31:29.024 | SUCCESS  | __main__:danger_score:110 - da fetch thanh cong 4 dong
[2026-04-06T07:31:29.025+0000] {subprocess.py:93} INFO - ------------------------------------------------------
[2026-04-06T07:31:29.040+0000] {subprocess.py:93} INFO - 2026-04-06 07:31:29.028 | ERROR    | db_log:log_ETL:28 - da co loi xay ra relation "etl_log" does not exist
[2026-04-06T07:31:29.040+0000] {subprocess.py:93} INFO - LINE 2:                 insert into etl_log(run_id,step,status,row_p...
[2026-04-06T07:31:29.041+0000] {subprocess.py:93} INFO -                                     ^
[2026-04-06T07:31:29.041+0000] {subprocess.py:93} INFO - 
[2026-04-06T07:31:29.041+0000] {subprocess.py:93} INFO - Traceback (most recent call last):
[2026-04-06T07:31:29.042+0000] {subprocess.py:93} INFO - 
[2026-04-06T07:31:29.043+0000] {subprocess.py:93} INFO -   File "/opt/airflow/scripts/danger_level.py", line 127, in <module>
[2026-04-06T07:31:29.043+0000] {subprocess.py:93} INFO -     danger_score(run_date)
[2026-04-06T07:31:29.044+0000] {subprocess.py:93} INFO -     │            └ '2026-04-06'
[2026-04-06T07:31:29.044+0000] {subprocess.py:93} INFO -     └ <function danger_score at 0x714dd8bd5790>
[2026-04-06T07:31:29.044+0000] {subprocess.py:93} INFO - 
[2026-04-06T07:31:29.045+0000] {subprocess.py:93} INFO -   File "/opt/airflow/scripts/danger_level.py", line 111, in danger_score
[2026-04-06T07:31:29.045+0000] {subprocess.py:93} INFO -     log_ETL(run_date, "Calculate Danger Level", "success", len(results), f"da load vao DB thanh cong")
[2026-04-06T07:31:29.046+0000] {subprocess.py:93} INFO -     │       │                                                  └ [(3671119, '(2014 JS54)', 340.4395272595, 20.4447380473, 65809377.09317943, 3.74812847917907, 'LOW', datetime.datetime(2026, ...
[2026-04-06T07:31:29.046+0000] {subprocess.py:93} INFO -     │       └ '2026-04-06'
[2026-04-06T07:31:29.046+0000] {subprocess.py:93} INFO -     └ <function log_ETL at 0x714dd83d0f70>
[2026-04-06T07:31:29.047+0000] {subprocess.py:93} INFO - 
[2026-04-06T07:31:29.047+0000] {subprocess.py:93} INFO - > File "/opt/airflow/scripts/db_log.py", line 21, in log_ETL
[2026-04-06T07:31:29.048+0000] {subprocess.py:93} INFO -     cur.execute('''
[2026-04-06T07:31:29.048+0000] {subprocess.py:93} INFO -     │   └ <method 'execute' of 'psycopg2.extensions.cursor' objects>
[2026-04-06T07:31:29.048+0000] {subprocess.py:93} INFO -     └ <cursor object at 0x714dd83da400; closed: 0>
[2026-04-06T07:31:29.049+0000] {subprocess.py:93} INFO - 
[2026-04-06T07:31:29.049+0000] {subprocess.py:93} INFO - psycopg2.errors.UndefinedTable: relation "etl_log" does not exist
[2026-04-06T07:31:29.050+0000] {subprocess.py:93} INFO - LINE 2:                 insert into etl_log(run_id,step,status,row_p...
[2026-04-06T07:31:29.050+0000] {subprocess.py:93} INFO -                                     ^
[2026-04-06T07:31:29.051+0000] {subprocess.py:93} INFO - 
[2026-04-06T07:31:29.052+0000] {subprocess.py:93} INFO - 2026-04-06 07:31:29.040 | INFO     | db_log:log_ETL:36 - da dong ket noi
[2026-04-06T07:31:29.052+0000] {subprocess.py:97} INFO - Command exited with return code 0
[2026-04-06T07:31:29.072+0000] {taskinstance.py:1138} INFO - Marking task as SUCCESS. dag_id=nasa_neo_etl_pipeline, task_id=calculate_danger_level, execution_date=20260406T073122, start_date=20260406T073128, end_date=20260406T073129
[2026-04-06T07:31:29.101+0000] {local_task_job_runner.py:234} INFO - Task exited with return code 0
[2026-04-06T07:31:29.113+0000] {taskinstance.py:3280} INFO - 0 downstream tasks scheduled from follow-on schedule check
