[2026-04-06T06:56:45.198+0000] {taskinstance.py:1956} INFO - Dependencies all met for dep_context=non-requeueable deps ti=<TaskInstance: nasa_neo_etl_pipeline.calculate_danger_level manual__2026-04-06T06:56:36.551952+00:00 [queued]>
[2026-04-06T06:56:45.209+0000] {taskinstance.py:1956} INFO - Dependencies all met for dep_context=requeueable deps ti=<TaskInstance: nasa_neo_etl_pipeline.calculate_danger_level manual__2026-04-06T06:56:36.551952+00:00 [queued]>
[2026-04-06T06:56:45.209+0000] {taskinstance.py:2170} INFO - Starting attempt 1 of 4
[2026-04-06T06:56:45.253+0000] {taskinstance.py:2191} INFO - Executing <Task(BashOperator): calculate_danger_level> on 2026-04-06 06:56:36.551952+00:00
[2026-04-06T06:56:45.259+0000] {standard_task_runner.py:60} INFO - Started process 263 to run task
[2026-04-06T06:56:45.261+0000] {standard_task_runner.py:87} INFO - Running: ['airflow', 'tasks', 'run', 'nasa_neo_etl_pipeline', 'calculate_danger_level', 'manual__2026-04-06T06:56:36.551952+00:00', '--job-id', '10', '--raw', '--subdir', 'DAGS_FOLDER/Asteroid_DAG.py', '--cfg-path', '/tmp/tmpk2wpzxn3']
[2026-04-06T06:56:45.263+0000] {standard_task_runner.py:88} INFO - Job 10: Subtask calculate_danger_level
[2026-04-06T06:56:45.309+0000] {task_command.py:423} INFO - Running <TaskInstance: nasa_neo_etl_pipeline.calculate_danger_level manual__2026-04-06T06:56:36.551952+00:00 [running]> on host 9e29029b67cd
[2026-04-06T06:56:45.409+0000] {taskinstance.py:2480} INFO - Exporting env vars: AIRFLOW_CTX_DAG_OWNER='hieu' AIRFLOW_CTX_DAG_ID='nasa_neo_etl_pipeline' AIRFLOW_CTX_TASK_ID='calculate_danger_level' AIRFLOW_CTX_EXECUTION_DATE='2026-04-06T06:56:36.551952+00:00' AIRFLOW_CTX_TRY_NUMBER='1' AIRFLOW_CTX_DAG_RUN_ID='manual__2026-04-06T06:56:36.551952+00:00'
[2026-04-06T06:56:45.410+0000] {subprocess.py:63} INFO - Tmp dir root location: /tmp
[2026-04-06T06:56:45.411+0000] {subprocess.py:75} INFO - Running command: ['/usr/bin/bash', '-c', "python3 /opt/airflow/scripts/danger_level.py '2026-04-06'"]
[2026-04-06T06:56:45.418+0000] {subprocess.py:86} INFO - Output:
[2026-04-06T06:56:45.599+0000] {subprocess.py:93} INFO - 2026-04-06 06:56:45.599 | INFO     | __main__:danger_score:28 - dang ket noi Database
[2026-04-06T06:56:45.605+0000] {subprocess.py:93} INFO - 2026-04-06 06:56:45.604 | INFO     | __main__:danger_score:38 - bat dau tao bang
[2026-04-06T06:56:45.627+0000] {subprocess.py:93} INFO - 2026-04-06 06:56:45.627 | INFO     | __main__:danger_score:53 - thuc hien task
[2026-04-06T06:56:45.630+0000] {subprocess.py:93} INFO - 2026-04-06 06:56:45.629 | INFO     | __main__:danger_score:94 - Load data vao bang danger_score
[2026-04-06T06:56:45.642+0000] {subprocess.py:93} INFO - 2026-04-06 06:56:45.632 | ERROR    | __main__:danger_score:114 - da co loi xay ra there is no unique or exclusion constraint matching the ON CONFLICT specification
[2026-04-06T06:56:45.642+0000] {subprocess.py:93} INFO - 
[2026-04-06T06:56:45.643+0000] {subprocess.py:93} INFO - Traceback (most recent call last):
[2026-04-06T06:56:45.644+0000] {subprocess.py:93} INFO - 
[2026-04-06T06:56:45.644+0000] {subprocess.py:93} INFO -   File "/opt/airflow/scripts/danger_level.py", line 127, in <module>
[2026-04-06T06:56:45.645+0000] {subprocess.py:93} INFO -     danger_score(run_date)
[2026-04-06T06:56:45.645+0000] {subprocess.py:93} INFO -     │            └ '2026-04-06'
[2026-04-06T06:56:45.646+0000] {subprocess.py:93} INFO -     └ <function danger_score at 0x76ab39195790>
[2026-04-06T06:56:45.646+0000] {subprocess.py:93} INFO - 
[2026-04-06T06:56:45.647+0000] {subprocess.py:93} INFO - > File "/opt/airflow/scripts/danger_level.py", line 108, in danger_score
[2026-04-06T06:56:45.648+0000] {subprocess.py:93} INFO -     execute_values(cur,insert_query,results)
[2026-04-06T06:56:45.648+0000] {subprocess.py:93} INFO -     │              │   │            └ [(3329371, '(2006 GC1)', 472.1064988055, 30.6613465225, 13278868.845759507, 6.648982082109875, 'HIGH', datetime.datetime(2026...
[2026-04-06T06:56:45.649+0000] {subprocess.py:93} INFO -     │              │   └ '\n            insert into danger_score(asteroid_id, name, diameter_max_m, velocity_km_s, miss_distance_km, risk_score, dange...
[2026-04-06T06:56:45.649+0000] {subprocess.py:93} INFO -     │              └ <cursor object at 0x76ab3899a220; closed: 0>
[2026-04-06T06:56:45.650+0000] {subprocess.py:93} INFO -     └ <function execute_values at 0x76ab39195430>
[2026-04-06T06:56:45.650+0000] {subprocess.py:93} INFO - 
[2026-04-06T06:56:45.651+0000] {subprocess.py:93} INFO -   File "/home/airflow/.local/lib/python3.8/site-packages/psycopg2/extras.py", line 1299, in execute_values
[2026-04-06T06:56:45.651+0000] {subprocess.py:93} INFO -     cur.execute(b''.join(parts))
[2026-04-06T06:56:45.652+0000] {subprocess.py:93} INFO -     │   │                └ [b'\n            insert into danger_score(asteroid_id, name, diameter_max_m, velocity_km_s, miss_distance_km, risk_score, dan...
[2026-04-06T06:56:45.653+0000] {subprocess.py:93} INFO -     │   └ <method 'execute' of 'psycopg2.extensions.cursor' objects>
[2026-04-06T06:56:45.653+0000] {subprocess.py:93} INFO -     └ <cursor object at 0x76ab3899a220; closed: 0>
[2026-04-06T06:56:45.654+0000] {subprocess.py:93} INFO - 
[2026-04-06T06:56:45.655+0000] {subprocess.py:93} INFO - psycopg2.errors.InvalidColumnReference: there is no unique or exclusion constraint matching the ON CONFLICT specification
[2026-04-06T06:56:45.655+0000] {subprocess.py:93} INFO - 
[2026-04-06T06:56:45.657+0000] {subprocess.py:93} INFO - 2026-04-06 06:56:45.648 | ERROR    | db_log:log_ETL:28 - da co loi xay ra relation "etl_log" does not exist
[2026-04-06T06:56:45.658+0000] {subprocess.py:93} INFO - LINE 2:                 insert into etl_log(run_id,step,status,row_p...
[2026-04-06T06:56:45.658+0000] {subprocess.py:93} INFO -                                     ^
[2026-04-06T06:56:45.658+0000] {subprocess.py:93} INFO - 
[2026-04-06T06:56:45.659+0000] {subprocess.py:93} INFO - Traceback (most recent call last):
[2026-04-06T06:56:45.659+0000] {subprocess.py:93} INFO - 
[2026-04-06T06:56:45.660+0000] {subprocess.py:93} INFO -   File "/opt/airflow/scripts/danger_level.py", line 108, in danger_score
[2026-04-06T06:56:45.660+0000] {subprocess.py:93} INFO -     execute_values(cur,insert_query,results)
[2026-04-06T06:56:45.661+0000] {subprocess.py:93} INFO -     │              │   │            └ [(3329371, '(2006 GC1)', 472.1064988055, 30.6613465225, 13278868.845759507, 6.648982082109875, 'HIGH', datetime.datetime(2026...
[2026-04-06T06:56:45.661+0000] {subprocess.py:93} INFO -     │              │   └ '\n            insert into danger_score(asteroid_id, name, diameter_max_m, velocity_km_s, miss_distance_km, risk_score, dange...
[2026-04-06T06:56:45.662+0000] {subprocess.py:93} INFO -     │              └ <cursor object at 0x76ab3899a220; closed: 0>
[2026-04-06T06:56:45.662+0000] {subprocess.py:93} INFO -     └ <function execute_values at 0x76ab39195430>
[2026-04-06T06:56:45.664+0000] {subprocess.py:93} INFO - 
[2026-04-06T06:56:45.665+0000] {subprocess.py:93} INFO -   File "/home/airflow/.local/lib/python3.8/site-packages/psycopg2/extras.py", line 1299, in execute_values
[2026-04-06T06:56:45.666+0000] {subprocess.py:93} INFO -     cur.execute(b''.join(parts))
[2026-04-06T06:56:45.667+0000] {subprocess.py:93} INFO -     │   │                └ [b'\n            insert into danger_score(asteroid_id, name, diameter_max_m, velocity_km_s, miss_distance_km, risk_score, dan...
[2026-04-06T06:56:45.668+0000] {subprocess.py:93} INFO -     │   └ <method 'execute' of 'psycopg2.extensions.cursor' objects>
[2026-04-06T06:56:45.668+0000] {subprocess.py:93} INFO -     └ <cursor object at 0x76ab3899a220; closed: 0>
[2026-04-06T06:56:45.669+0000] {subprocess.py:93} INFO - 
[2026-04-06T06:56:45.670+0000] {subprocess.py:93} INFO - psycopg2.errors.InvalidColumnReference: there is no unique or exclusion constraint matching the ON CONFLICT specification
[2026-04-06T06:56:45.670+0000] {subprocess.py:93} INFO - 
[2026-04-06T06:56:45.671+0000] {subprocess.py:93} INFO - 
[2026-04-06T06:56:45.671+0000] {subprocess.py:93} INFO - 
[2026-04-06T06:56:45.672+0000] {subprocess.py:93} INFO - During handling of the above exception, another exception occurred:
[2026-04-06T06:56:45.673+0000] {subprocess.py:93} INFO - 
[2026-04-06T06:56:45.674+0000] {subprocess.py:93} INFO - 
[2026-04-06T06:56:45.674+0000] {subprocess.py:93} INFO - Traceback (most recent call last):
[2026-04-06T06:56:45.675+0000] {subprocess.py:93} INFO - 
[2026-04-06T06:56:45.675+0000] {subprocess.py:93} INFO -   File "/opt/airflow/scripts/danger_level.py", line 127, in <module>
[2026-04-06T06:56:45.676+0000] {subprocess.py:93} INFO -     danger_score(run_date)
[2026-04-06T06:56:45.677+0000] {subprocess.py:93} INFO -     │            └ '2026-04-06'
[2026-04-06T06:56:45.677+0000] {subprocess.py:93} INFO -     └ <function danger_score at 0x76ab39195790>
[2026-04-06T06:56:45.678+0000] {subprocess.py:93} INFO - 
[2026-04-06T06:56:45.679+0000] {subprocess.py:93} INFO -   File "/opt/airflow/scripts/danger_level.py", line 115, in danger_score
[2026-04-06T06:56:45.680+0000] {subprocess.py:93} INFO -     log_ETL(run_date, "Calculate Danger Level", "failed", None, f"da co loi xay ra {e}")
[2026-04-06T06:56:45.680+0000] {subprocess.py:93} INFO -     │       └ '2026-04-06'
[2026-04-06T06:56:45.681+0000] {subprocess.py:93} INFO -     └ <function log_ETL at 0x76ab38990f70>
[2026-04-06T06:56:45.682+0000] {subprocess.py:93} INFO - 
[2026-04-06T06:56:45.682+0000] {subprocess.py:93} INFO - > File "/opt/airflow/scripts/db_log.py", line 21, in log_ETL
[2026-04-06T06:56:45.682+0000] {subprocess.py:93} INFO -     cur.execute('''
[2026-04-06T06:56:45.683+0000] {subprocess.py:93} INFO -     │   └ <method 'execute' of 'psycopg2.extensions.cursor' objects>
[2026-04-06T06:56:45.683+0000] {subprocess.py:93} INFO -     └ <cursor object at 0x76ab3899a400; closed: 0>
[2026-04-06T06:56:45.684+0000] {subprocess.py:93} INFO - 
[2026-04-06T06:56:45.685+0000] {subprocess.py:93} INFO - psycopg2.errors.UndefinedTable: relation "etl_log" does not exist
[2026-04-06T06:56:45.685+0000] {subprocess.py:93} INFO - LINE 2:                 insert into etl_log(run_id,step,status,row_p...
[2026-04-06T06:56:45.686+0000] {subprocess.py:93} INFO -                                     ^
[2026-04-06T06:56:45.687+0000] {subprocess.py:93} INFO - 
[2026-04-06T06:56:45.688+0000] {subprocess.py:93} INFO - 2026-04-06 06:56:45.660 | INFO     | db_log:log_ETL:36 - da dong ket noi
[2026-04-06T06:56:45.689+0000] {subprocess.py:97} INFO - Command exited with return code 1
[2026-04-06T06:56:45.698+0000] {taskinstance.py:2698} ERROR - Task failed with exception
Traceback (most recent call last):
  File "/home/airflow/.local/lib/python3.8/site-packages/airflow/models/taskinstance.py", line 433, in _execute_task
    result = execute_callable(context=context, **execute_callable_kwargs)
  File "/home/airflow/.local/lib/python3.8/site-packages/airflow/operators/bash.py", line 212, in execute
    raise AirflowException(
airflow.exceptions.AirflowException: Bash command failed. The command returned a non-zero exit code 1.
[2026-04-06T06:56:45.701+0000] {taskinstance.py:1138} INFO - Marking task as UP_FOR_RETRY. dag_id=nasa_neo_etl_pipeline, task_id=calculate_danger_level, execution_date=20260406T065636, start_date=20260406T065645, end_date=20260406T065645
[2026-04-06T06:56:45.724+0000] {standard_task_runner.py:107} ERROR - Failed to execute job 10 for task calculate_danger_level (Bash command failed. The command returned a non-zero exit code 1.; 263)
[2026-04-06T06:56:45.756+0000] {local_task_job_runner.py:234} INFO - Task exited with return code 1
[2026-04-06T06:56:45.776+0000] {taskinstance.py:3280} INFO - 0 downstream tasks scheduled from follow-on schedule check
