[2026-04-06T06:59:50.003+0000] {taskinstance.py:1956} INFO - Dependencies all met for dep_context=non-requeueable deps ti=<TaskInstance: nasa_neo_etl_pipeline.calculate_danger_level manual__2026-04-06T06:56:36.551952+00:00 [queued]>
[2026-04-06T06:59:50.024+0000] {taskinstance.py:1956} INFO - Dependencies all met for dep_context=requeueable deps ti=<TaskInstance: nasa_neo_etl_pipeline.calculate_danger_level manual__2026-04-06T06:56:36.551952+00:00 [queued]>
[2026-04-06T06:59:50.026+0000] {taskinstance.py:2170} INFO - Starting attempt 4 of 4
[2026-04-06T06:59:50.079+0000] {taskinstance.py:2191} INFO - Executing <Task(BashOperator): calculate_danger_level> on 2026-04-06 06:56:36.551952+00:00
[2026-04-06T06:59:50.088+0000] {standard_task_runner.py:60} INFO - Started process 312 to run task
[2026-04-06T06:59:50.092+0000] {standard_task_runner.py:87} INFO - Running: ['airflow', 'tasks', 'run', 'nasa_neo_etl_pipeline', 'calculate_danger_level', 'manual__2026-04-06T06:56:36.551952+00:00', '--job-id', '17', '--raw', '--subdir', 'DAGS_FOLDER/Asteroid_DAG.py', '--cfg-path', '/tmp/tmpwonwl9yq']
[2026-04-06T06:59:50.096+0000] {standard_task_runner.py:88} INFO - Job 17: Subtask calculate_danger_level
[2026-04-06T06:59:50.190+0000] {task_command.py:423} INFO - Running <TaskInstance: nasa_neo_etl_pipeline.calculate_danger_level manual__2026-04-06T06:56:36.551952+00:00 [running]> on host 9e29029b67cd
[2026-04-06T06:59:50.380+0000] {taskinstance.py:2480} INFO - Exporting env vars: AIRFLOW_CTX_DAG_OWNER='hieu' AIRFLOW_CTX_DAG_ID='nasa_neo_etl_pipeline' AIRFLOW_CTX_TASK_ID='calculate_danger_level' AIRFLOW_CTX_EXECUTION_DATE='2026-04-06T06:56:36.551952+00:00' AIRFLOW_CTX_TRY_NUMBER='4' AIRFLOW_CTX_DAG_RUN_ID='manual__2026-04-06T06:56:36.551952+00:00'
[2026-04-06T06:59:50.383+0000] {subprocess.py:63} INFO - Tmp dir root location: /tmp
[2026-04-06T06:59:50.385+0000] {subprocess.py:75} INFO - Running command: ['/usr/bin/bash', '-c', "python3 /opt/airflow/scripts/danger_level.py '2026-04-06'"]
[2026-04-06T06:59:50.404+0000] {subprocess.py:86} INFO - Output:
[2026-04-06T06:59:50.734+0000] {subprocess.py:93} INFO - 2026-04-06 06:59:50.733 | INFO     | __main__:danger_score:28 - dang ket noi Database
[2026-04-06T06:59:50.744+0000] {subprocess.py:93} INFO - 2026-04-06 06:59:50.744 | INFO     | __main__:danger_score:38 - bat dau tao bang
[2026-04-06T06:59:50.747+0000] {subprocess.py:93} INFO - 2026-04-06 06:59:50.746 | INFO     | __main__:danger_score:53 - thuc hien task
[2026-04-06T06:59:50.751+0000] {subprocess.py:93} INFO - 2026-04-06 06:59:50.751 | INFO     | __main__:danger_score:94 - Load data vao bang danger_score
[2026-04-06T06:59:50.788+0000] {subprocess.py:93} INFO - 2026-04-06 06:59:50.786 | SUCCESS  | __main__:danger_score:110 - da fetch thanh cong 7 dong
[2026-04-06T06:59:50.790+0000] {subprocess.py:93} INFO - ------------------------------------------------------
[2026-04-06T06:59:50.821+0000] {subprocess.py:93} INFO - 2026-04-06 06:59:50.798 | ERROR    | db_log:log_ETL:28 - da co loi xay ra relation "etl_log" does not exist
[2026-04-06T06:59:50.822+0000] {subprocess.py:93} INFO - LINE 2:                 insert into etl_log(run_id,step,status,row_p...
[2026-04-06T06:59:50.824+0000] {subprocess.py:93} INFO -                                     ^
[2026-04-06T06:59:50.825+0000] {subprocess.py:93} INFO - 
[2026-04-06T06:59:50.826+0000] {subprocess.py:93} INFO - Traceback (most recent call last):
[2026-04-06T06:59:50.827+0000] {subprocess.py:93} INFO - 
[2026-04-06T06:59:50.827+0000] {subprocess.py:93} INFO -   File "/opt/airflow/scripts/danger_level.py", line 127, in <module>
[2026-04-06T06:59:50.828+0000] {subprocess.py:93} INFO -     danger_score(run_date)
[2026-04-06T06:59:50.829+0000] {subprocess.py:93} INFO -     │            └ '2026-04-06'
[2026-04-06T06:59:50.830+0000] {subprocess.py:93} INFO -     └ <function danger_score at 0x7c2d76852790>
[2026-04-06T06:59:50.831+0000] {subprocess.py:93} INFO - 
[2026-04-06T06:59:50.832+0000] {subprocess.py:93} INFO -   File "/opt/airflow/scripts/danger_level.py", line 111, in danger_score
[2026-04-06T06:59:50.833+0000] {subprocess.py:93} INFO -     log_ETL(run_date, "Calculate Danger Level", "success", len(results), f"da load vao DB thanh cong")
[2026-04-06T06:59:50.834+0000] {subprocess.py:93} INFO -     │       │                                                  └ [(3329371, '(2006 GC1)', 472.1064988055, 30.6613465225, 13278868.845759507, 6.648982082109875, 'HIGH', datetime.datetime(2026...
[2026-04-06T06:59:50.836+0000] {subprocess.py:93} INFO -     │       └ '2026-04-06'
[2026-04-06T06:59:50.837+0000] {subprocess.py:93} INFO -     └ <function log_ETL at 0x7c2d75dd0f70>
[2026-04-06T06:59:50.838+0000] {subprocess.py:93} INFO - 
[2026-04-06T06:59:50.839+0000] {subprocess.py:93} INFO - > File "/opt/airflow/scripts/db_log.py", line 21, in log_ETL
[2026-04-06T06:59:50.839+0000] {subprocess.py:93} INFO -     cur.execute('''
[2026-04-06T06:59:50.840+0000] {subprocess.py:93} INFO -     │   └ <method 'execute' of 'psycopg2.extensions.cursor' objects>
[2026-04-06T06:59:50.841+0000] {subprocess.py:93} INFO -     └ <cursor object at 0x7c2d75dda400; closed: 0>
[2026-04-06T06:59:50.842+0000] {subprocess.py:93} INFO - 
[2026-04-06T06:59:50.842+0000] {subprocess.py:93} INFO - psycopg2.errors.UndefinedTable: relation "etl_log" does not exist
[2026-04-06T06:59:50.843+0000] {subprocess.py:93} INFO - LINE 2:                 insert into etl_log(run_id,step,status,row_p...
[2026-04-06T06:59:50.844+0000] {subprocess.py:93} INFO -                                     ^
[2026-04-06T06:59:50.845+0000] {subprocess.py:93} INFO - 
[2026-04-06T06:59:50.846+0000] {subprocess.py:93} INFO - 2026-04-06 06:59:50.823 | INFO     | db_log:log_ETL:36 - da dong ket noi
[2026-04-06T06:59:50.849+0000] {subprocess.py:97} INFO - Command exited with return code 0
[2026-04-06T06:59:50.921+0000] {taskinstance.py:1138} INFO - Marking task as SUCCESS. dag_id=nasa_neo_etl_pipeline, task_id=calculate_danger_level, execution_date=20260406T065636, start_date=20260406T065950, end_date=20260406T065950
[2026-04-06T06:59:50.953+0000] {local_task_job_runner.py:234} INFO - Task exited with return code 0
[2026-04-06T06:59:50.987+0000] {taskinstance.py:3280} INFO - 0 downstream tasks scheduled from follow-on schedule check
