[2026-04-06T06:57:46.984+0000] {taskinstance.py:1956} INFO - Dependencies all met for dep_context=non-requeueable deps ti=<TaskInstance: nasa_neo_etl_pipeline.calculate_danger_level manual__2026-04-06T06:56:36.551952+00:00 [queued]>
[2026-04-06T06:57:47.001+0000] {taskinstance.py:1956} INFO - Dependencies all met for dep_context=requeueable deps ti=<TaskInstance: nasa_neo_etl_pipeline.calculate_danger_level manual__2026-04-06T06:56:36.551952+00:00 [queued]>
[2026-04-06T06:57:47.002+0000] {taskinstance.py:2170} INFO - Starting attempt 2 of 4
[2026-04-06T06:57:47.057+0000] {taskinstance.py:2191} INFO - Executing <Task(BashOperator): calculate_danger_level> on 2026-04-06 06:56:36.551952+00:00
[2026-04-06T06:57:47.066+0000] {standard_task_runner.py:60} INFO - Started process 279 to run task
[2026-04-06T06:57:47.073+0000] {standard_task_runner.py:87} INFO - Running: ['airflow', 'tasks', 'run', 'nasa_neo_etl_pipeline', 'calculate_danger_level', 'manual__2026-04-06T06:56:36.551952+00:00', '--job-id', '12', '--raw', '--subdir', 'DAGS_FOLDER/Asteroid_DAG.py', '--cfg-path', '/tmp/tmpvaszn1ap']
[2026-04-06T06:57:47.076+0000] {standard_task_runner.py:88} INFO - Job 12: Subtask calculate_danger_level
[2026-04-06T06:57:47.168+0000] {task_command.py:423} INFO - Running <TaskInstance: nasa_neo_etl_pipeline.calculate_danger_level manual__2026-04-06T06:56:36.551952+00:00 [running]> on host 9e29029b67cd
[2026-04-06T06:57:47.314+0000] {taskinstance.py:2480} INFO - Exporting env vars: AIRFLOW_CTX_DAG_OWNER='hieu' AIRFLOW_CTX_DAG_ID='nasa_neo_etl_pipeline' AIRFLOW_CTX_TASK_ID='calculate_danger_level' AIRFLOW_CTX_EXECUTION_DATE='2026-04-06T06:56:36.551952+00:00' AIRFLOW_CTX_TRY_NUMBER='2' AIRFLOW_CTX_DAG_RUN_ID='manual__2026-04-06T06:56:36.551952+00:00'
[2026-04-06T06:57:47.316+0000] {subprocess.py:63} INFO - Tmp dir root location: /tmp
[2026-04-06T06:57:47.318+0000] {subprocess.py:75} INFO - Running command: ['/usr/bin/bash', '-c', "python3 /opt/airflow/scripts/danger_level.py '2026-04-06'"]
[2026-04-06T06:57:47.332+0000] {subprocess.py:86} INFO - Output:
[2026-04-06T06:57:47.726+0000] {subprocess.py:93} INFO - 2026-04-06 06:57:47.726 | INFO     | __main__:danger_score:28 - dang ket noi Database
[2026-04-06T06:57:47.736+0000] {subprocess.py:93} INFO - 2026-04-06 06:57:47.735 | INFO     | __main__:danger_score:38 - bat dau tao bang
[2026-04-06T06:57:47.782+0000] {subprocess.py:93} INFO - 2026-04-06 06:57:47.782 | INFO     | __main__:danger_score:53 - thuc hien task
[2026-04-06T06:57:47.784+0000] {subprocess.py:93} INFO - 2026-04-06 06:57:47.784 | INFO     | __main__:danger_score:94 - Load data vao bang danger_score
[2026-04-06T06:57:47.804+0000] {subprocess.py:93} INFO - 2026-04-06 06:57:47.788 | ERROR    | __main__:danger_score:114 - da co loi xay ra there is no unique or exclusion constraint matching the ON CONFLICT specification
[2026-04-06T06:57:47.805+0000] {subprocess.py:93} INFO - 
[2026-04-06T06:57:47.807+0000] {subprocess.py:93} INFO - Traceback (most recent call last):
[2026-04-06T06:57:47.808+0000] {subprocess.py:93} INFO - 
[2026-04-06T06:57:47.808+0000] {subprocess.py:93} INFO -   File "/opt/airflow/scripts/danger_level.py", line 127, in <module>
[2026-04-06T06:57:47.809+0000] {subprocess.py:93} INFO -     danger_score(run_date)
[2026-04-06T06:57:47.810+0000] {subprocess.py:93} INFO -     │            └ '2026-04-06'
[2026-04-06T06:57:47.811+0000] {subprocess.py:93} INFO -     └ <function danger_score at 0x7f5730595790>
[2026-04-06T06:57:47.812+0000] {subprocess.py:93} INFO - 
[2026-04-06T06:57:47.813+0000] {subprocess.py:93} INFO - > File "/opt/airflow/scripts/danger_level.py", line 108, in danger_score
[2026-04-06T06:57:47.815+0000] {subprocess.py:93} INFO -     execute_values(cur,insert_query,results)
[2026-04-06T06:57:47.816+0000] {subprocess.py:93} INFO -     │              │   │            └ [(3329371, '(2006 GC1)', 472.1064988055, 30.6613465225, 13278868.845759507, 6.648982082109875, 'HIGH', datetime.datetime(2026...
[2026-04-06T06:57:47.816+0000] {subprocess.py:93} INFO -     │              │   └ '\n            insert into danger_score(asteroid_id, name, diameter_max_m, velocity_km_s, miss_distance_km, risk_score, dange...
[2026-04-06T06:57:47.817+0000] {subprocess.py:93} INFO -     │              └ <cursor object at 0x7f572fd9a220; closed: 0>
[2026-04-06T06:57:47.818+0000] {subprocess.py:93} INFO -     └ <function execute_values at 0x7f5730595430>
[2026-04-06T06:57:47.819+0000] {subprocess.py:93} INFO - 
[2026-04-06T06:57:47.820+0000] {subprocess.py:93} INFO -   File "/home/airflow/.local/lib/python3.8/site-packages/psycopg2/extras.py", line 1299, in execute_values
[2026-04-06T06:57:47.822+0000] {subprocess.py:93} INFO -     cur.execute(b''.join(parts))
[2026-04-06T06:57:47.823+0000] {subprocess.py:93} INFO -     │   │                └ [b'\n            insert into danger_score(asteroid_id, name, diameter_max_m, velocity_km_s, miss_distance_km, risk_score, dan...
[2026-04-06T06:57:47.824+0000] {subprocess.py:93} INFO -     │   └ <method 'execute' of 'psycopg2.extensions.cursor' objects>
[2026-04-06T06:57:47.825+0000] {subprocess.py:93} INFO -     └ <cursor object at 0x7f572fd9a220; closed: 0>
[2026-04-06T06:57:47.826+0000] {subprocess.py:93} INFO - 
[2026-04-06T06:57:47.827+0000] {subprocess.py:93} INFO - psycopg2.errors.InvalidColumnReference: there is no unique or exclusion constraint matching the ON CONFLICT specification
[2026-04-06T06:57:47.828+0000] {subprocess.py:93} INFO - 
[2026-04-06T06:57:47.829+0000] {subprocess.py:93} INFO - 2026-04-06 06:57:47.815 | ERROR    | db_log:log_ETL:28 - da co loi xay ra relation "etl_log" does not exist
[2026-04-06T06:57:47.831+0000] {subprocess.py:93} INFO - LINE 2:                 insert into etl_log(run_id,step,status,row_p...
[2026-04-06T06:57:47.832+0000] {subprocess.py:93} INFO -                                     ^
[2026-04-06T06:57:47.833+0000] {subprocess.py:93} INFO - 
[2026-04-06T06:57:47.833+0000] {subprocess.py:93} INFO - Traceback (most recent call last):
[2026-04-06T06:57:47.834+0000] {subprocess.py:93} INFO - 
[2026-04-06T06:57:47.835+0000] {subprocess.py:93} INFO -   File "/opt/airflow/scripts/danger_level.py", line 108, in danger_score
[2026-04-06T06:57:47.836+0000] {subprocess.py:93} INFO -     execute_values(cur,insert_query,results)
[2026-04-06T06:57:47.837+0000] {subprocess.py:93} INFO -     │              │   │            └ [(3329371, '(2006 GC1)', 472.1064988055, 30.6613465225, 13278868.845759507, 6.648982082109875, 'HIGH', datetime.datetime(2026...
[2026-04-06T06:57:47.839+0000] {subprocess.py:93} INFO -     │              │   └ '\n            insert into danger_score(asteroid_id, name, diameter_max_m, velocity_km_s, miss_distance_km, risk_score, dange...
[2026-04-06T06:57:47.840+0000] {subprocess.py:93} INFO -     │              └ <cursor object at 0x7f572fd9a220; closed: 0>
[2026-04-06T06:57:47.841+0000] {subprocess.py:93} INFO -     └ <function execute_values at 0x7f5730595430>
[2026-04-06T06:57:47.841+0000] {subprocess.py:93} INFO - 
[2026-04-06T06:57:47.842+0000] {subprocess.py:93} INFO -   File "/home/airflow/.local/lib/python3.8/site-packages/psycopg2/extras.py", line 1299, in execute_values
[2026-04-06T06:57:47.843+0000] {subprocess.py:93} INFO -     cur.execute(b''.join(parts))
[2026-04-06T06:57:47.844+0000] {subprocess.py:93} INFO -     │   │                └ [b'\n            insert into danger_score(asteroid_id, name, diameter_max_m, velocity_km_s, miss_distance_km, risk_score, dan...
[2026-04-06T06:57:47.845+0000] {subprocess.py:93} INFO -     │   └ <method 'execute' of 'psycopg2.extensions.cursor' objects>
[2026-04-06T06:57:47.846+0000] {subprocess.py:93} INFO -     └ <cursor object at 0x7f572fd9a220; closed: 0>
[2026-04-06T06:57:47.847+0000] {subprocess.py:93} INFO - 
[2026-04-06T06:57:47.848+0000] {subprocess.py:93} INFO - psycopg2.errors.InvalidColumnReference: there is no unique or exclusion constraint matching the ON CONFLICT specification
[2026-04-06T06:57:47.849+0000] {subprocess.py:93} INFO - 
[2026-04-06T06:57:47.850+0000] {subprocess.py:93} INFO - 
[2026-04-06T06:57:47.850+0000] {subprocess.py:93} INFO - 
[2026-04-06T06:57:47.851+0000] {subprocess.py:93} INFO - During handling of the above exception, another exception occurred:
[2026-04-06T06:57:47.852+0000] {subprocess.py:93} INFO - 
[2026-04-06T06:57:47.853+0000] {subprocess.py:93} INFO - 
[2026-04-06T06:57:47.853+0000] {subprocess.py:93} INFO - Traceback (most recent call last):
[2026-04-06T06:57:47.855+0000] {subprocess.py:93} INFO - 
[2026-04-06T06:57:47.856+0000] {subprocess.py:93} INFO -   File "/opt/airflow/scripts/danger_level.py", line 127, in <module>
[2026-04-06T06:57:47.857+0000] {subprocess.py:93} INFO -     danger_score(run_date)
[2026-04-06T06:57:47.858+0000] {subprocess.py:93} INFO -     │            └ '2026-04-06'
[2026-04-06T06:57:47.859+0000] {subprocess.py:93} INFO -     └ <function danger_score at 0x7f5730595790>
[2026-04-06T06:57:47.860+0000] {subprocess.py:93} INFO - 
[2026-04-06T06:57:47.860+0000] {subprocess.py:93} INFO -   File "/opt/airflow/scripts/danger_level.py", line 115, in danger_score
[2026-04-06T06:57:47.861+0000] {subprocess.py:93} INFO -     log_ETL(run_date, "Calculate Danger Level", "failed", None, f"da co loi xay ra {e}")
[2026-04-06T06:57:47.862+0000] {subprocess.py:93} INFO -     │       └ '2026-04-06'
[2026-04-06T06:57:47.863+0000] {subprocess.py:93} INFO -     └ <function log_ETL at 0x7f572fd90f70>
[2026-04-06T06:57:47.864+0000] {subprocess.py:93} INFO - 
[2026-04-06T06:57:47.865+0000] {subprocess.py:93} INFO - > File "/opt/airflow/scripts/db_log.py", line 21, in log_ETL
[2026-04-06T06:57:47.865+0000] {subprocess.py:93} INFO -     cur.execute('''
[2026-04-06T06:57:47.866+0000] {subprocess.py:93} INFO -     │   └ <method 'execute' of 'psycopg2.extensions.cursor' objects>
[2026-04-06T06:57:47.867+0000] {subprocess.py:93} INFO -     └ <cursor object at 0x7f572fd9a400; closed: 0>
[2026-04-06T06:57:47.868+0000] {subprocess.py:93} INFO - 
[2026-04-06T06:57:47.868+0000] {subprocess.py:93} INFO - psycopg2.errors.UndefinedTable: relation "etl_log" does not exist
[2026-04-06T06:57:47.869+0000] {subprocess.py:93} INFO - LINE 2:                 insert into etl_log(run_id,step,status,row_p...
[2026-04-06T06:57:47.870+0000] {subprocess.py:93} INFO -                                     ^
[2026-04-06T06:57:47.871+0000] {subprocess.py:93} INFO - 
[2026-04-06T06:57:47.872+0000] {subprocess.py:93} INFO - 2026-04-06 06:57:47.834 | INFO     | db_log:log_ETL:36 - da dong ket noi
[2026-04-06T06:57:47.873+0000] {subprocess.py:97} INFO - Command exited with return code 1
[2026-04-06T06:57:47.886+0000] {taskinstance.py:2698} ERROR - Task failed with exception
Traceback (most recent call last):
  File "/home/airflow/.local/lib/python3.8/site-packages/airflow/models/taskinstance.py", line 433, in _execute_task
    result = execute_callable(context=context, **execute_callable_kwargs)
  File "/home/airflow/.local/lib/python3.8/site-packages/airflow/operators/bash.py", line 212, in execute
    raise AirflowException(
airflow.exceptions.AirflowException: Bash command failed. The command returned a non-zero exit code 1.
[2026-04-06T06:57:47.892+0000] {taskinstance.py:1138} INFO - Marking task as UP_FOR_RETRY. dag_id=nasa_neo_etl_pipeline, task_id=calculate_danger_level, execution_date=20260406T065636, start_date=20260406T065746, end_date=20260406T065747
[2026-04-06T06:57:47.932+0000] {standard_task_runner.py:107} ERROR - Failed to execute job 12 for task calculate_danger_level (Bash command failed. The command returned a non-zero exit code 1.; 279)
[2026-04-06T06:57:47.972+0000] {local_task_job_runner.py:234} INFO - Task exited with return code 1
[2026-04-06T06:57:48.003+0000] {taskinstance.py:3280} INFO - 0 downstream tasks scheduled from follow-on schedule check
