[2026-04-06T07:04:24.348+0000] {taskinstance.py:1956} INFO - Dependencies all met for dep_context=non-requeueable deps ti=<TaskInstance: nasa_neo_etl_pipeline.flatten_JSON manual__2026-04-06T07:04:19.665394+00:00 [queued]>
[2026-04-06T07:04:24.358+0000] {taskinstance.py:1956} INFO - Dependencies all met for dep_context=requeueable deps ti=<TaskInstance: nasa_neo_etl_pipeline.flatten_JSON manual__2026-04-06T07:04:19.665394+00:00 [queued]>
[2026-04-06T07:04:24.359+0000] {taskinstance.py:2170} INFO - Starting attempt 1 of 4
[2026-04-06T07:04:24.408+0000] {taskinstance.py:2191} INFO - Executing <Task(BashOperator): flatten_JSON> on 2026-04-06 07:04:19.665394+00:00
[2026-04-06T07:04:24.415+0000] {standard_task_runner.py:60} INFO - Started process 221 to run task
[2026-04-06T07:04:24.420+0000] {standard_task_runner.py:87} INFO - Running: ['airflow', 'tasks', 'run', 'nasa_neo_etl_pipeline', 'flatten_JSON', 'manual__2026-04-06T07:04:19.665394+00:00', '--job-id', '6', '--raw', '--subdir', 'DAGS_FOLDER/Asteroid_DAG.py', '--cfg-path', '/tmp/tmpa7nxavuz']
[2026-04-06T07:04:24.423+0000] {standard_task_runner.py:88} INFO - Job 6: Subtask flatten_JSON
[2026-04-06T07:04:24.488+0000] {task_command.py:423} INFO - Running <TaskInstance: nasa_neo_etl_pipeline.flatten_JSON manual__2026-04-06T07:04:19.665394+00:00 [running]> on host ea08d20ed4e4
[2026-04-06T07:04:24.620+0000] {taskinstance.py:2480} INFO - Exporting env vars: AIRFLOW_CTX_DAG_OWNER='hieu' AIRFLOW_CTX_DAG_ID='nasa_neo_etl_pipeline' AIRFLOW_CTX_TASK_ID='flatten_JSON' AIRFLOW_CTX_EXECUTION_DATE='2026-04-06T07:04:19.665394+00:00' AIRFLOW_CTX_TRY_NUMBER='1' AIRFLOW_CTX_DAG_RUN_ID='manual__2026-04-06T07:04:19.665394+00:00'
[2026-04-06T07:04:24.622+0000] {subprocess.py:63} INFO - Tmp dir root location: /tmp
[2026-04-06T07:04:24.624+0000] {subprocess.py:75} INFO - Running command: ['/usr/bin/bash', '-c', "python3 /opt/airflow/scripts/transform_flatten.py '2026-04-06'"]
[2026-04-06T07:04:24.636+0000] {subprocess.py:86} INFO - Output:
[2026-04-06T07:04:24.802+0000] {subprocess.py:93} INFO - 2026-04-06 07:04:24.801 | INFO     | __main__:flatten_data:23 - bat dau flatten
[2026-04-06T07:04:24.821+0000] {subprocess.py:93} INFO - 2026-04-06 07:04:24.820 | SUCCESS  | __main__:flatten_data:46 - flattened 2026-04-06
[2026-04-06T07:04:24.822+0000] {subprocess.py:93} INFO - ------------------------------------------------------
[2026-04-06T07:04:24.847+0000] {subprocess.py:93} INFO - 2026-04-06 07:04:24.829 | ERROR    | db_log:log_ETL:28 - da co loi xay ra relation "etl_log" does not exist
[2026-04-06T07:04:24.848+0000] {subprocess.py:93} INFO - LINE 2:                 insert into etl_log(run_id,step,status,row_p...
[2026-04-06T07:04:24.850+0000] {subprocess.py:93} INFO -                                     ^
[2026-04-06T07:04:24.851+0000] {subprocess.py:93} INFO - 
[2026-04-06T07:04:24.852+0000] {subprocess.py:93} INFO - Traceback (most recent call last):
[2026-04-06T07:04:24.853+0000] {subprocess.py:93} INFO - 
[2026-04-06T07:04:24.854+0000] {subprocess.py:93} INFO -   File "/opt/airflow/scripts/transform_flatten.py", line 57, in <module>
[2026-04-06T07:04:24.855+0000] {subprocess.py:93} INFO -     flatten_data(run_date)
[2026-04-06T07:04:24.855+0000] {subprocess.py:93} INFO -     │            └ '2026-04-06'
[2026-04-06T07:04:24.856+0000] {subprocess.py:93} INFO -     └ <function flatten_data at 0x7d6692d3e820>
[2026-04-06T07:04:24.857+0000] {subprocess.py:93} INFO - 
[2026-04-06T07:04:24.858+0000] {subprocess.py:93} INFO -   File "/opt/airflow/scripts/transform_flatten.py", line 47, in flatten_data
[2026-04-06T07:04:24.859+0000] {subprocess.py:93} INFO -     log_ETL(run_date, "flatten", "success", None, f"Da luu thanh cong {output_file}")
[2026-04-06T07:04:24.859+0000] {subprocess.py:93} INFO -     │       └ '2026-04-06'
[2026-04-06T07:04:24.860+0000] {subprocess.py:93} INFO -     └ <function log_ETL at 0x7d6692d3e550>
[2026-04-06T07:04:24.860+0000] {subprocess.py:93} INFO - 
[2026-04-06T07:04:24.860+0000] {subprocess.py:93} INFO - > File "/opt/airflow/scripts/db_log.py", line 21, in log_ETL
[2026-04-06T07:04:24.861+0000] {subprocess.py:93} INFO -     cur.execute('''
[2026-04-06T07:04:24.862+0000] {subprocess.py:93} INFO -     │   └ <method 'execute' of 'psycopg2.extensions.cursor' objects>
[2026-04-06T07:04:24.862+0000] {subprocess.py:93} INFO -     └ <cursor object at 0x7d669226fd60; closed: 0>
[2026-04-06T07:04:24.864+0000] {subprocess.py:93} INFO - 
[2026-04-06T07:04:24.866+0000] {subprocess.py:93} INFO - psycopg2.errors.UndefinedTable: relation "etl_log" does not exist
[2026-04-06T07:04:24.866+0000] {subprocess.py:93} INFO - LINE 2:                 insert into etl_log(run_id,step,status,row_p...
[2026-04-06T07:04:24.867+0000] {subprocess.py:93} INFO -                                     ^
[2026-04-06T07:04:24.867+0000] {subprocess.py:93} INFO - 
[2026-04-06T07:04:24.868+0000] {subprocess.py:93} INFO - 2026-04-06 07:04:24.849 | INFO     | db_log:log_ETL:36 - da dong ket noi
[2026-04-06T07:04:24.876+0000] {subprocess.py:97} INFO - Command exited with return code 0
[2026-04-06T07:04:24.906+0000] {taskinstance.py:1138} INFO - Marking task as SUCCESS. dag_id=nasa_neo_etl_pipeline, task_id=flatten_JSON, execution_date=20260406T070419, start_date=20260406T070424, end_date=20260406T070424
[2026-04-06T07:04:24.956+0000] {local_task_job_runner.py:234} INFO - Task exited with return code 0
[2026-04-06T07:04:24.977+0000] {taskinstance.py:3280} INFO - 1 downstream tasks scheduled from follow-on schedule check
