[2026-04-06T06:58:48.558+0000] {taskinstance.py:1956} INFO - Dependencies all met for dep_context=non-requeueable deps ti=<TaskInstance: nasa_neo_etl_pipeline.calculate_danger_level scheduled__2026-04-05T00:00:00+00:00 [queued]>
[2026-04-06T06:58:48.570+0000] {taskinstance.py:1956} INFO - Dependencies all met for dep_context=requeueable deps ti=<TaskInstance: nasa_neo_etl_pipeline.calculate_danger_level scheduled__2026-04-05T00:00:00+00:00 [queued]>
[2026-04-06T06:58:48.571+0000] {taskinstance.py:2170} INFO - Starting attempt 3 of 4
[2026-04-06T06:58:48.618+0000] {taskinstance.py:2191} INFO - Executing <Task(BashOperator): calculate_danger_level> on 2026-04-05 00:00:00+00:00
[2026-04-06T06:58:48.627+0000] {standard_task_runner.py:60} INFO - Started process 294 to run task
[2026-04-06T06:58:48.632+0000] {standard_task_runner.py:87} INFO - Running: ['airflow', 'tasks', 'run', 'nasa_neo_etl_pipeline', 'calculate_danger_level', 'scheduled__2026-04-05T00:00:00+00:00', '--job-id', '14', '--raw', '--subdir', 'DAGS_FOLDER/Asteroid_DAG.py', '--cfg-path', '/tmp/tmpw09xjc0h']
[2026-04-06T06:58:48.635+0000] {standard_task_runner.py:88} INFO - Job 14: Subtask calculate_danger_level
[2026-04-06T06:58:48.714+0000] {task_command.py:423} INFO - Running <TaskInstance: nasa_neo_etl_pipeline.calculate_danger_level scheduled__2026-04-05T00:00:00+00:00 [running]> on host 9e29029b67cd
[2026-04-06T06:58:48.835+0000] {taskinstance.py:2480} INFO - Exporting env vars: AIRFLOW_CTX_DAG_OWNER='hieu' AIRFLOW_CTX_DAG_ID='nasa_neo_etl_pipeline' AIRFLOW_CTX_TASK_ID='calculate_danger_level' AIRFLOW_CTX_EXECUTION_DATE='2026-04-05T00:00:00+00:00' AIRFLOW_CTX_TRY_NUMBER='3' AIRFLOW_CTX_DAG_RUN_ID='scheduled__2026-04-05T00:00:00+00:00'
[2026-04-06T06:58:48.837+0000] {subprocess.py:63} INFO - Tmp dir root location: /tmp
[2026-04-06T06:58:48.840+0000] {subprocess.py:75} INFO - Running command: ['/usr/bin/bash', '-c', "python3 /opt/airflow/scripts/danger_level.py '2026-04-05'"]
[2026-04-06T06:58:48.850+0000] {subprocess.py:86} INFO - Output:
[2026-04-06T06:58:49.030+0000] {subprocess.py:93} INFO - 2026-04-06 06:58:49.030 | INFO     | __main__:danger_score:28 - dang ket noi Database
[2026-04-06T06:58:49.037+0000] {subprocess.py:93} INFO - 2026-04-06 06:58:49.037 | INFO     | __main__:danger_score:38 - bat dau tao bang
[2026-04-06T06:58:49.078+0000] {subprocess.py:93} INFO - 2026-04-06 06:58:49.077 | INFO     | __main__:danger_score:53 - thuc hien task
[2026-04-06T06:58:49.080+0000] {subprocess.py:93} INFO - 2026-04-06 06:58:49.079 | INFO     | __main__:danger_score:94 - Load data vao bang danger_score
[2026-04-06T06:58:49.092+0000] {subprocess.py:93} INFO - 2026-04-06 06:58:49.082 | ERROR    | __main__:danger_score:114 - da co loi xay ra there is no unique or exclusion constraint matching the ON CONFLICT specification
[2026-04-06T06:58:49.093+0000] {subprocess.py:93} INFO - 
[2026-04-06T06:58:49.094+0000] {subprocess.py:93} INFO - Traceback (most recent call last):
[2026-04-06T06:58:49.096+0000] {subprocess.py:93} INFO - 
[2026-04-06T06:58:49.097+0000] {subprocess.py:93} INFO -   File "/opt/airflow/scripts/danger_level.py", line 127, in <module>
[2026-04-06T06:58:49.098+0000] {subprocess.py:93} INFO -     danger_score(run_date)
[2026-04-06T06:58:49.099+0000] {subprocess.py:93} INFO -     │            └ '2026-04-05'
[2026-04-06T06:58:49.100+0000] {subprocess.py:93} INFO -     └ <function danger_score at 0x74bc8eb15790>
[2026-04-06T06:58:49.100+0000] {subprocess.py:93} INFO - 
[2026-04-06T06:58:49.101+0000] {subprocess.py:93} INFO - > File "/opt/airflow/scripts/danger_level.py", line 108, in danger_score
[2026-04-06T06:58:49.101+0000] {subprocess.py:93} INFO -     execute_values(cur,insert_query,results)
[2026-04-06T06:58:49.103+0000] {subprocess.py:93} INFO -     │              │   │            └ [(3329371, '(2006 GC1)', 472.1064988055, 30.6613465225, 13278868.845759507, 6.648982082109875, 'HIGH', datetime.datetime(2026...
[2026-04-06T06:58:49.104+0000] {subprocess.py:93} INFO -     │              │   └ '\n            insert into danger_score(asteroid_id, name, diameter_max_m, velocity_km_s, miss_distance_km, risk_score, dange...
[2026-04-06T06:58:49.105+0000] {subprocess.py:93} INFO -     │              └ <cursor object at 0x74bc8e309220; closed: 0>
[2026-04-06T06:58:49.106+0000] {subprocess.py:93} INFO -     └ <function execute_values at 0x74bc8eb15430>
[2026-04-06T06:58:49.106+0000] {subprocess.py:93} INFO - 
[2026-04-06T06:58:49.107+0000] {subprocess.py:93} INFO -   File "/home/airflow/.local/lib/python3.8/site-packages/psycopg2/extras.py", line 1299, in execute_values
[2026-04-06T06:58:49.107+0000] {subprocess.py:93} INFO -     cur.execute(b''.join(parts))
[2026-04-06T06:58:49.108+0000] {subprocess.py:93} INFO -     │   │                └ [b'\n            insert into danger_score(asteroid_id, name, diameter_max_m, velocity_km_s, miss_distance_km, risk_score, dan...
[2026-04-06T06:58:49.108+0000] {subprocess.py:93} INFO -     │   └ <method 'execute' of 'psycopg2.extensions.cursor' objects>
[2026-04-06T06:58:49.110+0000] {subprocess.py:93} INFO -     └ <cursor object at 0x74bc8e309220; closed: 0>
[2026-04-06T06:58:49.110+0000] {subprocess.py:93} INFO - 
[2026-04-06T06:58:49.112+0000] {subprocess.py:93} INFO - psycopg2.errors.InvalidColumnReference: there is no unique or exclusion constraint matching the ON CONFLICT specification
[2026-04-06T06:58:49.113+0000] {subprocess.py:93} INFO - 
[2026-04-06T06:58:49.114+0000] {subprocess.py:93} INFO - 2026-04-06 06:58:49.100 | ERROR    | db_log:log_ETL:28 - da co loi xay ra relation "etl_log" does not exist
[2026-04-06T06:58:49.115+0000] {subprocess.py:93} INFO - LINE 2:                 insert into etl_log(run_id,step,status,row_p...
[2026-04-06T06:58:49.116+0000] {subprocess.py:93} INFO -                                     ^
[2026-04-06T06:58:49.116+0000] {subprocess.py:93} INFO - 
[2026-04-06T06:58:49.117+0000] {subprocess.py:93} INFO - Traceback (most recent call last):
[2026-04-06T06:58:49.117+0000] {subprocess.py:93} INFO - 
[2026-04-06T06:58:49.118+0000] {subprocess.py:93} INFO -   File "/opt/airflow/scripts/danger_level.py", line 108, in danger_score
[2026-04-06T06:58:49.119+0000] {subprocess.py:93} INFO -     execute_values(cur,insert_query,results)
[2026-04-06T06:58:49.120+0000] {subprocess.py:93} INFO -     │              │   │            └ [(3329371, '(2006 GC1)', 472.1064988055, 30.6613465225, 13278868.845759507, 6.648982082109875, 'HIGH', datetime.datetime(2026...
[2026-04-06T06:58:49.121+0000] {subprocess.py:93} INFO -     │              │   └ '\n            insert into danger_score(asteroid_id, name, diameter_max_m, velocity_km_s, miss_distance_km, risk_score, dange...
[2026-04-06T06:58:49.121+0000] {subprocess.py:93} INFO -     │              └ <cursor object at 0x74bc8e309220; closed: 0>
[2026-04-06T06:58:49.122+0000] {subprocess.py:93} INFO -     └ <function execute_values at 0x74bc8eb15430>
[2026-04-06T06:58:49.122+0000] {subprocess.py:93} INFO - 
[2026-04-06T06:58:49.123+0000] {subprocess.py:93} INFO -   File "/home/airflow/.local/lib/python3.8/site-packages/psycopg2/extras.py", line 1299, in execute_values
[2026-04-06T06:58:49.123+0000] {subprocess.py:93} INFO -     cur.execute(b''.join(parts))
[2026-04-06T06:58:49.124+0000] {subprocess.py:93} INFO -     │   │                └ [b'\n            insert into danger_score(asteroid_id, name, diameter_max_m, velocity_km_s, miss_distance_km, risk_score, dan...
[2026-04-06T06:58:49.125+0000] {subprocess.py:93} INFO -     │   └ <method 'execute' of 'psycopg2.extensions.cursor' objects>
[2026-04-06T06:58:49.125+0000] {subprocess.py:93} INFO -     └ <cursor object at 0x74bc8e309220; closed: 0>
[2026-04-06T06:58:49.126+0000] {subprocess.py:93} INFO - 
[2026-04-06T06:58:49.126+0000] {subprocess.py:93} INFO - psycopg2.errors.InvalidColumnReference: there is no unique or exclusion constraint matching the ON CONFLICT specification
[2026-04-06T06:58:49.127+0000] {subprocess.py:93} INFO - 
[2026-04-06T06:58:49.129+0000] {subprocess.py:93} INFO - 
[2026-04-06T06:58:49.130+0000] {subprocess.py:93} INFO - 
[2026-04-06T06:58:49.131+0000] {subprocess.py:93} INFO - During handling of the above exception, another exception occurred:
[2026-04-06T06:58:49.132+0000] {subprocess.py:93} INFO - 
[2026-04-06T06:58:49.133+0000] {subprocess.py:93} INFO - 
[2026-04-06T06:58:49.133+0000] {subprocess.py:93} INFO - Traceback (most recent call last):
[2026-04-06T06:58:49.134+0000] {subprocess.py:93} INFO - 
[2026-04-06T06:58:49.134+0000] {subprocess.py:93} INFO -   File "/opt/airflow/scripts/danger_level.py", line 127, in <module>
[2026-04-06T06:58:49.135+0000] {subprocess.py:93} INFO -     danger_score(run_date)
[2026-04-06T06:58:49.137+0000] {subprocess.py:93} INFO -     │            └ '2026-04-05'
[2026-04-06T06:58:49.138+0000] {subprocess.py:93} INFO -     └ <function danger_score at 0x74bc8eb15790>
[2026-04-06T06:58:49.139+0000] {subprocess.py:93} INFO - 
[2026-04-06T06:58:49.139+0000] {subprocess.py:93} INFO -   File "/opt/airflow/scripts/danger_level.py", line 115, in danger_score
[2026-04-06T06:58:49.140+0000] {subprocess.py:93} INFO -     log_ETL(run_date, "Calculate Danger Level", "failed", None, f"da co loi xay ra {e}")
[2026-04-06T06:58:49.140+0000] {subprocess.py:93} INFO -     │       └ '2026-04-05'
[2026-04-06T06:58:49.141+0000] {subprocess.py:93} INFO -     └ <function log_ETL at 0x74bc8e2fff70>
[2026-04-06T06:58:49.141+0000] {subprocess.py:93} INFO - 
[2026-04-06T06:58:49.141+0000] {subprocess.py:93} INFO - > File "/opt/airflow/scripts/db_log.py", line 21, in log_ETL
[2026-04-06T06:58:49.142+0000] {subprocess.py:93} INFO -     cur.execute('''
[2026-04-06T06:58:49.142+0000] {subprocess.py:93} INFO -     │   └ <method 'execute' of 'psycopg2.extensions.cursor' objects>
[2026-04-06T06:58:49.143+0000] {subprocess.py:93} INFO -     └ <cursor object at 0x74bc8e309400; closed: 0>
[2026-04-06T06:58:49.143+0000] {subprocess.py:93} INFO - 
[2026-04-06T06:58:49.143+0000] {subprocess.py:93} INFO - psycopg2.errors.UndefinedTable: relation "etl_log" does not exist
[2026-04-06T06:58:49.144+0000] {subprocess.py:93} INFO - LINE 2:                 insert into etl_log(run_id,step,status,row_p...
[2026-04-06T06:58:49.146+0000] {subprocess.py:93} INFO -                                     ^
[2026-04-06T06:58:49.146+0000] {subprocess.py:93} INFO - 
[2026-04-06T06:58:49.147+0000] {subprocess.py:93} INFO - 2026-04-06 06:58:49.111 | INFO     | db_log:log_ETL:36 - da dong ket noi
[2026-04-06T06:58:49.148+0000] {subprocess.py:97} INFO - Command exited with return code 1
[2026-04-06T06:58:49.160+0000] {taskinstance.py:2698} ERROR - Task failed with exception
Traceback (most recent call last):
  File "/home/airflow/.local/lib/python3.8/site-packages/airflow/models/taskinstance.py", line 433, in _execute_task
    result = execute_callable(context=context, **execute_callable_kwargs)
  File "/home/airflow/.local/lib/python3.8/site-packages/airflow/operators/bash.py", line 212, in execute
    raise AirflowException(
airflow.exceptions.AirflowException: Bash command failed. The command returned a non-zero exit code 1.
[2026-04-06T06:58:49.165+0000] {taskinstance.py:1138} INFO - Marking task as UP_FOR_RETRY. dag_id=nasa_neo_etl_pipeline, task_id=calculate_danger_level, execution_date=20260405T000000, start_date=20260406T065848, end_date=20260406T065849
[2026-04-06T06:58:49.213+0000] {standard_task_runner.py:107} ERROR - Failed to execute job 14 for task calculate_danger_level (Bash command failed. The command returned a non-zero exit code 1.; 294)
[2026-04-06T06:58:49.246+0000] {local_task_job_runner.py:234} INFO - Task exited with return code 1
[2026-04-06T06:58:49.271+0000] {taskinstance.py:3280} INFO - 0 downstream tasks scheduled from follow-on schedule check
