[2026-04-06T06:59:31.911+0000] {taskinstance.py:1956} INFO - Dependencies all met for dep_context=non-requeueable deps ti=<TaskInstance: nasa_neo_etl_pipeline.calculate_danger_level scheduled__2026-04-05T00:00:00+00:00 [queued]>
[2026-04-06T06:59:31.927+0000] {taskinstance.py:1956} INFO - Dependencies all met for dep_context=requeueable deps ti=<TaskInstance: nasa_neo_etl_pipeline.calculate_danger_level scheduled__2026-04-05T00:00:00+00:00 [queued]>
[2026-04-06T06:59:31.928+0000] {taskinstance.py:2170} INFO - Starting attempt 4 of 7
[2026-04-06T06:59:31.950+0000] {taskinstance.py:2191} INFO - Executing <Task(BashOperator): calculate_danger_level> on 2026-04-05 00:00:00+00:00
[2026-04-06T06:59:31.958+0000] {standard_task_runner.py:60} INFO - Started process 304 to run task
[2026-04-06T06:59:31.964+0000] {standard_task_runner.py:87} INFO - Running: ['airflow', 'tasks', 'run', 'nasa_neo_etl_pipeline', 'calculate_danger_level', 'scheduled__2026-04-05T00:00:00+00:00', '--job-id', '16', '--raw', '--subdir', 'DAGS_FOLDER/Asteroid_DAG.py', '--cfg-path', '/tmp/tmph31kscst']
[2026-04-06T06:59:31.968+0000] {standard_task_runner.py:88} INFO - Job 16: Subtask calculate_danger_level
[2026-04-06T06:59:32.072+0000] {task_command.py:423} INFO - Running <TaskInstance: nasa_neo_etl_pipeline.calculate_danger_level scheduled__2026-04-05T00:00:00+00:00 [running]> on host 9e29029b67cd
[2026-04-06T06:59:32.237+0000] {taskinstance.py:2480} INFO - Exporting env vars: AIRFLOW_CTX_DAG_OWNER='hieu' AIRFLOW_CTX_DAG_ID='nasa_neo_etl_pipeline' AIRFLOW_CTX_TASK_ID='calculate_danger_level' AIRFLOW_CTX_EXECUTION_DATE='2026-04-05T00:00:00+00:00' AIRFLOW_CTX_TRY_NUMBER='4' AIRFLOW_CTX_DAG_RUN_ID='scheduled__2026-04-05T00:00:00+00:00'
[2026-04-06T06:59:32.240+0000] {subprocess.py:63} INFO - Tmp dir root location: /tmp
[2026-04-06T06:59:32.243+0000] {subprocess.py:75} INFO - Running command: ['/usr/bin/bash', '-c', "python3 /opt/airflow/scripts/danger_level.py '2026-04-05'"]
[2026-04-06T06:59:32.259+0000] {subprocess.py:86} INFO - Output:
[2026-04-06T06:59:32.604+0000] {subprocess.py:93} INFO - 2026-04-06 06:59:32.603 | INFO     | __main__:danger_score:28 - dang ket noi Database
[2026-04-06T06:59:32.624+0000] {subprocess.py:93} INFO - 2026-04-06 06:59:32.623 | INFO     | __main__:danger_score:38 - bat dau tao bang
[2026-04-06T06:59:32.667+0000] {subprocess.py:93} INFO - 2026-04-06 06:59:32.667 | INFO     | __main__:danger_score:53 - thuc hien task
[2026-04-06T06:59:32.672+0000] {subprocess.py:93} INFO - 2026-04-06 06:59:32.672 | INFO     | __main__:danger_score:94 - Load data vao bang danger_score
[2026-04-06T06:59:32.684+0000] {subprocess.py:93} INFO - 2026-04-06 06:59:32.683 | SUCCESS  | __main__:danger_score:110 - da fetch thanh cong 7 dong
[2026-04-06T06:59:32.686+0000] {subprocess.py:93} INFO - ------------------------------------------------------
[2026-04-06T06:59:32.733+0000] {subprocess.py:93} INFO - 2026-04-06 06:59:32.698 | ERROR    | db_log:log_ETL:28 - da co loi xay ra relation "etl_log" does not exist
[2026-04-06T06:59:32.735+0000] {subprocess.py:93} INFO - LINE 2:                 insert into etl_log(run_id,step,status,row_p...
[2026-04-06T06:59:32.736+0000] {subprocess.py:93} INFO -                                     ^
[2026-04-06T06:59:32.737+0000] {subprocess.py:93} INFO - 
[2026-04-06T06:59:32.739+0000] {subprocess.py:93} INFO - Traceback (most recent call last):
[2026-04-06T06:59:32.740+0000] {subprocess.py:93} INFO - 
[2026-04-06T06:59:32.742+0000] {subprocess.py:93} INFO -   File "/opt/airflow/scripts/danger_level.py", line 127, in <module>
[2026-04-06T06:59:32.744+0000] {subprocess.py:93} INFO -     danger_score(run_date)
[2026-04-06T06:59:32.746+0000] {subprocess.py:93} INFO -     │            └ '2026-04-05'
[2026-04-06T06:59:32.747+0000] {subprocess.py:93} INFO -     └ <function danger_score at 0x7adde671b790>
[2026-04-06T06:59:32.749+0000] {subprocess.py:93} INFO - 
[2026-04-06T06:59:32.751+0000] {subprocess.py:93} INFO -   File "/opt/airflow/scripts/danger_level.py", line 111, in danger_score
[2026-04-06T06:59:32.752+0000] {subprocess.py:93} INFO -     log_ETL(run_date, "Calculate Danger Level", "success", len(results), f"da load vao DB thanh cong")
[2026-04-06T06:59:32.753+0000] {subprocess.py:93} INFO -     │       │                                                  └ [(3329371, '(2006 GC1)', 472.1064988055, 30.6613465225, 13278868.845759507, 6.648982082109875, 'HIGH', datetime.datetime(2026...
[2026-04-06T06:59:32.754+0000] {subprocess.py:93} INFO -     │       └ '2026-04-05'
[2026-04-06T06:59:32.756+0000] {subprocess.py:93} INFO -     └ <function log_ETL at 0x7adde5f2bf70>
[2026-04-06T06:59:32.757+0000] {subprocess.py:93} INFO - 
[2026-04-06T06:59:32.758+0000] {subprocess.py:93} INFO - > File "/opt/airflow/scripts/db_log.py", line 21, in log_ETL
[2026-04-06T06:59:32.760+0000] {subprocess.py:93} INFO -     cur.execute('''
[2026-04-06T06:59:32.761+0000] {subprocess.py:93} INFO -     │   └ <method 'execute' of 'psycopg2.extensions.cursor' objects>
[2026-04-06T06:59:32.763+0000] {subprocess.py:93} INFO -     └ <cursor object at 0x7adde5f35400; closed: 0>
[2026-04-06T06:59:32.765+0000] {subprocess.py:93} INFO - 
[2026-04-06T06:59:32.766+0000] {subprocess.py:93} INFO - psycopg2.errors.UndefinedTable: relation "etl_log" does not exist
[2026-04-06T06:59:32.767+0000] {subprocess.py:93} INFO - LINE 2:                 insert into etl_log(run_id,step,status,row_p...
[2026-04-06T06:59:32.768+0000] {subprocess.py:93} INFO -                                     ^
[2026-04-06T06:59:32.769+0000] {subprocess.py:93} INFO - 
[2026-04-06T06:59:32.771+0000] {subprocess.py:93} INFO - 2026-04-06 06:59:32.736 | INFO     | db_log:log_ETL:36 - da dong ket noi
[2026-04-06T06:59:32.775+0000] {subprocess.py:97} INFO - Command exited with return code 0
[2026-04-06T06:59:32.848+0000] {taskinstance.py:1138} INFO - Marking task as SUCCESS. dag_id=nasa_neo_etl_pipeline, task_id=calculate_danger_level, execution_date=20260405T000000, start_date=20260406T065931, end_date=20260406T065932
[2026-04-06T06:59:32.902+0000] {local_task_job_runner.py:234} INFO - Task exited with return code 0
[2026-04-06T06:59:32.927+0000] {taskinstance.py:3280} INFO - 0 downstream tasks scheduled from follow-on schedule check
