[2026-04-06T06:57:46.985+0000] {taskinstance.py:1956} INFO - Dependencies all met for dep_context=non-requeueable deps ti=<TaskInstance: nasa_neo_etl_pipeline.calculate_danger_level scheduled__2026-04-05T00:00:00+00:00 [queued]>
[2026-04-06T06:57:47.002+0000] {taskinstance.py:1956} INFO - Dependencies all met for dep_context=requeueable deps ti=<TaskInstance: nasa_neo_etl_pipeline.calculate_danger_level scheduled__2026-04-05T00:00:00+00:00 [queued]>
[2026-04-06T06:57:47.003+0000] {taskinstance.py:2170} INFO - Starting attempt 2 of 4
[2026-04-06T06:57:47.059+0000] {taskinstance.py:2191} INFO - Executing <Task(BashOperator): calculate_danger_level> on 2026-04-05 00:00:00+00:00
[2026-04-06T06:57:47.066+0000] {standard_task_runner.py:60} INFO - Started process 278 to run task
[2026-04-06T06:57:47.074+0000] {standard_task_runner.py:87} INFO - Running: ['airflow', 'tasks', 'run', 'nasa_neo_etl_pipeline', 'calculate_danger_level', 'scheduled__2026-04-05T00:00:00+00:00', '--job-id', '13', '--raw', '--subdir', 'DAGS_FOLDER/Asteroid_DAG.py', '--cfg-path', '/tmp/tmphvzqetta']
[2026-04-06T06:57:47.077+0000] {standard_task_runner.py:88} INFO - Job 13: Subtask calculate_danger_level
[2026-04-06T06:57:47.175+0000] {task_command.py:423} INFO - Running <TaskInstance: nasa_neo_etl_pipeline.calculate_danger_level scheduled__2026-04-05T00:00:00+00:00 [running]> on host 9e29029b67cd
[2026-04-06T06:57:47.313+0000] {taskinstance.py:2480} INFO - Exporting env vars: AIRFLOW_CTX_DAG_OWNER='hieu' AIRFLOW_CTX_DAG_ID='nasa_neo_etl_pipeline' AIRFLOW_CTX_TASK_ID='calculate_danger_level' AIRFLOW_CTX_EXECUTION_DATE='2026-04-05T00:00:00+00:00' AIRFLOW_CTX_TRY_NUMBER='2' AIRFLOW_CTX_DAG_RUN_ID='scheduled__2026-04-05T00:00:00+00:00'
[2026-04-06T06:57:47.316+0000] {subprocess.py:63} INFO - Tmp dir root location: /tmp
[2026-04-06T06:57:47.318+0000] {subprocess.py:75} INFO - Running command: ['/usr/bin/bash', '-c', "python3 /opt/airflow/scripts/danger_level.py '2026-04-05'"]
[2026-04-06T06:57:47.333+0000] {subprocess.py:86} INFO - Output:
[2026-04-06T06:57:47.726+0000] {subprocess.py:93} INFO - 2026-04-06 06:57:47.726 | INFO     | __main__:danger_score:28 - dang ket noi Database
[2026-04-06T06:57:47.735+0000] {subprocess.py:93} INFO - 2026-04-06 06:57:47.735 | INFO     | __main__:danger_score:38 - bat dau tao bang
[2026-04-06T06:57:47.767+0000] {subprocess.py:93} INFO - 2026-04-06 06:57:47.767 | INFO     | __main__:danger_score:53 - thuc hien task
[2026-04-06T06:57:47.770+0000] {subprocess.py:93} INFO - 2026-04-06 06:57:47.770 | INFO     | __main__:danger_score:94 - Load data vao bang danger_score
[2026-04-06T06:57:47.787+0000] {subprocess.py:93} INFO - 2026-04-06 06:57:47.774 | ERROR    | __main__:danger_score:114 - da co loi xay ra there is no unique or exclusion constraint matching the ON CONFLICT specification
[2026-04-06T06:57:47.788+0000] {subprocess.py:93} INFO - 
[2026-04-06T06:57:47.789+0000] {subprocess.py:93} INFO - Traceback (most recent call last):
[2026-04-06T06:57:47.791+0000] {subprocess.py:93} INFO - 
[2026-04-06T06:57:47.791+0000] {subprocess.py:93} INFO -   File "/opt/airflow/scripts/danger_level.py", line 127, in <module>
[2026-04-06T06:57:47.792+0000] {subprocess.py:93} INFO -     danger_score(run_date)
[2026-04-06T06:57:47.793+0000] {subprocess.py:93} INFO -     │            └ '2026-04-05'
[2026-04-06T06:57:47.794+0000] {subprocess.py:93} INFO -     └ <function danger_score at 0x7bb24b355790>
[2026-04-06T06:57:47.794+0000] {subprocess.py:93} INFO - 
[2026-04-06T06:57:47.795+0000] {subprocess.py:93} INFO - > File "/opt/airflow/scripts/danger_level.py", line 108, in danger_score
[2026-04-06T06:57:47.797+0000] {subprocess.py:93} INFO -     execute_values(cur,insert_query,results)
[2026-04-06T06:57:47.798+0000] {subprocess.py:93} INFO -     │              │   │            └ [(3329371, '(2006 GC1)', 472.1064988055, 30.6613465225, 13278868.845759507, 6.648982082109875, 'HIGH', datetime.datetime(2026...
[2026-04-06T06:57:47.799+0000] {subprocess.py:93} INFO -     │              │   └ '\n            insert into danger_score(asteroid_id, name, diameter_max_m, velocity_km_s, miss_distance_km, risk_score, dange...
[2026-04-06T06:57:47.800+0000] {subprocess.py:93} INFO -     │              └ <cursor object at 0x7bb24ab6b220; closed: 0>
[2026-04-06T06:57:47.800+0000] {subprocess.py:93} INFO -     └ <function execute_values at 0x7bb24b355430>
[2026-04-06T06:57:47.801+0000] {subprocess.py:93} INFO - 
[2026-04-06T06:57:47.802+0000] {subprocess.py:93} INFO -   File "/home/airflow/.local/lib/python3.8/site-packages/psycopg2/extras.py", line 1299, in execute_values
[2026-04-06T06:57:47.803+0000] {subprocess.py:93} INFO -     cur.execute(b''.join(parts))
[2026-04-06T06:57:47.803+0000] {subprocess.py:93} INFO -     │   │                └ [b'\n            insert into danger_score(asteroid_id, name, diameter_max_m, velocity_km_s, miss_distance_km, risk_score, dan...
[2026-04-06T06:57:47.804+0000] {subprocess.py:93} INFO -     │   └ <method 'execute' of 'psycopg2.extensions.cursor' objects>
[2026-04-06T06:57:47.805+0000] {subprocess.py:93} INFO -     └ <cursor object at 0x7bb24ab6b220; closed: 0>
[2026-04-06T06:57:47.806+0000] {subprocess.py:93} INFO - 
[2026-04-06T06:57:47.807+0000] {subprocess.py:93} INFO - psycopg2.errors.InvalidColumnReference: there is no unique or exclusion constraint matching the ON CONFLICT specification
[2026-04-06T06:57:47.808+0000] {subprocess.py:93} INFO - 
[2026-04-06T06:57:47.811+0000] {subprocess.py:93} INFO - 2026-04-06 06:57:47.799 | ERROR    | db_log:log_ETL:28 - da co loi xay ra relation "etl_log" does not exist
[2026-04-06T06:57:47.812+0000] {subprocess.py:93} INFO - LINE 2:                 insert into etl_log(run_id,step,status,row_p...
[2026-04-06T06:57:47.815+0000] {subprocess.py:93} INFO -                                     ^
[2026-04-06T06:57:47.816+0000] {subprocess.py:93} INFO - 
[2026-04-06T06:57:47.817+0000] {subprocess.py:93} INFO - Traceback (most recent call last):
[2026-04-06T06:57:47.818+0000] {subprocess.py:93} INFO - 
[2026-04-06T06:57:47.819+0000] {subprocess.py:93} INFO -   File "/opt/airflow/scripts/danger_level.py", line 108, in danger_score
[2026-04-06T06:57:47.820+0000] {subprocess.py:93} INFO -     execute_values(cur,insert_query,results)
[2026-04-06T06:57:47.822+0000] {subprocess.py:93} INFO -     │              │   │            └ [(3329371, '(2006 GC1)', 472.1064988055, 30.6613465225, 13278868.845759507, 6.648982082109875, 'HIGH', datetime.datetime(2026...
[2026-04-06T06:57:47.823+0000] {subprocess.py:93} INFO -     │              │   └ '\n            insert into danger_score(asteroid_id, name, diameter_max_m, velocity_km_s, miss_distance_km, risk_score, dange...
[2026-04-06T06:57:47.824+0000] {subprocess.py:93} INFO -     │              └ <cursor object at 0x7bb24ab6b220; closed: 0>
[2026-04-06T06:57:47.824+0000] {subprocess.py:93} INFO -     └ <function execute_values at 0x7bb24b355430>
[2026-04-06T06:57:47.825+0000] {subprocess.py:93} INFO - 
[2026-04-06T06:57:47.826+0000] {subprocess.py:93} INFO -   File "/home/airflow/.local/lib/python3.8/site-packages/psycopg2/extras.py", line 1299, in execute_values
[2026-04-06T06:57:47.827+0000] {subprocess.py:93} INFO -     cur.execute(b''.join(parts))
[2026-04-06T06:57:47.828+0000] {subprocess.py:93} INFO -     │   │                └ [b'\n            insert into danger_score(asteroid_id, name, diameter_max_m, velocity_km_s, miss_distance_km, risk_score, dan...
[2026-04-06T06:57:47.828+0000] {subprocess.py:93} INFO -     │   └ <method 'execute' of 'psycopg2.extensions.cursor' objects>
[2026-04-06T06:57:47.829+0000] {subprocess.py:93} INFO -     └ <cursor object at 0x7bb24ab6b220; closed: 0>
[2026-04-06T06:57:47.831+0000] {subprocess.py:93} INFO - 
[2026-04-06T06:57:47.832+0000] {subprocess.py:93} INFO - psycopg2.errors.InvalidColumnReference: there is no unique or exclusion constraint matching the ON CONFLICT specification
[2026-04-06T06:57:47.833+0000] {subprocess.py:93} INFO - 
[2026-04-06T06:57:47.834+0000] {subprocess.py:93} INFO - 
[2026-04-06T06:57:47.835+0000] {subprocess.py:93} INFO - 
[2026-04-06T06:57:47.835+0000] {subprocess.py:93} INFO - During handling of the above exception, another exception occurred:
[2026-04-06T06:57:47.836+0000] {subprocess.py:93} INFO - 
[2026-04-06T06:57:47.838+0000] {subprocess.py:93} INFO - 
[2026-04-06T06:57:47.839+0000] {subprocess.py:93} INFO - Traceback (most recent call last):
[2026-04-06T06:57:47.840+0000] {subprocess.py:93} INFO - 
[2026-04-06T06:57:47.841+0000] {subprocess.py:93} INFO -   File "/opt/airflow/scripts/danger_level.py", line 127, in <module>
[2026-04-06T06:57:47.841+0000] {subprocess.py:93} INFO -     danger_score(run_date)
[2026-04-06T06:57:47.842+0000] {subprocess.py:93} INFO -     │            └ '2026-04-05'
[2026-04-06T06:57:47.843+0000] {subprocess.py:93} INFO -     └ <function danger_score at 0x7bb24b355790>
[2026-04-06T06:57:47.844+0000] {subprocess.py:93} INFO - 
[2026-04-06T06:57:47.845+0000] {subprocess.py:93} INFO -   File "/opt/airflow/scripts/danger_level.py", line 115, in danger_score
[2026-04-06T06:57:47.846+0000] {subprocess.py:93} INFO -     log_ETL(run_date, "Calculate Danger Level", "failed", None, f"da co loi xay ra {e}")
[2026-04-06T06:57:47.847+0000] {subprocess.py:93} INFO -     │       └ '2026-04-05'
[2026-04-06T06:57:47.848+0000] {subprocess.py:93} INFO -     └ <function log_ETL at 0x7bb24ab61f70>
[2026-04-06T06:57:47.849+0000] {subprocess.py:93} INFO - 
[2026-04-06T06:57:47.849+0000] {subprocess.py:93} INFO - > File "/opt/airflow/scripts/db_log.py", line 21, in log_ETL
[2026-04-06T06:57:47.850+0000] {subprocess.py:93} INFO -     cur.execute('''
[2026-04-06T06:57:47.851+0000] {subprocess.py:93} INFO -     │   └ <method 'execute' of 'psycopg2.extensions.cursor' objects>
[2026-04-06T06:57:47.852+0000] {subprocess.py:93} INFO -     └ <cursor object at 0x7bb24ab6b400; closed: 0>
[2026-04-06T06:57:47.852+0000] {subprocess.py:93} INFO - 
[2026-04-06T06:57:47.853+0000] {subprocess.py:93} INFO - psycopg2.errors.UndefinedTable: relation "etl_log" does not exist
[2026-04-06T06:57:47.854+0000] {subprocess.py:93} INFO - LINE 2:                 insert into etl_log(run_id,step,status,row_p...
[2026-04-06T06:57:47.855+0000] {subprocess.py:93} INFO -                                     ^
[2026-04-06T06:57:47.856+0000] {subprocess.py:93} INFO - 
[2026-04-06T06:57:47.857+0000] {subprocess.py:93} INFO - 2026-04-06 06:57:47.816 | INFO     | db_log:log_ETL:36 - da dong ket noi
[2026-04-06T06:57:47.858+0000] {subprocess.py:97} INFO - Command exited with return code 1
[2026-04-06T06:57:47.873+0000] {taskinstance.py:2698} ERROR - Task failed with exception
Traceback (most recent call last):
  File "/home/airflow/.local/lib/python3.8/site-packages/airflow/models/taskinstance.py", line 433, in _execute_task
    result = execute_callable(context=context, **execute_callable_kwargs)
  File "/home/airflow/.local/lib/python3.8/site-packages/airflow/operators/bash.py", line 212, in execute
    raise AirflowException(
airflow.exceptions.AirflowException: Bash command failed. The command returned a non-zero exit code 1.
[2026-04-06T06:57:47.877+0000] {taskinstance.py:1138} INFO - Marking task as UP_FOR_RETRY. dag_id=nasa_neo_etl_pipeline, task_id=calculate_danger_level, execution_date=20260405T000000, start_date=20260406T065746, end_date=20260406T065747
[2026-04-06T06:57:47.928+0000] {standard_task_runner.py:107} ERROR - Failed to execute job 13 for task calculate_danger_level (Bash command failed. The command returned a non-zero exit code 1.; 278)
[2026-04-06T06:57:47.972+0000] {local_task_job_runner.py:234} INFO - Task exited with return code 1
[2026-04-06T06:57:48.004+0000] {taskinstance.py:3280} INFO - 0 downstream tasks scheduled from follow-on schedule check
[2026-04-06T07:05:29.894+0000] {taskinstance.py:1956} INFO - Dependencies all met for dep_context=non-requeueable deps ti=<TaskInstance: nasa_neo_etl_pipeline.calculate_danger_level scheduled__2026-04-05T00:00:00+00:00 [queued]>
[2026-04-06T07:05:29.914+0000] {taskinstance.py:1956} INFO - Dependencies all met for dep_context=requeueable deps ti=<TaskInstance: nasa_neo_etl_pipeline.calculate_danger_level scheduled__2026-04-05T00:00:00+00:00 [queued]>
[2026-04-06T07:05:29.916+0000] {taskinstance.py:2170} INFO - Starting attempt 2 of 4
[2026-04-06T07:05:29.948+0000] {taskinstance.py:2191} INFO - Executing <Task(BashOperator): calculate_danger_level> on 2026-04-05 00:00:00+00:00
[2026-04-06T07:05:29.957+0000] {standard_task_runner.py:60} INFO - Started process 292 to run task
[2026-04-06T07:05:29.963+0000] {standard_task_runner.py:87} INFO - Running: ['airflow', 'tasks', 'run', 'nasa_neo_etl_pipeline', 'calculate_danger_level', 'scheduled__2026-04-05T00:00:00+00:00', '--job-id', '12', '--raw', '--subdir', 'DAGS_FOLDER/Asteroid_DAG.py', '--cfg-path', '/tmp/tmpi9xzsl7j']
[2026-04-06T07:05:29.968+0000] {standard_task_runner.py:88} INFO - Job 12: Subtask calculate_danger_level
[2026-04-06T07:05:30.093+0000] {task_command.py:423} INFO - Running <TaskInstance: nasa_neo_etl_pipeline.calculate_danger_level scheduled__2026-04-05T00:00:00+00:00 [running]> on host ea08d20ed4e4
[2026-04-06T07:05:30.279+0000] {taskinstance.py:2480} INFO - Exporting env vars: AIRFLOW_CTX_DAG_OWNER='hieu' AIRFLOW_CTX_DAG_ID='nasa_neo_etl_pipeline' AIRFLOW_CTX_TASK_ID='calculate_danger_level' AIRFLOW_CTX_EXECUTION_DATE='2026-04-05T00:00:00+00:00' AIRFLOW_CTX_TRY_NUMBER='2' AIRFLOW_CTX_DAG_RUN_ID='scheduled__2026-04-05T00:00:00+00:00'
[2026-04-06T07:05:30.282+0000] {subprocess.py:63} INFO - Tmp dir root location: /tmp
[2026-04-06T07:05:30.284+0000] {subprocess.py:75} INFO - Running command: ['/usr/bin/bash', '-c', "python3 /opt/airflow/scripts/danger_level.py '2026-04-05'"]
[2026-04-06T07:05:30.304+0000] {subprocess.py:86} INFO - Output:
[2026-04-06T07:05:30.713+0000] {subprocess.py:93} INFO - 2026-04-06 07:05:30.712 | INFO     | __main__:danger_score:28 - dang ket noi Database
[2026-04-06T07:05:30.723+0000] {subprocess.py:93} INFO - 2026-04-06 07:05:30.723 | INFO     | __main__:danger_score:38 - bat dau tao bang
[2026-04-06T07:05:30.726+0000] {subprocess.py:93} INFO - 2026-04-06 07:05:30.725 | INFO     | __main__:danger_score:53 - thuc hien task
[2026-04-06T07:05:30.731+0000] {subprocess.py:93} INFO - 2026-04-06 07:05:30.730 | INFO     | __main__:danger_score:94 - Load data vao bang danger_score
[2026-04-06T07:05:30.765+0000] {subprocess.py:93} INFO - 2026-04-06 07:05:30.765 | SUCCESS  | __main__:danger_score:110 - da fetch thanh cong 7 dong
[2026-04-06T07:05:30.767+0000] {subprocess.py:93} INFO - ------------------------------------------------------
[2026-04-06T07:05:30.804+0000] {subprocess.py:93} INFO - 2026-04-06 07:05:30.779 | ERROR    | db_log:log_ETL:28 - da co loi xay ra relation "etl_log" does not exist
[2026-04-06T07:05:30.806+0000] {subprocess.py:93} INFO - LINE 2:                 insert into etl_log(run_id,step,status,row_p...
[2026-04-06T07:05:30.807+0000] {subprocess.py:93} INFO -                                     ^
[2026-04-06T07:05:30.808+0000] {subprocess.py:93} INFO - 
[2026-04-06T07:05:30.809+0000] {subprocess.py:93} INFO - Traceback (most recent call last):
[2026-04-06T07:05:30.810+0000] {subprocess.py:93} INFO - 
[2026-04-06T07:05:30.811+0000] {subprocess.py:93} INFO -   File "/opt/airflow/scripts/danger_level.py", line 127, in <module>
[2026-04-06T07:05:30.813+0000] {subprocess.py:93} INFO -     danger_score(run_date)
[2026-04-06T07:05:30.815+0000] {subprocess.py:93} INFO -     │            └ '2026-04-05'
[2026-04-06T07:05:30.816+0000] {subprocess.py:93} INFO -     └ <function danger_score at 0x7eaa4b195790>
[2026-04-06T07:05:30.817+0000] {subprocess.py:93} INFO - 
[2026-04-06T07:05:30.818+0000] {subprocess.py:93} INFO -   File "/opt/airflow/scripts/danger_level.py", line 111, in danger_score
[2026-04-06T07:05:30.820+0000] {subprocess.py:93} INFO -     log_ETL(run_date, "Calculate Danger Level", "success", len(results), f"da load vao DB thanh cong")
[2026-04-06T07:05:30.820+0000] {subprocess.py:93} INFO -     │       │                                                  └ [(3329371, '(2006 GC1)', 472.1064988055, 30.6613465225, 13278868.845759507, 6.648982082109875, 'HIGH', datetime.datetime(2026...
[2026-04-06T07:05:30.822+0000] {subprocess.py:93} INFO -     │       └ '2026-04-05'
[2026-04-06T07:05:30.823+0000] {subprocess.py:93} INFO -     └ <function log_ETL at 0x7eaa4a990f70>
[2026-04-06T07:05:30.824+0000] {subprocess.py:93} INFO - 
[2026-04-06T07:05:30.826+0000] {subprocess.py:93} INFO - > File "/opt/airflow/scripts/db_log.py", line 21, in log_ETL
[2026-04-06T07:05:30.827+0000] {subprocess.py:93} INFO -     cur.execute('''
[2026-04-06T07:05:30.828+0000] {subprocess.py:93} INFO -     │   └ <method 'execute' of 'psycopg2.extensions.cursor' objects>
[2026-04-06T07:05:30.829+0000] {subprocess.py:93} INFO -     └ <cursor object at 0x7eaa4a99a400; closed: 0>
[2026-04-06T07:05:30.831+0000] {subprocess.py:93} INFO - 
[2026-04-06T07:05:30.832+0000] {subprocess.py:93} INFO - psycopg2.errors.UndefinedTable: relation "etl_log" does not exist
[2026-04-06T07:05:30.833+0000] {subprocess.py:93} INFO - LINE 2:                 insert into etl_log(run_id,step,status,row_p...
[2026-04-06T07:05:30.834+0000] {subprocess.py:93} INFO -                                     ^
[2026-04-06T07:05:30.835+0000] {subprocess.py:93} INFO - 
[2026-04-06T07:05:30.836+0000] {subprocess.py:93} INFO - 2026-04-06 07:05:30.807 | INFO     | db_log:log_ETL:36 - da dong ket noi
[2026-04-06T07:05:30.837+0000] {subprocess.py:97} INFO - Command exited with return code 0
[2026-04-06T07:05:30.911+0000] {taskinstance.py:1138} INFO - Marking task as SUCCESS. dag_id=nasa_neo_etl_pipeline, task_id=calculate_danger_level, execution_date=20260405T000000, start_date=20260406T070529, end_date=20260406T070530
[2026-04-06T07:05:30.987+0000] {local_task_job_runner.py:234} INFO - Task exited with return code 0
[2026-04-06T07:05:31.013+0000] {taskinstance.py:3280} INFO - 0 downstream tasks scheduled from follow-on schedule check
[2026-04-06T08:20:12.120+0000] {taskinstance.py:1956} INFO - Dependencies all met for dep_context=non-requeueable deps ti=<TaskInstance: nasa_neo_etl_pipeline.calculate_danger_level scheduled__2026-04-05T00:00:00+00:00 [queued]>
[2026-04-06T08:20:12.154+0000] {taskinstance.py:1956} INFO - Dependencies all met for dep_context=requeueable deps ti=<TaskInstance: nasa_neo_etl_pipeline.calculate_danger_level scheduled__2026-04-05T00:00:00+00:00 [queued]>
[2026-04-06T08:20:12.155+0000] {taskinstance.py:2170} INFO - Starting attempt 2 of 5
[2026-04-06T08:20:12.174+0000] {taskinstance.py:2191} INFO - Executing <Task(BashOperator): calculate_danger_level> on 2026-04-05 00:00:00+00:00
[2026-04-06T08:20:12.180+0000] {standard_task_runner.py:60} INFO - Started process 406 to run task
[2026-04-06T08:20:12.182+0000] {standard_task_runner.py:87} INFO - Running: ['airflow', 'tasks', 'run', 'nasa_neo_etl_pipeline', 'calculate_danger_level', 'scheduled__2026-04-05T00:00:00+00:00', '--job-id', '22', '--raw', '--subdir', 'DAGS_FOLDER/Asteroid_DAG.py', '--cfg-path', '/tmp/tmp23wo2pls']
[2026-04-06T08:20:12.184+0000] {standard_task_runner.py:88} INFO - Job 22: Subtask calculate_danger_level
[2026-04-06T08:20:12.232+0000] {task_command.py:423} INFO - Running <TaskInstance: nasa_neo_etl_pipeline.calculate_danger_level scheduled__2026-04-05T00:00:00+00:00 [running]> on host a8f5a43682e7
[2026-04-06T08:20:12.316+0000] {taskinstance.py:2480} INFO - Exporting env vars: AIRFLOW_CTX_DAG_OWNER='hieu' AIRFLOW_CTX_DAG_ID='nasa_neo_etl_pipeline' AIRFLOW_CTX_TASK_ID='calculate_danger_level' AIRFLOW_CTX_EXECUTION_DATE='2026-04-05T00:00:00+00:00' AIRFLOW_CTX_TRY_NUMBER='2' AIRFLOW_CTX_DAG_RUN_ID='scheduled__2026-04-05T00:00:00+00:00'
[2026-04-06T08:20:12.318+0000] {subprocess.py:63} INFO - Tmp dir root location: /tmp
[2026-04-06T08:20:12.320+0000] {subprocess.py:75} INFO - Running command: ['/usr/bin/bash', '-c', "python3 /opt/airflow/scripts/danger_level.py '2026-04-05'"]
[2026-04-06T08:20:12.329+0000] {subprocess.py:86} INFO - Output:
[2026-04-06T08:20:12.515+0000] {subprocess.py:93} INFO - 2026-04-06 08:20:12.514 | INFO     | __main__:danger_score:28 - dang ket noi Database
[2026-04-06T08:20:12.520+0000] {subprocess.py:93} INFO - 2026-04-06 08:20:12.520 | INFO     | __main__:danger_score:38 - bat dau tao bang
[2026-04-06T08:20:12.521+0000] {subprocess.py:93} INFO - 2026-04-06 08:20:12.521 | INFO     | __main__:danger_score:53 - thuc hien task
[2026-04-06T08:20:12.523+0000] {subprocess.py:93} INFO - 2026-04-06 08:20:12.523 | INFO     | __main__:danger_score:94 - Load data vao bang danger_score
[2026-04-06T08:20:12.535+0000] {subprocess.py:93} INFO - 2026-04-06 08:20:12.535 | SUCCESS  | __main__:danger_score:110 - da fetch thanh cong 7 dong
[2026-04-06T08:20:12.536+0000] {subprocess.py:93} INFO - ------------------------------------------------------
[2026-04-06T08:20:12.544+0000] {subprocess.py:93} INFO - 2026-04-06 08:20:12.544 | INFO     | db_log:log_ETL:38 - da dong ket noi
[2026-04-06T08:20:12.564+0000] {subprocess.py:97} INFO - Command exited with return code 0
[2026-04-06T08:20:12.621+0000] {taskinstance.py:1138} INFO - Marking task as SUCCESS. dag_id=nasa_neo_etl_pipeline, task_id=calculate_danger_level, execution_date=20260405T000000, start_date=20260406T082012, end_date=20260406T082012
[2026-04-06T08:20:12.677+0000] {local_task_job_runner.py:234} INFO - Task exited with return code 0
[2026-04-06T08:20:12.693+0000] {taskinstance.py:3280} INFO - 0 downstream tasks scheduled from follow-on schedule check
