[2026-04-06T06:56:45.199+0000] {taskinstance.py:1956} INFO - Dependencies all met for dep_context=non-requeueable deps ti=<TaskInstance: nasa_neo_etl_pipeline.calculate_danger_level scheduled__2026-04-05T00:00:00+00:00 [queued]>
[2026-04-06T06:56:45.209+0000] {taskinstance.py:1956} INFO - Dependencies all met for dep_context=requeueable deps ti=<TaskInstance: nasa_neo_etl_pipeline.calculate_danger_level scheduled__2026-04-05T00:00:00+00:00 [queued]>
[2026-04-06T06:56:45.209+0000] {taskinstance.py:2170} INFO - Starting attempt 1 of 4
[2026-04-06T06:56:45.251+0000] {taskinstance.py:2191} INFO - Executing <Task(BashOperator): calculate_danger_level> on 2026-04-05 00:00:00+00:00
[2026-04-06T06:56:45.258+0000] {standard_task_runner.py:60} INFO - Started process 262 to run task
[2026-04-06T06:56:45.260+0000] {standard_task_runner.py:87} INFO - Running: ['airflow', 'tasks', 'run', 'nasa_neo_etl_pipeline', 'calculate_danger_level', 'scheduled__2026-04-05T00:00:00+00:00', '--job-id', '11', '--raw', '--subdir', 'DAGS_FOLDER/Asteroid_DAG.py', '--cfg-path', '/tmp/tmpm58gn73p']
[2026-04-06T06:56:45.262+0000] {standard_task_runner.py:88} INFO - Job 11: Subtask calculate_danger_level
[2026-04-06T06:56:45.309+0000] {task_command.py:423} INFO - Running <TaskInstance: nasa_neo_etl_pipeline.calculate_danger_level scheduled__2026-04-05T00:00:00+00:00 [running]> on host 9e29029b67cd
[2026-04-06T06:56:45.405+0000] {taskinstance.py:2480} INFO - Exporting env vars: AIRFLOW_CTX_DAG_OWNER='hieu' AIRFLOW_CTX_DAG_ID='nasa_neo_etl_pipeline' AIRFLOW_CTX_TASK_ID='calculate_danger_level' AIRFLOW_CTX_EXECUTION_DATE='2026-04-05T00:00:00+00:00' AIRFLOW_CTX_TRY_NUMBER='1' AIRFLOW_CTX_DAG_RUN_ID='scheduled__2026-04-05T00:00:00+00:00'
[2026-04-06T06:56:45.406+0000] {subprocess.py:63} INFO - Tmp dir root location: /tmp
[2026-04-06T06:56:45.407+0000] {subprocess.py:75} INFO - Running command: ['/usr/bin/bash', '-c', "python3 /opt/airflow/scripts/danger_level.py '2026-04-05'"]
[2026-04-06T06:56:45.415+0000] {subprocess.py:86} INFO - Output:
[2026-04-06T06:56:45.589+0000] {subprocess.py:93} INFO - 2026-04-06 06:56:45.589 | INFO     | __main__:danger_score:28 - dang ket noi Database
[2026-04-06T06:56:45.597+0000] {subprocess.py:93} INFO - 2026-04-06 06:56:45.597 | INFO     | __main__:danger_score:38 - bat dau tao bang
[2026-04-06T06:56:45.613+0000] {subprocess.py:93} INFO - 2026-04-06 06:56:45.613 | INFO     | __main__:danger_score:53 - thuc hien task
[2026-04-06T06:56:45.616+0000] {subprocess.py:93} INFO - 2026-04-06 06:56:45.615 | INFO     | __main__:danger_score:94 - Load data vao bang danger_score
[2026-04-06T06:56:45.627+0000] {subprocess.py:93} INFO - 2026-04-06 06:56:45.619 | ERROR    | __main__:danger_score:114 - da co loi xay ra there is no unique or exclusion constraint matching the ON CONFLICT specification
[2026-04-06T06:56:45.628+0000] {subprocess.py:93} INFO - 
[2026-04-06T06:56:45.628+0000] {subprocess.py:93} INFO - Traceback (most recent call last):
[2026-04-06T06:56:45.629+0000] {subprocess.py:93} INFO - 
[2026-04-06T06:56:45.629+0000] {subprocess.py:93} INFO -   File "/opt/airflow/scripts/danger_level.py", line 127, in <module>
[2026-04-06T06:56:45.630+0000] {subprocess.py:93} INFO -     danger_score(run_date)
[2026-04-06T06:56:45.630+0000] {subprocess.py:93} INFO -     │            └ '2026-04-05'
[2026-04-06T06:56:45.631+0000] {subprocess.py:93} INFO -     └ <function danger_score at 0x7c1f52852790>
[2026-04-06T06:56:45.631+0000] {subprocess.py:93} INFO - 
[2026-04-06T06:56:45.632+0000] {subprocess.py:93} INFO - > File "/opt/airflow/scripts/danger_level.py", line 108, in danger_score
[2026-04-06T06:56:45.632+0000] {subprocess.py:93} INFO -     execute_values(cur,insert_query,results)
[2026-04-06T06:56:45.633+0000] {subprocess.py:93} INFO -     │              │   │            └ [(3329371, '(2006 GC1)', 472.1064988055, 30.6613465225, 13278868.845759507, 6.648982082109875, 'HIGH', datetime.datetime(2026...
[2026-04-06T06:56:45.633+0000] {subprocess.py:93} INFO -     │              │   └ '\n            insert into danger_score(asteroid_id, name, diameter_max_m, velocity_km_s, miss_distance_km, risk_score, dange...
[2026-04-06T06:56:45.634+0000] {subprocess.py:93} INFO -     │              └ <cursor object at 0x7c1f5202e220; closed: 0>
[2026-04-06T06:56:45.635+0000] {subprocess.py:93} INFO -     └ <function execute_values at 0x7c1f52852430>
[2026-04-06T06:56:45.635+0000] {subprocess.py:93} INFO - 
[2026-04-06T06:56:45.636+0000] {subprocess.py:93} INFO -   File "/home/airflow/.local/lib/python3.8/site-packages/psycopg2/extras.py", line 1299, in execute_values
[2026-04-06T06:56:45.636+0000] {subprocess.py:93} INFO -     cur.execute(b''.join(parts))
[2026-04-06T06:56:45.637+0000] {subprocess.py:93} INFO -     │   │                └ [b'\n            insert into danger_score(asteroid_id, name, diameter_max_m, velocity_km_s, miss_distance_km, risk_score, dan...
[2026-04-06T06:56:45.638+0000] {subprocess.py:93} INFO -     │   └ <method 'execute' of 'psycopg2.extensions.cursor' objects>
[2026-04-06T06:56:45.638+0000] {subprocess.py:93} INFO -     └ <cursor object at 0x7c1f5202e220; closed: 0>
[2026-04-06T06:56:45.638+0000] {subprocess.py:93} INFO - 
[2026-04-06T06:56:45.639+0000] {subprocess.py:93} INFO - psycopg2.errors.InvalidColumnReference: there is no unique or exclusion constraint matching the ON CONFLICT specification
[2026-04-06T06:56:45.639+0000] {subprocess.py:93} INFO - 
[2026-04-06T06:56:45.640+0000] {subprocess.py:93} INFO - 2026-04-06 06:56:45.633 | ERROR    | db_log:log_ETL:28 - da co loi xay ra relation "etl_log" does not exist
[2026-04-06T06:56:45.641+0000] {subprocess.py:93} INFO - LINE 2:                 insert into etl_log(run_id,step,status,row_p...
[2026-04-06T06:56:45.642+0000] {subprocess.py:93} INFO -                                     ^
[2026-04-06T06:56:45.642+0000] {subprocess.py:93} INFO - 
[2026-04-06T06:56:45.643+0000] {subprocess.py:93} INFO - Traceback (most recent call last):
[2026-04-06T06:56:45.644+0000] {subprocess.py:93} INFO - 
[2026-04-06T06:56:45.645+0000] {subprocess.py:93} INFO -   File "/opt/airflow/scripts/danger_level.py", line 108, in danger_score
[2026-04-06T06:56:45.646+0000] {subprocess.py:93} INFO -     execute_values(cur,insert_query,results)
[2026-04-06T06:56:45.647+0000] {subprocess.py:93} INFO -     │              │   │            └ [(3329371, '(2006 GC1)', 472.1064988055, 30.6613465225, 13278868.845759507, 6.648982082109875, 'HIGH', datetime.datetime(2026...
[2026-04-06T06:56:45.648+0000] {subprocess.py:93} INFO -     │              │   └ '\n            insert into danger_score(asteroid_id, name, diameter_max_m, velocity_km_s, miss_distance_km, risk_score, dange...
[2026-04-06T06:56:45.648+0000] {subprocess.py:93} INFO -     │              └ <cursor object at 0x7c1f5202e220; closed: 0>
[2026-04-06T06:56:45.649+0000] {subprocess.py:93} INFO -     └ <function execute_values at 0x7c1f52852430>
[2026-04-06T06:56:45.649+0000] {subprocess.py:93} INFO - 
[2026-04-06T06:56:45.650+0000] {subprocess.py:93} INFO -   File "/home/airflow/.local/lib/python3.8/site-packages/psycopg2/extras.py", line 1299, in execute_values
[2026-04-06T06:56:45.651+0000] {subprocess.py:93} INFO -     cur.execute(b''.join(parts))
[2026-04-06T06:56:45.651+0000] {subprocess.py:93} INFO -     │   │                └ [b'\n            insert into danger_score(asteroid_id, name, diameter_max_m, velocity_km_s, miss_distance_km, risk_score, dan...
[2026-04-06T06:56:45.652+0000] {subprocess.py:93} INFO -     │   └ <method 'execute' of 'psycopg2.extensions.cursor' objects>
[2026-04-06T06:56:45.652+0000] {subprocess.py:93} INFO -     └ <cursor object at 0x7c1f5202e220; closed: 0>
[2026-04-06T06:56:45.653+0000] {subprocess.py:93} INFO - 
[2026-04-06T06:56:45.654+0000] {subprocess.py:93} INFO - psycopg2.errors.InvalidColumnReference: there is no unique or exclusion constraint matching the ON CONFLICT specification
[2026-04-06T06:56:45.655+0000] {subprocess.py:93} INFO - 
[2026-04-06T06:56:45.656+0000] {subprocess.py:93} INFO - 
[2026-04-06T06:56:45.656+0000] {subprocess.py:93} INFO - 
[2026-04-06T06:56:45.657+0000] {subprocess.py:93} INFO - During handling of the above exception, another exception occurred:
[2026-04-06T06:56:45.657+0000] {subprocess.py:93} INFO - 
[2026-04-06T06:56:45.658+0000] {subprocess.py:93} INFO - 
[2026-04-06T06:56:45.658+0000] {subprocess.py:93} INFO - Traceback (most recent call last):
[2026-04-06T06:56:45.659+0000] {subprocess.py:93} INFO - 
[2026-04-06T06:56:45.659+0000] {subprocess.py:93} INFO -   File "/opt/airflow/scripts/danger_level.py", line 127, in <module>
[2026-04-06T06:56:45.660+0000] {subprocess.py:93} INFO -     danger_score(run_date)
[2026-04-06T06:56:45.661+0000] {subprocess.py:93} INFO -     │            └ '2026-04-05'
[2026-04-06T06:56:45.661+0000] {subprocess.py:93} INFO -     └ <function danger_score at 0x7c1f52852790>
[2026-04-06T06:56:45.662+0000] {subprocess.py:93} INFO - 
[2026-04-06T06:56:45.664+0000] {subprocess.py:93} INFO -   File "/opt/airflow/scripts/danger_level.py", line 115, in danger_score
[2026-04-06T06:56:45.665+0000] {subprocess.py:93} INFO -     log_ETL(run_date, "Calculate Danger Level", "failed", None, f"da co loi xay ra {e}")
[2026-04-06T06:56:45.666+0000] {subprocess.py:93} INFO -     │       └ '2026-04-05'
[2026-04-06T06:56:45.667+0000] {subprocess.py:93} INFO -     └ <function log_ETL at 0x7c1f52024f70>
[2026-04-06T06:56:45.668+0000] {subprocess.py:93} INFO - 
[2026-04-06T06:56:45.670+0000] {subprocess.py:93} INFO - > File "/opt/airflow/scripts/db_log.py", line 21, in log_ETL
[2026-04-06T06:56:45.670+0000] {subprocess.py:93} INFO -     cur.execute('''
[2026-04-06T06:56:45.671+0000] {subprocess.py:93} INFO -     │   └ <method 'execute' of 'psycopg2.extensions.cursor' objects>
[2026-04-06T06:56:45.672+0000] {subprocess.py:93} INFO -     └ <cursor object at 0x7c1f5202e400; closed: 0>
[2026-04-06T06:56:45.673+0000] {subprocess.py:93} INFO - 
[2026-04-06T06:56:45.673+0000] {subprocess.py:93} INFO - psycopg2.errors.UndefinedTable: relation "etl_log" does not exist
[2026-04-06T06:56:45.674+0000] {subprocess.py:93} INFO - LINE 2:                 insert into etl_log(run_id,step,status,row_p...
[2026-04-06T06:56:45.675+0000] {subprocess.py:93} INFO -                                     ^
[2026-04-06T06:56:45.676+0000] {subprocess.py:93} INFO - 
[2026-04-06T06:56:45.676+0000] {subprocess.py:93} INFO - 2026-04-06 06:56:45.643 | INFO     | db_log:log_ETL:36 - da dong ket noi
[2026-04-06T06:56:45.677+0000] {subprocess.py:97} INFO - Command exited with return code 1
[2026-04-06T06:56:45.688+0000] {taskinstance.py:2698} ERROR - Task failed with exception
Traceback (most recent call last):
  File "/home/airflow/.local/lib/python3.8/site-packages/airflow/models/taskinstance.py", line 433, in _execute_task
    result = execute_callable(context=context, **execute_callable_kwargs)
  File "/home/airflow/.local/lib/python3.8/site-packages/airflow/operators/bash.py", line 212, in execute
    raise AirflowException(
airflow.exceptions.AirflowException: Bash command failed. The command returned a non-zero exit code 1.
[2026-04-06T06:56:45.691+0000] {taskinstance.py:1138} INFO - Marking task as UP_FOR_RETRY. dag_id=nasa_neo_etl_pipeline, task_id=calculate_danger_level, execution_date=20260405T000000, start_date=20260406T065645, end_date=20260406T065645
[2026-04-06T06:56:45.720+0000] {standard_task_runner.py:107} ERROR - Failed to execute job 11 for task calculate_danger_level (Bash command failed. The command returned a non-zero exit code 1.; 262)
[2026-04-06T06:56:45.756+0000] {local_task_job_runner.py:234} INFO - Task exited with return code 1
[2026-04-06T06:56:45.777+0000] {taskinstance.py:3280} INFO - 0 downstream tasks scheduled from follow-on schedule check
[2026-04-06T07:04:28.772+0000] {taskinstance.py:1956} INFO - Dependencies all met for dep_context=non-requeueable deps ti=<TaskInstance: nasa_neo_etl_pipeline.calculate_danger_level scheduled__2026-04-05T00:00:00+00:00 [queued]>
[2026-04-06T07:04:28.781+0000] {taskinstance.py:1956} INFO - Dependencies all met for dep_context=requeueable deps ti=<TaskInstance: nasa_neo_etl_pipeline.calculate_danger_level scheduled__2026-04-05T00:00:00+00:00 [queued]>
[2026-04-06T07:04:28.782+0000] {taskinstance.py:2170} INFO - Starting attempt 1 of 4
[2026-04-06T07:04:28.815+0000] {taskinstance.py:2191} INFO - Executing <Task(BashOperator): calculate_danger_level> on 2026-04-05 00:00:00+00:00
[2026-04-06T07:04:28.821+0000] {standard_task_runner.py:60} INFO - Started process 277 to run task
[2026-04-06T07:04:28.824+0000] {standard_task_runner.py:87} INFO - Running: ['airflow', 'tasks', 'run', 'nasa_neo_etl_pipeline', 'calculate_danger_level', 'scheduled__2026-04-05T00:00:00+00:00', '--job-id', '10', '--raw', '--subdir', 'DAGS_FOLDER/Asteroid_DAG.py', '--cfg-path', '/tmp/tmpflgq_qip']
[2026-04-06T07:04:28.826+0000] {standard_task_runner.py:88} INFO - Job 10: Subtask calculate_danger_level
[2026-04-06T07:04:28.877+0000] {task_command.py:423} INFO - Running <TaskInstance: nasa_neo_etl_pipeline.calculate_danger_level scheduled__2026-04-05T00:00:00+00:00 [running]> on host ea08d20ed4e4
[2026-04-06T07:04:28.988+0000] {taskinstance.py:2480} INFO - Exporting env vars: AIRFLOW_CTX_DAG_OWNER='hieu' AIRFLOW_CTX_DAG_ID='nasa_neo_etl_pipeline' AIRFLOW_CTX_TASK_ID='calculate_danger_level' AIRFLOW_CTX_EXECUTION_DATE='2026-04-05T00:00:00+00:00' AIRFLOW_CTX_TRY_NUMBER='1' AIRFLOW_CTX_DAG_RUN_ID='scheduled__2026-04-05T00:00:00+00:00'
[2026-04-06T07:04:28.989+0000] {subprocess.py:63} INFO - Tmp dir root location: /tmp
[2026-04-06T07:04:28.990+0000] {subprocess.py:75} INFO - Running command: ['/usr/bin/bash', '-c', "python3 /opt/airflow/scripts/danger_level.py '2026-04-05'"]
[2026-04-06T07:04:28.999+0000] {subprocess.py:86} INFO - Output:
[2026-04-06T07:04:29.154+0000] {subprocess.py:93} INFO - 2026-04-06 07:04:29.154 | INFO     | __main__:danger_score:28 - dang ket noi Database
[2026-04-06T07:04:29.160+0000] {subprocess.py:93} INFO - 2026-04-06 07:04:29.159 | INFO     | __main__:danger_score:38 - bat dau tao bang
[2026-04-06T07:04:29.188+0000] {subprocess.py:93} INFO - 2026-04-06 07:04:29.177 | ERROR    | __main__:danger_score:114 - da co loi xay ra duplicate key value violates unique constraint "pg_type_typname_nsp_index"
[2026-04-06T07:04:29.189+0000] {subprocess.py:93} INFO - DETAIL:  Key (typname, typnamespace)=(danger_score, 2200) already exists.
[2026-04-06T07:04:29.189+0000] {subprocess.py:93} INFO - 
[2026-04-06T07:04:29.190+0000] {subprocess.py:93} INFO - Traceback (most recent call last):
[2026-04-06T07:04:29.191+0000] {subprocess.py:93} INFO - 
[2026-04-06T07:04:29.191+0000] {subprocess.py:93} INFO -   File "/opt/airflow/scripts/danger_level.py", line 127, in <module>
[2026-04-06T07:04:29.192+0000] {subprocess.py:93} INFO -     danger_score(run_date)
[2026-04-06T07:04:29.192+0000] {subprocess.py:93} INFO -     │            └ '2026-04-05'
[2026-04-06T07:04:29.193+0000] {subprocess.py:93} INFO -     └ <function danger_score at 0x747cc6b55790>
[2026-04-06T07:04:29.193+0000] {subprocess.py:93} INFO - 
[2026-04-06T07:04:29.194+0000] {subprocess.py:93} INFO - > File "/opt/airflow/scripts/danger_level.py", line 39, in danger_score
[2026-04-06T07:04:29.195+0000] {subprocess.py:93} INFO -     cur.execute("""
[2026-04-06T07:04:29.196+0000] {subprocess.py:93} INFO -     │   └ <method 'execute' of 'psycopg2.extensions.cursor' objects>
[2026-04-06T07:04:29.197+0000] {subprocess.py:93} INFO -     └ <cursor object at 0x747cc6365220; closed: 0>
[2026-04-06T07:04:29.198+0000] {subprocess.py:93} INFO - 
[2026-04-06T07:04:29.199+0000] {subprocess.py:93} INFO - psycopg2.errors.UniqueViolation: duplicate key value violates unique constraint "pg_type_typname_nsp_index"
[2026-04-06T07:04:29.200+0000] {subprocess.py:93} INFO - DETAIL:  Key (typname, typnamespace)=(danger_score, 2200) already exists.
[2026-04-06T07:04:29.201+0000] {subprocess.py:93} INFO - 
[2026-04-06T07:04:29.204+0000] {subprocess.py:93} INFO - 2026-04-06 07:04:29.194 | ERROR    | db_log:log_ETL:28 - da co loi xay ra relation "etl_log" does not exist
[2026-04-06T07:04:29.206+0000] {subprocess.py:93} INFO - LINE 2:                 insert into etl_log(run_id,step,status,row_p...
[2026-04-06T07:04:29.207+0000] {subprocess.py:93} INFO -                                     ^
[2026-04-06T07:04:29.208+0000] {subprocess.py:93} INFO - 
[2026-04-06T07:04:29.208+0000] {subprocess.py:93} INFO - Traceback (most recent call last):
[2026-04-06T07:04:29.210+0000] {subprocess.py:93} INFO - 
[2026-04-06T07:04:29.211+0000] {subprocess.py:93} INFO -   File "/opt/airflow/scripts/danger_level.py", line 39, in danger_score
[2026-04-06T07:04:29.213+0000] {subprocess.py:93} INFO -     cur.execute("""
[2026-04-06T07:04:29.214+0000] {subprocess.py:93} INFO -     │   └ <method 'execute' of 'psycopg2.extensions.cursor' objects>
[2026-04-06T07:04:29.215+0000] {subprocess.py:93} INFO -     └ <cursor object at 0x747cc6365220; closed: 0>
[2026-04-06T07:04:29.216+0000] {subprocess.py:93} INFO - 
[2026-04-06T07:04:29.216+0000] {subprocess.py:93} INFO - psycopg2.errors.UniqueViolation: duplicate key value violates unique constraint "pg_type_typname_nsp_index"
[2026-04-06T07:04:29.217+0000] {subprocess.py:93} INFO - DETAIL:  Key (typname, typnamespace)=(danger_score, 2200) already exists.
[2026-04-06T07:04:29.218+0000] {subprocess.py:93} INFO - 
[2026-04-06T07:04:29.218+0000] {subprocess.py:93} INFO - 
[2026-04-06T07:04:29.219+0000] {subprocess.py:93} INFO - 
[2026-04-06T07:04:29.219+0000] {subprocess.py:93} INFO - During handling of the above exception, another exception occurred:
[2026-04-06T07:04:29.220+0000] {subprocess.py:93} INFO - 
[2026-04-06T07:04:29.220+0000] {subprocess.py:93} INFO - 
[2026-04-06T07:04:29.221+0000] {subprocess.py:93} INFO - Traceback (most recent call last):
[2026-04-06T07:04:29.222+0000] {subprocess.py:93} INFO - 
[2026-04-06T07:04:29.222+0000] {subprocess.py:93} INFO -   File "/opt/airflow/scripts/danger_level.py", line 127, in <module>
[2026-04-06T07:04:29.223+0000] {subprocess.py:93} INFO -     danger_score(run_date)
[2026-04-06T07:04:29.223+0000] {subprocess.py:93} INFO -     │            └ '2026-04-05'
[2026-04-06T07:04:29.224+0000] {subprocess.py:93} INFO -     └ <function danger_score at 0x747cc6b55790>
[2026-04-06T07:04:29.224+0000] {subprocess.py:93} INFO - 
[2026-04-06T07:04:29.225+0000] {subprocess.py:93} INFO -   File "/opt/airflow/scripts/danger_level.py", line 115, in danger_score
[2026-04-06T07:04:29.225+0000] {subprocess.py:93} INFO -     log_ETL(run_date, "Calculate Danger Level", "failed", None, f"da co loi xay ra {e}")
[2026-04-06T07:04:29.226+0000] {subprocess.py:93} INFO -     │       └ '2026-04-05'
[2026-04-06T07:04:29.227+0000] {subprocess.py:93} INFO -     └ <function log_ETL at 0x747cc635bf70>
[2026-04-06T07:04:29.227+0000] {subprocess.py:93} INFO - 
[2026-04-06T07:04:29.228+0000] {subprocess.py:93} INFO - > File "/opt/airflow/scripts/db_log.py", line 21, in log_ETL
[2026-04-06T07:04:29.229+0000] {subprocess.py:93} INFO -     cur.execute('''
[2026-04-06T07:04:29.230+0000] {subprocess.py:93} INFO -     │   └ <method 'execute' of 'psycopg2.extensions.cursor' objects>
[2026-04-06T07:04:29.230+0000] {subprocess.py:93} INFO -     └ <cursor object at 0x747cc6365400; closed: 0>
[2026-04-06T07:04:29.231+0000] {subprocess.py:93} INFO - 
[2026-04-06T07:04:29.232+0000] {subprocess.py:93} INFO - psycopg2.errors.UndefinedTable: relation "etl_log" does not exist
[2026-04-06T07:04:29.232+0000] {subprocess.py:93} INFO - LINE 2:                 insert into etl_log(run_id,step,status,row_p...
[2026-04-06T07:04:29.233+0000] {subprocess.py:93} INFO -                                     ^
[2026-04-06T07:04:29.234+0000] {subprocess.py:93} INFO - 
[2026-04-06T07:04:29.234+0000] {subprocess.py:93} INFO - 2026-04-06 07:04:29.207 | INFO     | db_log:log_ETL:36 - da dong ket noi
[2026-04-06T07:04:29.242+0000] {subprocess.py:97} INFO - Command exited with return code 1
[2026-04-06T07:04:29.257+0000] {taskinstance.py:2698} ERROR - Task failed with exception
Traceback (most recent call last):
  File "/home/airflow/.local/lib/python3.8/site-packages/airflow/models/taskinstance.py", line 433, in _execute_task
    result = execute_callable(context=context, **execute_callable_kwargs)
  File "/home/airflow/.local/lib/python3.8/site-packages/airflow/operators/bash.py", line 212, in execute
    raise AirflowException(
airflow.exceptions.AirflowException: Bash command failed. The command returned a non-zero exit code 1.
[2026-04-06T07:04:29.261+0000] {taskinstance.py:1138} INFO - Marking task as UP_FOR_RETRY. dag_id=nasa_neo_etl_pipeline, task_id=calculate_danger_level, execution_date=20260405T000000, start_date=20260406T070428, end_date=20260406T070429
[2026-04-06T07:04:29.282+0000] {standard_task_runner.py:107} ERROR - Failed to execute job 10 for task calculate_danger_level (Bash command failed. The command returned a non-zero exit code 1.; 277)
[2026-04-06T07:04:29.319+0000] {local_task_job_runner.py:234} INFO - Task exited with return code 1
[2026-04-06T07:04:29.344+0000] {taskinstance.py:3280} INFO - 0 downstream tasks scheduled from follow-on schedule check
[2026-04-06T07:20:04.604+0000] {taskinstance.py:1956} INFO - Dependencies all met for dep_context=non-requeueable deps ti=<TaskInstance: nasa_neo_etl_pipeline.calculate_danger_level scheduled__2026-04-05T00:00:00+00:00 [queued]>
[2026-04-06T07:20:04.611+0000] {taskinstance.py:1956} INFO - Dependencies all met for dep_context=requeueable deps ti=<TaskInstance: nasa_neo_etl_pipeline.calculate_danger_level scheduled__2026-04-05T00:00:00+00:00 [queued]>
[2026-04-06T07:20:04.612+0000] {taskinstance.py:2170} INFO - Starting attempt 1 of 4
[2026-04-06T07:20:04.624+0000] {taskinstance.py:2191} INFO - Executing <Task(BashOperator): calculate_danger_level> on 2026-04-05 00:00:00+00:00
[2026-04-06T07:20:04.628+0000] {standard_task_runner.py:60} INFO - Started process 267 to run task
[2026-04-06T07:20:04.630+0000] {standard_task_runner.py:87} INFO - Running: ['airflow', 'tasks', 'run', 'nasa_neo_etl_pipeline', 'calculate_danger_level', 'scheduled__2026-04-05T00:00:00+00:00', '--job-id', '8', '--raw', '--subdir', 'DAGS_FOLDER/Asteroid_DAG.py', '--cfg-path', '/tmp/tmp5pzew24a']
[2026-04-06T07:20:04.631+0000] {standard_task_runner.py:88} INFO - Job 8: Subtask calculate_danger_level
[2026-04-06T07:20:04.671+0000] {task_command.py:423} INFO - Running <TaskInstance: nasa_neo_etl_pipeline.calculate_danger_level scheduled__2026-04-05T00:00:00+00:00 [running]> on host 1acb6b6321cd
[2026-04-06T07:20:04.729+0000] {taskinstance.py:2480} INFO - Exporting env vars: AIRFLOW_CTX_DAG_OWNER='hieu' AIRFLOW_CTX_DAG_ID='nasa_neo_etl_pipeline' AIRFLOW_CTX_TASK_ID='calculate_danger_level' AIRFLOW_CTX_EXECUTION_DATE='2026-04-05T00:00:00+00:00' AIRFLOW_CTX_TRY_NUMBER='1' AIRFLOW_CTX_DAG_RUN_ID='scheduled__2026-04-05T00:00:00+00:00'
[2026-04-06T07:20:04.730+0000] {subprocess.py:63} INFO - Tmp dir root location: /tmp
[2026-04-06T07:20:04.732+0000] {subprocess.py:75} INFO - Running command: ['/usr/bin/bash', '-c', "python3 /opt/airflow/scripts/danger_level.py '2026-04-05'"]
[2026-04-06T07:20:04.738+0000] {subprocess.py:86} INFO - Output:
[2026-04-06T07:20:04.854+0000] {subprocess.py:93} INFO - 2026-04-06 07:20:04.854 | INFO     | __main__:danger_score:28 - dang ket noi Database
[2026-04-06T07:20:04.859+0000] {subprocess.py:93} INFO - 2026-04-06 07:20:04.859 | INFO     | __main__:danger_score:38 - bat dau tao bang
[2026-04-06T07:20:04.869+0000] {subprocess.py:93} INFO - 2026-04-06 07:20:04.869 | INFO     | __main__:danger_score:53 - thuc hien task
[2026-04-06T07:20:04.871+0000] {subprocess.py:93} INFO - 2026-04-06 07:20:04.871 | INFO     | __main__:danger_score:94 - Load data vao bang danger_score
[2026-04-06T07:20:04.876+0000] {subprocess.py:93} INFO - 2026-04-06 07:20:04.875 | SUCCESS  | __main__:danger_score:110 - da fetch thanh cong 3 dong
[2026-04-06T07:20:04.876+0000] {subprocess.py:93} INFO - ------------------------------------------------------
[2026-04-06T07:20:04.895+0000] {subprocess.py:93} INFO - 2026-04-06 07:20:04.881 | ERROR    | db_log:log_ETL:28 - da co loi xay ra relation "etl_log" does not exist
[2026-04-06T07:20:04.895+0000] {subprocess.py:93} INFO - LINE 2:                 insert into etl_log(run_id,step,status,row_p...
[2026-04-06T07:20:04.896+0000] {subprocess.py:93} INFO -                                     ^
[2026-04-06T07:20:04.896+0000] {subprocess.py:93} INFO - 
[2026-04-06T07:20:04.897+0000] {subprocess.py:93} INFO - Traceback (most recent call last):
[2026-04-06T07:20:04.897+0000] {subprocess.py:93} INFO - 
[2026-04-06T07:20:04.898+0000] {subprocess.py:93} INFO -   File "/opt/airflow/scripts/danger_level.py", line 127, in <module>
[2026-04-06T07:20:04.898+0000] {subprocess.py:93} INFO -     danger_score(run_date)
[2026-04-06T07:20:04.899+0000] {subprocess.py:93} INFO -     │            └ '2026-04-05'
[2026-04-06T07:20:04.899+0000] {subprocess.py:93} INFO -     └ <function danger_score at 0x7350dcb95790>
[2026-04-06T07:20:04.900+0000] {subprocess.py:93} INFO - 
[2026-04-06T07:20:04.900+0000] {subprocess.py:93} INFO -   File "/opt/airflow/scripts/danger_level.py", line 111, in danger_score
[2026-04-06T07:20:04.901+0000] {subprocess.py:93} INFO -     log_ETL(run_date, "Calculate Danger Level", "success", len(results), f"da load vao DB thanh cong")
[2026-04-06T07:20:04.901+0000] {subprocess.py:93} INFO -     │       │                                                  └ [(3329371, '(2006 GC1)', 472.1064988055, 30.6613465225, 13278868.845759507, 6.648982082109875, 'HIGH', datetime.datetime(2026...
[2026-04-06T07:20:04.902+0000] {subprocess.py:93} INFO -     │       └ '2026-04-05'
[2026-04-06T07:20:04.902+0000] {subprocess.py:93} INFO -     └ <function log_ETL at 0x7350dc390f70>
[2026-04-06T07:20:04.902+0000] {subprocess.py:93} INFO - 
[2026-04-06T07:20:04.903+0000] {subprocess.py:93} INFO - > File "/opt/airflow/scripts/db_log.py", line 21, in log_ETL
[2026-04-06T07:20:04.904+0000] {subprocess.py:93} INFO -     cur.execute('''
[2026-04-06T07:20:04.905+0000] {subprocess.py:93} INFO -     │   └ <method 'execute' of 'psycopg2.extensions.cursor' objects>
[2026-04-06T07:20:04.905+0000] {subprocess.py:93} INFO -     └ <cursor object at 0x7350dc39a400; closed: 0>
[2026-04-06T07:20:04.906+0000] {subprocess.py:93} INFO - 
[2026-04-06T07:20:04.906+0000] {subprocess.py:93} INFO - psycopg2.errors.UndefinedTable: relation "etl_log" does not exist
[2026-04-06T07:20:04.907+0000] {subprocess.py:93} INFO - LINE 2:                 insert into etl_log(run_id,step,status,row_p...
[2026-04-06T07:20:04.907+0000] {subprocess.py:93} INFO -                                     ^
[2026-04-06T07:20:04.908+0000] {subprocess.py:93} INFO - 
[2026-04-06T07:20:04.908+0000] {subprocess.py:93} INFO - 2026-04-06 07:20:04.896 | INFO     | db_log:log_ETL:36 - da dong ket noi
[2026-04-06T07:20:04.909+0000] {subprocess.py:97} INFO - Command exited with return code 0
[2026-04-06T07:20:04.931+0000] {taskinstance.py:1138} INFO - Marking task as SUCCESS. dag_id=nasa_neo_etl_pipeline, task_id=calculate_danger_level, execution_date=20260405T000000, start_date=20260406T072004, end_date=20260406T072004
[2026-04-06T07:20:04.964+0000] {local_task_job_runner.py:234} INFO - Task exited with return code 0
[2026-04-06T07:20:04.976+0000] {taskinstance.py:3280} INFO - 0 downstream tasks scheduled from follow-on schedule check
[2026-04-06T07:32:31.207+0000] {taskinstance.py:1956} INFO - Dependencies all met for dep_context=non-requeueable deps ti=<TaskInstance: nasa_neo_etl_pipeline.calculate_danger_level scheduled__2026-04-05T00:00:00+00:00 [queued]>
[2026-04-06T07:32:31.214+0000] {taskinstance.py:1956} INFO - Dependencies all met for dep_context=requeueable deps ti=<TaskInstance: nasa_neo_etl_pipeline.calculate_danger_level scheduled__2026-04-05T00:00:00+00:00 [queued]>
[2026-04-06T07:32:31.215+0000] {taskinstance.py:2170} INFO - Starting attempt 1 of 4
[2026-04-06T07:32:31.229+0000] {taskinstance.py:2191} INFO - Executing <Task(BashOperator): calculate_danger_level> on 2026-04-05 00:00:00+00:00
[2026-04-06T07:32:31.233+0000] {standard_task_runner.py:60} INFO - Started process 298 to run task
[2026-04-06T07:32:31.235+0000] {standard_task_runner.py:87} INFO - Running: ['airflow', 'tasks', 'run', 'nasa_neo_etl_pipeline', 'calculate_danger_level', 'scheduled__2026-04-05T00:00:00+00:00', '--job-id', '12', '--raw', '--subdir', 'DAGS_FOLDER/Asteroid_DAG.py', '--cfg-path', '/tmp/tmp5znghiaa']
[2026-04-06T07:32:31.236+0000] {standard_task_runner.py:88} INFO - Job 12: Subtask calculate_danger_level
[2026-04-06T07:32:31.296+0000] {task_command.py:423} INFO - Running <TaskInstance: nasa_neo_etl_pipeline.calculate_danger_level scheduled__2026-04-05T00:00:00+00:00 [running]> on host 2b39c12e0bc6
[2026-04-06T07:32:31.362+0000] {taskinstance.py:2480} INFO - Exporting env vars: AIRFLOW_CTX_DAG_OWNER='hieu' AIRFLOW_CTX_DAG_ID='nasa_neo_etl_pipeline' AIRFLOW_CTX_TASK_ID='calculate_danger_level' AIRFLOW_CTX_EXECUTION_DATE='2026-04-05T00:00:00+00:00' AIRFLOW_CTX_TRY_NUMBER='1' AIRFLOW_CTX_DAG_RUN_ID='scheduled__2026-04-05T00:00:00+00:00'
[2026-04-06T07:32:31.364+0000] {subprocess.py:63} INFO - Tmp dir root location: /tmp
[2026-04-06T07:32:31.365+0000] {subprocess.py:75} INFO - Running command: ['/usr/bin/bash', '-c', "python3 /opt/airflow/scripts/danger_level.py '2026-04-05'"]
[2026-04-06T07:32:31.374+0000] {subprocess.py:86} INFO - Output:
[2026-04-06T07:32:31.507+0000] {subprocess.py:93} INFO - 2026-04-06 07:32:31.507 | INFO     | __main__:danger_score:28 - dang ket noi Database
[2026-04-06T07:32:31.512+0000] {subprocess.py:93} INFO - 2026-04-06 07:32:31.512 | INFO     | __main__:danger_score:38 - bat dau tao bang
[2026-04-06T07:32:31.513+0000] {subprocess.py:93} INFO - 2026-04-06 07:32:31.513 | INFO     | __main__:danger_score:53 - thuc hien task
[2026-04-06T07:32:31.515+0000] {subprocess.py:93} INFO - 2026-04-06 07:32:31.515 | INFO     | __main__:danger_score:94 - Load data vao bang danger_score
[2026-04-06T07:32:31.520+0000] {subprocess.py:93} INFO - 2026-04-06 07:32:31.519 | SUCCESS  | __main__:danger_score:110 - da fetch thanh cong 7 dong
[2026-04-06T07:32:31.520+0000] {subprocess.py:93} INFO - ------------------------------------------------------
[2026-04-06T07:32:31.538+0000] {subprocess.py:93} INFO - 2026-04-06 07:32:31.524 | ERROR    | db_log:log_ETL:28 - da co loi xay ra relation "etl_log" does not exist
[2026-04-06T07:32:31.539+0000] {subprocess.py:93} INFO - LINE 2:                 insert into etl_log(run_id,step,status,row_p...
[2026-04-06T07:32:31.539+0000] {subprocess.py:93} INFO -                                     ^
[2026-04-06T07:32:31.540+0000] {subprocess.py:93} INFO - 
[2026-04-06T07:32:31.541+0000] {subprocess.py:93} INFO - Traceback (most recent call last):
[2026-04-06T07:32:31.541+0000] {subprocess.py:93} INFO - 
[2026-04-06T07:32:31.542+0000] {subprocess.py:93} INFO -   File "/opt/airflow/scripts/danger_level.py", line 127, in <module>
[2026-04-06T07:32:31.542+0000] {subprocess.py:93} INFO -     danger_score(run_date)
[2026-04-06T07:32:31.543+0000] {subprocess.py:93} INFO -     │            └ '2026-04-05'
[2026-04-06T07:32:31.544+0000] {subprocess.py:93} INFO -     └ <function danger_score at 0x7d8e57a52790>
[2026-04-06T07:32:31.545+0000] {subprocess.py:93} INFO - 
[2026-04-06T07:32:31.545+0000] {subprocess.py:93} INFO -   File "/opt/airflow/scripts/danger_level.py", line 111, in danger_score
[2026-04-06T07:32:31.546+0000] {subprocess.py:93} INFO -     log_ETL(run_date, "Calculate Danger Level", "success", len(results), f"da load vao DB thanh cong")
[2026-04-06T07:32:31.546+0000] {subprocess.py:93} INFO -     │       │                                                  └ [(3329371, '(2006 GC1)', 472.1064988055, 30.6613465225, 13278868.845759507, 6.648982082109875, 'HIGH', datetime.datetime(2026...
[2026-04-06T07:32:31.547+0000] {subprocess.py:93} INFO -     │       └ '2026-04-05'
[2026-04-06T07:32:31.547+0000] {subprocess.py:93} INFO -     └ <function log_ETL at 0x7d8e57226f70>
[2026-04-06T07:32:31.548+0000] {subprocess.py:93} INFO - 
[2026-04-06T07:32:31.548+0000] {subprocess.py:93} INFO - > File "/opt/airflow/scripts/db_log.py", line 21, in log_ETL
[2026-04-06T07:32:31.549+0000] {subprocess.py:93} INFO -     cur.execute('''
[2026-04-06T07:32:31.549+0000] {subprocess.py:93} INFO -     │   └ <method 'execute' of 'psycopg2.extensions.cursor' objects>
[2026-04-06T07:32:31.550+0000] {subprocess.py:93} INFO -     └ <cursor object at 0x7d8e57230400; closed: 0>
[2026-04-06T07:32:31.550+0000] {subprocess.py:93} INFO - 
[2026-04-06T07:32:31.551+0000] {subprocess.py:93} INFO - psycopg2.errors.UndefinedTable: relation "etl_log" does not exist
[2026-04-06T07:32:31.551+0000] {subprocess.py:93} INFO - LINE 2:                 insert into etl_log(run_id,step,status,row_p...
[2026-04-06T07:32:31.552+0000] {subprocess.py:93} INFO -                                     ^
[2026-04-06T07:32:31.552+0000] {subprocess.py:93} INFO - 
[2026-04-06T07:32:31.553+0000] {subprocess.py:93} INFO - 2026-04-06 07:32:31.539 | INFO     | db_log:log_ETL:36 - da dong ket noi
[2026-04-06T07:32:31.555+0000] {subprocess.py:97} INFO - Command exited with return code 0
[2026-04-06T07:32:31.578+0000] {taskinstance.py:1138} INFO - Marking task as SUCCESS. dag_id=nasa_neo_etl_pipeline, task_id=calculate_danger_level, execution_date=20260405T000000, start_date=20260406T073231, end_date=20260406T073231
[2026-04-06T07:32:31.609+0000] {local_task_job_runner.py:234} INFO - Task exited with return code 0
[2026-04-06T07:32:31.630+0000] {taskinstance.py:3280} INFO - 0 downstream tasks scheduled from follow-on schedule check
[2026-04-06T07:39:13.206+0000] {taskinstance.py:1956} INFO - Dependencies all met for dep_context=non-requeueable deps ti=<TaskInstance: nasa_neo_etl_pipeline.calculate_danger_level scheduled__2026-04-05T00:00:00+00:00 [queued]>
[2026-04-06T07:39:13.214+0000] {taskinstance.py:1956} INFO - Dependencies all met for dep_context=requeueable deps ti=<TaskInstance: nasa_neo_etl_pipeline.calculate_danger_level scheduled__2026-04-05T00:00:00+00:00 [queued]>
[2026-04-06T07:39:13.214+0000] {taskinstance.py:2170} INFO - Starting attempt 1 of 4
[2026-04-06T07:39:13.229+0000] {taskinstance.py:2191} INFO - Executing <Task(BashOperator): calculate_danger_level> on 2026-04-05 00:00:00+00:00
[2026-04-06T07:39:13.233+0000] {standard_task_runner.py:60} INFO - Started process 230 to run task
[2026-04-06T07:39:13.235+0000] {standard_task_runner.py:87} INFO - Running: ['airflow', 'tasks', 'run', 'nasa_neo_etl_pipeline', 'calculate_danger_level', 'scheduled__2026-04-05T00:00:00+00:00', '--job-id', '8', '--raw', '--subdir', 'DAGS_FOLDER/Asteroid_DAG.py', '--cfg-path', '/tmp/tmp14sfxnn9']
[2026-04-06T07:39:13.236+0000] {standard_task_runner.py:88} INFO - Job 8: Subtask calculate_danger_level
[2026-04-06T07:39:13.282+0000] {task_command.py:423} INFO - Running <TaskInstance: nasa_neo_etl_pipeline.calculate_danger_level scheduled__2026-04-05T00:00:00+00:00 [running]> on host 270afc779c61
[2026-04-06T07:39:13.347+0000] {taskinstance.py:2480} INFO - Exporting env vars: AIRFLOW_CTX_DAG_OWNER='hieu' AIRFLOW_CTX_DAG_ID='nasa_neo_etl_pipeline' AIRFLOW_CTX_TASK_ID='calculate_danger_level' AIRFLOW_CTX_EXECUTION_DATE='2026-04-05T00:00:00+00:00' AIRFLOW_CTX_TRY_NUMBER='1' AIRFLOW_CTX_DAG_RUN_ID='scheduled__2026-04-05T00:00:00+00:00'
[2026-04-06T07:39:13.349+0000] {subprocess.py:63} INFO - Tmp dir root location: /tmp
[2026-04-06T07:39:13.350+0000] {subprocess.py:75} INFO - Running command: ['/usr/bin/bash', '-c', "python3 /opt/airflow/scripts/danger_level.py '2026-04-05'"]
[2026-04-06T07:39:13.358+0000] {subprocess.py:86} INFO - Output:
[2026-04-06T07:39:13.494+0000] {subprocess.py:93} INFO - 2026-04-06 07:39:13.494 | INFO     | __main__:danger_score:28 - dang ket noi Database
[2026-04-06T07:39:13.499+0000] {subprocess.py:93} INFO - 2026-04-06 07:39:13.499 | INFO     | __main__:danger_score:38 - bat dau tao bang
[2026-04-06T07:39:13.509+0000] {subprocess.py:93} INFO - 2026-04-06 07:39:13.508 | INFO     | __main__:danger_score:53 - thuc hien task
[2026-04-06T07:39:13.511+0000] {subprocess.py:93} INFO - 2026-04-06 07:39:13.511 | INFO     | __main__:danger_score:94 - Load data vao bang danger_score
[2026-04-06T07:39:13.515+0000] {subprocess.py:93} INFO - 2026-04-06 07:39:13.515 | SUCCESS  | __main__:danger_score:110 - da fetch thanh cong 3 dong
[2026-04-06T07:39:13.516+0000] {subprocess.py:93} INFO - ------------------------------------------------------
[2026-04-06T07:39:13.532+0000] {subprocess.py:93} INFO - 2026-04-06 07:39:13.521 | ERROR    | db_log:log_ETL:28 - da co loi xay ra invalid input syntax for type integer: "2026-04-05"
[2026-04-06T07:39:13.533+0000] {subprocess.py:93} INFO - LINE 4:                 ('2026-04-05', 'Calculate Danger Level', 'su...
[2026-04-06T07:39:13.534+0000] {subprocess.py:93} INFO -                          ^
[2026-04-06T07:39:13.535+0000] {subprocess.py:93} INFO - 
[2026-04-06T07:39:13.535+0000] {subprocess.py:93} INFO - Traceback (most recent call last):
[2026-04-06T07:39:13.536+0000] {subprocess.py:93} INFO - 
[2026-04-06T07:39:13.537+0000] {subprocess.py:93} INFO -   File "/opt/airflow/scripts/danger_level.py", line 127, in <module>
[2026-04-06T07:39:13.537+0000] {subprocess.py:93} INFO -     danger_score(run_date)
[2026-04-06T07:39:13.538+0000] {subprocess.py:93} INFO -     │            └ '2026-04-05'
[2026-04-06T07:39:13.539+0000] {subprocess.py:93} INFO -     └ <function danger_score at 0x788d9fc9b790>
[2026-04-06T07:39:13.539+0000] {subprocess.py:93} INFO - 
[2026-04-06T07:39:13.540+0000] {subprocess.py:93} INFO -   File "/opt/airflow/scripts/danger_level.py", line 111, in danger_score
[2026-04-06T07:39:13.541+0000] {subprocess.py:93} INFO -     log_ETL(run_date, "Calculate Danger Level", "success", len(results), f"da load vao DB thanh cong")
[2026-04-06T07:39:13.541+0000] {subprocess.py:93} INFO -     │       │                                                  └ [(3329371, '(2006 GC1)', 472.1064988055, 30.6613465225, 13278868.845759507, 6.648982082109875, 'HIGH', datetime.datetime(2026...
[2026-04-06T07:39:13.542+0000] {subprocess.py:93} INFO -     │       └ '2026-04-05'
[2026-04-06T07:39:13.543+0000] {subprocess.py:93} INFO -     └ <function log_ETL at 0x788d9f4aaf70>
[2026-04-06T07:39:13.544+0000] {subprocess.py:93} INFO - 
[2026-04-06T07:39:13.544+0000] {subprocess.py:93} INFO - > File "/opt/airflow/scripts/db_log.py", line 21, in log_ETL
[2026-04-06T07:39:13.545+0000] {subprocess.py:93} INFO -     cur.execute('''
[2026-04-06T07:39:13.545+0000] {subprocess.py:93} INFO -     │   └ <method 'execute' of 'psycopg2.extensions.cursor' objects>
[2026-04-06T07:39:13.546+0000] {subprocess.py:93} INFO -     └ <cursor object at 0x788d9f4b4400; closed: 0>
[2026-04-06T07:39:13.546+0000] {subprocess.py:93} INFO - 
[2026-04-06T07:39:13.547+0000] {subprocess.py:93} INFO - psycopg2.errors.InvalidTextRepresentation: invalid input syntax for type integer: "2026-04-05"
[2026-04-06T07:39:13.548+0000] {subprocess.py:93} INFO - LINE 4:                 ('2026-04-05', 'Calculate Danger Level', 'su...
[2026-04-06T07:39:13.548+0000] {subprocess.py:93} INFO -                          ^
[2026-04-06T07:39:13.549+0000] {subprocess.py:93} INFO - 
[2026-04-06T07:39:13.549+0000] {subprocess.py:93} INFO - 2026-04-06 07:39:13.533 | INFO     | db_log:log_ETL:36 - da dong ket noi
[2026-04-06T07:39:13.551+0000] {subprocess.py:97} INFO - Command exited with return code 0
[2026-04-06T07:39:13.577+0000] {taskinstance.py:1138} INFO - Marking task as SUCCESS. dag_id=nasa_neo_etl_pipeline, task_id=calculate_danger_level, execution_date=20260405T000000, start_date=20260406T073913, end_date=20260406T073913
[2026-04-06T07:39:13.609+0000] {local_task_job_runner.py:234} INFO - Task exited with return code 0
[2026-04-06T07:39:13.624+0000] {taskinstance.py:3280} INFO - 0 downstream tasks scheduled from follow-on schedule check
[2026-04-06T08:13:26.209+0000] {taskinstance.py:1956} INFO - Dependencies all met for dep_context=non-requeueable deps ti=<TaskInstance: nasa_neo_etl_pipeline.calculate_danger_level scheduled__2026-04-05T00:00:00+00:00 [queued]>
[2026-04-06T08:13:26.224+0000] {taskinstance.py:1956} INFO - Dependencies all met for dep_context=requeueable deps ti=<TaskInstance: nasa_neo_etl_pipeline.calculate_danger_level scheduled__2026-04-05T00:00:00+00:00 [queued]>
[2026-04-06T08:13:26.225+0000] {taskinstance.py:2170} INFO - Starting attempt 1 of 4
[2026-04-06T08:13:26.248+0000] {taskinstance.py:2191} INFO - Executing <Task(BashOperator): calculate_danger_level> on 2026-04-05 00:00:00+00:00
[2026-04-06T08:13:26.255+0000] {standard_task_runner.py:60} INFO - Started process 263 to run task
[2026-04-06T08:13:26.260+0000] {standard_task_runner.py:87} INFO - Running: ['airflow', 'tasks', 'run', 'nasa_neo_etl_pipeline', 'calculate_danger_level', 'scheduled__2026-04-05T00:00:00+00:00', '--job-id', '11', '--raw', '--subdir', 'DAGS_FOLDER/Asteroid_DAG.py', '--cfg-path', '/tmp/tmpuqy0g22o']
[2026-04-06T08:13:26.263+0000] {standard_task_runner.py:88} INFO - Job 11: Subtask calculate_danger_level
[2026-04-06T08:13:26.332+0000] {task_command.py:423} INFO - Running <TaskInstance: nasa_neo_etl_pipeline.calculate_danger_level scheduled__2026-04-05T00:00:00+00:00 [running]> on host a8f5a43682e7
[2026-04-06T08:13:26.443+0000] {taskinstance.py:2480} INFO - Exporting env vars: AIRFLOW_CTX_DAG_OWNER='hieu' AIRFLOW_CTX_DAG_ID='nasa_neo_etl_pipeline' AIRFLOW_CTX_TASK_ID='calculate_danger_level' AIRFLOW_CTX_EXECUTION_DATE='2026-04-05T00:00:00+00:00' AIRFLOW_CTX_TRY_NUMBER='1' AIRFLOW_CTX_DAG_RUN_ID='scheduled__2026-04-05T00:00:00+00:00'
[2026-04-06T08:13:26.445+0000] {subprocess.py:63} INFO - Tmp dir root location: /tmp
[2026-04-06T08:13:26.446+0000] {subprocess.py:75} INFO - Running command: ['/usr/bin/bash', '-c', "python3 /opt/airflow/scripts/danger_level.py '2026-04-05'"]
[2026-04-06T08:13:26.456+0000] {subprocess.py:86} INFO - Output:
[2026-04-06T08:13:26.659+0000] {subprocess.py:93} INFO - 2026-04-06 08:13:26.658 | INFO     | __main__:danger_score:28 - dang ket noi Database
[2026-04-06T08:13:26.667+0000] {subprocess.py:93} INFO - 2026-04-06 08:13:26.666 | INFO     | __main__:danger_score:38 - bat dau tao bang
[2026-04-06T08:13:26.703+0000] {subprocess.py:93} INFO - 2026-04-06 08:13:26.703 | INFO     | __main__:danger_score:53 - thuc hien task
[2026-04-06T08:13:26.706+0000] {subprocess.py:93} INFO - 2026-04-06 08:13:26.706 | INFO     | __main__:danger_score:94 - Load data vao bang danger_score
[2026-04-06T08:13:26.713+0000] {subprocess.py:93} INFO - 2026-04-06 08:13:26.712 | SUCCESS  | __main__:danger_score:110 - da fetch thanh cong 7 dong
[2026-04-06T08:13:26.714+0000] {subprocess.py:93} INFO - ------------------------------------------------------
[2026-04-06T08:13:26.724+0000] {subprocess.py:93} INFO - 2026-04-06 08:13:26.724 | INFO     | db_log:log_ETL:38 - da dong ket noi
[2026-04-06T08:13:26.759+0000] {subprocess.py:97} INFO - Command exited with return code 0
[2026-04-06T08:13:26.821+0000] {taskinstance.py:1138} INFO - Marking task as SUCCESS. dag_id=nasa_neo_etl_pipeline, task_id=calculate_danger_level, execution_date=20260405T000000, start_date=20260406T081326, end_date=20260406T081326
[2026-04-06T08:13:26.877+0000] {local_task_job_runner.py:234} INFO - Task exited with return code 0
[2026-04-06T08:13:26.894+0000] {taskinstance.py:3280} INFO - 0 downstream tasks scheduled from follow-on schedule check
[2026-04-06T08:24:36.230+0000] {taskinstance.py:1956} INFO - Dependencies all met for dep_context=non-requeueable deps ti=<TaskInstance: nasa_neo_etl_pipeline.calculate_danger_level scheduled__2026-04-05T00:00:00+00:00 [queued]>
[2026-04-06T08:24:36.246+0000] {taskinstance.py:1956} INFO - Dependencies all met for dep_context=requeueable deps ti=<TaskInstance: nasa_neo_etl_pipeline.calculate_danger_level scheduled__2026-04-05T00:00:00+00:00 [queued]>
[2026-04-06T08:24:36.247+0000] {taskinstance.py:2170} INFO - Starting attempt 1 of 4
[2026-04-06T08:24:36.289+0000] {taskinstance.py:2191} INFO - Executing <Task(BashOperator): calculate_danger_level> on 2026-04-05 00:00:00+00:00
[2026-04-06T08:24:36.295+0000] {standard_task_runner.py:60} INFO - Started process 228 to run task
[2026-04-06T08:24:36.300+0000] {standard_task_runner.py:87} INFO - Running: ['airflow', 'tasks', 'run', 'nasa_neo_etl_pipeline', 'calculate_danger_level', 'scheduled__2026-04-05T00:00:00+00:00', '--job-id', '6', '--raw', '--subdir', 'DAGS_FOLDER/Asteroid_DAG.py', '--cfg-path', '/tmp/tmpjuncr49x']
[2026-04-06T08:24:36.303+0000] {standard_task_runner.py:88} INFO - Job 6: Subtask calculate_danger_level
[2026-04-06T08:24:36.374+0000] {task_command.py:423} INFO - Running <TaskInstance: nasa_neo_etl_pipeline.calculate_danger_level scheduled__2026-04-05T00:00:00+00:00 [running]> on host 741ea3eacd9b
[2026-04-06T08:24:36.536+0000] {taskinstance.py:2480} INFO - Exporting env vars: AIRFLOW_CTX_DAG_OWNER='hieu' AIRFLOW_CTX_DAG_ID='nasa_neo_etl_pipeline' AIRFLOW_CTX_TASK_ID='calculate_danger_level' AIRFLOW_CTX_EXECUTION_DATE='2026-04-05T00:00:00+00:00' AIRFLOW_CTX_TRY_NUMBER='1' AIRFLOW_CTX_DAG_RUN_ID='scheduled__2026-04-05T00:00:00+00:00'
[2026-04-06T08:24:36.539+0000] {subprocess.py:63} INFO - Tmp dir root location: /tmp
[2026-04-06T08:24:36.540+0000] {subprocess.py:75} INFO - Running command: ['/usr/bin/bash', '-c', "python3 /opt/airflow/scripts/danger_level.py '2026-04-05'"]
[2026-04-06T08:24:36.552+0000] {subprocess.py:86} INFO - Output:
[2026-04-06T08:24:36.728+0000] {subprocess.py:93} INFO - 2026-04-06 08:24:36.728 | INFO     | __main__:danger_score:28 - dang ket noi Database
[2026-04-06T08:24:36.734+0000] {subprocess.py:93} INFO - 2026-04-06 08:24:36.734 | INFO     | __main__:danger_score:38 - bat dau tao bang
[2026-04-06T08:24:36.744+0000] {subprocess.py:93} INFO - 2026-04-06 08:24:36.744 | INFO     | __main__:danger_score:53 - thuc hien task
[2026-04-06T08:24:36.747+0000] {subprocess.py:93} INFO - 2026-04-06 08:24:36.746 | INFO     | __main__:danger_score:94 - Load data vao bang danger_score
[2026-04-06T08:24:36.752+0000] {subprocess.py:93} INFO - 2026-04-06 08:24:36.751 | SUCCESS  | __main__:danger_score:110 - da fetch thanh cong 3 dong
[2026-04-06T08:24:36.753+0000] {subprocess.py:93} INFO - ------------------------------------------------------
[2026-04-06T08:24:36.761+0000] {subprocess.py:93} INFO - 2026-04-06 08:24:36.761 | INFO     | db_log:log_ETL:38 - da dong ket noi
[2026-04-06T08:24:36.777+0000] {subprocess.py:97} INFO - Command exited with return code 0
[2026-04-06T08:24:36.805+0000] {taskinstance.py:1138} INFO - Marking task as SUCCESS. dag_id=nasa_neo_etl_pipeline, task_id=calculate_danger_level, execution_date=20260405T000000, start_date=20260406T082436, end_date=20260406T082436
[2026-04-06T08:24:36.834+0000] {local_task_job_runner.py:234} INFO - Task exited with return code 0
[2026-04-06T08:24:36.852+0000] {taskinstance.py:3280} INFO - 0 downstream tasks scheduled from follow-on schedule check
